
[2024-07-24 08:47:25]
175.121.155.210 : Mozilla/5.0 (Windows NT 10.0; Win64; x64) AppleWebKit/537.36 (KHTML, like Gecko) Chrome/126.0.0.0 Safari/537.36
/home/user/hosting/loan/control/app/new/loan-act.php
[_POST] : 
Array
(
    [w] => pr
    [wr_id] => 50817
    [prev_status] => 10
    [next_status] => 10
    [jd_amount] => 40000
    [jd_interest] => 13.5~14
    [jd_condition] => 현장시세조사
    [jd_memo] => 
    [rf_first3] => 
    [rf_first1] => 
    [rf_first2] => 
)
[MESSAGE] : 


[2024-07-24 09:23:45]
175.121.155.210 : Mozilla/5.0 (Windows NT 10.0; Win64; x64) AppleWebKit/537.36 (KHTML, like Gecko) Chrome/126.0.0.0 Safari/537.36 Edg/126.0.0.0
/home/user/hosting/loan/control/app/new/loan-act.php
[_POST] : 
Array
(
    [w] => pr
    [wr_id] => 50821
    [prev_status] => 1
    [next_status] => 10
    [jd_amount] => 3000
    [jd_interest] => 13.5~14
    [jd_condition] => 
    [jd_memo] => 
    [rf_first3] => 27000
    [rf_first1] => 
    [rf_first2] => 
)
[MESSAGE] : 


[2024-07-24 09:38:08]
175.121.155.210 : Mozilla/5.0 (Windows NT 10.0; Win64; x64) AppleWebKit/537.36 (KHTML, like Gecko) Chrome/126.0.0.0 Safari/537.36 Edg/126.0.0.0
/home/user/hosting/loan/control/app/new/loan-act.php
[_POST] : 
Array
(
    [w] => pr
    [wr_id] => 50822
    [prev_status] => 1
    [next_status] => 20
    [jd_amount] => 
    [jd_interest] => 
    [jd_condition] => 맹지
    [jd_memo] => 
    [rf_first3] => 16000
    [rf_first1] => 
    [rf_first2] => 
)
[MESSAGE] : 


[2024-07-24 09:39:25]
175.121.155.210 : Mozilla/5.0 (Windows NT 10.0; Win64; x64) AppleWebKit/537.36 (KHTML, like Gecko) Chrome/126.0.0.0 Safari/537.36 Edg/126.0.0.0
/home/user/hosting/loan/control/app/new/loan-act.php
[_POST] : 
Array
(
    [w] => pr
    [wr_id] => 50823
    [prev_status] => 1
    [next_status] => 10
    [jd_amount] => 60
    [jd_interest] => 13.5~13.9
    [jd_condition] => 
    [jd_memo] => 
    [rf_first3] => 27000
    [rf_first1] => 
    [rf_first2] => 
)
[MESSAGE] : 


[2024-07-24 09:43:30]
175.121.155.210 : Mozilla/5.0 (Windows NT 10.0; Win64; x64) AppleWebKit/537.36 (KHTML, like Gecko) Chrome/126.0.0.0 Safari/537.36 Edg/126.0.0.0
/home/user/hosting/loan/control/app/new/loan-act.php
[_POST] : 
Array
(
    [w] => pr
    [wr_id] => 50824
    [prev_status] => 1
    [next_status] => 10
    [jd_amount] => 3300
    [jd_interest] => 13.5~14%
    [jd_condition] => 
    [jd_memo] => 
    [rf_first3] => 31000
    [rf_first1] => 
    [rf_first2] => 
)
[MESSAGE] : 


[2024-07-24 09:47:43]
175.121.155.210 : Mozilla/5.0 (Windows NT 10.0; Win64; x64) AppleWebKit/537.36 (KHTML, like Gecko) Chrome/126.0.0.0 Safari/537.36 Edg/126.0.0.0
/home/user/hosting/loan/control/app/new/loan-act.php
[_POST] : 
Array
(
    [w] => pr
    [wr_id] => 50825
    [prev_status] => 1
    [next_status] => 20
    [jd_amount] => 
    [jd_interest] => 
    [jd_condition] => 
    [jd_memo] => 
    [rf_first3] => 40000
    [rf_first1] => 
    [rf_first2] => 
)
[MESSAGE] : 


[2024-07-24 09:49:23]
175.121.155.210 : Mozilla/5.0 (Windows NT 10.0; Win64; x64) AppleWebKit/537.36 (KHTML, like Gecko) Chrome/126.0.0.0 Safari/537.36 Edg/126.0.0.0
/home/user/hosting/loan/control/app/new/loan-act.php
[_POST] : 
Array
(
    [w] => pr
    [wr_id] => 50826
    [prev_status] => 1
    [next_status] => 10
    [jd_amount] => 40000
    [jd_interest] => 13~13.7
    [jd_condition] => 
    [jd_memo] => 
    [rf_first3] => 54000
    [rf_first1] => 
    [rf_first2] => 
)
[MESSAGE] : 


[2024-07-24 09:49:41]
175.121.155.210 : Mozilla/5.0 (Windows NT 10.0; Win64; x64) AppleWebKit/537.36 (KHTML, like Gecko) Chrome/126.0.0.0 Safari/537.36 Edg/126.0.0.0
/home/user/hosting/loan/control/app/new/loan-act.php
[_POST] : 
Array
(
    [w] => pr
    [wr_id] => 50827
    [prev_status] => 1
    [next_status] => 20
    [jd_amount] => 
    [jd_interest] => 
    [jd_condition] => 
    [jd_memo] => 
    [rf_first3] => 
    [rf_first1] => 
    [rf_first2] => 
)
[MESSAGE] : 


[2024-07-24 09:52:13]
175.121.155.210 : Mozilla/5.0 (Windows NT 10.0; Win64; x64) AppleWebKit/537.36 (KHTML, like Gecko) Chrome/126.0.0.0 Safari/537.36 Edg/126.0.0.0
/home/user/hosting/loan/control/app/new/loan-act.php
[_POST] : 
Array
(
    [w] => pr
    [wr_id] => 50828
    [prev_status] => 1
    [next_status] => 10
    [jd_amount] => 95000
    [jd_interest] => 13.3~13.8
    [jd_condition] => 거액여신으로 사전협의건
    [jd_memo] => 
    [rf_first3] => 280000
    [rf_first1] => 
    [rf_first2] => 
)
[MESSAGE] : 


[2024-07-24 09:52:21]
175.121.155.210 : Mozilla/5.0 (Windows NT 10.0; Win64; x64) AppleWebKit/537.36 (KHTML, like Gecko) Chrome/126.0.0.0 Safari/537.36 Edg/126.0.0.0
/home/user/hosting/loan/control/app/new/loan-act.php
[_POST] : 
Array
(
    [w] => pr
    [wr_id] => 50829
    [prev_status] => 1
    [next_status] => 20
    [jd_amount] => 
    [jd_interest] => 
    [jd_condition] => 
    [jd_memo] => 
    [rf_first3] => 
    [rf_first1] => 
    [rf_first2] => 
)
[MESSAGE] : 


[2024-07-24 09:54:07]
175.121.155.210 : Mozilla/5.0 (Windows NT 10.0; Win64; x64) AppleWebKit/537.36 (KHTML, like Gecko) Chrome/126.0.0.0 Safari/537.36 Edg/126.0.0.0
/home/user/hosting/loan/control/app/new/loan-act.php
[_POST] : 
Array
(
    [w] => pr
    [wr_id] => 50830
    [prev_status] => 1
    [next_status] => 20
    [jd_amount] => 
    [jd_interest] => 
    [jd_condition] => 
    [jd_memo] => 
    [rf_first3] => 10000
    [rf_first1] => 
    [rf_first2] => 
)
[MESSAGE] : 


[2024-07-24 09:54:23]
175.121.155.210 : Mozilla/5.0 (Windows NT 10.0; Win64; x64) AppleWebKit/537.36 (KHTML, like Gecko) Chrome/126.0.0.0 Safari/537.36 Edg/126.0.0.0
/home/user/hosting/loan/control/app/new/loan-act.php
[_POST] : 
Array
(
    [w] => pr
    [wr_id] => 50831
    [prev_status] => 1
    [next_status] => 20
    [jd_amount] => 
    [jd_interest] => 
    [jd_condition] => 
    [jd_memo] => 
    [rf_first3] => 
    [rf_first1] => 
    [rf_first2] => 
)
[MESSAGE] : 


[2024-07-24 10:02:04]
175.121.155.210 : Mozilla/5.0 (Windows NT 10.0; Win64; x64) AppleWebKit/537.36 (KHTML, like Gecko) Chrome/126.0.0.0 Safari/537.36 Edg/126.0.0.0
/home/user/hosting/loan/control/app/new/loan-act.php
[_POST] : 
Array
(
    [w] => pr
    [wr_id] => 50832
    [prev_status] => 1
    [next_status] => 10
    [jd_amount] => 9000
    [jd_interest] => 13.5~13.8
    [jd_condition] => 신탁+근저당권
    [jd_memo] => 
    [rf_first3] => 15500
    [rf_first1] => 
    [rf_first2] => 
)
[MESSAGE] : 


[2024-07-24 10:05:58]
175.121.155.210 : Mozilla/5.0 (Windows NT 10.0; Win64; x64) AppleWebKit/537.36 (KHTML, like Gecko) Chrome/126.0.0.0 Safari/537.36 Edg/126.0.0.0
/home/user/hosting/loan/control/app/new/loan-act.php
[_POST] : 
Array
(
    [w] => pr
    [wr_id] => 50823
    [prev_status] => 10
    [next_status] => 
    [jd_amount] => 6000
    [jd_interest] => 13.5~13.9
    [jd_condition] => 
    [jd_memo] => 
    [rf_first3] => 27000
    [rf_first1] => 
    [rf_first2] => 
)
[MESSAGE] : 


[2024-07-24 10:09:27]
175.121.155.210 : Mozilla/5.0 (Windows NT 10.0; Win64; x64) AppleWebKit/537.36 (KHTML, like Gecko) Chrome/126.0.0.0 Safari/537.36 Edg/126.0.0.0
/home/user/hosting/loan/control/app/new/loan-act.php
[_POST] : 
Array
(
    [w] => pr
    [wr_id] => 50833
    [prev_status] => 1
    [next_status] => 10
    [jd_amount] => 12000
    [jd_interest] => 14~14.2
    [jd_condition] => 신탁+근저당권
    [jd_memo] => 
    [rf_first3] => 19000
    [rf_first1] => 
    [rf_first2] => 
)
[MESSAGE] : 


[2024-07-24 10:09:41]
175.121.155.210 : Mozilla/5.0 (Windows NT 10.0; Win64; x64) AppleWebKit/537.36 (KHTML, like Gecko) Chrome/126.0.0.0 Safari/537.36 Edg/126.0.0.0
/home/user/hosting/loan/control/app/new/loan-act.php
[_POST] : 
Array
(
    [w] => pr
    [wr_id] => 50833
    [prev_status] => 10
    [next_status] => 
    [jd_amount] => 12000
    [jd_interest] => 14~14.2
    [jd_condition] => 신탁+근저당권
하자 정리시 지급수수료 조정건입니다

    [jd_memo] => 
    [rf_first3] => 19000
    [rf_first1] => 
    [rf_first2] => 
)
[MESSAGE] : 


[2024-07-24 10:11:41]
175.121.155.210 : Mozilla/5.0 (Windows NT 10.0; Win64; x64) AppleWebKit/537.36 (KHTML, like Gecko) Chrome/126.0.0.0 Safari/537.36 Edg/126.0.0.0
/home/user/hosting/loan/control/app/new/loan-act.php
[_POST] : 
Array
(
    [w] => pr
    [wr_id] => 50834
    [prev_status] => 1
    [next_status] => 10
    [jd_amount] => 5000
    [jd_interest] => 13.5~14
    [jd_condition] => 선순위 근저당권 감액
    [jd_memo] => 
    [rf_first3] => 14000
    [rf_first1] => 
    [rf_first2] => 
)
[MESSAGE] : 


[2024-07-24 10:14:58]
175.121.155.210 : Mozilla/5.0 (Windows NT 10.0; Win64; x64) AppleWebKit/537.36 (KHTML, like Gecko) Chrome/126.0.0.0 Safari/537.36 Edg/126.0.0.0
/home/user/hosting/loan/control/app/new/loan-act.php
[_POST] : 
Array
(
    [w] => pr
    [wr_id] => 50835
    [prev_status] => 1
    [next_status] => 20
    [jd_amount] => 
    [jd_interest] => 
    [jd_condition] => 
    [jd_memo] => 
    [rf_first3] => 320000
    [rf_first1] => 
    [rf_first2] => 
)
[MESSAGE] : 


[2024-07-24 10:24:07]
175.121.155.210 : Mozilla/5.0 (Windows NT 10.0; Win64; x64) AppleWebKit/537.36 (KHTML, like Gecko) Chrome/126.0.0.0 Safari/537.36 Edg/126.0.0.0
/home/user/hosting/loan/control/app/new/loan-act.php
[_POST] : 
Array
(
    [w] => pr
    [wr_id] => 50731
    [prev_status] => 30
    [next_status] => 
    [jd_amount] => 15000
    [jd_interest] => 13.3~13.5
    [jd_condition] => 차주 취소 요청(임차인 받아서 해결하겠다고 함)
    [jd_memo] => 신탁+근저당조건 / 근저당만 1억
신.조완료(취급가능)/간편심사 진행예정
    [rf_first3] => 21000
    [rf_first1] => 
    [rf_first2] => 
)
[MESSAGE] : 


[2024-07-24 10:26:51]
175.121.155.210 : Mozilla/5.0 (Windows NT 10.0; Win64; x64) AppleWebKit/537.36 (KHTML, like Gecko) Chrome/126.0.0.0 Safari/537.36 Edg/126.0.0.0
/home/user/hosting/loan/control/app/new/loan-act.php
[_POST] : 
Array
(
    [w] => pr
    [wr_id] => 50836
    [prev_status] => 1
    [next_status] => 20
    [jd_amount] => 
    [jd_interest] => 
    [jd_condition] => 
    [jd_memo] => 
    [rf_first3] => 90000
    [rf_first1] => 
    [rf_first2] => 
)
[MESSAGE] : 


[2024-07-24 10:28:20]
175.121.155.210 : Mozilla/5.0 (Windows NT 10.0; Win64; x64) AppleWebKit/537.36 (KHTML, like Gecko) Chrome/126.0.0.0 Safari/537.36 Edg/126.0.0.0
/home/user/hosting/loan/control/app/new/loan-act.php
[_POST] : 
Array
(
    [w] => pr
    [wr_id] => 50837
    [prev_status] => 1
    [next_status] => 10
    [jd_amount] => 5000
    [jd_interest] => 13.3~13.7
    [jd_condition] => 세입자 확인조건
    [jd_memo] => 
    [rf_first3] => 13500
    [rf_first1] => 
    [rf_first2] => 
)
[MESSAGE] : 


[2024-07-24 10:36:50]
175.121.155.210 : Mozilla/5.0 (Windows NT 10.0; Win64; x64) AppleWebKit/537.36 (KHTML, like Gecko) Chrome/126.0.0.0 Safari/537.36 Edg/126.0.0.0
/home/user/hosting/loan/control/app/new/loan-act.php
[_POST] : 
Array
(
    [w] => pr
    [wr_id] => 50838
    [prev_status] => 1
    [next_status] => 10
    [jd_amount] => 4500
    [jd_interest] => 13.8~14
    [jd_condition] => 
    [jd_memo] => 
    [rf_first3] => 15000
    [rf_first1] => 
    [rf_first2] => 
)
[MESSAGE] : 


[2024-07-24 10:37:03]
175.121.155.210 : Mozilla/5.0 (Windows NT 10.0; Win64; x64) AppleWebKit/537.36 (KHTML, like Gecko) Chrome/126.0.0.0 Safari/537.36 Edg/126.0.0.0
/home/user/hosting/loan/control/app/new/loan-act.php
[_POST] : 
Array
(
    [w] => pr
    [wr_id] => 50838
    [prev_status] => 10
    [next_status] => 
    [jd_amount] => 4500
    [jd_interest] => 13.8~14
    [jd_condition] => 세입자 확인조건
    [jd_memo] => 
    [rf_first3] => 15000
    [rf_first1] => 
    [rf_first2] => 
)
[MESSAGE] : 


[2024-07-24 10:37:57]
175.121.155.210 : Mozilla/5.0 (Windows NT 10.0; Win64; x64) AppleWebKit/537.36 (KHTML, like Gecko) Chrome/126.0.0.0 Safari/537.36 Edg/126.0.0.0
/home/user/hosting/loan/control/app/new/loan-act.php
[_POST] : 
Array
(
    [w] => pr
    [wr_id] => 50839
    [prev_status] => 1
    [next_status] => 20
    [jd_amount] => 
    [jd_interest] => 
    [jd_condition] => 
    [jd_memo] => 
    [rf_first3] => 108000
    [rf_first1] => 
    [rf_first2] => 
)
[MESSAGE] : 


[2024-07-24 10:41:11]
175.121.155.210 : Mozilla/5.0 (Windows NT 10.0; Win64; x64) AppleWebKit/537.36 (KHTML, like Gecko) Chrome/126.0.0.0 Safari/537.36 Edg/126.0.0.0
/home/user/hosting/loan/control/app/new/loan-act.php
[_POST] : 
Array
(
    [w] => pr
    [wr_id] => 50840
    [prev_status] => 1
    [next_status] => 10
    [jd_amount] => 3000
    [jd_interest] => 13.8~14.2
    [jd_condition] => 현장방문 시세조사 필수
선순위 근저당권 감액조건
    [jd_memo] => 
    [rf_first3] => 17000
    [rf_first1] => 
    [rf_first2] => 
)
[MESSAGE] : 


[2024-07-24 10:45:09]
175.121.155.210 : Mozilla/5.0 (Windows NT 10.0; Win64; x64) AppleWebKit/537.36 (KHTML, like Gecko) Chrome/126.0.0.0 Safari/537.36 Edg/126.0.0.0
/home/user/hosting/loan/control/app/new/loan-act.php
[_POST] : 
Array
(
    [w] => pr
    [wr_id] => 50841
    [prev_status] => 1
    [next_status] => 10
    [jd_amount] => 10000
    [jd_interest] => 13.5~13.8
    [jd_condition] => 
    [jd_memo] => 
    [rf_first3] => 61000
    [rf_first1] => 
    [rf_first2] => 
)
[MESSAGE] : 


[2024-07-24 10:48:55]
175.121.155.210 : Mozilla/5.0 (Windows NT 10.0; Win64; x64) AppleWebKit/537.36 (KHTML, like Gecko) Chrome/126.0.0.0 Safari/537.36 Edg/126.0.0.0
/home/user/hosting/loan/control/app/new/loan-act.php
[_POST] : 
Array
(
    [w] => pr
    [wr_id] => 50843
    [prev_status] => 1
    [next_status] => 20
    [jd_amount] => 
    [jd_interest] => 
    [jd_condition] => 
    [jd_memo] => 
    [rf_first3] => 110000
    [rf_first1] => 
    [rf_first2] => 
)
[MESSAGE] : 


[2024-07-24 10:49:39]
175.121.155.210 : Mozilla/5.0 (Windows NT 10.0; Win64; x64) AppleWebKit/537.36 (KHTML, like Gecko) Chrome/126.0.0.0 Safari/537.36 Edg/126.0.0.0
/home/user/hosting/loan/control/app/new/loan-act.php
[_POST] : 
Array
(
    [w] => pr
    [wr_id] => 50845
    [prev_status] => 1
    [next_status] => 10
    [jd_amount] => 15000
    [jd_interest] => 13.3~13.6
    [jd_condition] => 선순위 설정액 110% 감액조건
    [jd_memo] => 
    [rf_first3] => 
    [rf_first1] => 
    [rf_first2] => 
)
[MESSAGE] : 


[2024-07-24 10:51:49]
175.121.155.210 : Mozilla/5.0 (Windows NT 10.0; Win64; x64) AppleWebKit/537.36 (KHTML, like Gecko) Chrome/126.0.0.0 Safari/537.36 Edg/126.0.0.0
/home/user/hosting/loan/control/app/new/loan-act.php
[_POST] : 
Array
(
    [w] => pr
    [wr_id] => 50846
    [prev_status] => 1
    [next_status] => 10
    [jd_amount] => 21000
    [jd_interest] => 13.2~13.6
    [jd_condition] => 
    [jd_memo] => 
    [rf_first3] => 45000
    [rf_first1] => 
    [rf_first2] => 
)
[MESSAGE] : 


[2024-07-24 10:52:12]
175.121.155.210 : Mozilla/5.0 (Windows NT 10.0; Win64; x64) AppleWebKit/537.36 (KHTML, like Gecko) Chrome/126.0.0.0 Safari/537.36 Edg/126.0.0.0
/home/user/hosting/loan/control/app/new/loan-act.php
[_POST] : 
Array
(
    [w] => u
    [wr_id] => 50848
    [prev_status] => 1
    [wr_ca] => A
    [wr_part] => A
    [wr_subject] => 최병순
    [wr_cont1] => 프리랜서
    [address1] => 울산 북구 중산동 1317-3
    [address2] => 
    [address3] => 제205동 제7층 제704호
    [address_ext] => 
    [wr_m2] => 
    [wr_cont2] => 최병순 / 직장인 / 60세
울산광역시 북구 중산동 1317-3 유-스타시티일동미라주더스타2단지 제205동 제7층 제704호
아파트 / 739세대 / 총 12동 / 104.99㎡ / 방 4개 / 7층 / 전체 21층
소유권 이전일 2019.03.14

40,000(KB 하한) / 41,000(KB 일반)

◈선순위
1.주식회사부산은행 8,800(8,000)
총 설정 8,800만원 총 원금 8,000만원
(시세대비 원금 19.51% 사용중)
===============

후순위 부탁드립니다
    [wr_amount] => 
    [wr_link1] => 
    [wr_link1_subj] => KB시세조회
    [wr_link2] => 
    [wr_link2_subj] => 
)
[MESSAGE] : 


[2024-07-24 10:52:46]
175.121.155.210 : Mozilla/5.0 (Windows NT 10.0; Win64; x64) AppleWebKit/537.36 (KHTML, like Gecko) Chrome/126.0.0.0 Safari/537.36 Edg/126.0.0.0
/home/user/hosting/loan/control/app/new/loan-act.php
[_POST] : 
Array
(
    [w] => pr
    [wr_id] => 50848
    [prev_status] => 1
    [next_status] => 10
    [jd_amount] => 15000
    [jd_interest] => 13.5~13.8
    [jd_condition] => 
    [jd_memo] => 
    [rf_first3] => 36000
    [rf_first1] => 
    [rf_first2] => 
)
[MESSAGE] : 


[2024-07-24 10:53:00]
175.121.155.210 : Mozilla/5.0 (Windows NT 10.0; Win64; x64) AppleWebKit/537.36 (KHTML, like Gecko) Chrome/126.0.0.0 Safari/537.36 Edg/126.0.0.0
/home/user/hosting/loan/control/app/new/loan-act.php
[_POST] : 
Array
(
    [w] => u
    [wr_id] => 50842
    [prev_status] => 1
    [wr_ca] => E
    [wr_part] => A
    [wr_subject] => 김영순
    [wr_cont1] => 
    [address1] => 경기 화성시 장안면 어은리 산21-5
    [address2] => 
    [address3] => 
    [address_ext] => 
    [wr_m2] => 
    [wr_cont2] => [토지 / 2순위]
김영순 / 700302 (만54세)

경기도 화성시 장안면 어은리 산21-5 임야 6612㎡

* 소유권이전일: 2015년 12월 15일

▶  선순위 
1. 한국양계축산업협동조합 19,080만 (15,900만) / 120.0%
2. 목 적 0만 (0만)
:: 총 합계 19,080만  (15,900만)

* 사업자
* 후순위 추가 최대한도 요청(희망 3억)
    [wr_amount] => 
    [wr_link1] => 
    [wr_link1_subj] => KB시세조회
    [wr_link2] => 
    [wr_link2_subj] => 
)
[MESSAGE] : 


[2024-07-24 10:53:14]
175.121.155.210 : Mozilla/5.0 (Windows NT 10.0; Win64; x64) AppleWebKit/537.36 (KHTML, like Gecko) Chrome/126.0.0.0 Safari/537.36 Edg/126.0.0.0
/home/user/hosting/loan/control/app/new/loan-act.php
[_POST] : 
Array
(
    [w] => u
    [wr_id] => 50834
    [prev_status] => 10
    [wr_ca] => A
    [wr_part] => A
    [wr_subject] => 김정우
    [wr_cont1] => 직장인
    [address1] => 강원 강릉시 내곡동 476
    [address2] => (내곡동, 한라아파트)
    [address3] => 제107동 제10층 제1004호
    [address_ext] => 
    [wr_m2] => 
    [wr_cont2] => 김정우 / 직장인 / 41세
강원특별자치도 강릉시 내곡동 476외 1필지 한라아파트 제107동 제10층 제1004호
아파트 / 724세대 / 총 11동 / 59.97㎡ / 방 3개 / 10층 / 전체 18층
소유권 이전일 2019.02.27

14,300(KB 하한) / 15,500(KB 일반)

◈선순위
1.주식회사신한은행 600(500)
2.주식회사신한은행 600(500)
총 설정 1,200만원 총 원금 1,000만원
(시세대비 원금 6.45% 사용중)

◈대환/말소대상
1.주식회사위드론대부 4,500(3,000)
총 설정 4,500만원 총 원금 3,000만원
(시세대비 원금 25.81% 사용중)
===============

신한 2건 총 원금 1천만 /  감액조건 , 대부대환 후순위 부탁드립니다
    [wr_amount] => 
    [wr_link1] => 
    [wr_link1_subj] => KB시세조회
    [wr_link2] => 
    [wr_link2_subj] => 
)
[MESSAGE] : 


[2024-07-24 10:53:24]
175.121.155.210 : Mozilla/5.0 (Windows NT 10.0; Win64; x64) AppleWebKit/537.36 (KHTML, like Gecko) Chrome/126.0.0.0 Safari/537.36 Edg/126.0.0.0
/home/user/hosting/loan/control/app/new/loan-act.php
[_POST] : 
Array
(
    [w] => u
    [wr_id] => 50847
    [prev_status] => 1
    [wr_ca] => A
    [wr_part] => A
    [wr_subject] => 장시영
    [wr_cont1] => 직장인
    [address1] => 광주 광산구 월계동 756-3
    [address2] => (월계동, 첨단 선경아파트)
    [address3] => 제102동 제7층 제706호
    [address_ext] => 
    [wr_m2] => 
    [wr_cont2] => 장시영 / 직장인 / 49세
광주광역시 광산구 월계동 756-3외 1필지 첨단선경아파트 제102동 제7층 제706호
아파트 / 552세대 / 총 8동 / 92.78㎡ / 방 3개 / 7층 / 전체 15층
소유권 이전일 2006.02.17

25,000(KB 하한) / 28,000(KB 일반)

◈선순위
1.주식회사국민은행 9,570(8,700)
총 설정 9,570만원 총 원금 8,700만원
(시세대비 원금 31.07% 사용중)
===============

후순위 부탁드립니다
    [wr_amount] => 
    [wr_link1] => 
    [wr_link1_subj] => KB시세조회
    [wr_link2] => 
    [wr_link2_subj] => 
)
[MESSAGE] : 


[2024-07-24 10:53:38]
175.121.155.210 : Mozilla/5.0 (Windows NT 10.0; Win64; x64) AppleWebKit/537.36 (KHTML, like Gecko) Chrome/126.0.0.0 Safari/537.36 Edg/126.0.0.0
/home/user/hosting/loan/control/app/new/loan-act.php
[_POST] : 
Array
(
    [w] => u
    [wr_id] => 50849
    [prev_status] => 1
    [wr_ca] => A
    [wr_part] => A
    [wr_subject] => 안상두/아파트/후순위추가
    [wr_cont1] => 직장인
    [address1] => 경남 양산시 물금읍 범어리 2673-8
    [address2] => 양산2차e-편한세상
    [address3] => 109-202
    [address_ext] => 1032/23
    [wr_m2] => 118.20
    [wr_cont2] => * 전체지분

* 기대출
1. 삼성화재 28,050/33,660 [설정예정]

* KB시세 : 39,750  43,750  45,750
    [wr_amount] => 선순위동시 2순위 최대한도 요청
    [wr_link1] => 
    [wr_link1_subj] => KB시세조회
    [wr_link2] => 
    [wr_link2_subj] => 
)
[MESSAGE] : 


[2024-07-24 10:53:38]
175.121.155.210 : Mozilla/5.0 (Windows NT 10.0; Win64; x64) AppleWebKit/537.36 (KHTML, like Gecko) Chrome/126.0.0.0 Safari/537.36 Edg/126.0.0.0
/home/user/hosting/loan/control/app/new/loan-act.php
[_POST] : 
Array
(
    [w] => pr
    [wr_id] => 50842
    [prev_status] => 1
    [next_status] => 10
    [jd_amount] => 20000
    [jd_interest] => 14~14.5
    [jd_condition] => 현장방문 시세조사 필수
    [jd_memo] => 
    [rf_first3] => 130000
    [rf_first1] => 
    [rf_first2] => 
)
[MESSAGE] : 


[2024-07-24 10:55:39]
175.121.155.210 : Mozilla/5.0 (Windows NT 10.0; Win64; x64) AppleWebKit/537.36 (KHTML, like Gecko) Chrome/126.0.0.0 Safari/537.36 Edg/126.0.0.0
/home/user/hosting/loan/control/app/new/loan-act.php
[_POST] : 
Array
(
    [w] => pr
    [wr_id] => 50844
    [prev_status] => 1
    [next_status] => 10
    [jd_amount] => 9000
    [jd_interest] => 13.5~14
    [jd_condition] => 
    [jd_memo] => 
    [rf_first3] => 31000
    [rf_first1] => 
    [rf_first2] => 
)
[MESSAGE] : 


[2024-07-24 10:55:52]
175.121.155.210 : Mozilla/5.0 (Windows NT 10.0; Win64; x64) AppleWebKit/537.36 (KHTML, like Gecko) Chrome/126.0.0.0 Safari/537.36 Edg/126.0.0.0
/home/user/hosting/loan/control/app/new/loan-act.php
[_POST] : 
Array
(
    [w] => pr
    [wr_id] => 50851
    [prev_status] => 1
    [next_status] => 20
    [jd_amount] => 
    [jd_interest] => 
    [jd_condition] => 
    [jd_memo] => 
    [rf_first3] => 50000
    [rf_first1] => 
    [rf_first2] => 
)
[MESSAGE] : 


[2024-07-24 10:56:07]
175.121.155.210 : Mozilla/5.0 (Windows NT 10.0; Win64; x64) AppleWebKit/537.36 (KHTML, like Gecko) Chrome/126.0.0.0 Safari/537.36 Edg/126.0.0.0
/home/user/hosting/loan/control/app/new/loan-act.php
[_POST] : 
Array
(
    [w] => pr
    [wr_id] => 50852
    [prev_status] => 1
    [next_status] => 20
    [jd_amount] => 
    [jd_interest] => 
    [jd_condition] => 
    [jd_memo] => 
    [rf_first3] => 
    [rf_first1] => 
    [rf_first2] => 
)
[MESSAGE] : 


[2024-07-24 10:56:15]
175.121.155.210 : Mozilla/5.0 (Windows NT 10.0; Win64; x64) AppleWebKit/537.36 (KHTML, like Gecko) Chrome/126.0.0.0 Safari/537.36 Edg/126.0.0.0
/home/user/hosting/loan/control/app/new/loan-act.php
[_POST] : 
Array
(
    [w] => pr
    [wr_id] => 50854
    [prev_status] => 1
    [next_status] => 20
    [jd_amount] => 
    [jd_interest] => 
    [jd_condition] => 
    [jd_memo] => 
    [rf_first3] => 
    [rf_first1] => 
    [rf_first2] => 
)
[MESSAGE] : 


[2024-07-24 10:56:23]
175.121.155.210 : Mozilla/5.0 (Windows NT 10.0; Win64; x64) AppleWebKit/537.36 (KHTML, like Gecko) Chrome/126.0.0.0 Safari/537.36 Edg/126.0.0.0
/home/user/hosting/loan/control/app/new/loan-act.php
[_POST] : 
Array
(
    [w] => pr
    [wr_id] => 50855
    [prev_status] => 1
    [next_status] => 20
    [jd_amount] => 
    [jd_interest] => 
    [jd_condition] => 
    [jd_memo] => 
    [rf_first3] => 
    [rf_first1] => 
    [rf_first2] => 
)
[MESSAGE] : 


[2024-07-24 10:56:34]
175.121.155.210 : Mozilla/5.0 (Windows NT 10.0; Win64; x64) AppleWebKit/537.36 (KHTML, like Gecko) Chrome/126.0.0.0 Safari/537.36 Edg/126.0.0.0
/home/user/hosting/loan/control/app/new/loan-act.php
[_POST] : 
Array
(
    [w] => u
    [wr_id] => 50850
    [prev_status] => 1
    [wr_ca] => A
    [wr_part] => A
    [wr_subject] => 주선미/아파트/2순위대환
    [wr_cont1] => 직장인/실거주
    [address1] => 인천 남동구 논현동 577
    [address2] => 풍림
    [address3] => 116/2002
    [address_ext] => 1517세대
    [wr_m2] => 85
    [wr_cont2] => * 전체지분

우리 14520 (13200) 감액조건
와이펀드 원금 8000만
    [wr_amount] => 2순위 최대한도요청
    [wr_link1] => 
    [wr_link1_subj] => KB시세조회
    [wr_link2] => 
    [wr_link2_subj] => 
)
[MESSAGE] : 


[2024-07-24 10:56:56]
175.121.155.210 : Mozilla/5.0 (Windows NT 10.0; Win64; x64) AppleWebKit/537.36 (KHTML, like Gecko) Chrome/126.0.0.0 Safari/537.36 Edg/126.0.0.0
/home/user/hosting/loan/control/app/new/loan-act.php
[_POST] : 
Array
(
    [w] => pr
    [wr_id] => 50847
    [prev_status] => 1
    [next_status] => 10
    [jd_amount] => 5500
    [jd_interest] => 13.5~14
    [jd_condition] => 
    [jd_memo] => 
    [rf_first3] => 25000
    [rf_first1] => 
    [rf_first2] => 
)
[MESSAGE] : 


[2024-07-24 10:57:34]
175.121.155.210 : Mozilla/5.0 (Windows NT 10.0; Win64; x64) AppleWebKit/537.36 (KHTML, like Gecko) Chrome/126.0.0.0 Safari/537.36 Edg/126.0.0.0
/home/user/hosting/loan/control/app/new/loan-act.php
[_POST] : 
Array
(
    [w] => pr
    [wr_id] => 50850
    [prev_status] => 1
    [next_status] => 20
    [jd_amount] => 
    [jd_interest] => 
    [jd_condition] => 
    [jd_memo] => 
    [rf_first3] => 23000
    [rf_first1] => 
    [rf_first2] => 
)
[MESSAGE] : 


[2024-07-24 10:57:47]
175.121.155.210 : Mozilla/5.0 (Windows NT 10.0; Win64; x64) AppleWebKit/537.36 (KHTML, like Gecko) Chrome/126.0.0.0 Safari/537.36 Edg/126.0.0.0
/home/user/hosting/loan/control/app/new/loan-act.php
[_POST] : 
Array
(
    [w] => pr
    [wr_id] => 50849
    [prev_status] => 1
    [next_status] => 20
    [jd_amount] => 
    [jd_interest] => 
    [jd_condition] => 
    [jd_memo] => 
    [rf_first3] => 40000
    [rf_first1] => 
    [rf_first2] => 
)
[MESSAGE] : 


[2024-07-24 10:58:35]
175.121.155.210 : Mozilla/5.0 (Windows NT 10.0; Win64; x64) AppleWebKit/537.36 (KHTML, like Gecko) Chrome/126.0.0.0 Safari/537.36 Edg/126.0.0.0
/home/user/hosting/loan/control/app/new/loan-act.php
[_POST] : 
Array
(
    [w] => u
    [wr_id] => 50853
    [prev_status] => 1
    [wr_ca] => A
    [wr_part] => A
    [wr_subject] => 고경현
    [wr_cont1] => 사업자
    [address1] => 충북 청주시 상당구 용암동 3146
    [address2] => (용암동, 시티프라디움 1단지)
    [address3] => 제106동 제1층 제105호
    [address_ext] => 797세대 / 25층 중 1층
    [wr_m2] => 84.9804
    [wr_cont2] => [아파트 / 3순위]
고경현 / 800715 (만44세)

충청북도 청주시 상당구 용암동 3146 시티프라디움1단지 제106동 제1층 제105호
전용 84.98 ㎡ / 797세대 / 25층 중 1층

▶ KB 하 41,500만 / 일 44,500만 (하)
* 실거래: 45,000만(24.07.19)
* 대지권: 있음
* 소유권이전일: 2020년 05월 26일

▶  선순위 // LTV (최고액: 62.17%, 원금: 50.6%)
1. 신한은행 19,800만 (16,000만) / 123.8%
2. 우리은행 6,000만 (5,000만) / 120.0%
:: 총 합계 25,800만  (21,000만)

* 개인사업자
* 신한 잔액 16000만 /설정 110% 감액등기 가능
* 3순위 요청 / 본인거주중
    [wr_amount] => 
    [wr_link1] => https://kbland.kr/c/39469
    [wr_link1_subj] => KB시세조회
    [wr_link2] => 
    [wr_link2_subj] => 
)
[MESSAGE] : 


[2024-07-24 10:59:28]
175.121.155.210 : Mozilla/5.0 (Windows NT 10.0; Win64; x64) AppleWebKit/537.36 (KHTML, like Gecko) Chrome/126.0.0.0 Safari/537.36 Edg/126.0.0.0
/home/user/hosting/loan/control/app/new/loan-act.php
[_POST] : 
Array
(
    [w] => pr
    [wr_id] => 50853
    [prev_status] => 1
    [next_status] => 10
    [jd_amount] => 4000
    [jd_interest] => 13.7~14.2
    [jd_condition] => 선순위 근저당권 감액조건
    [jd_memo] => 
    [rf_first3] => 41000
    [rf_first1] => 
    [rf_first2] => 
)
[MESSAGE] : 


[2024-07-24 11:03:24]
175.121.155.210 : Mozilla/5.0 (Windows NT 10.0; Win64; x64) AppleWebKit/537.36 (KHTML, like Gecko) Chrome/126.0.0.0 Safari/537.36 Edg/126.0.0.0
/home/user/hosting/loan/control/app/new/loan-act.php
[_POST] : 
Array
(
    [w] => u
    [wr_id] => 50840
    [prev_status] => 10
    [wr_ca] => E
    [wr_part] => A
    [wr_subject] => 김근태
    [wr_cont1] => 사업자
    [address1] => 경남 양산시 삼호동 542
    [address2] => 
    [address3] => 
    [address_ext] => 
    [wr_m2] => 
    [wr_cont2] => <2층단독>
*명의인 : 김근태
*주소 : 경상남도 양산시 삼호동 542
*직업 : 개인사업자 
*면적 : 184
*공시지가 : 524,100 
*공가 : 96,434,400
*설정 : 신한은행 5640만 / 원금 3500만 
          ㄴ 신한은행 잔액 3500 - 채최 110% 감액기준

*특이사항 : 

1층(방3화1)
2층(방2화1)
ㄴ모두 본인거주

==========================

*신한은행 잔액 3500 - 채최 110% 감액기준

*Kb캐피탈에서 탁감받았을때 5억5000만 이라고 합니다 

후순위 부탁드립니다
    [wr_amount] => 
    [wr_link1] => 
    [wr_link1_subj] => KB시세조회
    [wr_link2] => 
    [wr_link2_subj] => 
)
[MESSAGE] : 


[2024-07-24 11:03:45]
175.121.155.210 : Mozilla/5.0 (Windows NT 10.0; Win64; x64) AppleWebKit/537.36 (KHTML, like Gecko) Chrome/126.0.0.0 Safari/537.36 Edg/126.0.0.0
/home/user/hosting/loan/control/app/new/loan-act.php
[_POST] : 
Array
(
    [w] => u
    [wr_id] => 50825
    [prev_status] => 20
    [wr_ca] => E
    [wr_part] => A
    [wr_subject] => 장숙자
    [wr_cont1] => [단독 주택 / 월세동의 / 3순위]
차주: 이승현 / 자녀 
담제: 장숙자 / 590824 (만64세)
    [address1] => 부산 수영구 광안동 1028-12
    [address2] => 
    [address3] =>  내제조표3227호
    [address_ext] => 
    [wr_m2] => 
    [wr_cont2] => [단독 주택 / 월세동의 / 3순위]
차주: 이승현 / 자녀 
담제: 장숙자 / 590824 (만64세)

[건물] 부산광역시 수영구 광안동 1028-12 내제조표3227호
[토지] 부산광역시 수영구 광안동 1028-12 대 146.8㎡

* 소유권이전일: 2016년 08월 26일

▶  선순위 
1. 임대차보증금 1,000만 / 25만 > 동의가능
2. 광안신용협동조합 12,000만 (10,000만) / 120.0%
3. 광안신용협동조합 12,000만 (10,000만) / 120.0%
:: 총 합계 25,000만  (21,000만)

* 차주 자녀 이승현 실사업자-연매출 17억 
* 월세 1000 / 25 > 세입자 동의
* 월세동의 3순위 한도요청
    [wr_amount] => 
    [wr_link1] => 
    [wr_link1_subj] => KB시세조회
    [wr_link2] => 
    [wr_link2_subj] => 
)
[MESSAGE] : 


[2024-07-24 11:04:00]
175.121.155.210 : Mozilla/5.0 (Windows NT 10.0; Win64; x64) AppleWebKit/537.36 (KHTML, like Gecko) Chrome/126.0.0.0 Safari/537.36 Edg/126.0.0.0
/home/user/hosting/loan/control/app/new/loan-act.php
[_POST] : 
Array
(
    [w] => u
    [wr_id] => 50824
    [prev_status] => 10
    [wr_ca] => A
    [wr_part] => A
    [wr_subject] => 강재룡
    [wr_cont1] => 사업자
    [address1] => 서울 은평구 역촌동 68-19
    [address2] => (역촌동, 이즈캐슬)
    [address3] => 제7층 제701호
    [address_ext] => 
    [wr_m2] => 
    [wr_cont2] => 강재룡 / 개인사업자 / 48세
서울특별시 은평구 역촌동 68-19 이즈캐슬 제7층 제701호
아파트 / 11세대 / 총 1동 / 80.19㎡ / 방 3개 / 7층 / 전체 1층
소유권 이전일 2016.03.11

[하한가](KB 하한) / [일반가](KB 일반)

◈선순위
1.주식회사우리은행 16,500(15,000)
총 설정 16,500만원 총 원금 15,000만원
(KB시세없음)
===============

하우스머치 31,400 만
우리은행 잔액 15000 - 채최 110% 감액기준

후순위 부탁드립니다
    [wr_amount] => 
    [wr_link1] => 
    [wr_link1_subj] => KB시세조회
    [wr_link2] => 
    [wr_link2_subj] => 
)
[MESSAGE] : 


[2024-07-24 11:04:08]
175.121.155.210 : Mozilla/5.0 (Windows NT 10.0; Win64; x64) AppleWebKit/537.36 (KHTML, like Gecko) Chrome/126.0.0.0 Safari/537.36 Edg/126.0.0.0
/home/user/hosting/loan/control/app/new/loan-act.php
[_POST] : 
Array
(
    [w] => u
    [wr_id] => 50823
    [prev_status] => 10
    [wr_ca] => A
    [wr_part] => A
    [wr_subject] => 박영만
    [wr_cont1] => 직장인
    [address1] => 제주 제주시 삼도일동 552-3
    [address2] => (삼도일동)
    [address3] => 제2층 제가-203호
    [address_ext] => 
    [wr_m2] => 
    [wr_cont2] => 박영만 / 직장인 / 63세
제주특별자치도 제주시 삼도일동 552-3 대명2차꿈의고향 제2층 제가-203호
아파트 / 91세대 / 총 1동 / 84.89㎡ / 방 3개 / 2층 / 전체 1층
소유권 이전일 2008.08.05

[하한가](KB 하한) / [일반가](KB 일반)

◈선순위
1.농업협동조합중앙회 9,500(7,600)
총 설정 9,500만원 총 원금 7,600만원
(KB시세없음)
===============

하우스머치 24,500 만 후순위 부탁드립니다
    [wr_amount] => 
    [wr_link1] => 
    [wr_link1_subj] => KB시세조회
    [wr_link2] => 
    [wr_link2_subj] => 
)
[MESSAGE] : 


[2024-07-24 11:04:17]
175.121.155.210 : Mozilla/5.0 (Windows NT 10.0; Win64; x64) AppleWebKit/537.36 (KHTML, like Gecko) Chrome/126.0.0.0 Safari/537.36 Edg/126.0.0.0
/home/user/hosting/loan/control/app/new/loan-act.php
[_POST] : 
Array
(
    [w] => u
    [wr_id] => 50821
    [prev_status] => 10
    [wr_ca] => A
    [wr_part] => A
    [wr_subject] => 백복미
    [wr_cont1] => 직장ㅇ인
    [address1] => 경기 남양주시 오남읍 오남리 765-3
    [address2] => 
    [address3] => 제202동 제3층 제302호
    [address_ext] => 
    [wr_m2] => 
    [wr_cont2] => 백복미 / 직장인 / 39세
경기도 남양주시 오남읍 오남리 765-3 두산아파트 제202동 제3층 제302호
아파트 / 321세대 / 총 8동 / 84.87㎡ / 방 3개 / 3층 / 전체 15층
소유권 이전일 2018.10.05

29,500(KB 하한) / 31,000(KB 일반)

◈선순위
1.주식회사우리은행 15,400(14,000)
총 설정 15,400만원 총 원금 14,000만원
(시세대비 원금 45.16% 사용중)
===============

후순위 부탁드립니다
    [wr_amount] => 
    [wr_link1] => 
    [wr_link1_subj] => KB시세조회
    [wr_link2] => 
    [wr_link2_subj] => 
)
[MESSAGE] : 


[2024-07-24 11:04:37]
175.121.155.210 : Mozilla/5.0 (Windows NT 10.0; Win64; x64) AppleWebKit/537.36 (KHTML, like Gecko) Chrome/126.0.0.0 Safari/537.36 Edg/126.0.0.0
/home/user/hosting/loan/control/app/new/loan-act.php
[_POST] : 
Array
(
    [w] => u
    [wr_id] => 50822
    [prev_status] => 20
    [wr_ca] => E
    [wr_part] => A
    [wr_subject] => 이상열
    [wr_cont1] => 
    [address1] => 경기 양평군 단월면 명성리 64
    [address2] => 
    [address3] => 
    [address_ext] => 
    [wr_m2] => 
    [wr_cont2] => [토지 / 1순위]
이상열 / 710730 (만52세)

경기도 양평군 단월면 명성리 64 답 3560㎡

* 소유권이전일: 2013년 09월 03일

▶  대환/말소대상
1. 전용진 7,000만 (5,000만) / 140.0%
2. 전용진 1,750만 (1,000만) / 175.0%
:: 총 합계 8,750만  (6,000만)

* 직장인
* 개인설정 대환 선순위 요청
    [wr_amount] => 
    [wr_link1] => 
    [wr_link1_subj] => KB시세조회
    [wr_link2] => 
    [wr_link2_subj] => 
)
[MESSAGE] : 


[2024-07-24 11:05:26]
175.121.155.210 : Mozilla/5.0 (Windows NT 10.0; Win64; x64) AppleWebKit/537.36 (KHTML, like Gecko) Chrome/126.0.0.0 Safari/537.36 Edg/126.0.0.0
/home/user/hosting/loan/control/app/new/loan-act.php
[_POST] : 
Array
(
    [w] => u
    [wr_id] => 50797
    [prev_status] => 10
    [wr_ca] => A
    [wr_part] => P
    [wr_subject] => 박현정
    [wr_cont1] => 지분조건
    [address1] => 경기 고양시 덕양구 행신동 650
    [address2] => 
    [address3] => 제302동 제11층 제1101호
    [address_ext] => 
    [wr_m2] => 
    [wr_cont2] => 박현정(공동소유자:박성준) / 직장인 
경기도 고양시 덕양구 행신동 650 행신3차에스케이뷰 제302동 제11층 제1101호
아파트 / 574세대 / 총 7동 / 104.57㎡ / 방 3개 / 11층 / 전체 24층
소유권 이전일 2009.04.27

65,000(KB 하한) / 68,000(KB 일반)
===============


실거주 / 부부 동의불가 

박현정님 지분조건 선순위 부탁드립니다
    [wr_amount] => 
    [wr_link1] => 
    [wr_link1_subj] => KB시세조회
    [wr_link2] => 
    [wr_link2_subj] => 
)
[MESSAGE] : 


[2024-07-24 11:10:24]
175.121.155.210 : Mozilla/5.0 (Windows NT 10.0; Win64; x64) AppleWebKit/537.36 (KHTML, like Gecko) Chrome/126.0.0.0 Safari/537.36 Edg/126.0.0.0
/home/user/hosting/loan/control/app/new/loan-act.php
[_POST] : 
Array
(
    [w] => u
    [wr_id] => 50856
    [prev_status] => 1
    [wr_ca] => A
    [wr_part] => A
    [wr_subject] => 최정희 / 아파트
    [wr_cont1] => 
    [address1] => 강원 강릉시 사천면 사천진리 911
    [address2] => 플라주메종
    [address3] => 제11층 제1112호
    [address_ext] => 165세대  13/11층
    [wr_m2] => 31.3167
    [wr_cont2] => * 전체지분

* 세입자 거주 / 보증금 : 5,000만원

* 기대출 금액
* 기대출 총액 : 0만원
    [wr_amount] => 
    [wr_link1] => 
    [wr_link1_subj] => KB시세조회
    [wr_link2] => 
    [wr_link2_subj] => 
)
[MESSAGE] : 


[2024-07-24 11:10:36]
175.121.155.210 : Mozilla/5.0 (Windows NT 10.0; Win64; x64) AppleWebKit/537.36 (KHTML, like Gecko) Chrome/126.0.0.0 Safari/537.36 Edg/126.0.0.0
/home/user/hosting/loan/control/app/new/loan-act.php
[_POST] : 
Array
(
    [w] => pr
    [wr_id] => 50856
    [prev_status] => 1
    [next_status] => 10
    [jd_amount] => 4500
    [jd_interest] => 13.8~14
    [jd_condition] => 
    [jd_memo] => 
    [rf_first3] => 
    [rf_first1] => 
    [rf_first2] => 
)
[MESSAGE] : 


[2024-07-24 11:10:54]
175.121.155.210 : Mozilla/5.0 (Windows NT 10.0; Win64; x64) AppleWebKit/537.36 (KHTML, like Gecko) Chrome/126.0.0.0 Safari/537.36 Edg/126.0.0.0
/home/user/hosting/loan/control/app/new/loan-act.php
[_POST] : 
Array
(
    [w] => pr
    [wr_id] => 50856
    [prev_status] => 10
    [next_status] => 
    [jd_amount] => 4500
    [jd_interest] => 13.8~14
    [jd_condition] => 세입자 확인조건
    [jd_memo] => 
    [rf_first3] => 
    [rf_first1] => 
    [rf_first2] => 
)
[MESSAGE] : 


[2024-07-24 11:17:34]
175.121.155.210 : Mozilla/5.0 (Windows NT 10.0; Win64; x64) AppleWebKit/537.36 (KHTML, like Gecko) Chrome/126.0.0.0 Safari/537.36 Edg/126.0.0.0
/home/user/hosting/loan/control/app/new/loan-act.php
[_POST] : 
Array
(
    [w] => pr
    [wr_id] => 50857
    [prev_status] => 1
    [next_status] => 20
    [jd_amount] => 
    [jd_interest] => 
    [jd_condition] => 
    [jd_memo] => 
    [rf_first3] => 33000
    [rf_first1] => 
    [rf_first2] => 
)
[MESSAGE] : 


[2024-07-24 11:22:22]
175.121.155.210 : Mozilla/5.0 (Windows NT 10.0; Win64; x64) AppleWebKit/537.36 (KHTML, like Gecko) Chrome/126.0.0.0 Safari/537.36 Edg/126.0.0.0
/home/user/hosting/loan/control/app/new/loan-act.php
[_POST] : 
Array
(
    [w] => pr
    [wr_id] => 50858
    [prev_status] => 1
    [next_status] => 20
    [jd_amount] => 
    [jd_interest] => 
    [jd_condition] => 
    [jd_memo] => 
    [rf_first3] => 41000
    [rf_first1] => 
    [rf_first2] => 
)
[MESSAGE] : 


[2024-07-24 11:24:30]
175.121.155.210 : Mozilla/5.0 (Windows NT 10.0; Win64; x64) AppleWebKit/537.36 (KHTML, like Gecko) Chrome/126.0.0.0 Safari/537.36 Edg/126.0.0.0
/home/user/hosting/loan/control/app/new/loan-act.php
[_POST] : 
Array
(
    [w] => pr
    [wr_id] => 50859
    [prev_status] => 1
    [next_status] => 10
    [jd_amount] => 15000
    [jd_interest] => 13.3~13.8
    [jd_condition] => 신탁+근저당권
    [jd_memo] => 
    [rf_first3] => 25000
    [rf_first1] => 
    [rf_first2] => 
)
[MESSAGE] : 


[2024-07-24 11:26:05]
175.121.155.210 : Mozilla/5.0 (Windows NT 10.0; Win64; x64) AppleWebKit/537.36 (KHTML, like Gecko) Chrome/126.0.0.0 Safari/537.36 Edg/126.0.0.0
/home/user/hosting/loan/control/app/new/loan-act.php
[_POST] : 
Array
(
    [w] => pr
    [wr_id] => 50860
    [prev_status] => 1
    [next_status] => 10
    [jd_amount] => 6000
    [jd_interest] => 14~15
    [jd_condition] => 
    [jd_memo] => 
    [rf_first3] => 
    [rf_first1] => 
    [rf_first2] => 
)
[MESSAGE] : 


[2024-07-24 11:27:22]
175.121.155.210 : Mozilla/5.0 (Windows NT 10.0; Win64; x64) AppleWebKit/537.36 (KHTML, like Gecko) Chrome/126.0.0.0 Safari/537.36 Edg/126.0.0.0
/home/user/hosting/loan/control/app/new/loan-act.php
[_POST] : 
Array
(
    [w] => pr
    [wr_id] => 50860
    [prev_status] => 1
    [next_status] => 10
    [jd_amount] => 11000
    [jd_interest] => 13.3~13.7
    [jd_condition] => 
    [jd_memo] => 
    [rf_first3] => 23000
    [rf_first1] => 
    [rf_first2] => 
)
[MESSAGE] : 


[2024-07-24 11:29:04]
175.121.155.210 : Mozilla/5.0 (Windows NT 10.0; Win64; x64) AppleWebKit/537.36 (KHTML, like Gecko) Chrome/126.0.0.0 Safari/537.36 Edg/126.0.0.0
/home/user/hosting/loan/control/app/new/loan-act.php
[_POST] : 
Array
(
    [w] => u
    [wr_id] => 50862
    [prev_status] => 1
    [wr_ca] => E
    [wr_part] => A
    [wr_subject] => 전 / 최연희
    [wr_cont1] => 
    [address1] => 부산 해운대구 중동 1491-1
    [address2] =>  (중동)
    [address3] => 
    [address_ext] => 
    [wr_m2] => 
    [wr_cont2] => 최연희 / [담보제공] / 550212-2     [1,2종 근생]
부산광역시 해운대구 달맞이길117번가길 148 [중동 1491-1 해운대스튜디오에이]

공시가 - 29200

기대출 
장산새마을금고 (2020.07.30) 34800 / 29000 (채무자 최연희)
장산새마을금고 (2021.10.15) 36000 / 30000 (채무자 최연희)
농협은행 (2023.11.15) 72000 / 60000 (채무자(주)두영기획)
농협은행 (2024.06.10) 58800 / 49000 (채무자 김태영)

▶ 김지영791103-2 (딸) 차주 조건 - 사업자&법인대표
▶ (주)두영기획은 김지영님 법인회사
▶ 1~2층: 월세입자(1억/1000) 동의 가능
▶ 토지등기 근저당설정(국) 2건 / (주)두영기획 증여세 분납중으로 총 금액 8000만 / 매달 1000만원씩 분납중이라고 합니다

전
    [wr_amount] => 
    [wr_link1] => 
    [wr_link1_subj] => KB시세조회
    [wr_link2] => 
    [wr_link2_subj] => 
)
[MESSAGE] : 


[2024-07-24 11:29:19]
175.121.155.210 : Mozilla/5.0 (Windows NT 10.0; Win64; x64) AppleWebKit/537.36 (KHTML, like Gecko) Chrome/126.0.0.0 Safari/537.36 Edg/126.0.0.0
/home/user/hosting/loan/control/app/new/loan-act.php
[_POST] : 
Array
(
    [w] => pr
    [wr_id] => 50862
    [prev_status] => 1
    [next_status] => 20
    [jd_amount] => 
    [jd_interest] => 
    [jd_condition] => 
    [jd_memo] => 
    [rf_first3] => 
    [rf_first1] => 
    [rf_first2] => 
)
[MESSAGE] : 


[2024-07-24 11:30:12]
175.121.155.210 : Mozilla/5.0 (Windows NT 10.0; Win64; x64) AppleWebKit/537.36 (KHTML, like Gecko) Chrome/126.0.0.0 Safari/537.36 Edg/126.0.0.0
/home/user/hosting/loan/control/app/new/loan-act.php
[_POST] : 
Array
(
    [w] => pr
    [wr_id] => 50864
    [prev_status] => 1
    [next_status] => 10
    [jd_amount] => 70000
    [jd_interest] => 13.5~14
    [jd_condition] => 사전협의
    [jd_memo] => 
    [rf_first3] => 
    [rf_first1] => 
    [rf_first2] => 
)
[MESSAGE] : 


[2024-07-24 11:30:17]
175.121.155.210 : Mozilla/5.0 (Windows NT 10.0; Win64; x64) AppleWebKit/537.36 (KHTML, like Gecko) Chrome/126.0.0.0 Safari/537.36 Edg/126.0.0.0
/home/user/hosting/loan/control/app/new/loan-act.php
[_POST] : 
Array
(
    [w] => pr
    [wr_id] => 50861
    [prev_status] => 1
    [next_status] => 20
    [jd_amount] => 
    [jd_interest] => 
    [jd_condition] => 건물등기내역 미확인시 한도가 안나옵니다
    [jd_memo] => 
    [rf_first3] => 
    [rf_first1] => 
    [rf_first2] => 
)
[MESSAGE] : 


[2024-07-24 11:30:50]
175.121.155.210 : Mozilla/5.0 (Windows NT 10.0; Win64; x64) AppleWebKit/537.36 (KHTML, like Gecko) Chrome/126.0.0.0 Safari/537.36 Edg/126.0.0.0
/home/user/hosting/loan/control/app/new/loan-act.php
[_POST] : 
Array
(
    [w] => pr
    [wr_id] => 50865
    [prev_status] => 1
    [next_status] => 10
    [jd_amount] => 11000
    [jd_interest] => 13.3~13.7
    [jd_condition] => 
    [jd_memo] => 
    [rf_first3] => 
    [rf_first1] => 
    [rf_first2] => 
)
[MESSAGE] : 


[2024-07-24 11:31:20]
175.121.155.210 : Mozilla/5.0 (Windows NT 10.0; Win64; x64) AppleWebKit/537.36 (KHTML, like Gecko) Chrome/126.0.0.0 Safari/537.36 Edg/126.0.0.0
/home/user/hosting/loan/control/app/new/loan-act.php
[_POST] : 
Array
(
    [w] => pr
    [wr_id] => 50863
    [prev_status] => 1
    [next_status] => 20
    [jd_amount] => 
    [jd_interest] => 
    [jd_condition] => 
    [jd_memo] => 
    [rf_first3] => 23000
    [rf_first1] => 
    [rf_first2] => 
)
[MESSAGE] : 


[2024-07-24 11:39:20]
175.121.155.210 : Mozilla/5.0 (Windows NT 10.0; Win64; x64) AppleWebKit/537.36 (KHTML, like Gecko) Chrome/126.0.0.0 Safari/537.36 Edg/126.0.0.0
/home/user/hosting/loan/control/app/new/loan-act.php
[_POST] : 
Array
(
    [w] => pr
    [wr_id] => 50866
    [prev_status] => 1
    [next_status] => 20
    [jd_amount] => 
    [jd_interest] => 
    [jd_condition] => 
    [jd_memo] => 
    [rf_first3] => 18200
    [rf_first1] => 
    [rf_first2] => 
)
[MESSAGE] : 


[2024-07-24 11:42:00]
175.121.155.210 : Mozilla/5.0 (Windows NT 10.0; Win64; x64) AppleWebKit/537.36 (KHTML, like Gecko) Chrome/126.0.0.0 Safari/537.36 Edg/126.0.0.0
/home/user/hosting/loan/control/app/new/loan-act.php
[_POST] : 
Array
(
    [w] => pr
    [wr_id] => 50867
    [prev_status] => 1
    [next_status] => 20
    [jd_amount] => 
    [jd_interest] => 
    [jd_condition] => 
    [jd_memo] => 
    [rf_first3] => 26000
    [rf_first1] => 
    [rf_first2] => 
)
[MESSAGE] : 


[2024-07-24 11:44:24]
175.121.155.210 : Mozilla/5.0 (Windows NT 10.0; Win64; x64) AppleWebKit/537.36 (KHTML, like Gecko) Chrome/126.0.0.0 Safari/537.36 Edg/126.0.0.0
/home/user/hosting/loan/control/app/new/loan-act.php
[_POST] : 
Array
(
    [w] => pr
    [wr_id] => 50869
    [prev_status] => 1
    [next_status] => 20
    [jd_amount] => 
    [jd_interest] => 
    [jd_condition] => 
    [jd_memo] => 
    [rf_first3] => 
    [rf_first1] => 
    [rf_first2] => 
)
[MESSAGE] : 


[2024-07-24 11:44:41]
175.121.155.210 : Mozilla/5.0 (Windows NT 10.0; Win64; x64) AppleWebKit/537.36 (KHTML, like Gecko) Chrome/126.0.0.0 Safari/537.36 Edg/126.0.0.0
/home/user/hosting/loan/control/app/new/loan-act.php
[_POST] : 
Array
(
    [w] => u
    [wr_id] => 50866
    [prev_status] => 20
    [wr_ca] => A
    [wr_part] => A
    [wr_subject] => 현길순/아파트/후순위추가
    [wr_cont1] => 프리랜서
    [address1] => 인천 미추홀구 학익동 48-14
    [address2] => (학익동, 신동아아파트3차)
    [address3] => 제16동 제15층 제1502호
    [address_ext] => 894/18
    [wr_m2] => 57.23
    [wr_cont2] => 시세 18250만 kb일
부채 8700만
6400만 76800만 씨티은행 10.08
2300만 27600만 씨티은행 14.04

씨티은행 2건 합쳐서 6588만 남았다고 합니다
감액시 6588 / 7905
    [wr_amount] => 후순위 최대한도 요청
    [wr_link1] => 
    [wr_link1_subj] => KB시세조회
    [wr_link2] => 
    [wr_link2_subj] => 
)
[MESSAGE] : 


[2024-07-24 11:44:50]
175.121.155.210 : Mozilla/5.0 (Windows NT 10.0; Win64; x64) AppleWebKit/537.36 (KHTML, like Gecko) Chrome/126.0.0.0 Safari/537.36 Edg/126.0.0.0
/home/user/hosting/loan/control/app/new/loan-act.php
[_POST] : 
Array
(
    [w] => u
    [wr_id] => 50869
    [prev_status] => 20
    [wr_ca] => A
    [wr_part] => A
    [wr_subject] => 문채영
    [wr_cont1] => [오피스텔 / 2순위]
문채영 / 640104 (만60세)
    [address1] => 경기 성남시 분당구 서현동 255-1
    [address2] => (서현동)
    [address3] => 제24층 제비-2420호
    [address_ext] => 1968세대 / 24층 중 24층
    [wr_m2] => 68
    [wr_cont2] => [오피스텔 / 2순위]
문채영 / 640104 (만60세)

경기도 성남시 분당구 서현동 255-1 분당풍림아이원플러스오피스텔 제24층 제비-2420호
전용 68 ㎡ / 1968세대 / 24층 중 24층

▶ KB 하 미등재 / 일 미등재 (일) > 하우스머치 49,100만
* 실거래: 40,000만(21.12.20)
* 대지권: 있음
* 소유권이전일: 2020년 08월 10일

▶  선순위 
1. 신한은행 21,600만 (18,000만) / 120.0%
:: 총 합계 21,600만  (18,000만)

▶  대환/말소대상
1. 대명캐피탈대부 7,500만 (5,000만) / 150.0% > 6/20설정
:: 총 합계 7,500만  (5,000만)

* 직장인
* 현재 미전입 상태로 전입신고 가능
* 후순위 대환 최대요청
    [wr_amount] => 최대
    [wr_link1] => https://kbland.kr/c/16991
    [wr_link1_subj] => KB시세조회
    [wr_link2] => 
    [wr_link2_subj] => 
)
[MESSAGE] : 


[2024-07-24 11:45:02]
175.121.155.210 : Mozilla/5.0 (Windows NT 10.0; Win64; x64) AppleWebKit/537.36 (KHTML, like Gecko) Chrome/126.0.0.0 Safari/537.36 Edg/126.0.0.0
/home/user/hosting/loan/control/app/new/loan-act.php
[_POST] : 
Array
(
    [w] => u
    [wr_id] => 50851
    [prev_status] => 20
    [wr_ca] => A
    [wr_part] => P
    [wr_subject] => 천준
    [wr_cont1] => [아파트 / 천준 지분 / 2순위]
천준 / 791205 (만44세) 2분의1
김형정 / 800625 (만44세) 2분의1
    [address1] => 경기 용인시 수지구 신봉동 985
    [address2] => 
    [address3] => 제305동 제11층 제1102호
    [address_ext] => 594세대 / 15층 중 11층
    [wr_m2] => 84.89
    [wr_cont2] => [아파트 / 천준 지분 / 2순위]
천준 / 791205 (만44세) 2분의1
김형정 / 800625 (만44세) 2분의1

경기도 용인시 수지구 신봉동 985 신봉마을동일하이빌3단지 제305동 제11층 제1102호
전용 84.89 ㎡ / 594세대 / 15층 중 11층

▶ KB 하 68,000만 / 일 70,500만 (일)
* 실거래: 69,500만(23.05.30)
* 대지권: 있음
* 소유권이전일: 2014년 07월 03일

▶  선순위 // LTV (최고액: 29.79%, 원금: 24.82%)
1. 한국스탠다드차타드은행 21,000만 (17,500만) / 120.0% > 천준
:: 총 합계 21,000만  (17,500만)

▶  대환/말소대상// LTV (최고액: 51.06%, 원금: 39.01%)
1. 수호대부 15,000만 (10,000만) / 150.0%
:: 총 합계 15,000만  (10,000만)

* 천준 직장인 / 김형정 배우자로 동의불가
* 본인 지분 후순위 대환 최대요청
    [wr_amount] => 최대
    [wr_link1] => https://kbland.kr/c/16210
    [wr_link1_subj] => KB시세조회
    [wr_link2] => 
    [wr_link2_subj] => 
)
[MESSAGE] : 


[2024-07-24 11:45:18]
175.121.155.210 : Mozilla/5.0 (Windows NT 10.0; Win64; x64) AppleWebKit/537.36 (KHTML, like Gecko) Chrome/126.0.0.0 Safari/537.36 Edg/126.0.0.0
/home/user/hosting/loan/control/app/new/loan-act.php
[_POST] : 
Array
(
    [w] => pr
    [wr_id] => 50868
    [prev_status] => 1
    [next_status] => 10
    [jd_amount] => 4000
    [jd_interest] => 14
    [jd_condition] => 현장방문 시세조사 필수
    [jd_memo] => 
    [rf_first3] => 60000
    [rf_first1] => 
    [rf_first2] => 
)
[MESSAGE] : 


[2024-07-24 11:59:35]
175.121.155.210 : Mozilla/5.0 (Windows NT 10.0; Win64; x64) AppleWebKit/537.36 (KHTML, like Gecko) Chrome/126.0.0.0 Safari/537.36 Edg/126.0.0.0
/home/user/hosting/loan/control/app/new/loan-act.php
[_POST] : 
Array
(
    [w] => pr
    [wr_id] => 50707
    [prev_status] => 30
    [next_status] => 
    [jd_amount] => 4500
    [jd_interest] => 14
    [jd_condition] => 3000만원 / 14% / 3.85% / 12개월 / 거주빌라 공담조건으로 심사완료 / 자서서류 문자발송
    [jd_memo] => 신.조완료(취급가능)/간편심사 진행예정
    [rf_first3] => 20000
    [rf_first1] => 
    [rf_first2] => 
)
[MESSAGE] : 


[2024-07-24 12:00:15]
175.121.155.210 : Mozilla/5.0 (Windows NT 10.0; Win64; x64) AppleWebKit/537.36 (KHTML, like Gecko) Chrome/126.0.0.0 Safari/537.36 Edg/126.0.0.0
/home/user/hosting/loan/control/app/new/loan-act.php
[_POST] : 
Array
(
    [w] => pr
    [wr_id] => 50870
    [prev_status] => 1
    [next_status] => 10
    [jd_amount] => 43000
    [jd_interest] => 13.5~13.8
    [jd_condition] => 
    [jd_memo] => 
    [rf_first3] => 192000
    [rf_first1] => 
    [rf_first2] => 
)
[MESSAGE] : 


[2024-07-24 12:00:50]
175.121.155.210 : Mozilla/5.0 (Windows NT 10.0; Win64; x64) AppleWebKit/537.36 (KHTML, like Gecko) Chrome/126.0.0.0 Safari/537.36 Edg/126.0.0.0
/home/user/hosting/loan/control/app/new/loan-act.php
[_POST] : 
Array
(
    [w] => u
    [wr_id] => 50871
    [prev_status] => 1
    [wr_ca] => E
    [wr_part] => A
    [wr_subject] => 김근태
    [wr_cont1] => 직장인
    [address1] => 경남 양산시 삼호동 542
    [address2] => 
    [address3] => 
    [address_ext] => 
    [wr_m2] => 
    [wr_cont2] => [단독주택/후순위]
김근태 (소유자) 700117
[건물] 경상남도 양산시 삼호동 542
[토지] 경상남도 양산시 삼호동 542

기대출 유지 
1.신한은행 5640 / 4700 >> 잔액 3500만

* 직장인 + 사업자
* 신한 3500만 / 설정 120% 감액등기 가능
* 후순위 요청 
* 단독주택 본인거주중
    [wr_amount] => 
    [wr_link1] => 
    [wr_link1_subj] => KB시세조회
    [wr_link2] => 
    [wr_link2_subj] => 
)
[MESSAGE] : 


[2024-07-24 12:01:13]
175.121.155.210 : Mozilla/5.0 (Windows NT 10.0; Win64; x64) AppleWebKit/537.36 (KHTML, like Gecko) Chrome/126.0.0.0 Safari/537.36 Edg/126.0.0.0
/home/user/hosting/loan/control/app/new/loan-act.php
[_POST] : 
Array
(
    [w] => pr
    [wr_id] => 50871
    [prev_status] => 1
    [next_status] => 10
    [jd_amount] => 3000
    [jd_interest] => 13.8~14.2
    [jd_condition] => 현장방문 시세조사 필수
선순위 근저당권 감액조건
    [jd_memo] => 
    [rf_first3] => 
    [rf_first1] => 
    [rf_first2] => 
)
[MESSAGE] : 


[2024-07-24 12:04:08]
175.121.155.210 : Mozilla/5.0 (Windows NT 10.0; Win64; x64) AppleWebKit/537.36 (KHTML, like Gecko) Chrome/126.0.0.0 Safari/537.36 Edg/126.0.0.0
/home/user/hosting/loan/control/app/new/loan-act.php
[_POST] : 
Array
(
    [w] => pr
    [wr_id] => 50872
    [prev_status] => 10
    [next_status] => 
    [jd_amount] => 70000
    [jd_interest] => 13.5~14
    [jd_condition] => 자동한도 조정
    [jd_memo] => 자동 가승인
    [rf_first3] => 240000
    [rf_first1] => 
    [rf_first2] => 
)
[MESSAGE] : 


[2024-07-24 12:04:55]
175.121.155.210 : Mozilla/5.0 (Windows NT 10.0; Win64; x64) AppleWebKit/537.36 (KHTML, like Gecko) Chrome/126.0.0.0 Safari/537.36 Edg/126.0.0.0
/home/user/hosting/loan/control/app/new/loan-act.php
[_POST] : 
Array
(
    [w] => pr
    [wr_id] => 50873
    [prev_status] => 1
    [next_status] => 20
    [jd_amount] => 
    [jd_interest] => 
    [jd_condition] => 
    [jd_memo] => 
    [rf_first3] => 26000
    [rf_first1] => 
    [rf_first2] => 
)
[MESSAGE] : 


[2024-07-24 12:06:38]
175.121.155.210 : Mozilla/5.0 (Windows NT 10.0; Win64; x64) AppleWebKit/537.36 (KHTML, like Gecko) Chrome/126.0.0.0 Safari/537.36 Edg/126.0.0.0
/home/user/hosting/loan/control/app/new/loan-act.php
[_POST] : 
Array
(
    [w] => pr
    [wr_id] => 50874
    [prev_status] => 1
    [next_status] => 10
    [jd_amount] => 12000
    [jd_interest] => 13.5~13.9
    [jd_condition] => 선순위 근저당권 감액조건
친언니 무상거주 확인조건
    [jd_memo] => 
    [rf_first3] => 25000
    [rf_first1] => 
    [rf_first2] => 
)
[MESSAGE] : 


[2024-07-24 13:13:59]
175.121.155.210 : Mozilla/5.0 (Windows NT 10.0; Win64; x64) AppleWebKit/537.36 (KHTML, like Gecko) Chrome/126.0.0.0 Safari/537.36 Edg/126.0.0.0
/home/user/hosting/loan/control/app/new/loan-act.php
[_POST] : 
Array
(
    [w] => pr
    [wr_id] => 50875
    [prev_status] => 1
    [next_status] => 20
    [jd_amount] => 
    [jd_interest] => 
    [jd_condition] => 
    [jd_memo] => 
    [rf_first3] => 
    [rf_first1] => 
    [rf_first2] => 
)
[MESSAGE] : 


[2024-07-24 13:14:20]
175.121.155.210 : Mozilla/5.0 (Windows NT 10.0; Win64; x64) AppleWebKit/537.36 (KHTML, like Gecko) Chrome/126.0.0.0 Safari/537.36 Edg/126.0.0.0
/home/user/hosting/loan/control/app/new/loan-act.php
[_POST] : 
Array
(
    [w] => pr
    [wr_id] => 50876
    [prev_status] => 1
    [next_status] => 10
    [jd_amount] => 70000
    [jd_interest] => 13.5~14
    [jd_condition] => 
    [jd_memo] => 
    [rf_first3] => 
    [rf_first1] => 
    [rf_first2] => 
)
[MESSAGE] : 


[2024-07-24 13:15:57]
175.121.155.210 : Mozilla/5.0 (Windows NT 10.0; Win64; x64) AppleWebKit/537.36 (KHTML, like Gecko) Chrome/126.0.0.0 Safari/537.36 Edg/126.0.0.0
/home/user/hosting/loan/control/app/new/loan-act.php
[_POST] : 
Array
(
    [w] => pr
    [wr_id] => 50877
    [prev_status] => 10
    [next_status] => 10
    [jd_amount] => 22000
    [jd_interest] => 13.8~14.2
    [jd_condition] => 하자 동시정리시 지급수수료 조정건
신탁+근저당권
자동한도 조정
    [jd_memo] => 자동 가승인
    [rf_first3] => 30000
    [rf_first1] => 
    [rf_first2] => 
)
[MESSAGE] : 


[2024-07-24 13:17:19]
175.121.155.210 : Mozilla/5.0 (Windows NT 10.0; Win64; x64) AppleWebKit/537.36 (KHTML, like Gecko) Chrome/126.0.0.0 Safari/537.36 Edg/126.0.0.0
/home/user/hosting/loan/control/app/new/loan-act.php
[_POST] : 
Array
(
    [w] => pr
    [wr_id] => 50878
    [prev_status] => 1
    [next_status] => 20
    [jd_amount] => 
    [jd_interest] => 
    [jd_condition] => 
    [jd_memo] => 
    [rf_first3] => 21000
    [rf_first1] => 
    [rf_first2] => 
)
[MESSAGE] : 


[2024-07-24 13:18:47]
175.121.155.210 : Mozilla/5.0 (Windows NT 10.0; Win64; x64) AppleWebKit/537.36 (KHTML, like Gecko) Chrome/126.0.0.0 Safari/537.36 Edg/126.0.0.0
/home/user/hosting/loan/control/app/new/loan-act.php
[_POST] : 
Array
(
    [w] => pr
    [wr_id] => 50879
    [prev_status] => 1
    [next_status] => 10
    [jd_amount] => 3000
    [jd_interest] => 13.7~14
    [jd_condition] => 
    [jd_memo] => 
    [rf_first3] => 26000
    [rf_first1] => 
    [rf_first2] => 
)
[MESSAGE] : 


[2024-07-24 13:19:00]
175.121.155.210 : Mozilla/5.0 (Windows NT 10.0; Win64; x64) AppleWebKit/537.36 (KHTML, like Gecko) Chrome/126.0.0.0 Safari/537.36 Edg/126.0.0.0
/home/user/hosting/loan/control/app/new/loan-act.php
[_POST] : 
Array
(
    [w] => pr
    [wr_id] => 50880
    [prev_status] => 1
    [next_status] => 10
    [jd_amount] => 70000
    [jd_interest] => 13.5~14
    [jd_condition] => 
    [jd_memo] => 
    [rf_first3] => 
    [rf_first1] => 
    [rf_first2] => 
)
[MESSAGE] : 


[2024-07-24 13:19:12]
175.121.155.210 : Mozilla/5.0 (Windows NT 10.0; Win64; x64) AppleWebKit/537.36 (KHTML, like Gecko) Chrome/126.0.0.0 Safari/537.36 Edg/126.0.0.0
/home/user/hosting/loan/control/app/new/loan-act.php
[_POST] : 
Array
(
    [w] => pr
    [wr_id] => 50881
    [prev_status] => 1
    [next_status] => 10
    [jd_amount] => 3000
    [jd_interest] => 13.7~14
    [jd_condition] => 
    [jd_memo] => 
    [rf_first3] => 
    [rf_first1] => 
    [rf_first2] => 
)
[MESSAGE] : 


[2024-07-24 13:20:59]
175.121.155.210 : Mozilla/5.0 (Windows NT 10.0; Win64; x64) AppleWebKit/537.36 (KHTML, like Gecko) Chrome/126.0.0.0 Safari/537.36 Edg/126.0.0.0
/home/user/hosting/loan/control/app/new/loan-act.php
[_POST] : 
Array
(
    [w] => pr
    [wr_id] => 50882
    [prev_status] => 1
    [next_status] => 10
    [jd_amount] => 4000
    [jd_interest] => 13.8~14.2
    [jd_condition] => 전세권 설정
    [jd_memo] => 
    [rf_first3] => 22000
    [rf_first1] => 
    [rf_first2] => 
)
[MESSAGE] : 


[2024-07-24 13:22:53]
175.121.155.210 : Mozilla/5.0 (Windows NT 10.0; Win64; x64) AppleWebKit/537.36 (KHTML, like Gecko) Chrome/126.0.0.0 Safari/537.36 Edg/126.0.0.0
/home/user/hosting/loan/control/app/new/loan-act.php
[_POST] : 
Array
(
    [w] => pr
    [wr_id] => 50883
    [prev_status] => 1
    [next_status] => 10
    [jd_amount] => 16000
    [jd_interest] => 13.8~14.2
    [jd_condition] => 신탁+근저당권
하자 동시정리시 지급수수료 조정건
    [jd_memo] => 
    [rf_first3] => 24000
    [rf_first1] => 
    [rf_first2] => 
)
[MESSAGE] : 


[2024-07-24 13:23:16]
175.121.155.210 : Mozilla/5.0 (Windows NT 10.0; Win64; x64) AppleWebKit/537.36 (KHTML, like Gecko) Chrome/126.0.0.0 Safari/537.36 Edg/126.0.0.0
/home/user/hosting/loan/control/app/new/loan-act.php
[_POST] : 
Array
(
    [w] => pr
    [wr_id] => 50884
    [prev_status] => 1
    [next_status] => 20
    [jd_amount] => 
    [jd_interest] => 
    [jd_condition] => 
    [jd_memo] => 
    [rf_first3] => 
    [rf_first1] => 
    [rf_first2] => 
)
[MESSAGE] : 


[2024-07-24 13:30:17]
175.121.155.210 : Mozilla/5.0 (Windows NT 10.0; Win64; x64) AppleWebKit/537.36 (KHTML, like Gecko) Chrome/126.0.0.0 Safari/537.36 Edg/126.0.0.0
/home/user/hosting/loan/control/app/new/loan-act.php
[_POST] : 
Array
(
    [w] => pr
    [wr_id] => 50886
    [prev_status] => 1
    [next_status] => 20
    [jd_amount] => 
    [jd_interest] => 
    [jd_condition] => 
    [jd_memo] => 
    [rf_first3] => 30000
    [rf_first1] => 
    [rf_first2] => 
)
[MESSAGE] : 


[2024-07-24 13:37:49]
175.121.155.210 : Mozilla/5.0 (Windows NT 10.0; Win64; x64) AppleWebKit/537.36 (KHTML, like Gecko) Chrome/126.0.0.0 Safari/537.36 Edg/126.0.0.0
/home/user/hosting/loan/control/app/new/loan-act.php
[_POST] : 
Array
(
    [w] => pr
    [wr_id] => 50173
    [prev_status] => 30
    [next_status] => 
    [jd_amount] => 7500
    [jd_interest] => 13.3~13.7
    [jd_condition] => 신.조완료(취급가능)/간편심사 진행예정
    [jd_memo] => 신탁+근저당권
근저당권시 60백만원 (전세권 설정)
    [rf_first3] => 
    [rf_first1] => 
    [rf_first2] => 
)
[MESSAGE] : 


[2024-07-24 13:39:38]
175.121.155.210 : Mozilla/5.0 (Windows NT 10.0; Win64; x64) AppleWebKit/537.36 (KHTML, like Gecko) Chrome/126.0.0.0 Safari/537.36 Edg/126.0.0.0
/home/user/hosting/loan/control/app/new/loan-act.php
[_POST] : 
Array
(
    [w] => pr
    [wr_id] => 50887
    [prev_status] => 1
    [next_status] => 10
    [jd_amount] => 15000
    [jd_interest] => 13.5~14
    [jd_condition] => 
    [jd_memo] => 
    [rf_first3] => 129000
    [rf_first1] => 
    [rf_first2] => 
)
[MESSAGE] : 


[2024-07-24 13:41:43]
175.121.155.210 : Mozilla/5.0 (Windows NT 10.0; Win64; x64) AppleWebKit/537.36 (KHTML, like Gecko) Chrome/126.0.0.0 Safari/537.36 Edg/126.0.0.0
/home/user/hosting/loan/control/app/new/loan-act.php
[_POST] : 
Array
(
    [w] => pr
    [wr_id] => 50888
    [prev_status] => 1
    [next_status] => 10
    [jd_amount] => 8500
    [jd_interest] => 14
    [jd_condition] => 신탁+근저당건
    [jd_memo] => 
    [rf_first3] => 14000
    [rf_first1] => 
    [rf_first2] => 
)
[MESSAGE] : 


[2024-07-24 13:43:16]
175.121.155.210 : Mozilla/5.0 (Windows NT 10.0; Win64; x64) AppleWebKit/537.36 (KHTML, like Gecko) Chrome/126.0.0.0 Safari/537.36 Edg/126.0.0.0
/home/user/hosting/loan/control/app/new/loan-act.php
[_POST] : 
Array
(
    [w] => pr
    [wr_id] => 50889
    [prev_status] => 1
    [next_status] => 10
    [jd_amount] => 56000
    [jd_interest] => 13~13.7
    [jd_condition] => 
    [jd_memo] => 
    [rf_first3] => 135000
    [rf_first1] => 
    [rf_first2] => 
)
[MESSAGE] : 


[2024-07-24 13:44:14]
175.121.155.210 : Mozilla/5.0 (Windows NT 10.0; Win64; x64) AppleWebKit/537.36 (KHTML, like Gecko) Chrome/126.0.0.0 Safari/537.36 Edg/126.0.0.0
/home/user/hosting/loan/control/app/new/loan-act.php
[_POST] : 
Array
(
    [w] => pr
    [wr_id] => 50890
    [prev_status] => 1
    [next_status] => 20
    [jd_amount] => 
    [jd_interest] => 
    [jd_condition] => 
    [jd_memo] => 
    [rf_first3] => 30000
    [rf_first1] => 
    [rf_first2] => 
)
[MESSAGE] : 


[2024-07-24 13:46:52]
175.121.155.210 : Mozilla/5.0 (Windows NT 10.0; Win64; x64) AppleWebKit/537.36 (KHTML, like Gecko) Chrome/126.0.0.0 Safari/537.36 Edg/126.0.0.0
/home/user/hosting/loan/control/app/new/loan-act.php
[_POST] : 
Array
(
    [w] => pr
    [wr_id] => 50891
    [prev_status] => 10
    [next_status] => 10
    [jd_amount] => 39000
    [jd_interest] => 13.5~14
    [jd_condition] => 신탁+근저당권
하자 동시정리시 지급수수료 조정건입니다
    [jd_memo] => 자동 가승인
    [rf_first3] => 50000
    [rf_first1] => 
    [rf_first2] => 
)
[MESSAGE] : 


[2024-07-24 13:47:28]
175.121.155.210 : Mozilla/5.0 (Windows NT 10.0; Win64; x64) AppleWebKit/537.36 (KHTML, like Gecko) Chrome/126.0.0.0 Safari/537.36 Edg/126.0.0.0
/home/user/hosting/loan/control/app/new/loan-act.php
[_POST] : 
Array
(
    [w] => pr
    [wr_id] => 50891
    [prev_status] => 10
    [next_status] => 
    [jd_amount] => 40000
    [jd_interest] => 13~14
    [jd_condition] => 신탁+근저당권
하자 동시정리시 지급수수료 조정건입니다
    [jd_memo] => 자동 가승인
    [rf_first3] => 50000
    [rf_first1] => 
    [rf_first2] => 
)
[MESSAGE] : 


[2024-07-24 13:47:52]
175.121.155.210 : Mozilla/5.0 (Windows NT 10.0; Win64; x64) AppleWebKit/537.36 (KHTML, like Gecko) Chrome/126.0.0.0 Safari/537.36 Edg/126.0.0.0
/home/user/hosting/loan/control/app/new/loan-act.php
[_POST] : 
Array
(
    [w] => pr
    [wr_id] => 50892
    [prev_status] => 1
    [next_status] => 20
    [jd_amount] => 
    [jd_interest] => 
    [jd_condition] => 
    [jd_memo] => 
    [rf_first3] => 28000
    [rf_first1] => 
    [rf_first2] => 
)
[MESSAGE] : 


[2024-07-24 13:48:02]
58.123.54.42 : Mozilla/5.0 (Windows NT 10.0; Win64; x64) AppleWebKit/537.36 (KHTML, like Gecko) Chrome/126.0.0.0 Safari/537.36
/home/user/hosting/loan/control/app/new/loan-act.php
[_POST] : 
Array
(
    [w] => pr
    [wr_id] => 50885
    [prev_status] => 10
    [next_status] => 
    [jd_amount] => 180000
    [jd_interest] => 13.5
    [jd_condition] => 
    [jd_memo] => 자동 가승인
    [rf_first3] => 
    [rf_first1] => 
    [rf_first2] => 
)
[MESSAGE] : 


[2024-07-24 13:48:20]
175.121.155.210 : Mozilla/5.0 (Windows NT 10.0; Win64; x64) AppleWebKit/537.36 (KHTML, like Gecko) Chrome/126.0.0.0 Safari/537.36 Edg/126.0.0.0
/home/user/hosting/loan/control/app/new/loan-act.php
[_POST] : 
Array
(
    [w] => pr
    [wr_id] => 50893
    [prev_status] => 1
    [next_status] => 10
    [jd_amount] => 15000
    [jd_interest] => 13.5~14
    [jd_condition] => 
    [jd_memo] => 
    [rf_first3] => 50000
    [rf_first1] => 
    [rf_first2] => 
)
[MESSAGE] : 


[2024-07-24 13:48:24]
58.123.54.42 : Mozilla/5.0 (Windows NT 10.0; Win64; x64) AppleWebKit/537.36 (KHTML, like Gecko) Chrome/126.0.0.0 Safari/537.36
/home/user/hosting/loan/control/app/new/loan-act.php
[_POST] : 
Array
(
    [w] => pr
    [wr_id] => 50885
    [prev_status] => 10
    [next_status] => 10
    [jd_amount] => 180000
    [jd_interest] => 13.5
    [jd_condition] => 
    [jd_memo] => 자동 가승인
    [rf_first3] => 
    [rf_first1] => 
    [rf_first2] => 
)
[MESSAGE] : 


[2024-07-24 13:48:48]
58.123.54.42 : Mozilla/5.0 (Windows NT 10.0; Win64; x64) AppleWebKit/537.36 (KHTML, like Gecko) Chrome/126.0.0.0 Safari/537.36
/home/user/hosting/loan/control/app/new/loan-act.php
[_POST] : 
Array
(
    [w] => pr
    [wr_id] => 50885
    [prev_status] => 10
    [next_status] => 20
    [jd_amount] => 180000
    [jd_interest] => 13.5
    [jd_condition] => 
    [jd_memo] => 자동 가승인
    [rf_first3] => 
    [rf_first1] => 
    [rf_first2] => 
)
[MESSAGE] : 


[2024-07-24 13:49:23]
175.121.155.210 : Mozilla/5.0 (Windows NT 10.0; Win64; x64) AppleWebKit/537.36 (KHTML, like Gecko) Chrome/126.0.0.0 Safari/537.36 Edg/126.0.0.0
/home/user/hosting/loan/control/app/new/loan-act.php
[_POST] : 
Array
(
    [w] => pr
    [wr_id] => 50894
    [prev_status] => 10
    [next_status] => 
    [jd_amount] => 56000
    [jd_interest] => 13~13.7
    [jd_condition] => 자동 한도 조정
    [jd_memo] => 자동 가승인
    [rf_first3] => 135000
    [rf_first1] => 
    [rf_first2] => 
)
[MESSAGE] : 


[2024-07-24 13:49:28]
58.123.54.42 : Mozilla/5.0 (Windows NT 10.0; Win64; x64) AppleWebKit/537.36 (KHTML, like Gecko) Chrome/126.0.0.0 Safari/537.36
/home/user/hosting/loan/control/app/new/loan-act.php
[_POST] : 
Array
(
    [w] => pr
    [wr_id] => 50885
    [prev_status] => 20
    [next_status] => 10
    [jd_amount] => 180000
    [jd_interest] => 13.5
    [jd_condition] => 
    [jd_memo] => 자동 가승인
    [rf_first3] => 
    [rf_first1] => 
    [rf_first2] => 
)
[MESSAGE] : 


[2024-07-24 13:49:41]
58.123.54.42 : Mozilla/5.0 (Windows NT 10.0; Win64; x64) AppleWebKit/537.36 (KHTML, like Gecko) Chrome/126.0.0.0 Safari/537.36
/home/user/hosting/loan/control/app/new/loan-act.php
[_POST] : 
Array
(
    [w] => pr
    [wr_id] => 50897
    [prev_status] => 1
    [next_status] => 10
    [jd_amount] => 1212
    [jd_interest] => 
    [jd_condition] => 
    [jd_memo] => 
    [rf_first3] => 
    [rf_first1] => 
    [rf_first2] => 
)
[MESSAGE] : 


[2024-07-24 13:49:44]
175.121.155.210 : Mozilla/5.0 (Windows NT 10.0; Win64; x64) AppleWebKit/537.36 (KHTML, like Gecko) Chrome/126.0.0.0 Safari/537.36 Edg/126.0.0.0
/home/user/hosting/loan/control/app/new/loan-act.php
[_POST] : 
Array
(
    [w] => pr
    [wr_id] => 50895
    [prev_status] => 1
    [next_status] => 10
    [jd_amount] => 20000
    [jd_interest] => 14~14.5
    [jd_condition] => 현장방문 시세조사 필수
    [jd_memo] => 
    [rf_first3] => 
    [rf_first1] => 
    [rf_first2] => 
)
[MESSAGE] : 


[2024-07-24 13:51:24]
175.121.155.210 : Mozilla/5.0 (Windows NT 10.0; Win64; x64) AppleWebKit/537.36 (KHTML, like Gecko) Chrome/126.0.0.0 Safari/537.36 Edg/126.0.0.0
/home/user/hosting/loan/control/app/new/loan-act.php
[_POST] : 
Array
(
    [w] => pr
    [wr_id] => 50896
    [prev_status] => 1
    [next_status] => 10
    [jd_amount] => 3000
    [jd_interest] => 13.8~14
    [jd_condition] => 
    [jd_memo] => 
    [rf_first3] => 55000
    [rf_first1] => 
    [rf_first2] => 
)
[MESSAGE] : 


[2024-07-24 13:51:41]
175.121.155.210 : Mozilla/5.0 (Windows NT 10.0; Win64; x64) AppleWebKit/537.36 (KHTML, like Gecko) Chrome/126.0.0.0 Safari/537.36 Edg/126.0.0.0
/home/user/hosting/loan/control/app/new/loan-act.php
[_POST] : 
Array
(
    [w] => pr
    [wr_id] => 50896
    [prev_status] => 10
    [next_status] => 
    [jd_amount] => 3000
    [jd_interest] => 13.8~14
    [jd_condition] => 세입자 확인조건
    [jd_memo] => 
    [rf_first3] => 55000
    [rf_first1] => 
    [rf_first2] => 
)
[MESSAGE] : 


[2024-07-24 13:52:16]
175.121.155.210 : Mozilla/5.0 (Windows NT 10.0; Win64; x64) AppleWebKit/537.36 (KHTML, like Gecko) Chrome/126.0.0.0 Safari/537.36 Edg/126.0.0.0
/home/user/hosting/loan/control/app/new/loan-act.php
[_POST] : 
Array
(
    [w] => pr
    [wr_id] => 50898
    [prev_status] => 1
    [next_status] => 20
    [jd_amount] => 
    [jd_interest] => 
    [jd_condition] => 
    [jd_memo] => 
    [rf_first3] => 26000
    [rf_first1] => 
    [rf_first2] => 
)
[MESSAGE] : 


[2024-07-24 13:55:07]
58.123.54.42 : Mozilla/5.0 (Windows NT 10.0; Win64; x64) AppleWebKit/537.36 (KHTML, like Gecko) Chrome/126.0.0.0 Safari/537.36
/home/user/hosting/loan/control/app/new/loan-act.php
[_POST] : 
Array
(
    [w] => pr
    [wr_id] => 50897
    [prev_status] => 30
    [next_status] => 99
    [jd_amount] => 1212
    [jd_interest] => 
    [jd_condition] => 
    [jd_memo] => 
    [rf_first3] => 
    [rf_first1] => 
    [rf_first2] => 
)
[MESSAGE] : 


[2024-07-24 13:55:37]
58.123.54.42 : Mozilla/5.0 (Windows NT 10.0; Win64; x64) AppleWebKit/537.36 (KHTML, like Gecko) Chrome/126.0.0.0 Safari/537.36
/home/user/hosting/loan/control/app/new/loan-act.php
[_POST] : 
Array
(
    [w] => pr
    [wr_id] => 50885
    [prev_status] => 30
    [next_status] => 60
    [jd_amount] => 180000
    [jd_interest] => 13.5
    [jd_condition] => 
    [jd_memo] => 자동 가승인
    [rf_first3] => 
    [rf_first1] => 
    [rf_first2] => 
)
[MESSAGE] : 


[2024-07-24 13:56:45]
58.123.54.42 : Mozilla/5.0 (Windows NT 10.0; Win64; x64) AppleWebKit/537.36 (KHTML, like Gecko) Chrome/126.0.0.0 Safari/537.36
/home/user/hosting/loan/control/app/new/loan-act.php
[_POST] : 
Array
(
    [w] => pr
    [wr_id] => 50899
    [prev_status] => 1
    [next_status] => 10
    [jd_amount] => 5555
    [jd_interest] => 
    [jd_condition] => 
    [jd_memo] => 
    [rf_first3] => 
    [rf_first1] => 
    [rf_first2] => 
)
[MESSAGE] : 


[2024-07-24 13:57:49]
58.123.54.42 : Mozilla/5.0 (Windows NT 10.0; Win64; x64) AppleWebKit/537.36 (KHTML, like Gecko) Chrome/126.0.0.0 Safari/537.36
/home/user/hosting/loan/control/app/new/loan-act.php
[_POST] : 
Array
(
    [w] => pr
    [wr_id] => 50899
    [prev_status] => 30
    [next_status] => 60
    [jd_amount] => 5555
    [jd_interest] => 
    [jd_condition] => 부대 조건입니다111
    [jd_memo] => 검토메모222
    [rf_first3] => 333
    [rf_first1] => 444
    [rf_first2] => 555
)
[MESSAGE] : 


[2024-07-24 13:57:57]
175.121.155.210 : Mozilla/5.0 (Windows NT 10.0; Win64; x64) AppleWebKit/537.36 (KHTML, like Gecko) Chrome/126.0.0.0 Safari/537.36 Edg/126.0.0.0
/home/user/hosting/loan/control/app/new/loan-act.php
[_POST] : 
Array
(
    [w] => u
    [wr_id] => 50893
    [prev_status] => 10
    [wr_ca] => A
    [wr_part] => P
    [wr_subject] => 김형민
    [wr_cont1] => 직장인
    [address1] => 서울 송파구 방이동 212-8
    [address2] => 
    [address3] => 제101동 제12층 제1210호
    [address_ext] => 
    [wr_m2] => 
    [wr_cont2] => 김형민(공동소유자:이규정) / 직장인 / 42세
서울특별시 송파구 방이동 212-8외 1필지 코오롱아파트 제101동 제12층 제1210호
아파트 / 758세대 / 총 6동 / 84.95㎡ / 방 3개 / 12층 / 전체 15층
소유권 이전일 2018.04.27

120,000(KB 하한) / 130,000(KB 일반)

◈선순위
1.주식회사한국스탠다드차타드은행 38,500(35,000)
총 설정 38,500만원 총 원금 35,000만원
(시세대비 원금 26.92% 사용중)

◈대환/말소대상
1.장성순 22,500(15,000)
총 설정 22,500만원 총 원금 15,000만원
(시세대비 원금 38.46% 사용중)
===============

김형민 지분조건 개인대환조건 후순위 부탁드립니다
    [wr_amount] => 
    [wr_link1] => 
    [wr_link1_subj] => KB시세조회
    [wr_link2] => 
    [wr_link2_subj] => 
)
[MESSAGE] : 


[2024-07-24 13:58:08]
175.121.155.210 : Mozilla/5.0 (Windows NT 10.0; Win64; x64) AppleWebKit/537.36 (KHTML, like Gecko) Chrome/126.0.0.0 Safari/537.36 Edg/126.0.0.0
/home/user/hosting/loan/control/app/new/loan-act.php
[_POST] : 
Array
(
    [w] => u
    [wr_id] => 50896
    [prev_status] => 10
    [wr_ca] => A
    [wr_part] => A
    [wr_subject] => 허준/아파트/3순위추가
    [wr_cont1] => 무직
    [address1] => 세종특별자치시 종촌동 652
    [address2] => (종촌동, 가재마을 12단지)
    [address3] => 제1220동 제27층 제2701호
    [address_ext] => 1371세대
    [wr_m2] => 84.99
    [wr_cont2] => KB시세 56,500

기대출>
세입자 25,000 (동의)
우리은행 14,850
    [wr_amount] => 3순위 최대한도 요청
    [wr_link1] => 
    [wr_link1_subj] => KB시세조회
    [wr_link2] => 
    [wr_link2_subj] => 
)
[MESSAGE] : 


[2024-07-24 14:07:34]
175.121.155.210 : Mozilla/5.0 (Windows NT 10.0; Win64; x64) AppleWebKit/537.36 (KHTML, like Gecko) Chrome/126.0.0.0 Safari/537.36 Edg/126.0.0.0
/home/user/hosting/loan/control/app/new/loan-act.php
[_POST] : 
Array
(
    [w] => pr
    [wr_id] => 50900
    [prev_status] => 1
    [next_status] => 10
    [jd_amount] => 14000
    [jd_interest] => 13.3~13.8
    [jd_condition] => 신탁+근저당권
    [jd_memo] => 
    [rf_first3] => 20000
    [rf_first1] => 
    [rf_first2] => 
)
[MESSAGE] : 


[2024-07-24 14:09:25]
175.121.155.210 : Mozilla/5.0 (Windows NT 10.0; Win64; x64) AppleWebKit/537.36 (KHTML, like Gecko) Chrome/126.0.0.0 Safari/537.36 Edg/126.0.0.0
/home/user/hosting/loan/control/app/new/loan-act.php
[_POST] : 
Array
(
    [w] => pr
    [wr_id] => 50880
    [prev_status] => 30
    [next_status] => 
    [jd_amount] => 70000
    [jd_interest] => 13.5~14
    [jd_condition] => 신.조완료(취급가능)/간편심사 진행예정
    [jd_memo] => 
    [rf_first3] => 
    [rf_first1] => 
    [rf_first2] => 
)
[MESSAGE] : 


[2024-07-24 14:10:34]
175.121.155.210 : Mozilla/5.0 (Windows NT 10.0; Win64; x64) AppleWebKit/537.36 (KHTML, like Gecko) Chrome/126.0.0.0 Safari/537.36 Edg/126.0.0.0
/home/user/hosting/loan/control/app/new/loan-act.php
[_POST] : 
Array
(
    [w] => pr
    [wr_id] => 50901
    [prev_status] => 1
    [next_status] => 10
    [jd_amount] => 15000
    [jd_interest] => 13.3~13.8
    [jd_condition] => 현장방문 시세조사 필수
    [jd_memo] => 
    [rf_first3] => 43000
    [rf_first1] => 
    [rf_first2] => 
)
[MESSAGE] : 


[2024-07-24 14:11:00]
175.121.155.210 : Mozilla/5.0 (Windows NT 10.0; Win64; x64) AppleWebKit/537.36 (KHTML, like Gecko) Chrome/126.0.0.0 Safari/537.36 Edg/126.0.0.0
/home/user/hosting/loan/control/app/new/loan-act.php
[_POST] : 
Array
(
    [w] => pr
    [wr_id] => 50902
    [prev_status] => 1
    [next_status] => 20
    [jd_amount] => 
    [jd_interest] => 
    [jd_condition] => 
    [jd_memo] => 
    [rf_first3] => 41000
    [rf_first1] => 
    [rf_first2] => 
)
[MESSAGE] : 


[2024-07-24 14:12:09]
175.121.155.210 : Mozilla/5.0 (Windows NT 10.0; Win64; x64) AppleWebKit/537.36 (KHTML, like Gecko) Chrome/126.0.0.0 Safari/537.36 Edg/126.0.0.0
/home/user/hosting/loan/control/app/new/loan-act.php
[_POST] : 
Array
(
    [w] => pr
    [wr_id] => 50903
    [prev_status] => 1
    [next_status] => 20
    [jd_amount] => 
    [jd_interest] => 
    [jd_condition] => 지방소재 시세 1억미만 부동산 담보대출 진행이 어렵습니다
    [jd_memo] => 
    [rf_first3] => 4000
    [rf_first1] => 
    [rf_first2] => 
)
[MESSAGE] : 


[2024-07-24 14:22:24]
58.123.54.42 : Mozilla/5.0 (Windows NT 10.0; Win64; x64) AppleWebKit/537.36 (KHTML, like Gecko) Chrome/126.0.0.0 Safari/537.36
/home/user/hosting/loan/control/app/new/loan-act.php
[_POST] : 
Array
(
    [w] => pr
    [wr_id] => 50905
    [prev_status] => 1
    [next_status] => 10
    [jd_amount] => 1123
    [jd_interest] => 
    [jd_condition] => 
    [jd_memo] => 
    [rf_first3] => 
    [rf_first1] => 
    [rf_first2] => 
)
[MESSAGE] : 


[2024-07-24 14:26:28]
175.121.155.210 : Mozilla/5.0 (Windows NT 10.0; Win64; x64) AppleWebKit/537.36 (KHTML, like Gecko) Chrome/126.0.0.0 Safari/537.36 Edg/126.0.0.0
/home/user/hosting/loan/control/app/new/loan-act.php
[_POST] : 
Array
(
    [w] => u
    [wr_id] => 50904
    [prev_status] => 1
    [wr_ca] => A
    [wr_part] => A
    [wr_subject] => 한희순/아파트/후순위추가
    [wr_cont1] => 직장인 / 연 3,300
K 934 N 901 
3주택자
    [address1] => 인천 부평구 부평동 995
    [address2] => 부평역화성파크드림
    [address3] => 104-2303
    [address_ext] => 541/29
    [wr_m2] => 75.8
    [wr_cont2] => * 전체지분

* 세입자 거주 / 보증금 : 33,000만원

KB 53,000 / 54,000 (*) / 55,000

①세입자 보증금 33,000 / 동의가능
    [wr_amount] => 후순위 최대한도 요청
    [wr_link1] => 
    [wr_link1_subj] => KB시세조회
    [wr_link2] => 
    [wr_link2_subj] => 
)
[MESSAGE] : 


[2024-07-24 14:26:33]
58.123.54.42 : Mozilla/5.0 (Windows NT 10.0; Win64; x64) AppleWebKit/537.36 (KHTML, like Gecko) Chrome/126.0.0.0 Safari/537.36
/home/user/hosting/loan/control/app/new/loan-act.php
[_POST] : 
Array
(
    [w] => pr
    [wr_id] => 50906
    [prev_status] => 1
    [next_status] => 10
    [jd_amount] => 123213
    [jd_interest] => 
    [jd_condition] => 
    [jd_memo] => 
    [rf_first3] => 
    [rf_first1] => 
    [rf_first2] => 
)
[MESSAGE] : 


[2024-07-24 14:29:38]
175.121.155.210 : Mozilla/5.0 (Windows NT 10.0; Win64; x64) AppleWebKit/537.36 (KHTML, like Gecko) Chrome/126.0.0.0 Safari/537.36 Edg/126.0.0.0
/home/user/hosting/loan/control/app/new/loan-act.php
[_POST] : 
Array
(
    [w] => pr
    [wr_id] => 50904
    [prev_status] => 1
    [next_status] => 10
    [jd_amount] => 5000
    [jd_interest] => 13.3~13.8
    [jd_condition] => 임대차 확인서 징구
    [jd_memo] => 
    [rf_first3] => 48500
    [rf_first1] => 
    [rf_first2] => 
)
[MESSAGE] : 


[2024-07-24 14:31:01]
175.121.155.210 : Mozilla/5.0 (Windows NT 10.0; Win64; x64) AppleWebKit/537.36 (KHTML, like Gecko) Chrome/126.0.0.0 Safari/537.36 Edg/126.0.0.0
/home/user/hosting/loan/control/app/new/loan-act.php
[_POST] : 
Array
(
    [w] => pr
    [wr_id] => 50908
    [prev_status] => 1
    [next_status] => 10
    [jd_amount] => 3000
    [jd_interest] => 14~14.5
    [jd_condition] => 
    [jd_memo] => 
    [rf_first3] => 
    [rf_first1] => 
    [rf_first2] => 
)
[MESSAGE] : 


[2024-07-24 15:07:21]
175.121.155.210 : Mozilla/5.0 (Windows NT 10.0; Win64; x64) AppleWebKit/537.36 (KHTML, like Gecko) Chrome/126.0.0.0 Safari/537.36 Edg/126.0.0.0
/home/user/hosting/loan/control/app/new/loan-act.php
[_POST] : 
Array
(
    [w] => pr
    [wr_id] => 50909
    [prev_status] => 1
    [next_status] => 20
    [jd_amount] => 
    [jd_interest] => 
    [jd_condition] => 타사 접수로 상담중 취소(미등기건물 소재)
    [jd_memo] => 지분율 60%
    [rf_first3] => 130000
    [rf_first1] => 
    [rf_first2] => 
)
[MESSAGE] : 


[2024-07-24 15:11:24]
175.121.155.210 : Mozilla/5.0 (Windows NT 10.0; Win64; x64) AppleWebKit/537.36 (KHTML, like Gecko) Chrome/126.0.0.0 Safari/537.36 Edg/126.0.0.0
/home/user/hosting/loan/control/app/new/loan-act.php
[_POST] : 
Array
(
    [w] => pr
    [wr_id] => 50910
    [prev_status] => 1
    [next_status] => 20
    [jd_amount] => 
    [jd_interest] => 
    [jd_condition] => 
    [jd_memo] => 
    [rf_first3] => 50000
    [rf_first1] => 
    [rf_first2] => 
)
[MESSAGE] : 


[2024-07-24 15:12:30]
175.121.155.210 : Mozilla/5.0 (Windows NT 10.0; Win64; x64) AppleWebKit/537.36 (KHTML, like Gecko) Chrome/126.0.0.0 Safari/537.36 Edg/126.0.0.0
/home/user/hosting/loan/control/app/new/loan-act.php
[_POST] : 
Array
(
    [w] => pr
    [wr_id] => 50911
    [prev_status] => 1
    [next_status] => 10
    [jd_amount] => 24000
    [jd_interest] => 14.2~14.5
    [jd_condition] => 하자 동시정리시 지급수수료1.5%입니다
    [jd_memo] => 
    [rf_first3] => 
    [rf_first1] => 
    [rf_first2] => 
)
[MESSAGE] : 


[2024-07-24 15:20:21]
175.121.155.210 : Mozilla/5.0 (Windows NT 10.0; Win64; x64) AppleWebKit/537.36 (KHTML, like Gecko) Chrome/126.0.0.0 Safari/537.36 Edg/126.0.0.0
/home/user/hosting/loan/control/app/new/loan-act.php
[_POST] : 
Array
(
    [w] => pr
    [wr_id] => 50912
    [prev_status] => 1
    [next_status] => 10
    [jd_amount] => 80
    [jd_interest] => 13.3~13.8
    [jd_condition] => 
    [jd_memo] => 
    [rf_first3] => 26000
    [rf_first1] => 
    [rf_first2] => 
)
[MESSAGE] : 


[2024-07-24 15:20:31]
175.121.155.210 : Mozilla/5.0 (Windows NT 10.0; Win64; x64) AppleWebKit/537.36 (KHTML, like Gecko) Chrome/126.0.0.0 Safari/537.36 Edg/126.0.0.0
/home/user/hosting/loan/control/app/new/loan-act.php
[_POST] : 
Array
(
    [w] => pr
    [wr_id] => 50912
    [prev_status] => 10
    [next_status] => 
    [jd_amount] => 8000
    [jd_interest] => 13.3~13.8
    [jd_condition] => 
    [jd_memo] => 
    [rf_first3] => 26000
    [rf_first1] => 
    [rf_first2] => 
)
[MESSAGE] : 


[2024-07-24 15:21:38]
175.121.155.210 : Mozilla/5.0 (Windows NT 10.0; Win64; x64) AppleWebKit/537.36 (KHTML, like Gecko) Chrome/126.0.0.0 Safari/537.36 Edg/126.0.0.0
/home/user/hosting/loan/control/app/new/loan-act.php
[_POST] : 
Array
(
    [w] => pr
    [wr_id] => 50913
    [prev_status] => 10
    [next_status] => 10
    [jd_amount] => 11000
    [jd_interest] => 13.5
    [jd_condition] => 한도수정
    [jd_memo] => 자동 가승인
    [rf_first3] => 55000
    [rf_first1] => 
    [rf_first2] => 
)
[MESSAGE] : 


[2024-07-24 15:22:31]
175.121.155.210 : Mozilla/5.0 (Windows NT 10.0; Win64; x64) AppleWebKit/537.36 (KHTML, like Gecko) Chrome/126.0.0.0 Safari/537.36 Edg/126.0.0.0
/home/user/hosting/loan/control/app/new/loan-act.php
[_POST] : 
Array
(
    [w] => pr
    [wr_id] => 50914
    [prev_status] => 1
    [next_status] => 10
    [jd_amount] => 7000
    [jd_interest] => 13.3~13.8
    [jd_condition] => 
    [jd_memo] => 
    [rf_first3] => 18000
    [rf_first1] => 
    [rf_first2] => 
)
[MESSAGE] : 


[2024-07-24 15:56:37]
175.121.155.210 : Mozilla/5.0 (Windows NT 10.0; Win64; x64) AppleWebKit/537.36 (KHTML, like Gecko) Chrome/126.0.0.0 Safari/537.36 Edg/126.0.0.0
/home/user/hosting/loan/control/app/new/loan-act.php
[_POST] : 
Array
(
    [w] => pr
    [wr_id] => 50915
    [prev_status] => 1
    [next_status] => 20
    [jd_amount] => 
    [jd_interest] => 
    [jd_condition] => 
    [jd_memo] => 
    [rf_first3] => 
    [rf_first1] => 
    [rf_first2] => 
)
[MESSAGE] : 


[2024-07-24 15:57:39]
175.121.155.210 : Mozilla/5.0 (Windows NT 10.0; Win64; x64) AppleWebKit/537.36 (KHTML, like Gecko) Chrome/126.0.0.0 Safari/537.36 Edg/126.0.0.0
/home/user/hosting/loan/control/app/new/loan-act.php
[_POST] : 
Array
(
    [w] => pr
    [wr_id] => 50916
    [prev_status] => 10
    [next_status] => 10
    [jd_amount] => 22000
    [jd_interest] => 13.3~13.6
    [jd_condition] => 한도수정
    [jd_memo] => 자동 가승인
    [rf_first3] => 
    [rf_first1] => 
    [rf_first2] => 
)
[MESSAGE] : 


[2024-07-24 15:59:32]
175.121.155.210 : Mozilla/5.0 (Windows NT 10.0; Win64; x64) AppleWebKit/537.36 (KHTML, like Gecko) Chrome/126.0.0.0 Safari/537.36 Edg/126.0.0.0
/home/user/hosting/loan/control/app/new/loan-act.php
[_POST] : 
Array
(
    [w] => pr
    [wr_id] => 50917
    [prev_status] => 1
    [next_status] => 20
    [jd_amount] => 
    [jd_interest] => 
    [jd_condition] => 
    [jd_memo] => 
    [rf_first3] => 30000
    [rf_first1] => 
    [rf_first2] => 
)
[MESSAGE] : 


[2024-07-24 15:59:39]
175.121.155.210 : Mozilla/5.0 (Windows NT 10.0; Win64; x64) AppleWebKit/537.36 (KHTML, like Gecko) Chrome/126.0.0.0 Safari/537.36 Edg/126.0.0.0
/home/user/hosting/loan/control/app/new/loan-act.php
[_POST] : 
Array
(
    [w] => u
    [wr_id] => 50918
    [prev_status] => 1
    [wr_ca] => A
    [wr_part] => A
    [wr_subject] => 전 / 김홍애
    [wr_cont1] => 
    [address1] => 울산 남구 신정동 942-10
    [address2] => 영보가든
    [address3] => 제15층 제1508호
    [address_ext] => 134
    [wr_m2] => 84.93
    [wr_cont2] => * 전체지분

* 기대출 금액
1 / 우리은행 / 6,160만원
2 / 리드코프  / 6,500만원
* 기대출 총액 : 12,660만원

김홍애 / 직장인 / 800121-2     [KB미등재]
울산광역시 남구 두왕로244번길 30, 제15층 제1508호 [신정동 942-10 영보가든맨션아파트]

면적 - 84.93
하우스머치 - 17,200만
세대수 - 134 / 1개동

기대출 
우리은행 (2014.10.10) 감액 6160 / 5600
리드코프 (2024.04.15) 6500 / 5000

▶ 사대유(8년) / 급통 연 4200 / 신카有 
▶ 즉발 보유 / 실거주중
    [wr_amount] => 
    [wr_link1] => 
    [wr_link1_subj] => KB시세조회
    [wr_link2] => 
    [wr_link2_subj] => 
)
[MESSAGE] : 


[2024-07-24 15:59:45]
175.121.155.210 : Mozilla/5.0 (Windows NT 10.0; Win64; x64) AppleWebKit/537.36 (KHTML, like Gecko) Chrome/126.0.0.0 Safari/537.36 Edg/126.0.0.0
/home/user/hosting/loan/control/app/new/loan-act.php
[_POST] : 
Array
(
    [w] => pr
    [wr_id] => 50918
    [prev_status] => 1
    [next_status] => 20
    [jd_amount] => 
    [jd_interest] => 
    [jd_condition] => 
    [jd_memo] => 
    [rf_first3] => 
    [rf_first1] => 
    [rf_first2] => 
)
[MESSAGE] : 


[2024-07-24 16:00:45]
175.121.155.210 : Mozilla/5.0 (Windows NT 10.0; Win64; x64) AppleWebKit/537.36 (KHTML, like Gecko) Chrome/126.0.0.0 Safari/537.36 Edg/126.0.0.0
/home/user/hosting/loan/control/app/new/loan-act.php
[_POST] : 
Array
(
    [w] => pr
    [wr_id] => 50919
    [prev_status] => 1
    [next_status] => 10
    [jd_amount] => 15000
    [jd_interest] => 13.2~13.7
    [jd_condition] => 임대차 확인서 징구
    [jd_memo] => 
    [rf_first3] => 150000
    [rf_first1] => 
    [rf_first2] => 
)
[MESSAGE] : 


[2024-07-24 16:01:18]
175.121.155.210 : Mozilla/5.0 (Windows NT 10.0; Win64; x64) AppleWebKit/537.36 (KHTML, like Gecko) Chrome/126.0.0.0 Safari/537.36 Edg/126.0.0.0
/home/user/hosting/loan/control/app/new/loan-act.php
[_POST] : 
Array
(
    [w] => pr
    [wr_id] => 50920
    [prev_status] => 1
    [next_status] => 10
    [jd_amount] => 60000
    [jd_interest] => 13~13.5
    [jd_condition] => 공동명의 동의조건
지분한도는 안나옵니다
    [jd_memo] => 
    [rf_first3] => 
    [rf_first1] => 
    [rf_first2] => 
)
[MESSAGE] : 


[2024-07-24 16:15:55]
175.121.155.210 : Mozilla/5.0 (Windows NT 10.0; Win64; x64) AppleWebKit/537.36 (KHTML, like Gecko) Chrome/126.0.0.0 Safari/537.36 Edg/126.0.0.0
/home/user/hosting/loan/control/app/new/loan-act.php
[_POST] : 
Array
(
    [w] => pr
    [wr_id] => 50921
    [prev_status] => 1
    [next_status] => 10
    [jd_amount] => 15000
    [jd_interest] => 13.3~14
    [jd_condition] => 신탁+근저당권시  190백만원
    [jd_memo] => 
    [rf_first3] => 
    [rf_first1] => 
    [rf_first2] => 
)
[MESSAGE] : 


[2024-07-24 16:16:30]
175.121.155.210 : Mozilla/5.0 (Windows NT 10.0; Win64; x64) AppleWebKit/537.36 (KHTML, like Gecko) Chrome/126.0.0.0 Safari/537.36 Edg/126.0.0.0
/home/user/hosting/loan/control/app/new/loan-act.php
[_POST] : 
Array
(
    [w] => pr
    [wr_id] => 50901
    [prev_status] => 30
    [next_status] => 99
    [jd_amount] => 15000
    [jd_interest] => 13.3~13.8
    [jd_condition] => 임대차 내역 감안 추가한도 없음
    [jd_memo] => 현장방문 시세조사 필수
    [rf_first3] => 43000
    [rf_first1] => 
    [rf_first2] => 
)
[MESSAGE] : 


[2024-07-24 16:25:27]
175.121.155.210 : Mozilla/5.0 (Windows NT 10.0; Win64; x64) AppleWebKit/537.36 (KHTML, like Gecko) Chrome/126.0.0.0 Safari/537.36 Edg/126.0.0.0
/home/user/hosting/loan/control/app/new/loan-act.php
[_POST] : 
Array
(
    [w] => pr
    [wr_id] => 50922
    [prev_status] => 1
    [next_status] => 10
    [jd_amount] => 40000
    [jd_interest] => 13.3~13.6
    [jd_condition] => 
    [jd_memo] => 
    [rf_first3] => 60000
    [rf_first1] => 
    [rf_first2] => 
)
[MESSAGE] : 


[2024-07-24 16:28:45]
175.121.155.210 : Mozilla/5.0 (Windows NT 10.0; Win64; x64) AppleWebKit/537.36 (KHTML, like Gecko) Chrome/126.0.0.0 Safari/537.36 Edg/126.0.0.0
/home/user/hosting/loan/control/app/new/loan-act.php
[_POST] : 
Array
(
    [w] => pr
    [wr_id] => 50923
    [prev_status] => 1
    [next_status] => 10
    [jd_amount] => 5000
    [jd_interest] => 13.8~14
    [jd_condition] => 전세권 설정
    [jd_memo] => 
    [rf_first3] => 19000
    [rf_first1] => 
    [rf_first2] => 
)
[MESSAGE] : 


[2024-07-24 16:29:46]
175.121.155.210 : Mozilla/5.0 (Windows NT 10.0; Win64; x64) AppleWebKit/537.36 (KHTML, like Gecko) Chrome/126.0.0.0 Safari/537.36 Edg/126.0.0.0
/home/user/hosting/loan/control/app/new/loan-act.php
[_POST] : 
Array
(
    [w] => pr
    [wr_id] => 50924
    [prev_status] => 1
    [next_status] => 10
    [jd_amount] => 9000
    [jd_interest] => 13.5~13.9
    [jd_condition] => 신탁+근저당권
    [jd_memo] => 
    [rf_first3] => 15900
    [rf_first1] => 
    [rf_first2] => 
)
[MESSAGE] : 


[2024-07-24 16:34:25]
175.121.155.210 : Mozilla/5.0 (Windows NT 10.0; Win64; x64) AppleWebKit/537.36 (KHTML, like Gecko) Chrome/126.0.0.0 Safari/537.36 Edg/126.0.0.0
/home/user/hosting/loan/control/app/new/loan-act.php
[_POST] : 
Array
(
    [w] => pr
    [wr_id] => 50925
    [prev_status] => 1
    [next_status] => 10
    [jd_amount] => 22000
    [jd_interest] => 13.3~13.6
    [jd_condition] => 
    [jd_memo] => 
    [rf_first3] => 
    [rf_first1] => 
    [rf_first2] => 
)
[MESSAGE] : 


[2024-07-24 16:35:16]
175.121.155.210 : Mozilla/5.0 (Windows NT 10.0; Win64; x64) AppleWebKit/537.36 (KHTML, like Gecko) Chrome/126.0.0.0 Safari/537.36 Edg/126.0.0.0
/home/user/hosting/loan/control/app/new/loan-act.php
[_POST] : 
Array
(
    [w] => pr
    [wr_id] => 50926
    [prev_status] => 10
    [next_status] => 10
    [jd_amount] => 20000
    [jd_interest] => 13.3~13.8
    [jd_condition] => 한도수정
    [jd_memo] => 자동 가승인
    [rf_first3] => 
    [rf_first1] => 
    [rf_first2] => 
)
[MESSAGE] : 


[2024-07-24 16:35:24]
175.121.155.210 : Mozilla/5.0 (Windows NT 10.0; Win64; x64) AppleWebKit/537.36 (KHTML, like Gecko) Chrome/126.0.0.0 Safari/537.36 Edg/126.0.0.0
/home/user/hosting/loan/control/app/new/loan-act.php
[_POST] : 
Array
(
    [w] => u
    [wr_id] => 50927
    [prev_status] => 1
    [wr_ca] => A
    [wr_part] => P
    [wr_subject] => 김희중지분/아파트/후순위추가
    [wr_cont1] => 사업자/실거주
    [address1] => 전북 전주시 덕진구 반월동 1241
    [address2] => 반월동세움펠리피아2차아파트
    [address3] => 103-1604
    [address_ext] => 505세대
    [wr_m2] => 84.77
    [wr_cont2] => * 지분(50%)

31000/33000

* 기대출 금액
신한 10800 (9000) 감액조건
    [wr_amount] => 김희중지분으로 후순위 최대한도 요청
    [wr_link1] => 
    [wr_link1_subj] => KB시세조회
    [wr_link2] => 
    [wr_link2_subj] => 
)
[MESSAGE] : 


[2024-07-24 16:35:35]
175.121.155.210 : Mozilla/5.0 (Windows NT 10.0; Win64; x64) AppleWebKit/537.36 (KHTML, like Gecko) Chrome/126.0.0.0 Safari/537.36 Edg/126.0.0.0
/home/user/hosting/loan/control/app/new/loan-act.php
[_POST] : 
Array
(
    [w] => u
    [wr_id] => 50922
    [prev_status] => 10
    [wr_ca] => A
    [wr_part] => A
    [wr_subject] => 엘 / 안재석
    [wr_cont1] => 
    [address1] => 울산 울주군 범서읍 굴화리 734
    [address2] => (문수마을동문굿모닝힐)
    [address3] => 제104동 제7층 제701호
    [address_ext] => 
    [wr_m2] => 130.88
    [wr_cont2] => [안재석 지분]

안재석 (차주) 박귀화 (공동:배우자) 무직
울산광역시 울주군 범서읍 굴화리 734외 3필지 문수마을동문굿모닝힐 제104동 제7층 제701호
소유권이전일 2010년11월4일

▶KB 66000/ 면적 130.8826 / 472세대

▶거주형태 - 본인거주

▶기대출없음

한도확인 부탁드립니다.
    [wr_amount] => 
    [wr_link1] => 
    [wr_link1_subj] => KB시세조회
    [wr_link2] => 
    [wr_link2_subj] => 
)
[MESSAGE] : 


[2024-07-24 16:37:31]
175.121.155.210 : Mozilla/5.0 (Windows NT 10.0; Win64; x64) AppleWebKit/537.36 (KHTML, like Gecko) Chrome/126.0.0.0 Safari/537.36 Edg/126.0.0.0
/home/user/hosting/loan/control/app/new/loan-act.php
[_POST] : 
Array
(
    [w] => pr
    [wr_id] => 50927
    [prev_status] => 1
    [next_status] => 10
    [jd_amount] => 3000
    [jd_interest] => 13.5~14
    [jd_condition] => 선순위 감액조건/사전협의
    [jd_memo] => 선순위 동일차주
    [rf_first3] => 30000
    [rf_first1] => 
    [rf_first2] => 
)
[MESSAGE] : 


[2024-07-24 16:37:43]
175.121.155.210 : Mozilla/5.0 (Windows NT 10.0; Win64; x64) AppleWebKit/537.36 (KHTML, like Gecko) Chrome/126.0.0.0 Safari/537.36 Edg/126.0.0.0
/home/user/hosting/loan/control/app/new/loan-act.php
[_POST] : 
Array
(
    [w] => pr
    [wr_id] => 50927
    [prev_status] => 10
    [next_status] => 
    [jd_amount] => 3000
    [jd_interest] => 13.5~14
    [jd_condition] => 한도수정/선순위 감액조건/사전협의
    [jd_memo] => 선순위 동일차주
    [rf_first3] => 30000
    [rf_first1] => 
    [rf_first2] => 
)
[MESSAGE] : 


[2024-07-24 16:37:53]
175.121.155.210 : Mozilla/5.0 (Windows NT 10.0; Win64; x64) AppleWebKit/537.36 (KHTML, like Gecko) Chrome/126.0.0.0 Safari/537.36 Edg/126.0.0.0
/home/user/hosting/loan/control/app/new/loan-act.php
[_POST] : 
Array
(
    [w] => u
    [wr_id] => 50928
    [prev_status] => 1
    [wr_ca] => A
    [wr_part] => P
    [wr_subject] => 김희중 지분
    [wr_cont1] => [아파트 / 김희중 지분/ 2순위]
김희중 (공유자) 730520-******* 2분의 1
이세현 (공유자) 780204-******* 2분의 1 > 배우자 동의 불가
    [address1] => 전북 전주시 덕진구 반월동 1241
    [address2] => (반월동, 세움펠리피아 2차)
    [address3] => 제103동 제16층 제1604호
    [address_ext] => 505세대 / 27층 중 16층
    [wr_m2] => 84.77
    [wr_cont2] => [아파트 / 김희중 지분/ 2순위]
김희중 (공유자) 730520-******* 2분의 1
이세현 (공유자) 780204-******* 2분의 1 > 배우자 동의 불가

전북특별자치도 전주시 덕진구 반월동 1241 반월동세움펠리피아2차아파트 제103동 제16층 제1604호
전용 84.77 ㎡ / 505세대 / 27층 중 16층

▶ KB 하 31,000만 / 일 33,000만 (일)

* 실거래: 33,000만(24.06.28)
* 대지권: 있음
* 소유권이전일: 2020년 02월 10일 > 매매 

▶  선순위 // LTV (최고액: 40%, 원금: 33.33%)
1. 신한은행 13,200만 (11,000만) / 120.0%
:: 총 합계 13,200만  (11,000만)) > 채무자 김희중 

* 사업자
* 2순위 김희중 지분 한도 최대 요청 

KB시세 조회 주소: https://kbland.kr/c/37622
    [wr_amount] => * 2순위 김희중 지분 한도 최대 요청
    [wr_link1] => : https://kbland.kr/c/37622
    [wr_link1_subj] => KB시세조회
    [wr_link2] => 
    [wr_link2_subj] => 
)
[MESSAGE] : 


[2024-07-24 16:38:28]
175.121.155.210 : Mozilla/5.0 (Windows NT 10.0; Win64; x64) AppleWebKit/537.36 (KHTML, like Gecko) Chrome/126.0.0.0 Safari/537.36 Edg/126.0.0.0
/home/user/hosting/loan/control/app/new/loan-act.php
[_POST] : 
Array
(
    [w] => pr
    [wr_id] => 50928
    [prev_status] => 1
    [next_status] => 10
    [jd_amount] => 3000
    [jd_interest] => 13.5~14
    [jd_condition] => 한도수정/선순위 감액조건/사전협의
    [jd_memo] => 
    [rf_first3] => 30000
    [rf_first1] => 
    [rf_first2] => 
)
[MESSAGE] : 


[2024-07-24 16:44:05]
175.121.155.210 : Mozilla/5.0 (Windows NT 10.0; Win64; x64) AppleWebKit/537.36 (KHTML, like Gecko) Chrome/126.0.0.0 Safari/537.36 Edg/126.0.0.0
/home/user/hosting/loan/control/app/new/loan-act.php
[_POST] : 
Array
(
    [w] => pr
    [wr_id] => 50929
    [prev_status] => 1
    [next_status] => 10
    [jd_amount] => 5000
    [jd_interest] => 13.8~14
    [jd_condition] => 전세권 설정
    [jd_memo] => 
    [rf_first3] => 36500
    [rf_first1] => 
    [rf_first2] => 
)
[MESSAGE] : 


[2024-07-24 17:03:36]
175.121.155.210 : Mozilla/5.0 (Windows NT 10.0; Win64; x64) AppleWebKit/537.36 (KHTML, like Gecko) Chrome/126.0.0.0 Safari/537.36 Edg/126.0.0.0
/home/user/hosting/loan/control/app/new/loan-act.php
[_POST] : 
Array
(
    [w] => pr
    [wr_id] => 50931
    [prev_status] => 10
    [next_status] => 
    [jd_amount] => 15000
    [jd_interest] => 13.5~14
    [jd_condition] => 
    [jd_memo] => 자동 가승인 조정
    [rf_first3] => 
    [rf_first1] => 
    [rf_first2] => 
)
[MESSAGE] : 


[2024-07-24 17:05:22]
175.121.155.210 : Mozilla/5.0 (Windows NT 10.0; Win64; x64) AppleWebKit/537.36 (KHTML, like Gecko) Chrome/126.0.0.0 Safari/537.36 Edg/126.0.0.0
/home/user/hosting/loan/control/app/new/loan-act.php
[_POST] : 
Array
(
    [w] => pr
    [wr_id] => 50932
    [prev_status] => 1
    [next_status] => 10
    [jd_amount] => 12000
    [jd_interest] => 13.5~13.8
    [jd_condition] => 
    [jd_memo] => 
    [rf_first3] => 35000
    [rf_first1] => 
    [rf_first2] => 
)
[MESSAGE] : 


[2024-07-24 17:05:59]
175.121.155.210 : Mozilla/5.0 (Windows NT 10.0; Win64; x64) AppleWebKit/537.36 (KHTML, like Gecko) Chrome/126.0.0.0 Safari/537.36 Edg/126.0.0.0
/home/user/hosting/loan/control/app/new/loan-act.php
[_POST] : 
Array
(
    [w] => pr
    [wr_id] => 50933
    [prev_status] => 1
    [next_status] => 20
    [jd_amount] => 
    [jd_interest] => 
    [jd_condition] => 
    [jd_memo] => 
    [rf_first3] => 23000
    [rf_first1] => 
    [rf_first2] => 
)
[MESSAGE] : 


[2024-07-24 17:16:09]
175.121.155.210 : Mozilla/5.0 (Windows NT 10.0; Win64; x64) AppleWebKit/537.36 (KHTML, like Gecko) Chrome/126.0.0.0 Safari/537.36 Edg/126.0.0.0
/home/user/hosting/loan/control/app/new/loan-act.php
[_POST] : 
Array
(
    [w] => pr
    [wr_id] => 50934
    [prev_status] => 1
    [next_status] => 20
    [jd_amount] => 
    [jd_interest] => 
    [jd_condition] => 
    [jd_memo] => 
    [rf_first3] => 23000
    [rf_first1] => 
    [rf_first2] => 
)
[MESSAGE] : 


[2024-07-24 17:17:45]
175.121.155.210 : Mozilla/5.0 (Windows NT 10.0; Win64; x64) AppleWebKit/537.36 (KHTML, like Gecko) Chrome/126.0.0.0 Safari/537.36 Edg/126.0.0.0
/home/user/hosting/loan/control/app/new/loan-act.php
[_POST] : 
Array
(
    [w] => pr
    [wr_id] => 50935
    [prev_status] => 1
    [next_status] => 10
    [jd_amount] => 7000
    [jd_interest] => 13.5~13.9
    [jd_condition] => 
    [jd_memo] => 
    [rf_first3] => 15000
    [rf_first1] => 
    [rf_first2] => 
)
[MESSAGE] : 


[2024-07-24 17:19:55]
175.121.155.210 : Mozilla/5.0 (Windows NT 10.0; Win64; x64) AppleWebKit/537.36 (KHTML, like Gecko) Chrome/126.0.0.0 Safari/537.36 Edg/126.0.0.0
/home/user/hosting/loan/control/app/new/loan-act.php
[_POST] : 
Array
(
    [w] => u
    [wr_id] => 50933
    [prev_status] => 20
    [wr_ca] => A
    [wr_part] => A
    [wr_subject] => 김수연/아파트/1순위or 후순위추가
    [wr_cont1] => ○ 직군 :프리랜서 연봉 2억 법인대표 연봉 6천 
○ 나이스/KCB 점수 : 나 712
    [address1] => 충남 서산시 성연면 왕정리 712
    [address2] => 힐스테이트서산아파트
    [address3] => 410-1303
    [address_ext] => 892세대
    [wr_m2] => 84.94
    [wr_cont2] => * 전체지분

* 기대출 금액
1 / 삼성생명 / 18,120만원(동일차주)
* 기대출 총액 : 18,120만원
    [wr_amount] => 선순위or후순위 최대한도요청
    [wr_link1] => 
    [wr_link1_subj] => KB시세조회
    [wr_link2] => 
    [wr_link2_subj] => 
)
[MESSAGE] : 


[2024-07-24 17:20:21]
175.121.155.210 : Mozilla/5.0 (Windows NT 10.0; Win64; x64) AppleWebKit/537.36 (KHTML, like Gecko) Chrome/126.0.0.0 Safari/537.36 Edg/126.0.0.0
/home/user/hosting/loan/control/app/new/loan-act.php
[_POST] : 
Array
(
    [w] => pr
    [wr_id] => 50936
    [prev_status] => 1
    [next_status] => 10
    [jd_amount] => 23000
    [jd_interest] => 13.3~13.8
    [jd_condition] => 현장방문 시세조사 필수
    [jd_memo] => 
    [rf_first3] => 40000
    [rf_first1] => 
    [rf_first2] => 
)
[MESSAGE] : 


[2024-07-24 17:31:05]
175.121.155.210 : Mozilla/5.0 (Windows NT 10.0; Win64; x64) AppleWebKit/537.36 (KHTML, like Gecko) Chrome/126.0.0.0 Safari/537.36 Edg/126.0.0.0
/home/user/hosting/loan/control/app/new/loan-act.php
[_POST] : 
Array
(
    [w] => pr
    [wr_id] => 50937
    [prev_status] => 1
    [next_status] => 10
    [jd_amount] => 13000
    [jd_interest] => 13.3~13.7
    [jd_condition] => 
    [jd_memo] => 
    [rf_first3] => 28000
    [rf_first1] => 
    [rf_first2] => 
)
[MESSAGE] : 


[2024-07-24 17:39:43]
175.121.155.210 : Mozilla/5.0 (Windows NT 10.0; Win64; x64) AppleWebKit/537.36 (KHTML, like Gecko) Chrome/126.0.0.0 Safari/537.36 Edg/126.0.0.0
/home/user/hosting/loan/control/app/new/loan-act.php
[_POST] : 
Array
(
    [w] => pr
    [wr_id] => 50938
    [prev_status] => 1
    [next_status] => 10
    [jd_amount] => 125000
    [jd_interest] => 13.3~13.7
    [jd_condition] => 거액여신으로 사전협의건
    [jd_memo] => 
    [rf_first3] => 390000
    [rf_first1] => 
    [rf_first2] => 
)
[MESSAGE] : 

