
[2024-07-04 09:36:18]
175.121.155.210 : Mozilla/5.0 (Windows NT 10.0; Win64; x64) AppleWebKit/537.36 (KHTML, like Gecko) Chrome/126.0.0.0 Safari/537.36 Edg/126.0.0.0
/home/user/hosting/loan/control/app/new/loan-act.php
[_POST] : 
Array
(
    [w] => pr
    [wr_id] => 49436
    [prev_status] => 1
    [next_status] => 10
    [jd_amount] => 20000
    [jd_interest] => 13.5~14
    [jd_condition] => 현장방문 시세조사 필수
    [jd_memo] => 
    [rf_first3] => 
    [rf_first1] => 
    [rf_first2] => 
)
[MESSAGE] : 


[2024-07-04 09:37:52]
175.121.155.210 : Mozilla/5.0 (Windows NT 10.0; Win64; x64) AppleWebKit/537.36 (KHTML, like Gecko) Chrome/126.0.0.0 Safari/537.36 Edg/126.0.0.0
/home/user/hosting/loan/control/app/new/loan-act.php
[_POST] : 
Array
(
    [w] => pr
    [wr_id] => 49437
    [prev_status] => 1
    [next_status] => 10
    [jd_amount] => 12000
    [jd_interest] => 13.5~14
    [jd_condition] => 
    [jd_memo] => 매매가 13억원
    [rf_first3] => 121000
    [rf_first1] => 
    [rf_first2] => 
)
[MESSAGE] : 


[2024-07-04 09:39:30]
175.121.155.210 : Mozilla/5.0 (Windows NT 10.0; Win64; x64) AppleWebKit/537.36 (KHTML, like Gecko) Chrome/126.0.0.0 Safari/537.36 Edg/126.0.0.0
/home/user/hosting/loan/control/app/new/loan-act.php
[_POST] : 
Array
(
    [w] => pr
    [wr_id] => 49438
    [prev_status] => 1
    [next_status] => 10
    [jd_amount] => 11000
    [jd_interest] => 13.5~13.8
    [jd_condition] => 선순위 근저당권 감액조건
    [jd_memo] => 
    [rf_first3] => 25000
    [rf_first1] => 
    [rf_first2] => 
)
[MESSAGE] : 


[2024-07-04 09:44:32]
175.121.155.210 : Mozilla/5.0 (Windows NT 10.0; Win64; x64) AppleWebKit/537.36 (KHTML, like Gecko) Chrome/126.0.0.0 Safari/537.36 Edg/126.0.0.0
/home/user/hosting/loan/control/app/new/loan-act.php
[_POST] : 
Array
(
    [w] => pr
    [wr_id] => 49439
    [prev_status] => 1
    [next_status] => 10
    [jd_amount] => 8500
    [jd_interest] => 13.5~14
    [jd_condition] => 전세권 설정
    [jd_memo] => 2022.05 157백만원 낙찰 (차순위 136백만원/법사가 256백만원)
    [rf_first3] => 14600
    [rf_first1] => 
    [rf_first2] => 
)
[MESSAGE] : 


[2024-07-04 09:45:51]
175.121.155.210 : Mozilla/5.0 (Windows NT 10.0; Win64; x64) AppleWebKit/537.36 (KHTML, like Gecko) Chrome/126.0.0.0 Safari/537.36 Edg/126.0.0.0
/home/user/hosting/loan/control/app/new/loan-act.php
[_POST] : 
Array
(
    [w] => pr
    [wr_id] => 49440
    [prev_status] => 1
    [next_status] => 20
    [jd_amount] => 
    [jd_interest] => 
    [jd_condition] => 
    [jd_memo] => 
    [rf_first3] => 32000
    [rf_first1] => 
    [rf_first2] => 
)
[MESSAGE] : 


[2024-07-04 09:58:22]
175.121.155.210 : Mozilla/5.0 (Windows NT 10.0; Win64; x64) AppleWebKit/537.36 (KHTML, like Gecko) Chrome/126.0.0.0 Safari/537.36 Edg/126.0.0.0
/home/user/hosting/loan/control/app/new/loan-act.php
[_POST] : 
Array
(
    [w] => pr
    [wr_id] => 49441
    [prev_status] => 1
    [next_status] => 10
    [jd_amount] => 15000
    [jd_interest] => 13.5~14
    [jd_condition] => 전세권 설정
    [jd_memo] => 
    [rf_first3] => 25600
    [rf_first1] => 
    [rf_first2] => 
)
[MESSAGE] : 


[2024-07-04 10:05:53]
175.121.155.210 : Mozilla/5.0 (Windows NT 10.0; Win64; x64) AppleWebKit/537.36 (KHTML, like Gecko) Chrome/126.0.0.0 Safari/537.36 Edg/126.0.0.0
/home/user/hosting/loan/control/app/new/loan-act.php
[_POST] : 
Array
(
    [w] => pr
    [wr_id] => 49442
    [prev_status] => 1
    [next_status] => 20
    [jd_amount] => 
    [jd_interest] => 
    [jd_condition] => 
    [jd_memo] => 
    [rf_first3] => 
    [rf_first1] => 
    [rf_first2] => 
)
[MESSAGE] : 


[2024-07-04 10:15:19]
175.121.155.210 : Mozilla/5.0 (Windows NT 10.0; Win64; x64) AppleWebKit/537.36 (KHTML, like Gecko) Chrome/126.0.0.0 Safari/537.36 Edg/126.0.0.0
/home/user/hosting/loan/control/app/new/loan-act.php
[_POST] : 
Array
(
    [w] => pr
    [wr_id] => 49443
    [prev_status] => 1
    [next_status] => 10
    [jd_amount] => 16000
    [jd_interest] => 13.5~13.8
    [jd_condition] => 
    [jd_memo] => 
    [rf_first3] => 90000
    [rf_first1] => 
    [rf_first2] => 
)
[MESSAGE] : 


[2024-07-04 10:17:03]
175.121.155.210 : Mozilla/5.0 (Windows NT 10.0; Win64; x64) AppleWebKit/537.36 (KHTML, like Gecko) Chrome/126.0.0.0 Safari/537.36 Edg/126.0.0.0
/home/user/hosting/loan/control/app/new/loan-act.php
[_POST] : 
Array
(
    [w] => pr
    [wr_id] => 49444
    [prev_status] => 1
    [next_status] => 10
    [jd_amount] => 15000
    [jd_interest] => 13.3~13.8
    [jd_condition] => 
    [jd_memo] => 
    [rf_first3] => 140000
    [rf_first1] => 
    [rf_first2] => 
)
[MESSAGE] : 


[2024-07-04 10:20:12]
175.121.155.210 : Mozilla/5.0 (Windows NT 10.0; Win64; x64) AppleWebKit/537.36 (KHTML, like Gecko) Chrome/126.0.0.0 Safari/537.36 Edg/126.0.0.0
/home/user/hosting/loan/control/app/new/loan-act.php
[_POST] : 
Array
(
    [w] => pr
    [wr_id] => 49445
    [prev_status] => 1
    [next_status] => 10
    [jd_amount] => 125000
    [jd_interest] => 14
    [jd_condition] => 신탁+근저당권
하자정리  지급수수료 조정건입니다
    [jd_memo] => 
    [rf_first3] => 160000
    [rf_first1] => 
    [rf_first2] => 
)
[MESSAGE] : 


[2024-07-04 10:20:28]
175.121.155.210 : Mozilla/5.0 (Windows NT 10.0; Win64; x64) AppleWebKit/537.36 (KHTML, like Gecko) Chrome/126.0.0.0 Safari/537.36 Edg/126.0.0.0
/home/user/hosting/loan/control/app/new/loan-act.php
[_POST] : 
Array
(
    [w] => pr
    [wr_id] => 49446
    [prev_status] => 1
    [next_status] => 20
    [jd_amount] => 
    [jd_interest] => 
    [jd_condition] => 
    [jd_memo] => 
    [rf_first3] => 
    [rf_first1] => 
    [rf_first2] => 
)
[MESSAGE] : 


[2024-07-04 10:33:03]
175.121.155.210 : Mozilla/5.0 (Windows NT 10.0; Win64; x64) AppleWebKit/537.36 (KHTML, like Gecko) Chrome/126.0.0.0 Safari/537.36 Edg/126.0.0.0
/home/user/hosting/loan/control/app/new/loan-act.php
[_POST] : 
Array
(
    [w] => pr
    [wr_id] => 49447
    [prev_status] => 1
    [next_status] => 10
    [jd_amount] => 10000
    [jd_interest] => 13.5~13.8
    [jd_condition] => 2순위 지분한도
    [jd_memo] => 
    [rf_first3] => 
    [rf_first1] => 
    [rf_first2] => 
)
[MESSAGE] : 


[2024-07-04 10:35:11]
175.121.155.210 : Mozilla/5.0 (Windows NT 10.0; Win64; x64) AppleWebKit/537.36 (KHTML, like Gecko) Chrome/126.0.0.0 Safari/537.36 Edg/126.0.0.0
/home/user/hosting/loan/control/app/new/loan-act.php
[_POST] : 
Array
(
    [w] => pr
    [wr_id] => 49448
    [prev_status] => 10
    [next_status] => 
    [jd_amount] => 11000
    [jd_interest] => 13.5~13.8
    [jd_condition] => 2순위 지분한도
    [jd_memo] => 자동 가승인
    [rf_first3] => 60000
    [rf_first1] => 
    [rf_first2] => 
)
[MESSAGE] : 


[2024-07-04 10:41:11]
175.121.155.210 : Mozilla/5.0 (Windows NT 10.0; Win64; x64) AppleWebKit/537.36 (KHTML, like Gecko) Chrome/126.0.0.0 Safari/537.36 Edg/126.0.0.0
/home/user/hosting/loan/control/app/new/loan-act.php
[_POST] : 
Array
(
    [w] => pr
    [wr_id] => 49449
    [prev_status] => 1
    [next_status] => 10
    [jd_amount] => 15000
    [jd_interest] => 13.5~14
    [jd_condition] => 현장방문 시세조사 필수
2순위 한도
    [jd_memo] => 
    [rf_first3] => 65000
    [rf_first1] => 
    [rf_first2] => 
)
[MESSAGE] : 


[2024-07-04 10:41:58]
175.121.155.210 : Mozilla/5.0 (Windows NT 10.0; Win64; x64) AppleWebKit/537.36 (KHTML, like Gecko) Chrome/126.0.0.0 Safari/537.36 Edg/126.0.0.0
/home/user/hosting/loan/control/app/new/loan-act.php
[_POST] : 
Array
(
    [w] => pr
    [wr_id] => 49450
    [prev_status] => 1
    [next_status] => 10
    [jd_amount] => 3000
    [jd_interest] => 14
    [jd_condition] => 선순위 근저당권 감액조건
    [jd_memo] => 
    [rf_first3] => 17700
    [rf_first1] => 
    [rf_first2] => 
)
[MESSAGE] : 


[2024-07-04 10:43:13]
175.121.155.210 : Mozilla/5.0 (Windows NT 10.0; Win64; x64) AppleWebKit/537.36 (KHTML, like Gecko) Chrome/126.0.0.0 Safari/537.36 Edg/126.0.0.0
/home/user/hosting/loan/control/app/new/loan-act.php
[_POST] : 
Array
(
    [w] => pr
    [wr_id] => 49451
    [prev_status] => 1
    [next_status] => 10
    [jd_amount] => 24000
    [jd_interest] => 13.3~13.8
    [jd_condition] => 
    [jd_memo] => 
    [rf_first3] => 110000
    [rf_first1] => 
    [rf_first2] => 
)
[MESSAGE] : 


[2024-07-04 10:49:04]
175.121.155.210 : Mozilla/5.0 (Windows NT 10.0; Win64; x64) AppleWebKit/537.36 (KHTML, like Gecko) Chrome/126.0.0.0 Safari/537.36 Edg/126.0.0.0
/home/user/hosting/loan/control/app/new/loan-act.php
[_POST] : 
Array
(
    [w] => pr
    [wr_id] => 49452
    [prev_status] => 1
    [next_status] => 10
    [jd_amount] => 10000
    [jd_interest] => 13.8~14
    [jd_condition] => 임차인 확인조건
    [jd_memo] => 불광 재개발5구역(시공사 GS건설 2027년 이주 예정)

    [rf_first3] => 30000
    [rf_first1] => 
    [rf_first2] => 
)
[MESSAGE] : 


[2024-07-04 10:49:24]
175.121.155.210 : Mozilla/5.0 (Windows NT 10.0; Win64; x64) AppleWebKit/537.36 (KHTML, like Gecko) Chrome/126.0.0.0 Safari/537.36 Edg/126.0.0.0
/home/user/hosting/loan/control/app/new/loan-act.php
[_POST] : 
Array
(
    [w] => pr
    [wr_id] => 49453
    [prev_status] => 1
    [next_status] => 20
    [jd_amount] => 
    [jd_interest] => 
    [jd_condition] => 
    [jd_memo] => 
    [rf_first3] => 
    [rf_first1] => 
    [rf_first2] => 
)
[MESSAGE] : 


[2024-07-04 10:54:19]
175.121.155.210 : Mozilla/5.0 (Windows NT 10.0; Win64; x64) AppleWebKit/537.36 (KHTML, like Gecko) Chrome/126.0.0.0 Safari/537.36 Edg/126.0.0.0
/home/user/hosting/loan/control/app/new/loan-act.php
[_POST] : 
Array
(
    [w] => pr
    [wr_id] => 49454
    [prev_status] => 1
    [next_status] => 20
    [jd_amount] => 
    [jd_interest] => 
    [jd_condition] => 
    [jd_memo] => 
    [rf_first3] => 40000
    [rf_first1] => 
    [rf_first2] => 
)
[MESSAGE] : 


[2024-07-04 10:57:40]
175.121.155.210 : Mozilla/5.0 (Windows NT 10.0; Win64; x64) AppleWebKit/537.36 (KHTML, like Gecko) Chrome/126.0.0.0 Safari/537.36 Edg/126.0.0.0
/home/user/hosting/loan/control/app/new/loan-act.php
[_POST] : 
Array
(
    [w] => pr
    [wr_id] => 49455
    [prev_status] => 1
    [next_status] => 10
    [jd_amount] => 13000
    [jd_interest] => 13.5~13.8
    [jd_condition] => 세입자 확인조건
현장방문 시세조사 필수
    [jd_memo] => 
    [rf_first3] => 65000
    [rf_first1] => 
    [rf_first2] => 
)
[MESSAGE] : 


[2024-07-04 10:59:37]
175.121.155.210 : Mozilla/5.0 (Windows NT 10.0; Win64; x64) AppleWebKit/537.36 (KHTML, like Gecko) Chrome/126.0.0.0 Safari/537.36 Edg/126.0.0.0
/home/user/hosting/loan/control/app/new/loan-act.php
[_POST] : 
Array
(
    [w] => pr
    [wr_id] => 49456
    [prev_status] => 10
    [next_status] => 20
    [jd_amount] => 25000
    [jd_interest] => 13.0
    [jd_condition] => 
    [jd_memo] => 자동 가승인
    [rf_first3] => 33000
    [rf_first1] => 
    [rf_first2] => 
)
[MESSAGE] : 


[2024-07-04 10:59:47]
175.121.155.210 : Mozilla/5.0 (Windows NT 10.0; Win64; x64) AppleWebKit/537.36 (KHTML, like Gecko) Chrome/126.0.0.0 Safari/537.36 Edg/126.0.0.0
/home/user/hosting/loan/control/app/new/loan-act.php
[_POST] : 
Array
(
    [w] => pr
    [wr_id] => 49456
    [prev_status] => 20
    [next_status] => 
    [jd_amount] => 
    [jd_interest] => 
    [jd_condition] => 
    [jd_memo] => 자동 가승인
    [rf_first3] => 33000
    [rf_first1] => 
    [rf_first2] => 
)
[MESSAGE] : 


[2024-07-04 11:00:10]
175.121.155.210 : Mozilla/5.0 (Windows NT 10.0; Win64; x64) AppleWebKit/537.36 (KHTML, like Gecko) Chrome/126.0.0.0 Safari/537.36 Edg/126.0.0.0
/home/user/hosting/loan/control/app/new/loan-act.php
[_POST] : 
Array
(
    [w] => pr
    [wr_id] => 49457
    [prev_status] => 1
    [next_status] => 10
    [jd_amount] => 103000
    [jd_interest] => 13~13.5
    [jd_condition] => 
    [jd_memo] => 
    [rf_first3] => 
    [rf_first1] => 
    [rf_first2] => 
)
[MESSAGE] : 


[2024-07-04 11:01:00]
175.121.155.210 : Mozilla/5.0 (Windows NT 10.0; Win64; x64) AppleWebKit/537.36 (KHTML, like Gecko) Chrome/126.0.0.0 Safari/537.36 Edg/126.0.0.0
/home/user/hosting/loan/control/app/new/loan-act.php
[_POST] : 
Array
(
    [w] => pr
    [wr_id] => 49458
    [prev_status] => 1
    [next_status] => 10
    [jd_amount] => 16000
    [jd_interest] => 13.3~13.8
    [jd_condition] => 신탁+근저당권
    [jd_memo] => 
    [rf_first3] => 23000
    [rf_first1] => 
    [rf_first2] => 
)
[MESSAGE] : 


[2024-07-04 11:02:53]
175.121.155.210 : Mozilla/5.0 (Windows NT 10.0; Win64; x64) AppleWebKit/537.36 (KHTML, like Gecko) Chrome/126.0.0.0 Safari/537.36 Edg/126.0.0.0
/home/user/hosting/loan/control/app/new/loan-act.php
[_POST] : 
Array
(
    [w] => pr
    [wr_id] => 49459
    [prev_status] => 1
    [next_status] => 10
    [jd_amount] => 155000
    [jd_interest] => 13.3~13.8
    [jd_condition] => 
    [jd_memo] => 
    [rf_first3] => 209000
    [rf_first1] => 
    [rf_first2] => 
)
[MESSAGE] : 


[2024-07-04 11:32:32]
175.121.155.210 : Mozilla/5.0 (Windows NT 10.0; Win64; x64) AppleWebKit/537.36 (KHTML, like Gecko) Chrome/126.0.0.0 Safari/537.36 Edg/126.0.0.0
/home/user/hosting/loan/control/app/new/loan-act.php
[_POST] : 
Array
(
    [w] => pr
    [wr_id] => 49339
    [prev_status] => 30
    [next_status] => 
    [jd_amount] => 10000
    [jd_interest] => 13.5~14
    [jd_condition] => 본 심사 부결
    [jd_memo] => 시세조사 필수(30/10)
임차인 확인조건
신.조완료(취급가능)/간편심사 진행 예정
    [rf_first3] => 
    [rf_first1] => 
    [rf_first2] => 
)
[MESSAGE] : 


[2024-07-04 11:32:37]
175.121.155.210 : Mozilla/5.0 (Windows NT 10.0; Win64; x64) AppleWebKit/537.36 (KHTML, like Gecko) Chrome/126.0.0.0 Safari/537.36 Edg/126.0.0.0
/home/user/hosting/loan/control/app/new/loan-act.php
[_POST] : 
Array
(
    [w] => pr
    [wr_id] => 49339
    [prev_status] => 30
    [next_status] => 99
    [jd_amount] => 10000
    [jd_interest] => 13.5~14
    [jd_condition] => 본 심사 부결
    [jd_memo] => 시세조사 필수(30/10)
임차인 확인조건
신.조완료(취급가능)/간편심사 진행 예정
    [rf_first3] => 
    [rf_first1] => 
    [rf_first2] => 
)
[MESSAGE] : 


[2024-07-04 11:35:58]
175.121.155.210 : Mozilla/5.0 (Windows NT 10.0; Win64; x64) AppleWebKit/537.36 (KHTML, like Gecko) Chrome/126.0.0.0 Safari/537.36 Edg/126.0.0.0
/home/user/hosting/loan/control/app/new/loan-act.php
[_POST] : 
Array
(
    [w] => pr
    [wr_id] => 49460
    [prev_status] => 1
    [next_status] => 20
    [jd_amount] => 
    [jd_interest] => 
    [jd_condition] => 
    [jd_memo] => 
    [rf_first3] => 40000
    [rf_first1] => 
    [rf_first2] => 
)
[MESSAGE] : 


[2024-07-04 11:36:37]
175.121.155.210 : Mozilla/5.0 (Windows NT 10.0; Win64; x64) AppleWebKit/537.36 (KHTML, like Gecko) Chrome/126.0.0.0 Safari/537.36 Edg/126.0.0.0
/home/user/hosting/loan/control/app/new/loan-act.php
[_POST] : 
Array
(
    [w] => pr
    [wr_id] => 49461
    [prev_status] => 1
    [next_status] => 10
    [jd_amount] => 10000
    [jd_interest] => 13.8~14
    [jd_condition] => 임차인 확인조건
    [jd_memo] => 
    [rf_first3] => 
    [rf_first1] => 
    [rf_first2] => 
)
[MESSAGE] : 


[2024-07-04 11:43:53]
175.121.155.210 : Mozilla/5.0 (Windows NT 10.0; Win64; x64) AppleWebKit/537.36 (KHTML, like Gecko) Chrome/126.0.0.0 Safari/537.36 Edg/126.0.0.0
/home/user/hosting/loan/control/app/new/loan-act.php
[_POST] : 
Array
(
    [w] => pr
    [wr_id] => 49462
    [prev_status] => 1
    [next_status] => 20
    [jd_amount] => 
    [jd_interest] => 
    [jd_condition] => 
    [jd_memo] => 
    [rf_first3] => 30000
    [rf_first1] => 
    [rf_first2] => 
)
[MESSAGE] : 


[2024-07-04 11:44:27]
175.121.155.210 : Mozilla/5.0 (Windows NT 10.0; Win64; x64) AppleWebKit/537.36 (KHTML, like Gecko) Chrome/126.0.0.0 Safari/537.36 Edg/126.0.0.0
/home/user/hosting/loan/control/app/new/loan-act.php
[_POST] : 
Array
(
    [w] => pr
    [wr_id] => 49463
    [prev_status] => 1
    [next_status] => 10
    [jd_amount] => 10000
    [jd_interest] => 13.8~14
    [jd_condition] => 임차인 확인조건
    [jd_memo] => 
    [rf_first3] => 
    [rf_first1] => 
    [rf_first2] => 
)
[MESSAGE] : 


[2024-07-04 11:50:10]
175.121.155.210 : Mozilla/5.0 (Windows NT 10.0; Win64; x64) AppleWebKit/537.36 (KHTML, like Gecko) Chrome/126.0.0.0 Safari/537.36 Edg/126.0.0.0
/home/user/hosting/loan/control/app/new/loan-act.php
[_POST] : 
Array
(
    [w] => pr
    [wr_id] => 49464
    [prev_status] => 1
    [next_status] => 10
    [jd_amount] => 28000
    [jd_interest] => 13~13.5
    [jd_condition] => 신탁+근저당조건 / 근저당만 23000만원
    [jd_memo] => 차순위 입찰가 준용
    [rf_first3] => 35000
    [rf_first1] => 
    [rf_first2] => 
)
[MESSAGE] : 


[2024-07-04 12:04:05]
175.121.155.210 : Mozilla/5.0 (Windows NT 10.0; Win64; x64) AppleWebKit/537.36 (KHTML, like Gecko) Chrome/126.0.0.0 Safari/537.36 Edg/126.0.0.0
/home/user/hosting/loan/control/app/new/loan-act.php
[_POST] : 
Array
(
    [w] => pr
    [wr_id] => 49465
    [prev_status] => 1
    [next_status] => 10
    [jd_amount] => 50000
    [jd_interest] => 13.5~14
    [jd_condition] => 사전협의
    [jd_memo] => 
    [rf_first3] => 600000
    [rf_first1] => 
    [rf_first2] => 
)
[MESSAGE] : 


[2024-07-04 12:09:39]
175.121.155.210 : Mozilla/5.0 (Windows NT 10.0; Win64; x64) AppleWebKit/537.36 (KHTML, like Gecko) Chrome/126.0.0.0 Safari/537.36 Edg/126.0.0.0
/home/user/hosting/loan/control/app/new/loan-act.php
[_POST] : 
Array
(
    [w] => pr
    [wr_id] => 49466
    [prev_status] => 1
    [next_status] => 10
    [jd_amount] => 210000
    [jd_interest] => 13~14
    [jd_condition] => 사전협의/하자동시 지급수당 1.5%
    [jd_memo] => 
    [rf_first3] => 265000
    [rf_first1] => 
    [rf_first2] => 
)
[MESSAGE] : 


[2024-07-04 12:10:53]
175.121.155.210 : Mozilla/5.0 (Windows NT 10.0; Win64; x64) AppleWebKit/537.36 (KHTML, like Gecko) Chrome/126.0.0.0 Safari/537.36 Edg/126.0.0.0
/home/user/hosting/loan/control/app/new/loan-act.php
[_POST] : 
Array
(
    [w] => pr
    [wr_id] => 49467
    [prev_status] => 1
    [next_status] => 10
    [jd_amount] => 16000
    [jd_interest] => 13~13.5
    [jd_condition] => 선순위 조건
    [jd_memo] => 
    [rf_first3] => 25000
    [rf_first1] => 
    [rf_first2] => 
)
[MESSAGE] : 


[2024-07-04 12:11:52]
175.121.155.210 : Mozilla/5.0 (Windows NT 10.0; Win64; x64) AppleWebKit/537.36 (KHTML, like Gecko) Chrome/126.0.0.0 Safari/537.36 Edg/126.0.0.0
/home/user/hosting/loan/control/app/new/loan-act.php
[_POST] : 
Array
(
    [w] => pr
    [wr_id] => 49468
    [prev_status] => 1
    [next_status] => 20
    [jd_amount] => 
    [jd_interest] => 
    [jd_condition] => 
    [jd_memo] => 
    [rf_first3] => 34000
    [rf_first1] => 
    [rf_first2] => 
)
[MESSAGE] : 


[2024-07-04 12:12:00]
175.121.155.210 : Mozilla/5.0 (Windows NT 10.0; Win64; x64) AppleWebKit/537.36 (KHTML, like Gecko) Chrome/126.0.0.0 Safari/537.36 Edg/126.0.0.0
/home/user/hosting/loan/control/app/new/loan-act.php
[_POST] : 
Array
(
    [w] => pr
    [wr_id] => 49469
    [prev_status] => 1
    [next_status] => 20
    [jd_amount] => 
    [jd_interest] => 
    [jd_condition] => 
    [jd_memo] => 
    [rf_first3] => 
    [rf_first1] => 
    [rf_first2] => 
)
[MESSAGE] : 


[2024-07-04 12:15:01]
175.121.155.210 : Mozilla/5.0 (Windows NT 10.0; Win64; x64) AppleWebKit/537.36 (KHTML, like Gecko) Chrome/126.0.0.0 Safari/537.36 Edg/126.0.0.0
/home/user/hosting/loan/control/app/new/loan-act.php
[_POST] : 
Array
(
    [w] => pr
    [wr_id] => 49470
    [prev_status] => 1
    [next_status] => 10
    [jd_amount] => 3000
    [jd_interest] => 13.8~14.3
    [jd_condition] => 
    [jd_memo] => 
    [rf_first3] => 24000
    [rf_first1] => 
    [rf_first2] => 
)
[MESSAGE] : 


[2024-07-04 12:15:36]
175.121.155.210 : Mozilla/5.0 (Windows NT 10.0; Win64; x64) AppleWebKit/537.36 (KHTML, like Gecko) Chrome/126.0.0.0 Safari/537.36 Edg/126.0.0.0
/home/user/hosting/loan/control/app/new/loan-act.php
[_POST] : 
Array
(
    [w] => pr
    [wr_id] => 49471
    [prev_status] => 1
    [next_status] => 10
    [jd_amount] => 16000
    [jd_interest] => 14
    [jd_condition] => 
    [jd_memo] => 
    [rf_first3] => 
    [rf_first1] => 
    [rf_first2] => 
)
[MESSAGE] : 


[2024-07-04 12:17:50]
175.121.155.210 : Mozilla/5.0 (Windows NT 10.0; Win64; x64) AppleWebKit/537.36 (KHTML, like Gecko) Chrome/126.0.0.0 Safari/537.36 Edg/126.0.0.0
/home/user/hosting/loan/control/app/new/loan-act.php
[_POST] : 
Array
(
    [w] => pr
    [wr_id] => 49472
    [prev_status] => 1
    [next_status] => 20
    [jd_amount] => 
    [jd_interest] => 
    [jd_condition] => 
    [jd_memo] => 매입가준용(21.05)
54200
    [rf_first3] => 78000
    [rf_first1] => 
    [rf_first2] => 
)
[MESSAGE] : 


[2024-07-04 12:18:19]
175.121.155.210 : Mozilla/5.0 (Windows NT 10.0; Win64; x64) AppleWebKit/537.36 (KHTML, like Gecko) Chrome/126.0.0.0 Safari/537.36 Edg/126.0.0.0
/home/user/hosting/loan/control/app/new/loan-act.php
[_POST] : 
Array
(
    [w] => pr
    [wr_id] => 49277
    [prev_status] => 30
    [next_status] => 
    [jd_amount] => 41000
    [jd_interest] => 13.5~13.9
    [jd_condition] => 부재중(4)/신.조 미진행
    [jd_memo] => 부재중/안내문자 발송
전화상담중/신.조 예정
    [rf_first3] => 56500
    [rf_first1] => 
    [rf_first2] => 
)
[MESSAGE] : 


[2024-07-04 12:19:00]
175.121.155.210 : Mozilla/5.0 (Windows NT 10.0; Win64; x64) AppleWebKit/537.36 (KHTML, like Gecko) Chrome/126.0.0.0 Safari/537.36 Edg/126.0.0.0
/home/user/hosting/loan/control/app/new/loan-act.php
[_POST] : 
Array
(
    [w] => pr
    [wr_id] => 49473
    [prev_status] => 1
    [next_status] => 10
    [jd_amount] => 20000
    [jd_interest] => 13.5~14
    [jd_condition] => 현장방문 시세조사 필수
    [jd_memo] => 
    [rf_first3] => 
    [rf_first1] => 
    [rf_first2] => 
)
[MESSAGE] : 


[2024-07-04 12:20:22]
175.121.155.210 : Mozilla/5.0 (Windows NT 10.0; Win64; x64) AppleWebKit/537.36 (KHTML, like Gecko) Chrome/126.0.0.0 Safari/537.36 Edg/126.0.0.0
/home/user/hosting/loan/control/app/new/loan-act.php
[_POST] : 
Array
(
    [w] => pr
    [wr_id] => 49474
    [prev_status] => 1
    [next_status] => 10
    [jd_amount] => 32000
    [jd_interest] => 13.3~13.8
    [jd_condition] => 
    [jd_memo] => 
    [rf_first3] => 50000
    [rf_first1] => 
    [rf_first2] => 
)
[MESSAGE] : 


[2024-07-04 12:23:33]
175.121.155.210 : Mozilla/5.0 (Windows NT 10.0; Win64; x64) AppleWebKit/537.36 (KHTML, like Gecko) Chrome/126.0.0.0 Safari/537.36 Edg/126.0.0.0
/home/user/hosting/loan/control/app/new/loan-act.php
[_POST] : 
Array
(
    [w] => pr
    [wr_id] => 49475
    [prev_status] => 10
    [next_status] => 10
    [jd_amount] => 12000
    [jd_interest] => 13.5
    [jd_condition] => 한도수정
    [jd_memo] => 자동 가승인
    [rf_first3] => 30000
    [rf_first1] => 
    [rf_first2] => 
)
[MESSAGE] : 


[2024-07-04 12:47:50]
175.121.155.210 : Mozilla/5.0 (Windows NT 10.0; Win64; x64) AppleWebKit/537.36 (KHTML, like Gecko) Chrome/126.0.0.0 Safari/537.36 Edg/126.0.0.0
/home/user/hosting/loan/control/app/new/loan-act.php
[_POST] : 
Array
(
    [w] => pr
    [wr_id] => 49476
    [prev_status] => 1
    [next_status] => 10
    [jd_amount] => 5000
    [jd_interest] => 13.5~14
    [jd_condition] => 
    [jd_memo] => 
    [rf_first3] => 23000
    [rf_first1] => 
    [rf_first2] => 
)
[MESSAGE] : 


[2024-07-04 12:53:16]
175.121.155.210 : Mozilla/5.0 (Windows NT 10.0; Win64; x64) AppleWebKit/537.36 (KHTML, like Gecko) Chrome/126.0.0.0 Safari/537.36 Edg/126.0.0.0
/home/user/hosting/loan/control/app/new/loan-act.php
[_POST] : 
Array
(
    [w] => pr
    [wr_id] => 49477
    [prev_status] => 1
    [next_status] => 10
    [jd_amount] => 53000
    [jd_interest] => 13.5~14
    [jd_condition] => 
    [jd_memo] => 
    [rf_first3] => 150000
    [rf_first1] => 
    [rf_first2] => 
)
[MESSAGE] : 


[2024-07-04 12:53:32]
175.121.155.210 : Mozilla/5.0 (Windows NT 10.0; Win64; x64) AppleWebKit/537.36 (KHTML, like Gecko) Chrome/126.0.0.0 Safari/537.36 Edg/126.0.0.0
/home/user/hosting/loan/control/app/new/loan-act.php
[_POST] : 
Array
(
    [w] => pr
    [wr_id] => 49477
    [prev_status] => 10
    [next_status] => 
    [jd_amount] => 53000
    [jd_interest] => 13.5~14
    [jd_condition] => 하자 동시 정리시 지급수수료 조정건
    [jd_memo] => 
    [rf_first3] => 150000
    [rf_first1] => 
    [rf_first2] => 
)
[MESSAGE] : 


[2024-07-04 12:55:59]
175.121.155.210 : Mozilla/5.0 (Windows NT 10.0; Win64; x64) AppleWebKit/537.36 (KHTML, like Gecko) Chrome/126.0.0.0 Safari/537.36 Edg/126.0.0.0
/home/user/hosting/loan/control/app/new/loan-act.php
[_POST] : 
Array
(
    [w] => pr
    [wr_id] => 49478
    [prev_status] => 1
    [next_status] => 10
    [jd_amount] => 5000
    [jd_interest] => 13.5~14
    [jd_condition] => 
    [jd_memo] => 
    [rf_first3] => 74800
    [rf_first1] => 
    [rf_first2] => 
)
[MESSAGE] : 


[2024-07-04 12:58:57]
175.121.155.210 : Mozilla/5.0 (Windows NT 10.0; Win64; x64) AppleWebKit/537.36 (KHTML, like Gecko) Chrome/126.0.0.0 Safari/537.36 Edg/126.0.0.0
/home/user/hosting/loan/control/app/new/loan-act.php
[_POST] : 
Array
(
    [w] => pr
    [wr_id] => 49479
    [prev_status] => 1
    [next_status] => 10
    [jd_amount] => 6000
    [jd_interest] => 13.5~14
    [jd_condition] => 
    [jd_memo] => 
    [rf_first3] => 50000
    [rf_first1] => 
    [rf_first2] => 
)
[MESSAGE] : 


[2024-07-04 12:59:20]
175.121.155.210 : Mozilla/5.0 (Windows NT 10.0; Win64; x64) AppleWebKit/537.36 (KHTML, like Gecko) Chrome/126.0.0.0 Safari/537.36 Edg/126.0.0.0
/home/user/hosting/loan/control/app/new/loan-act.php
[_POST] : 
Array
(
    [w] => pr
    [wr_id] => 49480
    [prev_status] => 1
    [next_status] => 20
    [jd_amount] => 
    [jd_interest] => 
    [jd_condition] => 
    [jd_memo] => 
    [rf_first3] => 68000
    [rf_first1] => 
    [rf_first2] => 
)
[MESSAGE] : 


[2024-07-04 13:10:49]
175.121.155.210 : Mozilla/5.0 (Windows NT 10.0; Win64; x64) AppleWebKit/537.36 (KHTML, like Gecko) Chrome/126.0.0.0 Safari/537.36 Edg/126.0.0.0
/home/user/hosting/loan/control/app/new/loan-act.php
[_POST] : 
Array
(
    [w] => u
    [wr_id] => 49481
    [prev_status] => 1
    [wr_ca] => E
    [wr_part] => A
    [wr_subject] => 반상운
    [wr_cont1] => 
    [address1] => 충북 청주시 서원구 사창동 298-30 비동
    [address2] => 
    [address3] => 
    [address_ext] => 
    [wr_m2] => 
    [wr_cont2] => [단독 주택 / 2순위]
반상운 / 610702 (만63세)

충청북도 청주시 서원구 사창동 298-30 비동

* 소유권이전일: 2007년 04월 16일

▶  선순위 
1. 청주상호저축은행 2,100만 (1,830만) / 114.8%
2. 청주상호저축은행 280만 (0만) 
:: 총 합계 2,380만  (1,830만)

* 직장인 / 본인거주
* 상호저축 2건 잔액 1830만
* 후순위 요청
    [wr_amount] => 
    [wr_link1] => 
    [wr_link1_subj] => KB시세조회
    [wr_link2] => 
    [wr_link2_subj] => 
)
[MESSAGE] : 


[2024-07-04 13:10:57]
175.121.155.210 : Mozilla/5.0 (Windows NT 10.0; Win64; x64) AppleWebKit/537.36 (KHTML, like Gecko) Chrome/126.0.0.0 Safari/537.36 Edg/126.0.0.0
/home/user/hosting/loan/control/app/new/loan-act.php
[_POST] : 
Array
(
    [w] => u
    [wr_id] => 49481
    [prev_status] => 1
    [wr_ca] => E
    [wr_part] => A
    [wr_subject] => 반상운
    [wr_cont1] => 
    [address1] => 충북 청주시 서원구 사창동 298-30
    [address2] => 
    [address3] =>  비동
    [address_ext] => 
    [wr_m2] => 
    [wr_cont2] => [단독 주택 / 2순위]
반상운 / 610702 (만63세)

충청북도 청주시 서원구 사창동 298-30 비동

* 소유권이전일: 2007년 04월 16일

▶  선순위 
1. 청주상호저축은행 2,100만 (1,830만) / 114.8%
2. 청주상호저축은행 280만 (0만) 
:: 총 합계 2,380만  (1,830만)

* 직장인 / 본인거주
* 상호저축 2건 잔액 1830만
* 후순위 요청
    [wr_amount] => 
    [wr_link1] => 
    [wr_link1_subj] => KB시세조회
    [wr_link2] => 
    [wr_link2_subj] => 
)
[MESSAGE] : 


[2024-07-04 13:12:08]
175.121.155.210 : Mozilla/5.0 (Windows NT 10.0; Win64; x64) AppleWebKit/537.36 (KHTML, like Gecko) Chrome/126.0.0.0 Safari/537.36 Edg/126.0.0.0
/home/user/hosting/loan/control/app/new/loan-act.php
[_POST] : 
Array
(
    [w] => pr
    [wr_id] => 49481
    [prev_status] => 1
    [next_status] => 20
    [jd_amount] => 
    [jd_interest] => 
    [jd_condition] => 
    [jd_memo] => 
    [rf_first3] => 10000
    [rf_first1] => 
    [rf_first2] => 
)
[MESSAGE] : 


[2024-07-04 13:19:21]
175.121.155.210 : Mozilla/5.0 (Windows NT 10.0; Win64; x64) AppleWebKit/537.36 (KHTML, like Gecko) Chrome/126.0.0.0 Safari/537.36 Edg/126.0.0.0
/home/user/hosting/loan/control/app/new/loan-act.php
[_POST] : 
Array
(
    [w] => pr
    [wr_id] => 49482
    [prev_status] => 1
    [next_status] => 10
    [jd_amount] => 8500
    [jd_interest] => 13.5~14
    [jd_condition] => 선순위 조건 / 전세권 설정 / 후순위 한도 없음
    [jd_memo] => 
    [rf_first3] => 
    [rf_first1] => 
    [rf_first2] => 
)
[MESSAGE] : 


[2024-07-04 13:21:47]
175.121.155.210 : Mozilla/5.0 (Windows NT 10.0; Win64; x64) AppleWebKit/537.36 (KHTML, like Gecko) Chrome/126.0.0.0 Safari/537.36 Edg/126.0.0.0
/home/user/hosting/loan/control/app/new/loan-act.php
[_POST] : 
Array
(
    [w] => pr
    [wr_id] => 49483
    [prev_status] => 1
    [next_status] => 20
    [jd_amount] => 
    [jd_interest] => 
    [jd_condition] => 
    [jd_memo] => 기존 총 한도 6억 제시건
    [rf_first3] => 
    [rf_first1] => 
    [rf_first2] => 
)
[MESSAGE] : 


[2024-07-04 13:25:08]
175.121.155.210 : Mozilla/5.0 (Windows NT 10.0; Win64; x64) AppleWebKit/537.36 (KHTML, like Gecko) Chrome/126.0.0.0 Safari/537.36 Edg/126.0.0.0
/home/user/hosting/loan/control/app/new/loan-act.php
[_POST] : 
Array
(
    [w] => pr
    [wr_id] => 49135
    [prev_status] => 20
    [next_status] => 20
    [jd_amount] => 
    [jd_interest] => 
    [jd_condition] => 
    [jd_memo] => 
    [rf_first3] => 55000
    [rf_first1] => 
    [rf_first2] => 
)
[MESSAGE] : 


[2024-07-04 13:25:26]
175.121.155.210 : Mozilla/5.0 (Windows NT 10.0; Win64; x64) AppleWebKit/537.36 (KHTML, like Gecko) Chrome/126.0.0.0 Safari/537.36 Edg/126.0.0.0
/home/user/hosting/loan/control/app/new/loan-act.php
[_POST] : 
Array
(
    [w] => pr
    [wr_id] => 49485
    [prev_status] => 1
    [next_status] => 20
    [jd_amount] => 
    [jd_interest] => 
    [jd_condition] => 
    [jd_memo] => 
    [rf_first3] => 
    [rf_first1] => 
    [rf_first2] => 
)
[MESSAGE] : 


[2024-07-04 13:38:13]
175.121.155.210 : Mozilla/5.0 (Windows NT 10.0; Win64; x64) AppleWebKit/537.36 (KHTML, like Gecko) Chrome/126.0.0.0 Safari/537.36 Edg/126.0.0.0
/home/user/hosting/loan/control/app/new/loan-act.php
[_POST] : 
Array
(
    [w] => pr
    [wr_id] => 49478
    [prev_status] => 10
    [next_status] => 
    [jd_amount] => 50000
    [jd_interest] => 13.5~14
    [jd_condition] => 
    [jd_memo] => 
    [rf_first3] => 74800
    [rf_first1] => 
    [rf_first2] => 
)
[MESSAGE] : 


[2024-07-04 13:42:57]
175.121.155.210 : Mozilla/5.0 (Windows NT 10.0; Win64; x64) AppleWebKit/537.36 (KHTML, like Gecko) Chrome/126.0.0.0 Safari/537.36 Edg/126.0.0.0
/home/user/hosting/loan/control/app/new/loan-act.php
[_POST] : 
Array
(
    [w] => pr
    [wr_id] => 49486
    [prev_status] => 1
    [next_status] => 10
    [jd_amount] => 22000
    [jd_interest] => 13.3~13.8
    [jd_condition] => 
    [jd_memo] => 
    [rf_first3] => 90000
    [rf_first1] => 
    [rf_first2] => 
)
[MESSAGE] : 


[2024-07-04 13:44:38]
175.121.155.210 : Mozilla/5.0 (Windows NT 10.0; Win64; x64) AppleWebKit/537.36 (KHTML, like Gecko) Chrome/126.0.0.0 Safari/537.36 Edg/126.0.0.0
/home/user/hosting/loan/control/app/new/loan-act.php
[_POST] : 
Array
(
    [w] => pr
    [wr_id] => 49487
    [prev_status] => 10
    [next_status] => 10
    [jd_amount] => 52000
    [jd_interest] => 14~14.5
    [jd_condition] => 거래조건 수정
신탁+근저당권
하자 정리시 지급수수료 조정건
    [jd_memo] => 자동 가승인
    [rf_first3] => 
    [rf_first1] => 
    [rf_first2] => 
)
[MESSAGE] : 


[2024-07-04 14:03:15]
175.121.155.210 : Mozilla/5.0 (Windows NT 10.0; Win64; x64) AppleWebKit/537.36 (KHTML, like Gecko) Chrome/126.0.0.0 Safari/537.36 Edg/126.0.0.0
/home/user/hosting/loan/control/app/new/loan-act.php
[_POST] : 
Array
(
    [w] => pr
    [wr_id] => 49488
    [prev_status] => 1
    [next_status] => 10
    [jd_amount] => 4000
    [jd_interest] => 13.8~14
    [jd_condition] => 
    [jd_memo] => 
    [rf_first3] => 10000
    [rf_first1] => 
    [rf_first2] => 
)
[MESSAGE] : 


[2024-07-04 14:04:16]
175.121.155.210 : Mozilla/5.0 (Windows NT 10.0; Win64; x64) AppleWebKit/537.36 (KHTML, like Gecko) Chrome/126.0.0.0 Safari/537.36 Edg/126.0.0.0
/home/user/hosting/loan/control/app/new/loan-act.php
[_POST] : 
Array
(
    [w] => pr
    [wr_id] => 49489
    [prev_status] => 1
    [next_status] => 20
    [jd_amount] => 
    [jd_interest] => 
    [jd_condition] => 
    [jd_memo] => 
    [rf_first3] => 12000
    [rf_first1] => 
    [rf_first2] => 
)
[MESSAGE] : 


[2024-07-04 14:04:38]
175.121.155.210 : Mozilla/5.0 (Windows NT 10.0; Win64; x64) AppleWebKit/537.36 (KHTML, like Gecko) Chrome/126.0.0.0 Safari/537.36 Edg/126.0.0.0
/home/user/hosting/loan/control/app/new/loan-act.php
[_POST] : 
Array
(
    [w] => pr
    [wr_id] => 49489
    [prev_status] => 20
    [next_status] => 
    [jd_amount] => 
    [jd_interest] => 
    [jd_condition] => 
    [jd_memo] => 
    [rf_first3] => 10000
    [rf_first1] => 
    [rf_first2] => 
)
[MESSAGE] : 


[2024-07-04 14:04:46]
175.121.155.210 : Mozilla/5.0 (Windows NT 10.0; Win64; x64) AppleWebKit/537.36 (KHTML, like Gecko) Chrome/126.0.0.0 Safari/537.36 Edg/126.0.0.0
/home/user/hosting/loan/control/app/new/loan-act.php
[_POST] : 
Array
(
    [w] => pr
    [wr_id] => 49490
    [prev_status] => 1
    [next_status] => 20
    [jd_amount] => 
    [jd_interest] => 
    [jd_condition] => 
    [jd_memo] => 
    [rf_first3] => 
    [rf_first1] => 
    [rf_first2] => 
)
[MESSAGE] : 


[2024-07-04 14:28:04]
175.121.155.210 : Mozilla/5.0 (Windows NT 10.0; Win64; x64) AppleWebKit/537.36 (KHTML, like Gecko) Chrome/126.0.0.0 Safari/537.36 Edg/126.0.0.0
/home/user/hosting/loan/control/app/new/loan-act.php
[_POST] : 
Array
(
    [w] => pr
    [wr_id] => 49457
    [prev_status] => 30
    [next_status] => 
    [jd_amount] => 103000
    [jd_interest] => 13~13.5
    [jd_condition] => 신.조완료(취급가능)/간편심사 진행예정
    [jd_memo] => 
    [rf_first3] => 
    [rf_first1] => 
    [rf_first2] => 
)
[MESSAGE] : 


[2024-07-04 14:31:54]
175.121.155.210 : Mozilla/5.0 (Windows NT 10.0; Win64; x64) AppleWebKit/537.36 (KHTML, like Gecko) Chrome/126.0.0.0 Safari/537.36 Edg/126.0.0.0
/home/user/hosting/loan/control/app/new/loan-act.php
[_POST] : 
Array
(
    [w] => pr
    [wr_id] => 48244
    [prev_status] => 30
    [next_status] => 99
    [jd_amount] => 5000
    [jd_interest] => 13.5~14
    [jd_condition] => 타사 접수로 심사완료건으로 접수 불가합니다
    [jd_memo] => 선순위 감액조건
    [rf_first3] => 28000
    [rf_first1] => 
    [rf_first2] => 
)
[MESSAGE] : 


[2024-07-04 15:19:55]
175.121.155.210 : Mozilla/5.0 (Windows NT 10.0; Win64; x64) AppleWebKit/537.36 (KHTML, like Gecko) Chrome/126.0.0.0 Safari/537.36 Edg/126.0.0.0
/home/user/hosting/loan/control/app/new/loan-act.php
[_POST] : 
Array
(
    [w] => pr
    [wr_id] => 49491
    [prev_status] => 1
    [next_status] => 20
    [jd_amount] => 
    [jd_interest] => 
    [jd_condition] => 사찰 취급불가
    [jd_memo] => 
    [rf_first3] => 
    [rf_first1] => 
    [rf_first2] => 
)
[MESSAGE] : 


[2024-07-04 15:22:22]
175.121.155.210 : Mozilla/5.0 (Windows NT 10.0; Win64; x64) AppleWebKit/537.36 (KHTML, like Gecko) Chrome/126.0.0.0 Safari/537.36 Edg/126.0.0.0
/home/user/hosting/loan/control/app/new/loan-act.php
[_POST] : 
Array
(
    [w] => pr
    [wr_id] => 49492
    [prev_status] => 1
    [next_status] => 10
    [jd_amount] => 5000
    [jd_interest] => 13.5~14
    [jd_condition] => 선순위 감액조건
    [jd_memo] => 
    [rf_first3] => 22000
    [rf_first1] => 
    [rf_first2] => 
)
[MESSAGE] : 


[2024-07-04 15:23:02]
175.121.155.210 : Mozilla/5.0 (Windows NT 10.0; Win64; x64) AppleWebKit/537.36 (KHTML, like Gecko) Chrome/126.0.0.0 Safari/537.36 Edg/126.0.0.0
/home/user/hosting/loan/control/app/new/loan-act.php
[_POST] : 
Array
(
    [w] => pr
    [wr_id] => 49493
    [prev_status] => 1
    [next_status] => 10
    [jd_amount] => 3500
    [jd_interest] => 14~14.2
    [jd_condition] => 무상거주 확인
    [jd_memo] => 
    [rf_first3] => 
    [rf_first1] => 
    [rf_first2] => 
)
[MESSAGE] : 


[2024-07-04 15:23:29]
175.121.155.210 : Mozilla/5.0 (Windows NT 10.0; Win64; x64) AppleWebKit/537.36 (KHTML, like Gecko) Chrome/126.0.0.0 Safari/537.36 Edg/126.0.0.0
/home/user/hosting/loan/control/app/new/loan-act.php
[_POST] : 
Array
(
    [w] => pr
    [wr_id] => 49494
    [prev_status] => 1
    [next_status] => 20
    [jd_amount] => 
    [jd_interest] => 
    [jd_condition] => 
    [jd_memo] => 
    [rf_first3] => 10000
    [rf_first1] => 
    [rf_first2] => 
)
[MESSAGE] : 


[2024-07-04 15:24:46]
175.121.155.210 : Mozilla/5.0 (Windows NT 10.0; Win64; x64) AppleWebKit/537.36 (KHTML, like Gecko) Chrome/126.0.0.0 Safari/537.36 Edg/126.0.0.0
/home/user/hosting/loan/control/app/new/loan-act.php
[_POST] : 
Array
(
    [w] => pr
    [wr_id] => 49495
    [prev_status] => 1
    [next_status] => 10
    [jd_amount] => 12000
    [jd_interest] => 13.3~13.8
    [jd_condition] => 
    [jd_memo] => 
    [rf_first3] => 34000
    [rf_first1] => 
    [rf_first2] => 
)
[MESSAGE] : 


[2024-07-04 15:26:05]
175.121.155.210 : Mozilla/5.0 (Windows NT 10.0; Win64; x64) AppleWebKit/537.36 (KHTML, like Gecko) Chrome/126.0.0.0 Safari/537.36 Edg/126.0.0.0
/home/user/hosting/loan/control/app/new/loan-act.php
[_POST] : 
Array
(
    [w] => pr
    [wr_id] => 49496
    [prev_status] => 1
    [next_status] => 20
    [jd_amount] => 
    [jd_interest] => 
    [jd_condition] => 
    [jd_memo] => 
    [rf_first3] => 
    [rf_first1] => 
    [rf_first2] => 
)
[MESSAGE] : 


[2024-07-04 15:31:29]
175.121.155.210 : Mozilla/5.0 (Windows NT 10.0; Win64; x64) AppleWebKit/537.36 (KHTML, like Gecko) Chrome/126.0.0.0 Safari/537.36 Edg/126.0.0.0
/home/user/hosting/loan/control/app/new/loan-act.php
[_POST] : 
Array
(
    [w] => pr
    [wr_id] => 49497
    [prev_status] => 1
    [next_status] => 10
    [jd_amount] => 3000
    [jd_interest] => 13.8~14.3
    [jd_condition] => 선순위 감액조건(24백만원*120%) / 하자동시 지급수당 1.2%
    [jd_memo] => 
    [rf_first3] => 13000
    [rf_first1] => 
    [rf_first2] => 
)
[MESSAGE] : 


[2024-07-04 15:32:55]
175.121.155.210 : Mozilla/5.0 (Windows NT 10.0; Win64; x64) AppleWebKit/537.36 (KHTML, like Gecko) Chrome/126.0.0.0 Safari/537.36 Edg/126.0.0.0
/home/user/hosting/loan/control/app/new/loan-act.php
[_POST] : 
Array
(
    [w] => pr
    [wr_id] => 49498
    [prev_status] => 1
    [next_status] => 10
    [jd_amount] => 26000
    [jd_interest] => 13.3~13.8
    [jd_condition] => 
    [jd_memo] => 
    [rf_first3] => 
    [rf_first1] => 
    [rf_first2] => 
)
[MESSAGE] : 


[2024-07-04 15:34:14]
175.121.155.210 : Mozilla/5.0 (Windows NT 10.0; Win64; x64) AppleWebKit/537.36 (KHTML, like Gecko) Chrome/126.0.0.0 Safari/537.36 Edg/126.0.0.0
/home/user/hosting/loan/control/app/new/loan-act.php
[_POST] : 
Array
(
    [w] => pr
    [wr_id] => 49499
    [prev_status] => 1
    [next_status] => 20
    [jd_amount] => 
    [jd_interest] => 
    [jd_condition] => 
    [jd_memo] => 
    [rf_first3] => 37500
    [rf_first1] => 
    [rf_first2] => 
)
[MESSAGE] : 


[2024-07-04 15:37:50]
175.121.155.210 : Mozilla/5.0 (Windows NT 10.0; Win64; x64) AppleWebKit/537.36 (KHTML, like Gecko) Chrome/126.0.0.0 Safari/537.36 Edg/126.0.0.0
/home/user/hosting/loan/control/app/new/loan-act.php
[_POST] : 
Array
(
    [w] => pr
    [wr_id] => 49500
    [prev_status] => 1
    [next_status] => 20
    [jd_amount] => 
    [jd_interest] => 
    [jd_condition] => 
    [jd_memo] => 
    [rf_first3] => 
    [rf_first1] => 
    [rf_first2] => 
)
[MESSAGE] : 


[2024-07-04 15:38:41]
175.121.155.210 : Mozilla/5.0 (Windows NT 10.0; Win64; x64) AppleWebKit/537.36 (KHTML, like Gecko) Chrome/126.0.0.0 Safari/537.36 Edg/126.0.0.0
/home/user/hosting/loan/control/app/new/loan-act.php
[_POST] : 
Array
(
    [w] => pr
    [wr_id] => 49501
    [prev_status] => 1
    [next_status] => 20
    [jd_amount] => 
    [jd_interest] => 
    [jd_condition] => 
    [jd_memo] => 
    [rf_first3] => 23000
    [rf_first1] => 
    [rf_first2] => 
)
[MESSAGE] : 


[2024-07-04 15:40:05]
175.121.155.210 : Mozilla/5.0 (Windows NT 10.0; Win64; x64) AppleWebKit/537.36 (KHTML, like Gecko) Chrome/126.0.0.0 Safari/537.36 Edg/126.0.0.0
/home/user/hosting/loan/control/app/new/loan-act.php
[_POST] : 
Array
(
    [w] => pr
    [wr_id] => 49502
    [prev_status] => 1
    [next_status] => 10
    [jd_amount] => 43000
    [jd_interest] => 13.2~13.7
    [jd_condition] => 2순위조건/가등기 선말소 조건
    [jd_memo] => 
    [rf_first3] => 65000
    [rf_first1] => 
    [rf_first2] => 
)
[MESSAGE] : 


[2024-07-04 15:54:27]
175.121.155.210 : Mozilla/5.0 (Windows NT 10.0; Win64; x64) AppleWebKit/537.36 (KHTML, like Gecko) Chrome/126.0.0.0 Safari/537.36 Edg/126.0.0.0
/home/user/hosting/loan/control/app/new/loan-act.php
[_POST] : 
Array
(
    [w] => pr
    [wr_id] => 49503
    [prev_status] => 1
    [next_status] => 20
    [jd_amount] => 
    [jd_interest] => 
    [jd_condition] => 
    [jd_memo] => 
    [rf_first3] => 20000
    [rf_first1] => 
    [rf_first2] => 
)
[MESSAGE] : 


[2024-07-04 15:57:03]
175.121.155.210 : Mozilla/5.0 (Windows NT 10.0; Win64; x64) AppleWebKit/537.36 (KHTML, like Gecko) Chrome/126.0.0.0 Safari/537.36 Edg/126.0.0.0
/home/user/hosting/loan/control/app/new/loan-act.php
[_POST] : 
Array
(
    [w] => pr
    [wr_id] => 49504
    [prev_status] => 1
    [next_status] => 10
    [jd_amount] => 23000
    [jd_interest] => 13~13.5
    [jd_condition] => 신탁+근저당조건 / 근저당만 18000만원
    [jd_memo] => 
    [rf_first3] => 28000
    [rf_first1] => 
    [rf_first2] => 
)
[MESSAGE] : 


[2024-07-04 15:59:55]
175.121.155.210 : Mozilla/5.0 (Windows NT 10.0; Win64; x64) AppleWebKit/537.36 (KHTML, like Gecko) Chrome/126.0.0.0 Safari/537.36 Edg/126.0.0.0
/home/user/hosting/loan/control/app/new/loan-act.php
[_POST] : 
Array
(
    [w] => pr
    [wr_id] => 49505
    [prev_status] => 1
    [next_status] => 10
    [jd_amount] => 3000
    [jd_interest] => 13.8~14
    [jd_condition] => 
    [jd_memo] => 선순위 감액 감안하여 한도 부여
    [rf_first3] => 23000
    [rf_first1] => 
    [rf_first2] => 
)
[MESSAGE] : 


[2024-07-04 16:01:14]
175.121.155.210 : Mozilla/5.0 (Windows NT 10.0; Win64; x64) AppleWebKit/537.36 (KHTML, like Gecko) Chrome/126.0.0.0 Safari/537.36 Edg/126.0.0.0
/home/user/hosting/loan/control/app/new/loan-act.php
[_POST] : 
Array
(
    [w] => pr
    [wr_id] => 49506
    [prev_status] => 1
    [next_status] => 10
    [jd_amount] => 3000
    [jd_interest] => 13.5~14
    [jd_condition] => 전세권설정
    [jd_memo] => 
    [rf_first3] => 10000
    [rf_first1] => 
    [rf_first2] => 
)
[MESSAGE] : 


[2024-07-04 16:04:24]
175.121.155.210 : Mozilla/5.0 (Windows NT 10.0; Win64; x64) AppleWebKit/537.36 (KHTML, like Gecko) Chrome/126.0.0.0 Safari/537.36 Edg/126.0.0.0
/home/user/hosting/loan/control/app/new/loan-act.php
[_POST] : 
Array
(
    [w] => pr
    [wr_id] => 49507
    [prev_status] => 1
    [next_status] => 10
    [jd_amount] => 4000
    [jd_interest] => 13.5~14
    [jd_condition] => 
    [jd_memo] => 7260
    [rf_first3] => 
    [rf_first1] => 
    [rf_first2] => 
)
[MESSAGE] : 


[2024-07-04 16:06:45]
175.121.155.210 : Mozilla/5.0 (Windows NT 10.0; Win64; x64) AppleWebKit/537.36 (KHTML, like Gecko) Chrome/126.0.0.0 Safari/537.36 Edg/126.0.0.0
/home/user/hosting/loan/control/app/new/loan-act.php
[_POST] : 
Array
(
    [w] => pr
    [wr_id] => 49508
    [prev_status] => 1
    [next_status] => 10
    [jd_amount] => 24000
    [jd_interest] => 13.3~13.8
    [jd_condition] => 신탁+근저당조건/근저당만 18000만원
    [jd_memo] => 
    [rf_first3] => 30000
    [rf_first1] => 
    [rf_first2] => 
)
[MESSAGE] : 


[2024-07-04 16:10:12]
175.121.155.210 : Mozilla/5.0 (Windows NT 10.0; Win64; x64) AppleWebKit/537.36 (KHTML, like Gecko) Chrome/126.0.0.0 Safari/537.36 Edg/126.0.0.0
/home/user/hosting/loan/control/app/new/loan-act.php
[_POST] : 
Array
(
    [w] => pr
    [wr_id] => 49509
    [prev_status] => 1
    [next_status] => 10
    [jd_amount] => 30000
    [jd_interest] => 13.5~14.3
    [jd_condition] => 선순위 감액조건/현장시세조사 필수
    [jd_memo] => 
    [rf_first3] => 100000
    [rf_first1] => 
    [rf_first2] => 
)
[MESSAGE] : 


[2024-07-04 16:20:53]
175.121.155.210 : Mozilla/5.0 (Windows NT 10.0; Win64; x64) AppleWebKit/537.36 (KHTML, like Gecko) Chrome/126.0.0.0 Safari/537.36 Edg/126.0.0.0
/home/user/hosting/loan/control/app/new/loan-act.php
[_POST] : 
Array
(
    [w] => u
    [wr_id] => 49511
    [prev_status] => 1
    [wr_ca] => A
    [wr_part] => A
    [wr_subject] => 전시원/아파트/후순위추가
    [wr_cont1] => 프리랜서현금수령
    [address1] => 경북 구미시 봉곡동 764
    [address2] => e편한세상 봉곡
    [address3] => 111-804
    [address_ext] => 1254/20
    [wr_m2] => 76.69
    [wr_cont2] => * 전체지분

* 기대출
1. 기업은행 원금 15,000/16,940

KB시세 : 21,500/23,000/24,000
    [wr_amount] => 2순위 최대한도 요청
    [wr_link1] => 
    [wr_link1_subj] => KB시세조회
    [wr_link2] => 
    [wr_link2_subj] => 
)
[MESSAGE] : 


[2024-07-04 16:22:06]
175.121.155.210 : Mozilla/5.0 (Windows NT 10.0; Win64; x64) AppleWebKit/537.36 (KHTML, like Gecko) Chrome/126.0.0.0 Safari/537.36 Edg/126.0.0.0
/home/user/hosting/loan/control/app/new/loan-act.php
[_POST] : 
Array
(
    [w] => pr
    [wr_id] => 49511
    [prev_status] => 1
    [next_status] => 20
    [jd_amount] => 
    [jd_interest] => 
    [jd_condition] => 
    [jd_memo] => 선순위 동일차주
    [rf_first3] => 
    [rf_first1] => 
    [rf_first2] => 
)
[MESSAGE] : 


[2024-07-04 16:25:25]
175.121.155.210 : Mozilla/5.0 (Windows NT 10.0; Win64; x64) AppleWebKit/537.36 (KHTML, like Gecko) Chrome/126.0.0.0 Safari/537.36 Edg/126.0.0.0
/home/user/hosting/loan/control/app/new/loan-act.php
[_POST] : 
Array
(
    [w] => pr
    [wr_id] => 49512
    [prev_status] => 1
    [next_status] => 20
    [jd_amount] => 
    [jd_interest] => 
    [jd_condition] => 
    [jd_memo] => 
    [rf_first3] => 30000
    [rf_first1] => 
    [rf_first2] => 
)
[MESSAGE] : 


[2024-07-04 16:27:18]
175.121.155.210 : Mozilla/5.0 (Windows NT 10.0; Win64; x64) AppleWebKit/537.36 (KHTML, like Gecko) Chrome/126.0.0.0 Safari/537.36 Edg/126.0.0.0
/home/user/hosting/loan/control/app/new/loan-act.php
[_POST] : 
Array
(
    [w] => pr
    [wr_id] => 49513
    [prev_status] => 1
    [next_status] => 10
    [jd_amount] => 19000
    [jd_interest] => 13~13.5
    [jd_condition] => 
    [jd_memo] => 
    [rf_first3] => 30000
    [rf_first1] => 
    [rf_first2] => 
)
[MESSAGE] : 


[2024-07-04 16:27:28]
175.121.155.210 : Mozilla/5.0 (Windows NT 10.0; Win64; x64) AppleWebKit/537.36 (KHTML, like Gecko) Chrome/126.0.0.0 Safari/537.36 Edg/126.0.0.0
/home/user/hosting/loan/control/app/new/loan-act.php
[_POST] : 
Array
(
    [w] => u
    [wr_id] => 49514
    [prev_status] => 1
    [wr_ca] => A
    [wr_part] => P
    [wr_subject] => 전 / 김경숙
    [wr_cont1] => 
    [address1] => 강원 춘천시 칠전동 529-2
    [address2] => 춘천칠전 사랑으로부영
    [address3] => 제104동 제2층 제201호
    [address_ext] => 369
    [wr_m2] => 59.93
    [wr_cont2] => * 지분(50%)

* 기대출 금액
1 / 애정캐피탈대부  / 7,500만원(동일차주)
* 기대출 총액 : 7,500만원

[집합건물] 강원특별자치도 춘천시 칠전동 529-2 춘천칠전사랑으로부영아파트 제104동 제2층 제201호

갑구/김경수
공유자 전명수 1/2 - 미동의

근저당
애정캐피탈대부 5250 / 3500
애정캐피탈대부 2250 / 1500

아파트369세대
88m²/59.93m²
1억 8,000
’24.06.28
상위평균가1억 8,500
하위평균가1억 7,250
    [wr_amount] => 
    [wr_link1] => 
    [wr_link1_subj] => KB시세조회
    [wr_link2] => 
    [wr_link2_subj] => 
)
[MESSAGE] : 


[2024-07-04 16:31:16]
175.121.155.210 : Mozilla/5.0 (Windows NT 10.0; Win64; x64) AppleWebKit/537.36 (KHTML, like Gecko) Chrome/126.0.0.0 Safari/537.36 Edg/126.0.0.0
/home/user/hosting/loan/control/app/new/loan-act.php
[_POST] : 
Array
(
    [w] => pr
    [wr_id] => 49514
    [prev_status] => 1
    [next_status] => 10
    [jd_amount] => 5500
    [jd_interest] => 13.3~13.8
    [jd_condition] => 
    [jd_memo] => 
    [rf_first3] => 16000
    [rf_first1] => 
    [rf_first2] => 
)
[MESSAGE] : 


[2024-07-04 16:32:00]
175.121.155.210 : Mozilla/5.0 (Windows NT 10.0; Win64; x64) AppleWebKit/537.36 (KHTML, like Gecko) Chrome/126.0.0.0 Safari/537.36 Edg/126.0.0.0
/home/user/hosting/loan/control/app/new/loan-act.php
[_POST] : 
Array
(
    [w] => pr
    [wr_id] => 49516
    [prev_status] => 1
    [next_status] => 20
    [jd_amount] => 
    [jd_interest] => 
    [jd_condition] => 
    [jd_memo] => 
    [rf_first3] => 38000
    [rf_first1] => 
    [rf_first2] => 
)
[MESSAGE] : 


[2024-07-04 16:32:19]
175.121.155.210 : Mozilla/5.0 (Windows NT 10.0; Win64; x64) AppleWebKit/537.36 (KHTML, like Gecko) Chrome/126.0.0.0 Safari/537.36 Edg/126.0.0.0
/home/user/hosting/loan/control/app/new/loan-act.php
[_POST] : 
Array
(
    [w] => u
    [wr_id] => 49517
    [prev_status] => 1
    [wr_ca] => A
    [wr_part] => A
    [wr_subject] => 권기훈/오피스텔/1순위대환
    [wr_cont1] => 4대 직장인
    [address1] => 부산 사하구 하단동 511-24
    [address2] => 하단지음주상복합
    [address3] => 1203호
    [address_ext] => 50/15
    [wr_m2] => 57.62
    [wr_cont2] => * 전체지분

* 기대출
1. 화이트대부 10,000만 

KB시세 : 미등재 / 부동산시세 2.5억
* 특이사항 : 본인거주중
    [wr_amount] => 1순위 14,000만 희망
    [wr_link1] => 
    [wr_link1_subj] => KB시세조회
    [wr_link2] => 
    [wr_link2_subj] => 
)
[MESSAGE] : 


[2024-07-04 16:35:29]
175.121.155.210 : Mozilla/5.0 (Windows NT 10.0; Win64; x64) AppleWebKit/537.36 (KHTML, like Gecko) Chrome/126.0.0.0 Safari/537.36 Edg/126.0.0.0
/home/user/hosting/loan/control/app/new/loan-act.php
[_POST] : 
Array
(
    [w] => pr
    [wr_id] => 49517
    [prev_status] => 1
    [next_status] => 10
    [jd_amount] => 10000
    [jd_interest] => 13.5~13.8
    [jd_condition] => 
    [jd_memo] => 
    [rf_first3] => 16000
    [rf_first1] => 
    [rf_first2] => 
)
[MESSAGE] : 


[2024-07-04 17:02:40]
175.121.155.210 : Mozilla/5.0 (Windows NT 10.0; Win64; x64) AppleWebKit/537.36 (KHTML, like Gecko) Chrome/126.0.0.0 Safari/537.36 Edg/126.0.0.0
/home/user/hosting/loan/control/app/new/loan-act.php
[_POST] : 
Array
(
    [w] => pr
    [wr_id] => 49448
    [prev_status] => 10
    [next_status] => 
    [jd_amount] => 11000
    [jd_interest] => 13.5~13.8
    [jd_condition] => 2순위 지분한도/3순위 9000만원(모집 실패 가능성 높음)
    [jd_memo] => 자동 가승인
11520
    [rf_first3] => 60000
    [rf_first1] => 
    [rf_first2] => 
)
[MESSAGE] : 


[2024-07-04 17:04:21]
175.121.155.210 : Mozilla/5.0 (Windows NT 10.0; Win64; x64) AppleWebKit/537.36 (KHTML, like Gecko) Chrome/126.0.0.0 Safari/537.36 Edg/126.0.0.0
/home/user/hosting/loan/control/app/new/loan-act.php
[_POST] : 
Array
(
    [w] => pr
    [wr_id] => 49518
    [prev_status] => 1
    [next_status] => 10
    [jd_amount] => 13500
    [jd_interest] => 13.3~13.8
    [jd_condition] => 박재실 지분 선순위 조건
    [jd_memo] => 
    [rf_first3] => 40000
    [rf_first1] => 
    [rf_first2] => 
)
[MESSAGE] : 


[2024-07-04 17:05:19]
175.121.155.210 : Mozilla/5.0 (Windows NT 10.0; Win64; x64) AppleWebKit/537.36 (KHTML, like Gecko) Chrome/126.0.0.0 Safari/537.36 Edg/126.0.0.0
/home/user/hosting/loan/control/app/new/loan-act.php
[_POST] : 
Array
(
    [w] => pr
    [wr_id] => 49519
    [prev_status] => 1
    [next_status] => 20
    [jd_amount] => 
    [jd_interest] => 
    [jd_condition] => 공부상 사무소로 취급불가
    [jd_memo] => 
    [rf_first3] => 
    [rf_first1] => 
    [rf_first2] => 
)
[MESSAGE] : 


[2024-07-04 17:06:14]
175.121.155.210 : Mozilla/5.0 (Windows NT 10.0; Win64; x64) AppleWebKit/537.36 (KHTML, like Gecko) Chrome/126.0.0.0 Safari/537.36 Edg/126.0.0.0
/home/user/hosting/loan/control/app/new/loan-act.php
[_POST] : 
Array
(
    [w] => pr
    [wr_id] => 49520
    [prev_status] => 1
    [next_status] => 10
    [jd_amount] => 8000
    [jd_interest] => 13.5~14
    [jd_condition] => 
    [jd_memo] => 
    [rf_first3] => 34000
    [rf_first1] => 
    [rf_first2] => 
)
[MESSAGE] : 


[2024-07-04 17:08:00]
175.121.155.210 : Mozilla/5.0 (Windows NT 10.0; Win64; x64) AppleWebKit/537.36 (KHTML, like Gecko) Chrome/126.0.0.0 Safari/537.36 Edg/126.0.0.0
/home/user/hosting/loan/control/app/new/loan-act.php
[_POST] : 
Array
(
    [w] => pr
    [wr_id] => 47974
    [prev_status] => 30
    [next_status] => 99
    [jd_amount] => 12000
    [jd_interest] => 13.5~14
    [jd_condition] => 본인 취소
    [jd_memo] => 선순위조건/하자동시 지급수당 조정건
7000만원 / 14.5% / 3.85% / 8개월로 심사완료 / 자서서류 문자발송
    [rf_first3] => 25000
    [rf_first1] => 
    [rf_first2] => 
)
[MESSAGE] : 


[2024-07-04 17:10:28]
175.121.155.210 : Mozilla/5.0 (Windows NT 10.0; Win64; x64) AppleWebKit/537.36 (KHTML, like Gecko) Chrome/126.0.0.0 Safari/537.36 Edg/126.0.0.0
/home/user/hosting/loan/control/app/new/loan-act.php
[_POST] : 
Array
(
    [w] => pr
    [wr_id] => 49521
    [prev_status] => 1
    [next_status] => 20
    [jd_amount] => 
    [jd_interest] => 
    [jd_condition] => 
    [jd_memo] => 
    [rf_first3] => 35000
    [rf_first1] => 
    [rf_first2] => 
)
[MESSAGE] : 


[2024-07-04 17:10:44]
175.121.155.210 : Mozilla/5.0 (Windows NT 10.0; Win64; x64) AppleWebKit/537.36 (KHTML, like Gecko) Chrome/126.0.0.0 Safari/537.36 Edg/126.0.0.0
/home/user/hosting/loan/control/app/new/loan-act.php
[_POST] : 
Array
(
    [w] => pr
    [wr_id] => 49522
    [prev_status] => 1
    [next_status] => 90
    [jd_amount] => 
    [jd_interest] => 
    [jd_condition] => 
    [jd_memo] => 
    [rf_first3] => 
    [rf_first1] => 
    [rf_first2] => 
)
[MESSAGE] : 


[2024-07-04 17:12:54]
175.121.155.210 : Mozilla/5.0 (Windows NT 10.0; Win64; x64) AppleWebKit/537.36 (KHTML, like Gecko) Chrome/126.0.0.0 Safari/537.36 Edg/126.0.0.0
/home/user/hosting/loan/control/app/new/loan-act.php
[_POST] : 
Array
(
    [w] => pr
    [wr_id] => 49523
    [prev_status] => 1
    [next_status] => 10
    [jd_amount] => 17000
    [jd_interest] => 13.2~13.7
    [jd_condition] => 
    [jd_memo] => 
    [rf_first3] => 30000
    [rf_first1] => 
    [rf_first2] => 
)
[MESSAGE] : 


[2024-07-04 17:14:39]
175.121.155.210 : Mozilla/5.0 (Windows NT 10.0; Win64; x64) AppleWebKit/537.36 (KHTML, like Gecko) Chrome/126.0.0.0 Safari/537.36 Edg/126.0.0.0
/home/user/hosting/loan/control/app/new/loan-act.php
[_POST] : 
Array
(
    [w] => pr
    [wr_id] => 49448
    [prev_status] => 10
    [next_status] => 
    [jd_amount] => 11000
    [jd_interest] => 13.5~13.8
    [jd_condition] => 2순위 지분한도 / 3순위 지분한도 9000만원(모집 실패 가능성 높음) / 3순위 전체지분 16000만원(13.3~13.8)
    [jd_memo] => 자동 가승인
11520
    [rf_first3] => 60000
    [rf_first1] => 
    [rf_first2] => 
)
[MESSAGE] : 


[2024-07-04 17:15:44]
175.121.155.210 : Mozilla/5.0 (Windows NT 10.0; Win64; x64) AppleWebKit/537.36 (KHTML, like Gecko) Chrome/126.0.0.0 Safari/537.36 Edg/126.0.0.0
/home/user/hosting/loan/control/app/new/loan-act.php
[_POST] : 
Array
(
    [w] => pr
    [wr_id] => 49524
    [prev_status] => 1
    [next_status] => 20
    [jd_amount] => 
    [jd_interest] => 
    [jd_condition] => 
    [jd_memo] => 
    [rf_first3] => 
    [rf_first1] => 
    [rf_first2] => 
)
[MESSAGE] : 


[2024-07-04 17:19:39]
175.121.155.210 : Mozilla/5.0 (Windows NT 10.0; Win64; x64) AppleWebKit/537.36 (KHTML, like Gecko) Chrome/126.0.0.0 Safari/537.36 Edg/126.0.0.0
/home/user/hosting/loan/control/app/new/loan-act.php
[_POST] : 
Array
(
    [w] => pr
    [wr_id] => 49525
    [prev_status] => 1
    [next_status] => 10
    [jd_amount] => 6500
    [jd_interest] => 13.5~14
    [jd_condition] => 
    [jd_memo] => 
    [rf_first3] => 13000
    [rf_first1] => 
    [rf_first2] => 
)
[MESSAGE] : 


[2024-07-04 17:20:59]
175.121.155.210 : Mozilla/5.0 (Windows NT 10.0; Win64; x64) AppleWebKit/537.36 (KHTML, like Gecko) Chrome/126.0.0.0 Safari/537.36 Edg/126.0.0.0
/home/user/hosting/loan/control/app/new/loan-act.php
[_POST] : 
Array
(
    [w] => pr
    [wr_id] => 49526
    [prev_status] => 1
    [next_status] => 20
    [jd_amount] => 
    [jd_interest] => 
    [jd_condition] => 
    [jd_memo] => 
    [rf_first3] => 60000
    [rf_first1] => 
    [rf_first2] => 
)
[MESSAGE] : 


[2024-07-04 17:21:34]
175.121.155.210 : Mozilla/5.0 (Windows NT 10.0; Win64; x64) AppleWebKit/537.36 (KHTML, like Gecko) Chrome/126.0.0.0 Safari/537.36 Edg/126.0.0.0
/home/user/hosting/loan/control/app/new/loan-act.php
[_POST] : 
Array
(
    [w] => pr
    [wr_id] => 49527
    [prev_status] => 1
    [next_status] => 20
    [jd_amount] => 
    [jd_interest] => 
    [jd_condition] => 
    [jd_memo] => 
    [rf_first3] => 12000
    [rf_first1] => 
    [rf_first2] => 
)
[MESSAGE] : 


[2024-07-04 17:22:49]
175.121.155.210 : Mozilla/5.0 (Windows NT 10.0; Win64; x64) AppleWebKit/537.36 (KHTML, like Gecko) Chrome/126.0.0.0 Safari/537.36 Edg/126.0.0.0
/home/user/hosting/loan/control/app/new/loan-act.php
[_POST] : 
Array
(
    [w] => pr
    [wr_id] => 49528
    [prev_status] => 1
    [next_status] => 20
    [jd_amount] => 
    [jd_interest] => 
    [jd_condition] => 
    [jd_memo] => 
    [rf_first3] => 23000
    [rf_first1] => 
    [rf_first2] => 
)
[MESSAGE] : 


[2024-07-04 17:25:22]
175.121.155.210 : Mozilla/5.0 (Windows NT 10.0; Win64; x64) AppleWebKit/537.36 (KHTML, like Gecko) Chrome/126.0.0.0 Safari/537.36 Edg/126.0.0.0
/home/user/hosting/loan/control/app/new/loan-act.php
[_POST] : 
Array
(
    [w] => pr
    [wr_id] => 49529
    [prev_status] => 1
    [next_status] => 10
    [jd_amount] => 6000
    [jd_interest] => 13.5~14
    [jd_condition] => 
    [jd_memo] => 
    [rf_first3] => 32000
    [rf_first1] => 
    [rf_first2] => 
)
[MESSAGE] : 


[2024-07-04 17:25:34]
175.121.155.210 : Mozilla/5.0 (Windows NT 10.0; Win64; x64) AppleWebKit/537.36 (KHTML, like Gecko) Chrome/126.0.0.0 Safari/537.36 Edg/126.0.0.0
/home/user/hosting/loan/control/app/new/loan-act.php
[_POST] : 
Array
(
    [w] => pr
    [wr_id] => 49530
    [prev_status] => 1
    [next_status] => 10
    [jd_amount] => 6500
    [jd_interest] => 13.5~14
    [jd_condition] => 
    [jd_memo] => 
    [rf_first3] => 32000
    [rf_first1] => 
    [rf_first2] => 
)
[MESSAGE] : 


[2024-07-04 17:26:21]
175.121.155.210 : Mozilla/5.0 (Windows NT 10.0; Win64; x64) AppleWebKit/537.36 (KHTML, like Gecko) Chrome/126.0.0.0 Safari/537.36 Edg/126.0.0.0
/home/user/hosting/loan/control/app/new/loan-act.php
[_POST] : 
Array
(
    [w] => pr
    [wr_id] => 49317
    [prev_status] => 10
    [next_status] => 
    [jd_amount] => 6000
    [jd_interest] => 14.5~15
    [jd_condition] => 현장방문 시세조사 필수
하자 정리시 지급수수료 조정건
오종호 지분대출 4000만원
    [jd_memo] => 
    [rf_first3] => 
    [rf_first1] => 
    [rf_first2] => 
)
[MESSAGE] : 


[2024-07-04 17:30:47]
175.121.155.210 : Mozilla/5.0 (Windows NT 10.0; Win64; x64) AppleWebKit/537.36 (KHTML, like Gecko) Chrome/126.0.0.0 Safari/537.36 Edg/126.0.0.0
/home/user/hosting/loan/control/app/new/loan-act.php
[_POST] : 
Array
(
    [w] => pr
    [wr_id] => 49531
    [prev_status] => 1
    [next_status] => 20
    [jd_amount] => 
    [jd_interest] => 
    [jd_condition] => 
    [jd_memo] => 
    [rf_first3] => 170000
    [rf_first1] => 
    [rf_first2] => 
)
[MESSAGE] : 


[2024-07-04 17:36:30]
175.121.155.210 : Mozilla/5.0 (Windows NT 10.0; Win64; x64) AppleWebKit/537.36 (KHTML, like Gecko) Chrome/126.0.0.0 Safari/537.36 Edg/126.0.0.0
/home/user/hosting/loan/control/app/new/loan-act.php
[_POST] : 
Array
(
    [w] => u
    [wr_id] => 49532
    [prev_status] => 1
    [wr_ca] => A
    [wr_part] => A
    [wr_subject] => 제 / 이창열
    [wr_cont1] => 
    [address1] => 인천 미추홀구 용현동 627-12
    [address2] => 용현오션뷰경남아너스빌
    [address3] => 제202동 제16층 제1601호
    [address_ext] => 303
    [wr_m2] => 59.8
    [wr_cont2] => * 전체지분

* 세입자 거주 / 보증금 : 17,000만원

* 기대출 금액
1 / 하나로대부 / 5,200만원(동일차주)
* 기대출 총액 : 5,200만원

이창열
주소 : 인천광역시 미추홀구 용현동 701 용현오션뷰경남아너스빌 제202동 제16층 제1601호
37/16층, 59.80㎡, 303세대

* 기대출
1. 전세세입자 17,000만 (동의)
2. 하나로대부 5,200만 

KB시세 : 미등재/ 실거래 31,000

* 소득증빙가능여부 : 직장인
* 요청금액 : 2순위 최대요청
* 특이사항 :
    [wr_amount] => 
    [wr_link1] => 
    [wr_link1_subj] => KB시세조회
    [wr_link2] => 
    [wr_link2_subj] => 
)
[MESSAGE] : 


[2024-07-04 17:37:26]
175.121.155.210 : Mozilla/5.0 (Windows NT 10.0; Win64; x64) AppleWebKit/537.36 (KHTML, like Gecko) Chrome/126.0.0.0 Safari/537.36 Edg/126.0.0.0
/home/user/hosting/loan/control/app/new/loan-act.php
[_POST] : 
Array
(
    [w] => pr
    [wr_id] => 49532
    [prev_status] => 1
    [next_status] => 20
    [jd_amount] => 
    [jd_interest] => 
    [jd_condition] => 
    [jd_memo] => 
    [rf_first3] => 
    [rf_first1] => 
    [rf_first2] => 
)
[MESSAGE] : 


[2024-07-04 17:46:03]
175.121.155.210 : Mozilla/5.0 (Windows NT 10.0; Win64; x64) AppleWebKit/537.36 (KHTML, like Gecko) Chrome/126.0.0.0 Safari/537.36 Edg/126.0.0.0
/home/user/hosting/loan/control/app/new/loan-act.php
[_POST] : 
Array
(
    [w] => pr
    [wr_id] => 49383
    [prev_status] => 30
    [next_status] => 99
    [jd_amount] => 35000
    [jd_interest] => 14.5~15
    [jd_condition] => 종중 소유 부동산 취급불가
    [jd_memo] => 낙상리 산118 490백만원
           119          5백만원
           120        20백만원
            233       25백만원
            236       65백만원
            238        45백만원
            243         15백만원
            244          35백만원  
압류 198만원 자력해지 가능하다고 함
현장방문 시세조사 필수
    [rf_first3] => 70000
    [rf_first1] => 
    [rf_first2] => 
)
[MESSAGE] : 


[2024-07-04 17:49:58]
175.121.155.210 : Mozilla/5.0 (Windows NT 10.0; Win64; x64) AppleWebKit/537.36 (KHTML, like Gecko) Chrome/126.0.0.0 Safari/537.36 Edg/126.0.0.0
/home/user/hosting/loan/control/app/new/loan-act.php
[_POST] : 
Array
(
    [w] => pr
    [wr_id] => 49533
    [prev_status] => 1
    [next_status] => 20
    [jd_amount] => 
    [jd_interest] => 
    [jd_condition] => 
    [jd_memo] => 
    [rf_first3] => 17000
    [rf_first1] => 
    [rf_first2] => 
)
[MESSAGE] : 


[2024-07-04 17:50:24]
175.121.155.210 : Mozilla/5.0 (Windows NT 10.0; Win64; x64) AppleWebKit/537.36 (KHTML, like Gecko) Chrome/126.0.0.0 Safari/537.36 Edg/126.0.0.0
/home/user/hosting/loan/control/app/new/loan-act.php
[_POST] : 
Array
(
    [w] => u
    [wr_id] => 49535
    [prev_status] => 1
    [wr_ca] => E
    [wr_part] => A
    [wr_subject] => 조현정
    [wr_cont1] => 
    [address1] => 경기 성남시 분당구 정자동 162-2
    [address2] => 
    [address3] =>  정자동3차푸르지오시티 제씨동 제25층 제2513호
    [address_ext] => 
    [wr_m2] => 29.44
    [wr_cont2] => [오피스텔 / 1순위]
조현정 / 750114 (만49세)

경기도 성남시 분당구 정자동 162-2 정자동3차푸르지오시티 제씨동 제25층 제2513호
전용 29.44 ㎡ / 1590세대 / 34층 중 25층

▶ KB 하 32,250만 / 일 34,000만 (일)
* 실거래: 30,500만(23.11.06)
* 대지권: 있음
* 소유권이전일: 2018년 04월 03일(매매)

▶  대환/말소대상
1. 김정숙 0만 (0만) > 가압류/외숙모가 설정
2. 온금희 0만 (0만) > 근저당/어머니가 설정
:: 총 합계 0만  (0만)

* 직장인 연6천(사업자 있음,매출O)
* 여기는 본인 작업장으로 사용중이라 서류상 공실
* 가압류+근저당은 다음주에 말소된다고 함 > 말소후 진행 - 선순위 최대한도 요청

KB시세 조회 주소: https://kbland.kr/c/26848
    [wr_amount] => 
    [wr_link1] => 
    [wr_link1_subj] => KB시세조회
    [wr_link2] => 
    [wr_link2_subj] => 
)
[MESSAGE] : 


[2024-07-04 17:51:16]
175.121.155.210 : Mozilla/5.0 (Windows NT 10.0; Win64; x64) AppleWebKit/537.36 (KHTML, like Gecko) Chrome/126.0.0.0 Safari/537.36 Edg/126.0.0.0
/home/user/hosting/loan/control/app/new/loan-act.php
[_POST] : 
Array
(
    [w] => pr
    [wr_id] => 49534
    [prev_status] => 1
    [next_status] => 10
    [jd_amount] => 10000
    [jd_interest] => 13.3~13.7
    [jd_condition] => 신탁+근저당권
    [jd_memo] => 
    [rf_first3] => 
    [rf_first1] => 
    [rf_first2] => 
)
[MESSAGE] : 


[2024-07-04 17:53:02]
175.121.155.210 : Mozilla/5.0 (Windows NT 10.0; Win64; x64) AppleWebKit/537.36 (KHTML, like Gecko) Chrome/126.0.0.0 Safari/537.36 Edg/126.0.0.0
/home/user/hosting/loan/control/app/new/loan-act.php
[_POST] : 
Array
(
    [w] => u
    [wr_id] => 49529
    [prev_status] => 10
    [wr_ca] => A
    [wr_part] => A
    [wr_subject] => 이창열/아파트/2순위대환
    [wr_cont1] => 직장인
    [address1] => 인천 미추홀구 용현동 627-12
    [address2] =>  (용현동, 용현오션뷰경남아너스빌아파트)
    [address3] => 용현오션뷰경남아너스빌 제202동 제16층 제1601호
    [address_ext] => 303/37
    [wr_m2] => 59.80
    [wr_cont2] => * 기대출
1. 전세세입자 17,000만 (동의)
2. 하나로대부 5,200만 

KB시세 : 미등재/ 실거래 31,000
    [wr_amount] => 2순위 최대한도 요청
    [wr_link1] => 
    [wr_link1_subj] => KB시세조회
    [wr_link2] => 
    [wr_link2_subj] => 
)
[MESSAGE] : 


[2024-07-04 17:55:33]
175.121.155.210 : Mozilla/5.0 (Windows NT 10.0; Win64; x64) AppleWebKit/537.36 (KHTML, like Gecko) Chrome/126.0.0.0 Safari/537.36 Edg/126.0.0.0
/home/user/hosting/loan/control/app/new/loan-act.php
[_POST] : 
Array
(
    [w] => pr
    [wr_id] => 49535
    [prev_status] => 1
    [next_status] => 10
    [jd_amount] => 21000
    [jd_interest] => 13.3~13.8
    [jd_condition] => 신탁+근저당조건 / 근저당만 17000만원(전세권설정)
    [jd_memo] => 
    [rf_first3] => 29000
    [rf_first1] => 
    [rf_first2] => 
)
[MESSAGE] : 


[2024-07-04 18:58:43]
175.121.155.210 : Mozilla/5.0 (Windows NT 10.0; Win64; x64) AppleWebKit/537.36 (KHTML, like Gecko) Chrome/126.0.0.0 Safari/537.36 Edg/126.0.0.0
/home/user/hosting/loan/control/app/new/loan-act.php
[_POST] : 
Array
(
    [w] => pr
    [wr_id] => 49536
    [prev_status] => 10
    [next_status] => 
    [jd_amount] => 14000
    [jd_interest] => 13.5
    [jd_condition] => 하자말소 동시진행 지급수당 1.5%
    [jd_memo] => 자동 가승인
    [rf_first3] => 
    [rf_first1] => 
    [rf_first2] => 
)
[MESSAGE] : 


[2024-07-04 19:11:13]
175.121.155.210 : Mozilla/5.0 (Windows NT 10.0; Win64; x64) AppleWebKit/537.36 (KHTML, like Gecko) Chrome/126.0.0.0 Safari/537.36 Edg/126.0.0.0
/home/user/hosting/loan/control/app/new/loan-act.php
[_POST] : 
Array
(
    [w] => pr
    [wr_id] => 49536
    [prev_status] => 10
    [next_status] => 
    [jd_amount] => 14000
    [jd_interest] => 13.5
    [jd_condition] => 권빈 지분 한도 / 하자말소 동시진행 지급수당 1.5% / 전체 지분 한도 34000만원(13~13.5)

    [jd_memo] => 자동 가승인
    [rf_first3] => 
    [rf_first1] => 
    [rf_first2] => 
)
[MESSAGE] : 


[2024-07-04 19:15:43]
175.121.155.210 : Mozilla/5.0 (Windows NT 10.0; Win64; x64) AppleWebKit/537.36 (KHTML, like Gecko) Chrome/126.0.0.0 Safari/537.36 Edg/126.0.0.0
/home/user/hosting/loan/control/app/new/loan-act.php
[_POST] : 
Array
(
    [w] => pr
    [wr_id] => 49537
    [prev_status] => 1
    [next_status] => 10
    [jd_amount] => 68000
    [jd_interest] => 13.2~13.7
    [jd_condition] => 신탁+근저당조건 / 근저당만 63000만원 / 후순위 한도 없음
    [jd_memo] => 
    [rf_first3] => 80000
    [rf_first1] => 
    [rf_first2] => 
)
[MESSAGE] : 

