
[2024-07-05 09:44:43]
175.121.155.210 : Mozilla/5.0 (Windows NT 10.0; Win64; x64) AppleWebKit/537.36 (KHTML, like Gecko) Chrome/126.0.0.0 Safari/537.36 Edg/126.0.0.0
/home/user/hosting/loan/control/app/new/loan-act.php
[_POST] : 
Array
(
    [w] => pr
    [wr_id] => 49304
    [prev_status] => 30
    [next_status] => 99
    [jd_amount] => 6000
    [jd_interest] => 14~14.5
    [jd_condition] => 본인 취소(보이스피싱 관련)
    [jd_memo] => 현장방문 시세조사 필수(50/20)
신.조완료(취급가능)/간편심사 진행예정

6000만원 / 14.5% / 3.85% / 12개월로 심사완료 / 자서서류 문자발송
    [rf_first3] => 35000
    [rf_first1] => 
    [rf_first2] => 
)
[MESSAGE] : 


[2024-07-05 09:48:09]
175.121.155.210 : Mozilla/5.0 (Windows NT 10.0; Win64; x64) AppleWebKit/537.36 (KHTML, like Gecko) Chrome/126.0.0.0 Safari/537.36 Edg/126.0.0.0
/home/user/hosting/loan/control/app/new/loan-act.php
[_POST] : 
Array
(
    [w] => pr
    [wr_id] => 49538
    [prev_status] => 1
    [next_status] => 10
    [jd_amount] => 34000
    [jd_interest] => 13~13.5
    [jd_condition] => 2순위 조건 / 하자동시 지급수당 1.5%
    [jd_memo] => 
    [rf_first3] => 
    [rf_first1] => 
    [rf_first2] => 
)
[MESSAGE] : 


[2024-07-05 09:48:33]
175.121.155.210 : Mozilla/5.0 (Windows NT 10.0; Win64; x64) AppleWebKit/537.36 (KHTML, like Gecko) Chrome/126.0.0.0 Safari/537.36 Edg/126.0.0.0
/home/user/hosting/loan/control/app/new/loan-act.php
[_POST] : 
Array
(
    [w] => u
    [wr_id] => 49539
    [prev_status] => 1
    [wr_ca] => A
    [wr_part] => A
    [wr_subject] => 김규민,백기현/아파트/후순위추가
    [wr_cont1] => 실사업자
    [address1] => 부산 해운대구 중동 1818
    [address2] => 해운대힐스테이트위브
    [address3] => 203-2303
    [address_ext] => 2369세대
    [wr_m2] => 105.88
    [wr_cont2] => * 전체지분

기대출: 부산은행 설정61160 / 원금55600 감액등기가능

시세: kb미등재 / 최근실거래가 75000만
    [wr_amount] => 후순위 최대한도 요청
    [wr_link1] => 
    [wr_link1_subj] => KB시세조회
    [wr_link2] => 
    [wr_link2_subj] => 
)
[MESSAGE] : 


[2024-07-05 09:51:41]
175.121.155.210 : Mozilla/5.0 (Windows NT 10.0; Win64; x64) AppleWebKit/537.36 (KHTML, like Gecko) Chrome/126.0.0.0 Safari/537.36 Edg/126.0.0.0
/home/user/hosting/loan/control/app/new/loan-act.php
[_POST] : 
Array
(
    [w] => pr
    [wr_id] => 49539
    [prev_status] => 1
    [next_status] => 20
    [jd_amount] => 
    [jd_interest] => 
    [jd_condition] => 
    [jd_memo] => 
    [rf_first3] => 75000
    [rf_first1] => 
    [rf_first2] => 
)
[MESSAGE] : 


[2024-07-05 10:01:11]
175.121.155.210 : Mozilla/5.0 (Windows NT 10.0; Win64; x64) AppleWebKit/537.36 (KHTML, like Gecko) Chrome/126.0.0.0 Safari/537.36 Edg/126.0.0.0
/home/user/hosting/loan/control/app/new/loan-act.php
[_POST] : 
Array
(
    [w] => pr
    [wr_id] => 49540
    [prev_status] => 1
    [next_status] => 10
    [jd_amount] => 36000
    [jd_interest] => 13~13.5
    [jd_condition] => 
    [jd_memo] => 
    [rf_first3] => 54000
    [rf_first1] => 
    [rf_first2] => 
)
[MESSAGE] : 


[2024-07-05 10:08:58]
175.121.155.210 : Mozilla/5.0 (Windows NT 10.0; Win64; x64) AppleWebKit/537.36 (KHTML, like Gecko) Chrome/126.0.0.0 Safari/537.36 Edg/126.0.0.0
/home/user/hosting/loan/control/app/new/loan-act.php
[_POST] : 
Array
(
    [w] => pr
    [wr_id] => 49541
    [prev_status] => 1
    [next_status] => 10
    [jd_amount] => 3000
    [jd_interest] => 13.8~14
    [jd_condition] => 전세권설정/사전협의
    [jd_memo] => 
    [rf_first3] => 65000
    [rf_first1] => 
    [rf_first2] => 
)
[MESSAGE] : 


[2024-07-05 10:11:46]
175.121.155.210 : Mozilla/5.0 (Windows NT 10.0; Win64; x64) AppleWebKit/537.36 (KHTML, like Gecko) Chrome/126.0.0.0 Safari/537.36 Edg/126.0.0.0
/home/user/hosting/loan/control/app/new/loan-act.php
[_POST] : 
Array
(
    [w] => pr
    [wr_id] => 49542
    [prev_status] => 1
    [next_status] => 20
    [jd_amount] => 
    [jd_interest] => 
    [jd_condition] => 
    [jd_memo] => 
    [rf_first3] => 90000
    [rf_first1] => 
    [rf_first2] => 
)
[MESSAGE] : 


[2024-07-05 10:11:54]
175.121.155.210 : Mozilla/5.0 (Windows NT 10.0; Win64; x64) AppleWebKit/537.36 (KHTML, like Gecko) Chrome/126.0.0.0 Safari/537.36 Edg/126.0.0.0
/home/user/hosting/loan/control/app/new/loan-act.php
[_POST] : 
Array
(
    [w] => u
    [wr_id] => 49543
    [prev_status] => 10
    [wr_ca] => A
    [wr_part] => A
    [wr_subject] => 피 / 양동현
    [wr_cont1] => 
    [address1] => 부산 연제구 거제동 898-1
    [address2] => 월드마크아시아드
    [address3] => 제101동 제31층 제3105호
    [address_ext] => 
    [wr_m2] => 125.8
    [wr_cont2] => * 전체지분

* 기대출 금액
1 / 전북은행 / 28,600만원(동일차주)
* 기대출 총액 : 28,600만원

양동현 
본인 목사 소득증빙 어려움
배우자 임대사업자

세금 동시납부목적

대부한도요청드립니다
6억이상필요 케이비 124000후순위요  은행 24000
    [wr_amount] => 
    [wr_link1] => 
    [wr_link1_subj] => KB시세조회
    [wr_link2] => 
    [wr_link2_subj] => 
)
[MESSAGE] : 


[2024-07-05 10:18:10]
175.121.155.210 : Mozilla/5.0 (Windows NT 10.0; Win64; x64) AppleWebKit/537.36 (KHTML, like Gecko) Chrome/126.0.0.0 Safari/537.36 Edg/126.0.0.0
/home/user/hosting/loan/control/app/new/loan-act.php
[_POST] : 
Array
(
    [w] => pr
    [wr_id] => 49544
    [prev_status] => 1
    [next_status] => 20
    [jd_amount] => 
    [jd_interest] => 
    [jd_condition] => 
    [jd_memo] => 
    [rf_first3] => 150000
    [rf_first1] => 
    [rf_first2] => 
)
[MESSAGE] : 


[2024-07-05 11:24:53]
175.121.155.210 : Mozilla/5.0 (Windows NT 10.0; Win64; x64) AppleWebKit/537.36 (KHTML, like Gecko) Chrome/126.0.0.0 Safari/537.36 Edg/126.0.0.0
/home/user/hosting/loan/control/app/new/loan-act.php
[_POST] : 
Array
(
    [w] => pr
    [wr_id] => 49545
    [prev_status] => 1
    [next_status] => 10
    [jd_amount] => 13000
    [jd_interest] => 14~14.5
    [jd_condition] => 현장시세조사
    [jd_memo] => 
    [rf_first3] => 30000
    [rf_first1] => 
    [rf_first2] => 
)
[MESSAGE] : 


[2024-07-05 11:32:57]
175.121.155.210 : Mozilla/5.0 (Windows NT 10.0; Win64; x64) AppleWebKit/537.36 (KHTML, like Gecko) Chrome/126.0.0.0 Safari/537.36 Edg/126.0.0.0
/home/user/hosting/loan/control/app/new/loan-act.php
[_POST] : 
Array
(
    [w] => pr
    [wr_id] => 49562
    [prev_status] => 1
    [next_status] => 10
    [jd_amount] => 5000
    [jd_interest] => 14
    [jd_condition] => 현장시세조사
    [jd_memo] => 
    [rf_first3] => 
    [rf_first1] => 
    [rf_first2] => 
)
[MESSAGE] : 


[2024-07-05 11:33:56]
175.121.155.210 : Mozilla/5.0 (Windows NT 10.0; Win64; x64) AppleWebKit/537.36 (KHTML, like Gecko) Chrome/126.0.0.0 Safari/537.36 Edg/126.0.0.0
/home/user/hosting/loan/control/app/new/loan-act.php
[_POST] : 
Array
(
    [w] => pr
    [wr_id] => 49563
    [prev_status] => 1
    [next_status] => 10
    [jd_amount] => 26000
    [jd_interest] => 13.3~13.8
    [jd_condition] => 
    [jd_memo] => 
    [rf_first3] => 
    [rf_first1] => 
    [rf_first2] => 
)
[MESSAGE] : 


[2024-07-05 11:35:05]
175.121.155.210 : Mozilla/5.0 (Windows NT 10.0; Win64; x64) AppleWebKit/537.36 (KHTML, like Gecko) Chrome/126.0.0.0 Safari/537.36 Edg/126.0.0.0
/home/user/hosting/loan/control/app/new/loan-act.php
[_POST] : 
Array
(
    [w] => pr
    [wr_id] => 49546
    [prev_status] => 1
    [next_status] => 20
    [jd_amount] => 
    [jd_interest] => 
    [jd_condition] => 
    [jd_memo] => 
    [rf_first3] => 40000
    [rf_first1] => 
    [rf_first2] => 
)
[MESSAGE] : 


[2024-07-05 11:36:10]
175.121.155.210 : Mozilla/5.0 (Windows NT 10.0; Win64; x64) AppleWebKit/537.36 (KHTML, like Gecko) Chrome/126.0.0.0 Safari/537.36 Edg/126.0.0.0
/home/user/hosting/loan/control/app/new/loan-act.php
[_POST] : 
Array
(
    [w] => pr
    [wr_id] => 49547
    [prev_status] => 1
    [next_status] => 10
    [jd_amount] => 9000
    [jd_interest] => 13.8~14.3
    [jd_condition] => 사전협의
    [jd_memo] => 
    [rf_first3] => 
    [rf_first1] => 
    [rf_first2] => 
)
[MESSAGE] : 


[2024-07-05 11:37:40]
175.121.155.210 : Mozilla/5.0 (Windows NT 10.0; Win64; x64) AppleWebKit/537.36 (KHTML, like Gecko) Chrome/126.0.0.0 Safari/537.36 Edg/126.0.0.0
/home/user/hosting/loan/control/app/new/loan-act.php
[_POST] : 
Array
(
    [w] => u
    [wr_id] => 49507
    [prev_status] => 10
    [wr_ca] => A
    [wr_part] => P
    [wr_subject] => 전 / 이현창
    [wr_cont1] => 
    [address1] => 광주 서구 금호동 785
    [address2] => 송촌파인힐
    [address3] => 제102동 제2층 제205호
    [address_ext] => 
    [wr_m2] => 84.75
    [wr_cont2] => * 전체지분

* 기대출 금액
1 / 광주은행 / 14,520만원(동일차주)
* 기대출 총액 : 14,520만원

[집합건물] 광주광역시 서구 금호동 785 마재마을송촌파인힐아파트 제102동 제2층 제205호

갑구/이현창
공유자 양선희  1/2 - 미동의

근저당
광주은행14520 / 13200

105m²/84.75m²
2억 8,000
’24.06.28
상위평균가3억 250
하위평균가2억 6,000
    [wr_amount] => 
    [wr_link1] => 
    [wr_link1_subj] => KB시세조회
    [wr_link2] => 
    [wr_link2_subj] => 
)
[MESSAGE] : 


[2024-07-05 11:37:48]
175.121.155.210 : Mozilla/5.0 (Windows NT 10.0; Win64; x64) AppleWebKit/537.36 (KHTML, like Gecko) Chrome/126.0.0.0 Safari/537.36 Edg/126.0.0.0
/home/user/hosting/loan/control/app/new/loan-act.php
[_POST] : 
Array
(
    [w] => u
    [wr_id] => 49370
    [prev_status] => 10
    [wr_ca] => A
    [wr_part] => P
    [wr_subject] => 제 / 이현창
    [wr_cont1] => 
    [address1] => 광주 서구 금호동 785
    [address2] => 송촌파인힐
    [address3] => 102동 205호
    [address_ext] => 
    [wr_m2] => 84.75
    [wr_cont2] => * 지분(50%)

* 기대출 금액
* 기대출 총액 : 0만원

이현창 양선희 사업자 부부 

주소 : 광주 서구 금호동 785 102동 205호 
면적 : 84.75 아파트 438세대 2001.04 준공 
시세 : 26,000 28,000 30,250 

광주은행 14,520 ( 12,100 ) 

이현창 지분요청건
후순위 지분 한도 부탁드립니다.
    [wr_amount] => 
    [wr_link1] => 
    [wr_link1_subj] => KB시세조회
    [wr_link2] => 
    [wr_link2_subj] => 
)
[MESSAGE] : 


[2024-07-05 11:42:52]
175.121.155.210 : Mozilla/5.0 (Windows NT 10.0; Win64; x64) AppleWebKit/537.36 (KHTML, like Gecko) Chrome/126.0.0.0 Safari/537.36 Edg/126.0.0.0
/home/user/hosting/loan/control/app/new/loan-act.php
[_POST] : 
Array
(
    [w] => pr
    [wr_id] => 49565
    [prev_status] => 1
    [next_status] => 10
    [jd_amount] => 4000
    [jd_interest] => 13.5~14
    [jd_condition] => 
    [jd_memo] => 
    [rf_first3] => 
    [rf_first1] => 
    [rf_first2] => 
)
[MESSAGE] : 


[2024-07-05 11:43:39]
175.121.155.210 : Mozilla/5.0 (Windows NT 10.0; Win64; x64) AppleWebKit/537.36 (KHTML, like Gecko) Chrome/126.0.0.0 Safari/537.36 Edg/126.0.0.0
/home/user/hosting/loan/control/app/new/loan-act.php
[_POST] : 
Array
(
    [w] => pr
    [wr_id] => 49548
    [prev_status] => 1
    [next_status] => 10
    [jd_amount] => 13000
    [jd_interest] => 14~14.5
    [jd_condition] => 현장시세조사
    [jd_memo] => 
    [rf_first3] => 
    [rf_first1] => 
    [rf_first2] => 
)
[MESSAGE] : 


[2024-07-05 11:44:03]
175.121.155.210 : Mozilla/5.0 (Windows NT 10.0; Win64; x64) AppleWebKit/537.36 (KHTML, like Gecko) Chrome/126.0.0.0 Safari/537.36 Edg/126.0.0.0
/home/user/hosting/loan/control/app/new/loan-act.php
[_POST] : 
Array
(
    [w] => pr
    [wr_id] => 49549
    [prev_status] => 1
    [next_status] => 10
    [jd_amount] => 9000
    [jd_interest] => 13.8~14.3
    [jd_condition] => 사전협의
    [jd_memo] => 
    [rf_first3] => 
    [rf_first1] => 
    [rf_first2] => 
)
[MESSAGE] : 


[2024-07-05 11:45:54]
175.121.155.210 : Mozilla/5.0 (Windows NT 10.0; Win64; x64) AppleWebKit/537.36 (KHTML, like Gecko) Chrome/126.0.0.0 Safari/537.36 Edg/126.0.0.0
/home/user/hosting/loan/control/app/new/loan-act.php
[_POST] : 
Array
(
    [w] => pr
    [wr_id] => 49550
    [prev_status] => 1
    [next_status] => 10
    [jd_amount] => 68000
    [jd_interest] => 13.2~13.7
    [jd_condition] => 신탁+근저당조건 / 근저당만 63000만원 / 후순위 한도 없음
    [jd_memo] => 
    [rf_first3] => 
    [rf_first1] => 
    [rf_first2] => 
)
[MESSAGE] : 


[2024-07-05 11:49:09]
175.121.155.210 : Mozilla/5.0 (Windows NT 10.0; Win64; x64) AppleWebKit/537.36 (KHTML, like Gecko) Chrome/126.0.0.0 Safari/537.36 Edg/126.0.0.0
/home/user/hosting/loan/control/app/new/loan-act.php
[_POST] : 
Array
(
    [w] => pr
    [wr_id] => 49551
    [prev_status] => 1
    [next_status] => 10
    [jd_amount] => 30000
    [jd_interest] => 13.3~13.5
    [jd_condition] => 1순위 조건
    [jd_memo] => 
    [rf_first3] => 40000
    [rf_first1] => 
    [rf_first2] => 
)
[MESSAGE] : 


[2024-07-05 11:50:15]
175.121.155.210 : Mozilla/5.0 (Windows NT 10.0; Win64; x64) AppleWebKit/537.36 (KHTML, like Gecko) Chrome/126.0.0.0 Safari/537.36 Edg/126.0.0.0
/home/user/hosting/loan/control/app/new/loan-act.php
[_POST] : 
Array
(
    [w] => pr
    [wr_id] => 49552
    [prev_status] => 1
    [next_status] => 20
    [jd_amount] => 
    [jd_interest] => 
    [jd_condition] => 
    [jd_memo] => 
    [rf_first3] => 38000
    [rf_first1] => 
    [rf_first2] => 
)
[MESSAGE] : 


[2024-07-05 11:51:18]
175.121.155.210 : Mozilla/5.0 (Windows NT 10.0; Win64; x64) AppleWebKit/537.36 (KHTML, like Gecko) Chrome/126.0.0.0 Safari/537.36 Edg/126.0.0.0
/home/user/hosting/loan/control/app/new/loan-act.php
[_POST] : 
Array
(
    [w] => pr
    [wr_id] => 49553
    [prev_status] => 1
    [next_status] => 20
    [jd_amount] => 
    [jd_interest] => 
    [jd_condition] => 
    [jd_memo] => 
    [rf_first3] => 29000
    [rf_first1] => 
    [rf_first2] => 
)
[MESSAGE] : 


[2024-07-05 11:51:39]
175.121.155.210 : Mozilla/5.0 (Windows NT 10.0; Win64; x64) AppleWebKit/537.36 (KHTML, like Gecko) Chrome/126.0.0.0 Safari/537.36 Edg/126.0.0.0
/home/user/hosting/loan/control/app/new/loan-act.php
[_POST] : 
Array
(
    [w] => u
    [wr_id] => 49528
    [prev_status] => 20
    [wr_ca] => A
    [wr_part] => A
    [wr_subject] => 장인환/아파트/후순위추가
    [wr_cont1] => 직장인/실거주
    [address1] => 전남 무안군 삼향읍 남악리 2601
    [address2] => 제일풍경채리버파크
    [address3] => 104-1105
    [address_ext] => 538세대
    [wr_m2] => 84.72
    [wr_cont2] => * 전체지분

시세 23750/26000

신한 17600 (16000) 감액조건
    [wr_amount] => 후순위 최대한도 요청
    [wr_link1] => 
    [wr_link1_subj] => KB시세조회
    [wr_link2] => 
    [wr_link2_subj] => 
)
[MESSAGE] : 


[2024-07-05 11:52:17]
175.121.155.210 : Mozilla/5.0 (Windows NT 10.0; Win64; x64) AppleWebKit/537.36 (KHTML, like Gecko) Chrome/126.0.0.0 Safari/537.36 Edg/126.0.0.0
/home/user/hosting/loan/control/app/new/loan-act.php
[_POST] : 
Array
(
    [w] => pr
    [wr_id] => 49554
    [prev_status] => 1
    [next_status] => 20
    [jd_amount] => 
    [jd_interest] => 
    [jd_condition] => 
    [jd_memo] => 
    [rf_first3] => 
    [rf_first1] => 
    [rf_first2] => 
)
[MESSAGE] : 


[2024-07-05 11:53:11]
175.121.155.210 : Mozilla/5.0 (Windows NT 10.0; Win64; x64) AppleWebKit/537.36 (KHTML, like Gecko) Chrome/126.0.0.0 Safari/537.36 Edg/126.0.0.0
/home/user/hosting/loan/control/app/new/loan-act.php
[_POST] : 
Array
(
    [w] => pr
    [wr_id] => 49555
    [prev_status] => 1
    [next_status] => 10
    [jd_amount] => 13000
    [jd_interest] => 13.3~13.8
    [jd_condition] => 임대차 확인서 징구
    [jd_memo] => 
    [rf_first3] => 63000
    [rf_first1] => 
    [rf_first2] => 
)
[MESSAGE] : 


[2024-07-05 11:54:49]
175.121.155.210 : Mozilla/5.0 (Windows NT 10.0; Win64; x64) AppleWebKit/537.36 (KHTML, like Gecko) Chrome/126.0.0.0 Safari/537.36 Edg/126.0.0.0
/home/user/hosting/loan/control/app/new/loan-act.php
[_POST] : 
Array
(
    [w] => pr
    [wr_id] => 49556
    [prev_status] => 1
    [next_status] => 20
    [jd_amount] => 
    [jd_interest] => 
    [jd_condition] => 
    [jd_memo] => 
    [rf_first3] => 20000
    [rf_first1] => 
    [rf_first2] => 
)
[MESSAGE] : 


[2024-07-05 11:55:39]
175.121.155.210 : Mozilla/5.0 (Windows NT 10.0; Win64; x64) AppleWebKit/537.36 (KHTML, like Gecko) Chrome/126.0.0.0 Safari/537.36 Edg/126.0.0.0
/home/user/hosting/loan/control/app/new/loan-act.php
[_POST] : 
Array
(
    [w] => pr
    [wr_id] => 49557
    [prev_status] => 1
    [next_status] => 10
    [jd_amount] => 3500
    [jd_interest] => 13.5~14
    [jd_condition] => 1순위 조건
    [jd_memo] => 
    [rf_first3] => 12000
    [rf_first1] => 
    [rf_first2] => 
)
[MESSAGE] : 


[2024-07-05 11:55:49]
175.121.155.210 : Mozilla/5.0 (Windows NT 10.0; Win64; x64) AppleWebKit/537.36 (KHTML, like Gecko) Chrome/126.0.0.0 Safari/537.36 Edg/126.0.0.0
/home/user/hosting/loan/control/app/new/loan-act.php
[_POST] : 
Array
(
    [w] => pr
    [wr_id] => 49558
    [prev_status] => 1
    [next_status] => 20
    [jd_amount] => 
    [jd_interest] => 
    [jd_condition] => 
    [jd_memo] => 
    [rf_first3] => 
    [rf_first1] => 
    [rf_first2] => 
)
[MESSAGE] : 


[2024-07-05 11:55:58]
175.121.155.210 : Mozilla/5.0 (Windows NT 10.0; Win64; x64) AppleWebKit/537.36 (KHTML, like Gecko) Chrome/126.0.0.0 Safari/537.36 Edg/126.0.0.0
/home/user/hosting/loan/control/app/new/loan-act.php
[_POST] : 
Array
(
    [w] => pr
    [wr_id] => 49559
    [prev_status] => 1
    [next_status] => 20
    [jd_amount] => 
    [jd_interest] => 
    [jd_condition] => 
    [jd_memo] => 
    [rf_first3] => 
    [rf_first1] => 
    [rf_first2] => 
)
[MESSAGE] : 


[2024-07-05 11:56:08]
175.121.155.210 : Mozilla/5.0 (Windows NT 10.0; Win64; x64) AppleWebKit/537.36 (KHTML, like Gecko) Chrome/126.0.0.0 Safari/537.36 Edg/126.0.0.0
/home/user/hosting/loan/control/app/new/loan-act.php
[_POST] : 
Array
(
    [w] => u
    [wr_id] => 49560
    [prev_status] => 10
    [wr_ca] => A
    [wr_part] => A
    [wr_subject] => 오순란/아파트/전퇴자금 선순위대환
    [wr_cont1] => 무직, 배우자 연금소득 2천
    [address1] => 경북 포항시 북구 장성동 1490-8
    [address2] => 장성 삼도 뷰엔빌W
    [address3] => 101-1302
    [address_ext] => 502세대
    [wr_m2] => 110.72
    [wr_cont2] => * 전체지분

 전세권퇴거자금 27000만
부족금 발생하는만큼 본인이 준비조건입니다
    [wr_amount] => 선순위최대한도요청
    [wr_link1] => 
    [wr_link1_subj] => KB시세조회
    [wr_link2] => 
    [wr_link2_subj] => 
)
[MESSAGE] : 


[2024-07-05 12:00:23]
175.121.155.210 : Mozilla/5.0 (Windows NT 10.0; Win64; x64) AppleWebKit/537.36 (KHTML, like Gecko) Chrome/126.0.0.0 Safari/537.36 Edg/126.0.0.0
/home/user/hosting/loan/control/app/new/loan-act.php
[_POST] : 
Array
(
    [w] => pr
    [wr_id] => 49561
    [prev_status] => 1
    [next_status] => 10
    [jd_amount] => 3000
    [jd_interest] => 13.3~13.8
    [jd_condition] => 사전협의
    [jd_memo] => 
    [rf_first3] => 75000
    [rf_first1] => 
    [rf_first2] => 
)
[MESSAGE] : 


[2024-07-05 12:05:09]
175.121.155.210 : Mozilla/5.0 (Windows NT 10.0; Win64; x64) AppleWebKit/537.36 (KHTML, like Gecko) Chrome/126.0.0.0 Safari/537.36 Edg/126.0.0.0
/home/user/hosting/loan/control/app/new/loan-act.php
[_POST] : 
Array
(
    [w] => pr
    [wr_id] => 49564
    [prev_status] => 1
    [next_status] => 20
    [jd_amount] => 
    [jd_interest] => 
    [jd_condition] => 
    [jd_memo] => 
    [rf_first3] => 110000
    [rf_first1] => 
    [rf_first2] => 
)
[MESSAGE] : 


[2024-07-05 12:05:25]
175.121.155.210 : Mozilla/5.0 (Windows NT 10.0; Win64; x64) AppleWebKit/537.36 (KHTML, like Gecko) Chrome/126.0.0.0 Safari/537.36 Edg/126.0.0.0
/home/user/hosting/loan/control/app/new/loan-act.php
[_POST] : 
Array
(
    [w] => pr
    [wr_id] => 49566
    [prev_status] => 1
    [next_status] => 20
    [jd_amount] => 
    [jd_interest] => 
    [jd_condition] => 
    [jd_memo] => 
    [rf_first3] => 
    [rf_first1] => 
    [rf_first2] => 
)
[MESSAGE] : 


[2024-07-05 12:07:09]
175.121.155.210 : Mozilla/5.0 (Windows NT 10.0; Win64; x64) AppleWebKit/537.36 (KHTML, like Gecko) Chrome/126.0.0.0 Safari/537.36 Edg/126.0.0.0
/home/user/hosting/loan/control/app/new/loan-act.php
[_POST] : 
Array
(
    [w] => pr
    [wr_id] => 49567
    [prev_status] => 1
    [next_status] => 10
    [jd_amount] => 35000
    [jd_interest] => 13.3~13.5
    [jd_condition] => 선순위 감액조건
    [jd_memo] => 기존 선순위 46300만원 기준
    [rf_first3] => 
    [rf_first1] => 
    [rf_first2] => 
)
[MESSAGE] : 


[2024-07-05 12:18:58]
175.121.155.210 : Mozilla/5.0 (Windows NT 10.0; Win64; x64) AppleWebKit/537.36 (KHTML, like Gecko) Chrome/126.0.0.0 Safari/537.36 Edg/126.0.0.0
/home/user/hosting/loan/control/app/new/loan-act.php
[_POST] : 
Array
(
    [w] => pr
    [wr_id] => 49565
    [prev_status] => 30
    [next_status] => 
    [jd_amount] => 4000
    [jd_interest] => 13.5~14
    [jd_condition] => 신.조완료(취급가능)/간편심사 진행예정
    [jd_memo] => 
    [rf_first3] => 
    [rf_first1] => 
    [rf_first2] => 
)
[MESSAGE] : 


[2024-07-05 13:15:48]
175.121.155.210 : Mozilla/5.0 (Windows NT 10.0; Win64; x64) AppleWebKit/537.36 (KHTML, like Gecko) Chrome/126.0.0.0 Safari/537.36 Edg/126.0.0.0
/home/user/hosting/loan/control/app/new/loan-act.php
[_POST] : 
Array
(
    [w] => u
    [wr_id] => 49574
    [prev_status] => 1
    [wr_ca] => E
    [wr_part] => A
    [wr_subject] => 박성운
    [wr_cont1] => 
    [address1] => 인천 연수구 송도동 179-4
    [address2] => 
    [address3] =>  더샵송도엘테라스 제9층 제908호
    [address_ext] => 
    [wr_m2] => 84.98
    [wr_cont2] => [오피스텔 / 분양잔금 / 1순위]
계약자: 박성운

인천광역시 연수구 송도동 179-4 더샵송도엘테라스 제9층 제908호
전용 84.98 ㎡ / 144세대 / 17층 중 9층

▶ KB 하 미등재 / 일 미등재 (일)
* 실거래: 0만(-)
* 대지권: 있음

* 별도등기 있음
* 외국에서만 소득 발생
* 분양가 69600만
* 분양잔금 선순위 최대한도 요청

KB시세 조회 주소: https://kbland.kr/c/432858
    [wr_amount] => 
    [wr_link1] => 
    [wr_link1_subj] => KB시세조회
    [wr_link2] => 
    [wr_link2_subj] => 
)
[MESSAGE] : 


[2024-07-05 13:16:04]
175.121.155.210 : Mozilla/5.0 (Windows NT 10.0; Win64; x64) AppleWebKit/537.36 (KHTML, like Gecko) Chrome/126.0.0.0 Safari/537.36 Edg/126.0.0.0
/home/user/hosting/loan/control/app/new/loan-act.php
[_POST] : 
Array
(
    [w] => u
    [wr_id] => 49570
    [prev_status] => 1
    [wr_ca] => A
    [wr_part] => A
    [wr_subject] => 제 / 오순란
    [wr_cont1] => 
    [address1] => 경북 포항시 북구 장성동 1490-8
    [address2] => 장성 삼도 뷰엔빌W
    [address3] => 제101동 제13층 제1302호
    [address_ext] => 502
    [wr_m2] => 110.72
    [wr_cont2] => * 전체지분

* 세입자 거주 / 보증금 : 27,000만원

* 기대출 금액
* 기대출 총액 : 0만원

오순란
◆사업자유무:   무직, 배우자 연금소득 2천   
◆주  소  지:   경상북도 포항시 북구 장성동 1490-8 장성삼도뷰엔빌더블유 제101동 제13층 제1302호   
◆전용 면적:   110.72㎡   
◆물  건  지:   아파트   ◆세대수:502
◆ K B 시세 :   29,750만    (일반가) 
◆전입 여부:   본인거주   
   전세권퇴거자금 27000만

부족금 발생하는만큼 본인이 준비조건입니다

선순위 가능사 부탁드립니다
    [wr_amount] => 
    [wr_link1] => 
    [wr_link1_subj] => KB시세조회
    [wr_link2] => 
    [wr_link2_subj] => 
)
[MESSAGE] : 


[2024-07-05 13:16:15]
175.121.155.210 : Mozilla/5.0 (Windows NT 10.0; Win64; x64) AppleWebKit/537.36 (KHTML, like Gecko) Chrome/126.0.0.0 Safari/537.36 Edg/126.0.0.0
/home/user/hosting/loan/control/app/new/loan-act.php
[_POST] : 
Array
(
    [w] => u
    [wr_id] => 49568
    [prev_status] => 1
    [wr_ca] => A
    [wr_part] => A
    [wr_subject] => 쉬뚱호우/주상복합/후순위추가
    [wr_cont1] => 귀화자, 대한민국신분증있음/프리랜서
    [address1] => 인천 부평구 부평동 468-2
    [address2] => 천기레뷰
    [address3] => 902호
    [address_ext] => 18세대
    [wr_m2] => 46.70
    [wr_cont2] => * 전체지분

KB시세없음
하우스머치 : 18,600 - 19,400 - 20,200
소유권이전일 : 2018.12.20

기대출
신한은행 8,640 / 원금 7,200만으로 감액등기가능
    [wr_amount] => 후순위 최대한도 요청
    [wr_link1] => 
    [wr_link1_subj] => KB시세조회
    [wr_link2] => 
    [wr_link2_subj] => 
)
[MESSAGE] : 


[2024-07-05 13:16:51]
175.121.155.210 : Mozilla/5.0 (Windows NT 10.0; Win64; x64) AppleWebKit/537.36 (KHTML, like Gecko) Chrome/126.0.0.0 Safari/537.36 Edg/126.0.0.0
/home/user/hosting/loan/control/app/new/loan-act.php
[_POST] : 
Array
(
    [w] => pr
    [wr_id] => 49577
    [prev_status] => 1
    [next_status] => 90
    [jd_amount] => 
    [jd_interest] => 
    [jd_condition] => 
    [jd_memo] => 
    [rf_first3] => 
    [rf_first1] => 
    [rf_first2] => 
)
[MESSAGE] : 


[2024-07-05 13:33:56]
175.121.155.210 : Mozilla/5.0 (Windows NT 10.0; Win64; x64) AppleWebKit/537.36 (KHTML, like Gecko) Chrome/126.0.0.0 Safari/537.36 Edg/126.0.0.0
/home/user/hosting/loan/control/app/new/loan-act.php
[_POST] : 
Array
(
    [w] => pr
    [wr_id] => 49568
    [prev_status] => 1
    [next_status] => 20
    [jd_amount] => 
    [jd_interest] => 
    [jd_condition] => 
    [jd_memo] => 
    [rf_first3] => 16000
    [rf_first1] => 
    [rf_first2] => 
)
[MESSAGE] : 


[2024-07-05 13:34:05]
175.121.155.210 : Mozilla/5.0 (Windows NT 10.0; Win64; x64) AppleWebKit/537.36 (KHTML, like Gecko) Chrome/126.0.0.0 Safari/537.36 Edg/126.0.0.0
/home/user/hosting/loan/control/app/new/loan-act.php
[_POST] : 
Array
(
    [w] => pr
    [wr_id] => 49569
    [prev_status] => 1
    [next_status] => 20
    [jd_amount] => 
    [jd_interest] => 
    [jd_condition] => 
    [jd_memo] => 
    [rf_first3] => 
    [rf_first1] => 
    [rf_first2] => 
)
[MESSAGE] : 


[2024-07-05 13:35:02]
175.121.155.210 : Mozilla/5.0 (Windows NT 10.0; Win64; x64) AppleWebKit/537.36 (KHTML, like Gecko) Chrome/126.0.0.0 Safari/537.36 Edg/126.0.0.0
/home/user/hosting/loan/control/app/new/loan-act.php
[_POST] : 
Array
(
    [w] => pr
    [wr_id] => 49570
    [prev_status] => 1
    [next_status] => 10
    [jd_amount] => 16000
    [jd_interest] => 13.5
    [jd_condition] => 
    [jd_memo] => 
    [rf_first3] => 
    [rf_first1] => 
    [rf_first2] => 
)
[MESSAGE] : 


[2024-07-05 13:35:14]
175.121.155.210 : Mozilla/5.0 (Windows NT 10.0; Win64; x64) AppleWebKit/537.36 (KHTML, like Gecko) Chrome/126.0.0.0 Safari/537.36 Edg/126.0.0.0
/home/user/hosting/loan/control/app/new/loan-act.php
[_POST] : 
Array
(
    [w] => u
    [wr_id] => 49567
    [prev_status] => 10
    [wr_ca] => A
    [wr_part] => A
    [wr_subject] => 조한민
    [wr_cont1] => 직장인
    [address1] => 경기 남양주시 다산동 6014
    [address2] => 
    [address3] => 다산반도유보라메이플타운 제2106동 제2층 제203호
    [address_ext] => 
    [wr_m2] => 
    [wr_cont2] => 조한민 / 직장인 / 50세
경기도 남양주시 다산동 6014 다산반도유보라메이플타운 제2106동 제2층 제203호
아파트 / 1,085세대 / 총 11동 / 82.19㎡ / 방 3개 / 2층 / 전체 27층
소유권 이전일 2018.07.12

72,750(KB 하한) / 75,500(KB 일반)

◈선순위
1.수협은행 11,220(10,200)
총 설정 11,220만원 총 원금 10,200만원
(시세대비 원금 14.02% 사용중)
===============

수협은행 잔액 10200 - 채최 110% 감액기준

후순위 부탁드립니다
    [wr_amount] => 
    [wr_link1] => 
    [wr_link1_subj] => KB시세조회
    [wr_link2] => 
    [wr_link2_subj] => 
)
[MESSAGE] : 


[2024-07-05 13:35:25]
175.121.155.210 : Mozilla/5.0 (Windows NT 10.0; Win64; x64) AppleWebKit/537.36 (KHTML, like Gecko) Chrome/126.0.0.0 Safari/537.36 Edg/126.0.0.0
/home/user/hosting/loan/control/app/new/loan-act.php
[_POST] : 
Array
(
    [w] => u
    [wr_id] => 49566
    [prev_status] => 20
    [wr_ca] => A
    [wr_part] => A
    [wr_subject] => 김동희
    [wr_cont1] => 직장인
    [address1] => 서울 서초구 반포동 111-1
    [address2] => (반포동, 장원빌라트)
    [address3] => 장원빌라트 제8층 제801호
    [address_ext] => 
    [wr_m2] => 
    [wr_cont2] => 김동희 / 직장인 / 63세
서울특별시 서초구 반포동 111-1 장원빌라트 제8층 제801호
아파트 / 0세대 / 총 동 / 88㎡ / 방 개 / 8층 / 전체 10층
소유권 이전일 2023.05.18

[하한가](KB 하한) / [일반가](KB 일반)

◈대환/말소대상
1.와이씨케이대부주식회사 208,000(160,000)
2.조희진 3,600(3,000)
총 설정 211,600만원 총 원금 163,000만원
(KB시세없음)
===============


하우스머치 242,000 만 

선순위 부탁드립니다
    [wr_amount] => 
    [wr_link1] => 
    [wr_link1_subj] => KB시세조회
    [wr_link2] => 
    [wr_link2_subj] => 
)
[MESSAGE] : 


[2024-07-05 13:35:46]
175.121.155.210 : Mozilla/5.0 (Windows NT 10.0; Win64; x64) AppleWebKit/537.36 (KHTML, like Gecko) Chrome/126.0.0.0 Safari/537.36 Edg/126.0.0.0
/home/user/hosting/loan/control/app/new/loan-act.php
[_POST] : 
Array
(
    [w] => u
    [wr_id] => 49561
    [prev_status] => 10
    [wr_ca] => A
    [wr_part] => A
    [wr_subject] => 전 / 노정식
    [wr_cont1] => 
    [address1] => 서울 용산구 한남동 72-1
    [address2] => (한남동, 금호리첸시아)
    [address3] => 한남동리첸시아 제14층 제에이-1412호
    [address_ext] => 
    [wr_m2] => 37.53
    [wr_cont2] => [집합건물] 서울특별시 용산구 한남동 72-1 한남동리첸시아 제14층 제에이-1412호

갑구/노정식
F4비자  거소증소지
월세보증금3000만 180만 - 동의

근저당
삼성화재 14149 / 12862
삼성화재 3972 / 3610
/삼성2건 합  15000
오에스비저축은행 9120 / 7600
오에스비저축은행 12000 / 10000
오에스비저축은행 12000 / 10000
/오에스비 3건 합 27000

주상복합371세대
49m²/37.53m²
7억 5,000
’24.07.05
상위평균가8억
하위평균가7억

후순위요청

전
    [wr_amount] => 
    [wr_link1] => 
    [wr_link1_subj] => KB시세조회
    [wr_link2] => 
    [wr_link2_subj] => 
)
[MESSAGE] : 


[2024-07-05 13:36:08]
175.121.155.210 : Mozilla/5.0 (Windows NT 10.0; Win64; x64) AppleWebKit/537.36 (KHTML, like Gecko) Chrome/126.0.0.0 Safari/537.36 Edg/126.0.0.0
/home/user/hosting/loan/control/app/new/loan-act.php
[_POST] : 
Array
(
    [w] => pr
    [wr_id] => 49571
    [prev_status] => 1
    [next_status] => 20
    [jd_amount] => 
    [jd_interest] => 
    [jd_condition] => 
    [jd_memo] => 
    [rf_first3] => 
    [rf_first1] => 
    [rf_first2] => 
)
[MESSAGE] : 


[2024-07-05 13:37:41]
175.121.155.210 : Mozilla/5.0 (Windows NT 10.0; Win64; x64) AppleWebKit/537.36 (KHTML, like Gecko) Chrome/126.0.0.0 Safari/537.36 Edg/126.0.0.0
/home/user/hosting/loan/control/app/new/loan-act.php
[_POST] : 
Array
(
    [w] => pr
    [wr_id] => 49572
    [prev_status] => 1
    [next_status] => 10
    [jd_amount] => 9000
    [jd_interest] => 13.3~13.8
    [jd_condition] => 선순위 조건 / 하자동시 지급수당 조정건
    [jd_memo] => 
    [rf_first3] => 17000
    [rf_first1] => 
    [rf_first2] => 
)
[MESSAGE] : 


[2024-07-05 13:39:20]
175.121.155.210 : Mozilla/5.0 (Windows NT 10.0; Win64; x64) AppleWebKit/537.36 (KHTML, like Gecko) Chrome/126.0.0.0 Safari/537.36 Edg/126.0.0.0
/home/user/hosting/loan/control/app/new/loan-act.php
[_POST] : 
Array
(
    [w] => pr
    [wr_id] => 49573
    [prev_status] => 1
    [next_status] => 20
    [jd_amount] => 
    [jd_interest] => 
    [jd_condition] => 
    [jd_memo] => 
    [rf_first3] => 10000
    [rf_first1] => 
    [rf_first2] => 
)
[MESSAGE] : 


[2024-07-05 13:42:00]
175.121.155.210 : Mozilla/5.0 (Windows NT 10.0; Win64; x64) AppleWebKit/537.36 (KHTML, like Gecko) Chrome/126.0.0.0 Safari/537.36 Edg/126.0.0.0
/home/user/hosting/loan/control/app/new/loan-act.php
[_POST] : 
Array
(
    [w] => pr
    [wr_id] => 49574
    [prev_status] => 1
    [next_status] => 10
    [jd_amount] => 45000
    [jd_interest] => 13.3~13.5
    [jd_condition] => 사전협의
    [jd_memo] => 분양가 준용(70%)
    [rf_first3] => 69600
    [rf_first1] => 
    [rf_first2] => 
)
[MESSAGE] : 


[2024-07-05 13:43:39]
175.121.155.210 : Mozilla/5.0 (Windows NT 10.0; Win64; x64) AppleWebKit/537.36 (KHTML, like Gecko) Chrome/126.0.0.0 Safari/537.36 Edg/126.0.0.0
/home/user/hosting/loan/control/app/new/loan-act.php
[_POST] : 
Array
(
    [w] => pr
    [wr_id] => 49575
    [prev_status] => 1
    [next_status] => 20
    [jd_amount] => 
    [jd_interest] => 
    [jd_condition] => 
    [jd_memo] => 10800
    [rf_first3] => 34000
    [rf_first1] => 
    [rf_first2] => 
)
[MESSAGE] : 


[2024-07-05 13:45:23]
175.121.155.210 : Mozilla/5.0 (Windows NT 10.0; Win64; x64) AppleWebKit/537.36 (KHTML, like Gecko) Chrome/126.0.0.0 Safari/537.36 Edg/126.0.0.0
/home/user/hosting/loan/control/app/new/loan-act.php
[_POST] : 
Array
(
    [w] => pr
    [wr_id] => 49457
    [prev_status] => 30
    [next_status] => 
    [jd_amount] => 103000
    [jd_interest] => 13~13.5
    [jd_condition] => 85000만원 / 13.5% / 3.85% / 12개월로 심사완료
    [jd_memo] => 신.조완료(취급가능)/간편심사 진행예정
    [rf_first3] => 
    [rf_first1] => 
    [rf_first2] => 
)
[MESSAGE] : 


[2024-07-05 13:49:01]
175.121.155.210 : Mozilla/5.0 (Windows NT 10.0; Win64; x64) AppleWebKit/537.36 (KHTML, like Gecko) Chrome/126.0.0.0 Safari/537.36 Edg/126.0.0.0
/home/user/hosting/loan/control/app/new/loan-act.php
[_POST] : 
Array
(
    [w] => pr
    [wr_id] => 49576
    [prev_status] => 1
    [next_status] => 20
    [jd_amount] => 
    [jd_interest] => 
    [jd_condition] => 
    [jd_memo] => 전체 동일차주
    [rf_first3] => 205000
    [rf_first1] => 
    [rf_first2] => 
)
[MESSAGE] : 


[2024-07-05 13:49:39]
175.121.155.210 : Mozilla/5.0 (Windows NT 10.0; Win64; x64) AppleWebKit/537.36 (KHTML, like Gecko) Chrome/126.0.0.0 Safari/537.36 Edg/126.0.0.0
/home/user/hosting/loan/control/app/new/loan-act.php
[_POST] : 
Array
(
    [w] => pr
    [wr_id] => 49578
    [prev_status] => 1
    [next_status] => 10
    [jd_amount] => 15000
    [jd_interest] =>  13.5~14
    [jd_condition] => 신탁+근저당조건/근저당만 1억
    [jd_memo] => 
    [rf_first3] => 
    [rf_first1] => 
    [rf_first2] => 
)
[MESSAGE] : 


[2024-07-05 13:52:22]
175.121.155.210 : Mozilla/5.0 (Windows NT 10.0; Win64; x64) AppleWebKit/537.36 (KHTML, like Gecko) Chrome/126.0.0.0 Safari/537.36 Edg/126.0.0.0
/home/user/hosting/loan/control/app/new/loan-act.php
[_POST] : 
Array
(
    [w] => pr
    [wr_id] => 49579
    [prev_status] => 1
    [next_status] => 10
    [jd_amount] => 7000
    [jd_interest] => 13.5~13.8
    [jd_condition] => 임대차 확인서 징구
    [jd_memo] => 
    [rf_first3] => 66000
    [rf_first1] => 
    [rf_first2] => 
)
[MESSAGE] : 


[2024-07-05 13:59:43]
175.121.155.210 : Mozilla/5.0 (Windows NT 10.0; Win64; x64) AppleWebKit/537.36 (KHTML, like Gecko) Chrome/126.0.0.0 Safari/537.36 Edg/126.0.0.0
/home/user/hosting/loan/control/app/new/loan-act.php
[_POST] : 
Array
(
    [w] => pr
    [wr_id] => 49580
    [prev_status] => 1
    [next_status] => 10
    [jd_amount] => 22000
    [jd_interest] => 13.3~13.8
    [jd_condition] => 
    [jd_memo] => 
    [rf_first3] => 69000
    [rf_first1] => 
    [rf_first2] => 
)
[MESSAGE] : 


[2024-07-05 14:01:31]
175.121.155.210 : Mozilla/5.0 (Windows NT 10.0; Win64; x64) AppleWebKit/537.36 (KHTML, like Gecko) Chrome/126.0.0.0 Safari/537.36 Edg/126.0.0.0
/home/user/hosting/loan/control/app/new/loan-act.php
[_POST] : 
Array
(
    [w] => pr
    [wr_id] => 49581
    [prev_status] => 1
    [next_status] => 20
    [jd_amount] => 
    [jd_interest] => 
    [jd_condition] => 
    [jd_memo] => 
    [rf_first3] => 36000
    [rf_first1] => 
    [rf_first2] => 
)
[MESSAGE] : 


[2024-07-05 14:03:55]
175.121.155.210 : Mozilla/5.0 (Windows NT 10.0; Win64; x64) AppleWebKit/537.36 (KHTML, like Gecko) Chrome/126.0.0.0 Safari/537.36 Edg/126.0.0.0
/home/user/hosting/loan/control/app/new/loan-act.php
[_POST] : 
Array
(
    [w] => pr
    [wr_id] => 49582
    [prev_status] => 1
    [next_status] => 10
    [jd_amount] => 9000
    [jd_interest] => 13.3~13.8
    [jd_condition] => 선순위 조건
    [jd_memo] => 
    [rf_first3] => 20000
    [rf_first1] => 
    [rf_first2] => 
)
[MESSAGE] : 


[2024-07-05 14:20:15]
175.121.155.210 : Mozilla/5.0 (Windows NT 10.0; Win64; x64) AppleWebKit/537.36 (KHTML, like Gecko) Chrome/126.0.0.0 Safari/537.36 Edg/126.0.0.0
/home/user/hosting/loan/control/app/new/loan-act.php
[_POST] : 
Array
(
    [w] => pr
    [wr_id] => 49583
    [prev_status] => 1
    [next_status] => 10
    [jd_amount] => 27000
    [jd_interest] => 13.2~13.7
    [jd_condition] => 선순위 조건
    [jd_memo] => 분양가 준용(70%)
    [rf_first3] => 42350
    [rf_first1] => 
    [rf_first2] => 
)
[MESSAGE] : 


[2024-07-05 14:21:13]
175.121.155.210 : Mozilla/5.0 (Windows NT 10.0; Win64; x64) AppleWebKit/537.36 (KHTML, like Gecko) Chrome/126.0.0.0 Safari/537.36 Edg/126.0.0.0
/home/user/hosting/loan/control/app/new/loan-act.php
[_POST] : 
Array
(
    [w] => pr
    [wr_id] => 49584
    [prev_status] => 1
    [next_status] => 20
    [jd_amount] => 
    [jd_interest] => 
    [jd_condition] => 
    [jd_memo] => 
    [rf_first3] => 
    [rf_first1] => 
    [rf_first2] => 
)
[MESSAGE] : 


[2024-07-05 14:21:50]
175.121.155.210 : Mozilla/5.0 (Windows NT 10.0; Win64; x64) AppleWebKit/537.36 (KHTML, like Gecko) Chrome/126.0.0.0 Safari/537.36 Edg/126.0.0.0
/home/user/hosting/loan/control/app/new/loan-act.php
[_POST] : 
Array
(
    [w] => pr
    [wr_id] => 49586
    [prev_status] => 1
    [next_status] => 20
    [jd_amount] => 
    [jd_interest] => 
    [jd_condition] => 
    [jd_memo] => 
    [rf_first3] => 
    [rf_first1] => 
    [rf_first2] => 
)
[MESSAGE] : 


[2024-07-05 14:24:02]
175.121.155.210 : Mozilla/5.0 (Windows NT 10.0; Win64; x64) AppleWebKit/537.36 (KHTML, like Gecko) Chrome/126.0.0.0 Safari/537.36 Edg/126.0.0.0
/home/user/hosting/loan/control/app/new/loan-act.php
[_POST] : 
Array
(
    [w] => pr
    [wr_id] => 49587
    [prev_status] => 1
    [next_status] => 20
    [jd_amount] => 
    [jd_interest] => 
    [jd_condition] => 
    [jd_memo] => 
    [rf_first3] => 26000
    [rf_first1] => 
    [rf_first2] => 
)
[MESSAGE] : 


[2024-07-05 14:26:06]
175.121.155.210 : Mozilla/5.0 (Windows NT 10.0; Win64; x64) AppleWebKit/537.36 (KHTML, like Gecko) Chrome/126.0.0.0 Safari/537.36 Edg/126.0.0.0
/home/user/hosting/loan/control/app/new/loan-act.php
[_POST] : 
Array
(
    [w] => pr
    [wr_id] => 49588
    [prev_status] => 1
    [next_status] => 10
    [jd_amount] => 3000
    [jd_interest] => 13.5
    [jd_condition] => 
    [jd_memo] => 11550
    [rf_first3] => 43000
    [rf_first1] => 
    [rf_first2] => 
)
[MESSAGE] : 


[2024-07-05 14:26:20]
175.121.155.210 : Mozilla/5.0 (Windows NT 10.0; Win64; x64) AppleWebKit/537.36 (KHTML, like Gecko) Chrome/126.0.0.0 Safari/537.36 Edg/126.0.0.0
/home/user/hosting/loan/control/app/new/loan-act.php
[_POST] : 
Array
(
    [w] => pr
    [wr_id] => 49589
    [prev_status] => 1
    [next_status] => 10
    [jd_amount] => 3000
    [jd_interest] => 13.5
    [jd_condition] => 
    [jd_memo] => 
    [rf_first3] => 43000
    [rf_first1] => 
    [rf_first2] => 
)
[MESSAGE] : 


[2024-07-05 14:26:27]
175.121.155.210 : Mozilla/5.0 (Windows NT 10.0; Win64; x64) AppleWebKit/537.36 (KHTML, like Gecko) Chrome/126.0.0.0 Safari/537.36 Edg/126.0.0.0
/home/user/hosting/loan/control/app/new/loan-act.php
[_POST] : 
Array
(
    [w] => pr
    [wr_id] => 49593
    [prev_status] => 1
    [next_status] => 10
    [jd_amount] => 3500
    [jd_interest] => 13.5
    [jd_condition] => 
    [jd_memo] => 
    [rf_first3] => 
    [rf_first1] => 
    [rf_first2] => 
)
[MESSAGE] : 


[2024-07-05 14:26:43]
175.121.155.210 : Mozilla/5.0 (Windows NT 10.0; Win64; x64) AppleWebKit/537.36 (KHTML, like Gecko) Chrome/126.0.0.0 Safari/537.36 Edg/126.0.0.0
/home/user/hosting/loan/control/app/new/loan-act.php
[_POST] : 
Array
(
    [w] => pr
    [wr_id] => 49593
    [prev_status] => 10
    [next_status] => 
    [jd_amount] => 3000
    [jd_interest] => 13.5
    [jd_condition] => 
    [jd_memo] => 
    [rf_first3] => 
    [rf_first1] => 
    [rf_first2] => 
)
[MESSAGE] : 


[2024-07-05 14:26:59]
175.121.155.210 : Mozilla/5.0 (Windows NT 10.0; Win64; x64) AppleWebKit/537.36 (KHTML, like Gecko) Chrome/126.0.0.0 Safari/537.36 Edg/126.0.0.0
/home/user/hosting/loan/control/app/new/loan-act.php
[_POST] : 
Array
(
    [w] => u
    [wr_id] => 49592
    [prev_status] => 1
    [wr_ca] => E
    [wr_part] => A
    [wr_subject] => 유한별
    [wr_cont1] => 
    [address1] => 서울 마포구 신공덕동 139-324
    [address2] => 
    [address3] => 
    [address_ext] => 
    [wr_m2] => 
    [wr_cont2] => [단독 주택 / 1순위]
유한별 / 910706 (만32세)

서울특별시 마포구 신공덕동 139-324
* 소유권이전일: 2017년 08월 22일 < 증여

▶  대환/말소대상
1.  신한저축은행 679만 (679만) / 100.0%
2. 이대광 7,500만 (5,000만) / 150.0%
3. 이대광 4,500만 (3,000만) / 150.0%
4. 이대광 6,000만 (4,000만) / 150.0%
5. 굿모닝자산관리대부 6,000만 (4,000만) / 150.0%
6. 하지연 10,000만 (6,250만) / 160.0%
:: 총 합계 34,679만  (22,929만)

* cj근무 연봉 4천5백 / 본인거주
* 선순위 갑구하자 모두 대환 선순위 3억 요청
    [wr_amount] => 
    [wr_link1] => 
    [wr_link1_subj] => KB시세조회
    [wr_link2] => 
    [wr_link2_subj] => 
)
[MESSAGE] : 


[2024-07-05 14:29:20]
175.121.155.210 : Mozilla/5.0 (Windows NT 10.0; Win64; x64) AppleWebKit/537.36 (KHTML, like Gecko) Chrome/126.0.0.0 Safari/537.36 Edg/126.0.0.0
/home/user/hosting/loan/control/app/new/loan-act.php
[_POST] : 
Array
(
    [w] => pr
    [wr_id] => 49590
    [prev_status] => 1
    [next_status] => 10
    [jd_amount] => 5000
    [jd_interest] => 13.8~14
    [jd_condition] => 2순위 조건
    [jd_memo] => 
    [rf_first3] => 25000
    [rf_first1] => 
    [rf_first2] => 
)
[MESSAGE] : 


[2024-07-05 14:33:28]
175.121.155.210 : Mozilla/5.0 (Windows NT 10.0; Win64; x64) AppleWebKit/537.36 (KHTML, like Gecko) Chrome/126.0.0.0 Safari/537.36 Edg/126.0.0.0
/home/user/hosting/loan/control/app/new/loan-act.php
[_POST] : 
Array
(
    [w] => pr
    [wr_id] => 49591
    [prev_status] => 1
    [next_status] => 20
    [jd_amount] => 
    [jd_interest] => 
    [jd_condition] => 
    [jd_memo] => 
    [rf_first3] => 60000
    [rf_first1] => 
    [rf_first2] => 
)
[MESSAGE] : 


[2024-07-05 14:34:11]
175.121.155.210 : Mozilla/5.0 (Windows NT 10.0; Win64; x64) AppleWebKit/537.36 (KHTML, like Gecko) Chrome/126.0.0.0 Safari/537.36 Edg/126.0.0.0
/home/user/hosting/loan/control/app/new/loan-act.php
[_POST] : 
Array
(
    [w] => pr
    [wr_id] => 48982
    [prev_status] => 30
    [next_status] => 60
    [jd_amount] => 8500
    [jd_interest] => 13.3~13.8
    [jd_condition] =>  7500만원 / 13.5% / 3.85% / 12개월 / 신탁+근저당조건으로 심사완료 / 자서서류 문자발송
    [jd_memo] => 신탁+근저당권
신.조완료(취급가능)/간편심사 진행예정
    [rf_first3] => 
    [rf_first1] => 
    [rf_first2] => 
)
[MESSAGE] : 


[2024-07-05 14:36:24]
175.121.155.210 : Mozilla/5.0 (Windows NT 10.0; Win64; x64) AppleWebKit/537.36 (KHTML, like Gecko) Chrome/126.0.0.0 Safari/537.36 Edg/126.0.0.0
/home/user/hosting/loan/control/app/new/loan-act.php
[_POST] : 
Array
(
    [w] => pr
    [wr_id] => 49592
    [prev_status] => 1
    [next_status] => 10
    [jd_amount] => 33000
    [jd_interest] => 13.5~14
    [jd_condition] => 현장시세조사
    [jd_memo] => 
    [rf_first3] => 60000
    [rf_first1] => 
    [rf_first2] => 
)
[MESSAGE] : 


[2024-07-05 15:28:41]
175.121.155.210 : Mozilla/5.0 (Windows NT 10.0; Win64; x64) AppleWebKit/537.36 (KHTML, like Gecko) Chrome/126.0.0.0 Safari/537.36 Edg/126.0.0.0
/home/user/hosting/loan/control/app/new/loan-act.php
[_POST] : 
Array
(
    [w] => u
    [wr_id] => 49607
    [prev_status] => 1
    [wr_ca] => A
    [wr_part] => P
    [wr_subject] => 이지선
    [wr_cont1] => 직장인
    [address1] => 서울 노원구 공릉동 725
    [address2] => 
    [address3] => 풍림아파트 제102동 제11층 제1101호
    [address_ext] => 
    [wr_m2] => 
    [wr_cont2] => 이지선(공동소유자:이건석) / 직장인 
서울특별시 노원구 공릉동 725외 2필지 풍림아파트 제102동 제11층 제1101호
아파트 / 1,601세대 / 총 14동 / 59.94㎡ / 방 3개 / 11층 / 전체 20층
소유권 이전일 2017.06.26

59,750(KB 하한) / 63,000(KB 일반)

◈선순위
1.주식회사우리은행 22,000(20,000)
총 설정 22,000만원 총 원금 20,000만원
(시세대비 원금 31.75% 사용중)
===============

배우자 동의불가

이지선 지분조건 후순위 부탁드립니다
    [wr_amount] => 
    [wr_link1] => 
    [wr_link1_subj] => KB시세조회
    [wr_link2] => 
    [wr_link2_subj] => 
)
[MESSAGE] : 


[2024-07-05 15:31:41]
175.121.155.210 : Mozilla/5.0 (Windows NT 10.0; Win64; x64) AppleWebKit/537.36 (KHTML, like Gecko) Chrome/126.0.0.0 Safari/537.36 Edg/126.0.0.0
/home/user/hosting/loan/control/app/new/loan-act.php
[_POST] : 
Array
(
    [w] => pr
    [wr_id] => 49594
    [prev_status] => 1
    [next_status] => 10
    [jd_amount] => 30000
    [jd_interest] => 13.3~13.7
    [jd_condition] => 선순위조건/사전협의
    [jd_memo] => 분양가 준용(70%)
    [rf_first3] => 48000
    [rf_first1] => 
    [rf_first2] => 
)
[MESSAGE] : 


[2024-07-05 15:45:39]
175.121.155.210 : Mozilla/5.0 (Windows NT 10.0; Win64; x64) AppleWebKit/537.36 (KHTML, like Gecko) Chrome/126.0.0.0 Safari/537.36 Edg/126.0.0.0
/home/user/hosting/loan/control/app/new/loan-act.php
[_POST] : 
Array
(
    [w] => pr
    [wr_id] => 49595
    [prev_status] => 1
    [next_status] => 20
    [jd_amount] => 
    [jd_interest] => 
    [jd_condition] => 
    [jd_memo] => 
    [rf_first3] => 20000
    [rf_first1] => 
    [rf_first2] => 
)
[MESSAGE] : 


[2024-07-05 15:46:15]
175.121.155.210 : Mozilla/5.0 (Windows NT 10.0; Win64; x64) AppleWebKit/537.36 (KHTML, like Gecko) Chrome/126.0.0.0 Safari/537.36 Edg/126.0.0.0
/home/user/hosting/loan/control/app/new/loan-act.php
[_POST] : 
Array
(
    [w] => pr
    [wr_id] => 49596
    [prev_status] => 1
    [next_status] => 10
    [jd_amount] => 22000
    [jd_interest] => 13.3~13.8
    [jd_condition] => 
    [jd_memo] => 
    [rf_first3] => 
    [rf_first1] => 
    [rf_first2] => 
)
[MESSAGE] : 


[2024-07-05 15:46:25]
175.121.155.210 : Mozilla/5.0 (Windows NT 10.0; Win64; x64) AppleWebKit/537.36 (KHTML, like Gecko) Chrome/126.0.0.0 Safari/537.36 Edg/126.0.0.0
/home/user/hosting/loan/control/app/new/loan-act.php
[_POST] : 
Array
(
    [w] => u
    [wr_id] => 49597
    [prev_status] => 1
    [wr_ca] => A
    [wr_part] => A
    [wr_subject] => 이장호
    [wr_cont1] => 직장인
    [address1] => 서울 중구 신당동 366-126
    [address2] => (신당동, 남산정은스카이아파트)
    [address3] => 남산정은스카이아파트 제2층 제203호
    [address_ext] => 
    [wr_m2] => 
    [wr_cont2] => 이장호 / 직장인 / 56세
서울특별시 중구 신당동 366-126외 27필지 남산정은스카이아파트 제2층 제203호
아파트 / 102세대 / 총 1동 / 143.04㎡ / 방 4개 / 2층 / 전체 13층
소유권 이전일 2006.03.16

116,500(KB 하한) / 124,000(KB 일반)

◈선순위
1.주식회사하나은행 39,840(33,200)
2.삼성화재해상보험주식회사 4,600(4,000)
3.삼성화재해상보험주식회사 6,900(6,000)
4.흥국화재해상보험주식회사 26,000(20,800)
총 설정 77,340만원 총 원금 64,000만원
(시세대비 원금 54.94% 사용중)

◈대환/말소대상
1.김지수 8,000(6,400)
총 설정 8,000만원 총 원금 6,400만원
(시세대비 원금 60.43% 사용중)
===============

개인대환조건 후순위 부탁드립니다
    [wr_amount] => 
    [wr_link1] => 
    [wr_link1_subj] => KB시세조회
    [wr_link2] => 
    [wr_link2_subj] => 
)
[MESSAGE] : 


[2024-07-05 15:46:51]
175.121.155.210 : Mozilla/5.0 (Windows NT 10.0; Win64; x64) AppleWebKit/537.36 (KHTML, like Gecko) Chrome/126.0.0.0 Safari/537.36 Edg/126.0.0.0
/home/user/hosting/loan/control/app/new/loan-act.php
[_POST] : 
Array
(
    [w] => pr
    [wr_id] => 49597
    [prev_status] => 1
    [next_status] => 20
    [jd_amount] => 
    [jd_interest] => 
    [jd_condition] => 
    [jd_memo] => 
    [rf_first3] => 90000
    [rf_first1] => 
    [rf_first2] => 
)
[MESSAGE] : 


[2024-07-05 15:47:25]
175.121.155.210 : Mozilla/5.0 (Windows NT 10.0; Win64; x64) AppleWebKit/537.36 (KHTML, like Gecko) Chrome/126.0.0.0 Safari/537.36 Edg/126.0.0.0
/home/user/hosting/loan/control/app/new/loan-act.php
[_POST] : 
Array
(
    [w] => pr
    [wr_id] => 49598
    [prev_status] => 1
    [next_status] => 10
    [jd_amount] => 27000
    [jd_interest] => 13.8~14
    [jd_condition] => 
    [jd_memo] => 
    [rf_first3] => 
    [rf_first1] => 
    [rf_first2] => 
)
[MESSAGE] : 


[2024-07-05 15:47:42]
175.121.155.210 : Mozilla/5.0 (Windows NT 10.0; Win64; x64) AppleWebKit/537.36 (KHTML, like Gecko) Chrome/126.0.0.0 Safari/537.36 Edg/126.0.0.0
/home/user/hosting/loan/control/app/new/loan-act.php
[_POST] : 
Array
(
    [w] => pr
    [wr_id] => 49600
    [prev_status] => 1
    [next_status] => 20
    [jd_amount] => 
    [jd_interest] => 
    [jd_condition] => 
    [jd_memo] => 
    [rf_first3] => 
    [rf_first1] => 
    [rf_first2] => 
)
[MESSAGE] : 


[2024-07-05 15:47:45]
175.121.155.210 : Mozilla/5.0 (Windows NT 10.0; Win64; x64) AppleWebKit/537.36 (KHTML, like Gecko) Chrome/126.0.0.0 Safari/537.36 Edg/126.0.0.0
/home/user/hosting/loan/control/app/new/loan-act.php
[_POST] : 
Array
(
    [w] => pr
    [wr_id] => 49603
    [prev_status] => 1
    [next_status] => 20
    [jd_amount] => 
    [jd_interest] => 
    [jd_condition] => 
    [jd_memo] => 
    [rf_first3] => 
    [rf_first1] => 
    [rf_first2] => 
)
[MESSAGE] : 


[2024-07-05 15:49:08]
175.121.155.210 : Mozilla/5.0 (Windows NT 10.0; Win64; x64) AppleWebKit/537.36 (KHTML, like Gecko) Chrome/126.0.0.0 Safari/537.36 Edg/126.0.0.0
/home/user/hosting/loan/control/app/new/loan-act.php
[_POST] : 
Array
(
    [w] => pr
    [wr_id] => 49601
    [prev_status] => 1
    [next_status] => 10
    [jd_amount] => 30000
    [jd_interest] => 13.5~14
    [jd_condition] => 2순위 조건/하자동시진행 지급수당 조정
    [jd_memo] => 
    [rf_first3] => 75000
    [rf_first1] => 
    [rf_first2] => 
)
[MESSAGE] : 


[2024-07-05 15:49:42]
175.121.155.210 : Mozilla/5.0 (Windows NT 10.0; Win64; x64) AppleWebKit/537.36 (KHTML, like Gecko) Chrome/126.0.0.0 Safari/537.36 Edg/126.0.0.0
/home/user/hosting/loan/control/app/new/loan-act.php
[_POST] : 
Array
(
    [w] => pr
    [wr_id] => 49602
    [prev_status] => 1
    [next_status] => 20
    [jd_amount] => 
    [jd_interest] => 
    [jd_condition] => 타사 접수로 심사중인건입니다.
    [jd_memo] => 
    [rf_first3] => 
    [rf_first1] => 
    [rf_first2] => 
)
[MESSAGE] : 


[2024-07-05 15:49:50]
175.121.155.210 : Mozilla/5.0 (Windows NT 10.0; Win64; x64) AppleWebKit/537.36 (KHTML, like Gecko) Chrome/126.0.0.0 Safari/537.36 Edg/126.0.0.0
/home/user/hosting/loan/control/app/new/loan-act.php
[_POST] : 
Array
(
    [w] => pr
    [wr_id] => 49604
    [prev_status] => 1
    [next_status] => 20
    [jd_amount] => 
    [jd_interest] => 
    [jd_condition] => 
    [jd_memo] => 
    [rf_first3] => 
    [rf_first1] => 
    [rf_first2] => 
)
[MESSAGE] : 


[2024-07-05 15:50:21]
175.121.155.210 : Mozilla/5.0 (Windows NT 10.0; Win64; x64) AppleWebKit/537.36 (KHTML, like Gecko) Chrome/126.0.0.0 Safari/537.36 Edg/126.0.0.0
/home/user/hosting/loan/control/app/new/loan-act.php
[_POST] : 
Array
(
    [w] => pr
    [wr_id] => 49605
    [prev_status] => 1
    [next_status] => 20
    [jd_amount] => 
    [jd_interest] => 
    [jd_condition] => 
    [jd_memo] => 후순위 한도 3000만원 제시건
    [rf_first3] => 
    [rf_first1] => 
    [rf_first2] => 
)
[MESSAGE] : 


[2024-07-05 15:52:39]
175.121.155.210 : Mozilla/5.0 (Windows NT 10.0; Win64; x64) AppleWebKit/537.36 (KHTML, like Gecko) Chrome/126.0.0.0 Safari/537.36 Edg/126.0.0.0
/home/user/hosting/loan/control/app/new/loan-act.php
[_POST] : 
Array
(
    [w] => pr
    [wr_id] => 49606
    [prev_status] => 10
    [next_status] => 
    [jd_amount] => 10000
    [jd_interest] => 13.5
    [jd_condition] => 
    [jd_memo] => 자동 가승인
11000
    [rf_first3] => 60000
    [rf_first1] => 
    [rf_first2] => 
)
[MESSAGE] : 


[2024-07-05 15:52:52]
175.121.155.210 : Mozilla/5.0 (Windows NT 10.0; Win64; x64) AppleWebKit/537.36 (KHTML, like Gecko) Chrome/126.0.0.0 Safari/537.36 Edg/126.0.0.0
/home/user/hosting/loan/control/app/new/loan-act.php
[_POST] : 
Array
(
    [w] => pr
    [wr_id] => 49607
    [prev_status] => 1
    [next_status] => 10
    [jd_amount] => 10000
    [jd_interest] => 13.5
    [jd_condition] => 
    [jd_memo] => 
    [rf_first3] => 
    [rf_first1] => 
    [rf_first2] => 
)
[MESSAGE] : 


[2024-07-05 15:53:17]
175.121.155.210 : Mozilla/5.0 (Windows NT 10.0; Win64; x64) AppleWebKit/537.36 (KHTML, like Gecko) Chrome/126.0.0.0 Safari/537.36 Edg/126.0.0.0
/home/user/hosting/loan/control/app/new/loan-act.php
[_POST] : 
Array
(
    [w] => pr
    [wr_id] => 49608
    [prev_status] => 1
    [next_status] => 10
    [jd_amount] => 12000
    [jd_interest] => 13.3~13.6
    [jd_condition] => 
    [jd_memo] => 
    [rf_first3] => 
    [rf_first1] => 
    [rf_first2] => 
)
[MESSAGE] : 


[2024-07-05 15:57:25]
175.121.155.210 : Mozilla/5.0 (Windows NT 10.0; Win64; x64) AppleWebKit/537.36 (KHTML, like Gecko) Chrome/126.0.0.0 Safari/537.36 Edg/126.0.0.0
/home/user/hosting/loan/control/app/new/loan-act.php
[_POST] : 
Array
(
    [w] => pr
    [wr_id] => 49609
    [prev_status] => 1
    [next_status] => 20
    [jd_amount] => 
    [jd_interest] => 
    [jd_condition] => 
    [jd_memo] => 지분율 60%
18000
2880
    [rf_first3] => 45000
    [rf_first1] => 
    [rf_first2] => 
)
[MESSAGE] : 


[2024-07-05 16:03:03]
175.121.155.210 : Mozilla/5.0 (Windows NT 10.0; Win64; x64) AppleWebKit/537.36 (KHTML, like Gecko) Chrome/126.0.0.0 Safari/537.36 Edg/126.0.0.0
/home/user/hosting/loan/control/app/new/loan-act.php
[_POST] : 
Array
(
    [w] => pr
    [wr_id] => 49610
    [prev_status] => 1
    [next_status] => 20
    [jd_amount] => 
    [jd_interest] => 
    [jd_condition] => 지방 주택 시세 1.5억 미만
    [jd_memo] => 
    [rf_first3] => 
    [rf_first1] => 
    [rf_first2] => 
)
[MESSAGE] : 


[2024-07-05 16:03:17]
175.121.155.210 : Mozilla/5.0 (Windows NT 10.0; Win64; x64) AppleWebKit/537.36 (KHTML, like Gecko) Chrome/126.0.0.0 Safari/537.36 Edg/126.0.0.0
/home/user/hosting/loan/control/app/new/loan-act.php
[_POST] : 
Array
(
    [w] => u
    [wr_id] => 49611
    [prev_status] => 1
    [wr_ca] => E
    [wr_part] => A
    [wr_subject] => 조정윤
    [wr_cont1] => 사업자
    [address1] => 대전 중구 문화동 469-6 제1호
    [address2] => 
    [address3] => 
    [address_ext] => 
    [wr_m2] => 
    [wr_cont2] => [단독주택/선순위]
조정윤 (소유자) 761205
[건물] 대전광역시 중구 문화동 469-6 제1호
[토지] 대전광역시 중구 문화동 469-6


말소대환
1.국민은행 2건 1720 / 잔액 0원

* 조정윤 사업자 / 연 6000만 
* 물건지 본인거주중
* 국민 선말소 예정
* 선순위 최대요청
    [wr_amount] => 
    [wr_link1] => 
    [wr_link1_subj] => KB시세조회
    [wr_link2] => 
    [wr_link2_subj] => 
)
[MESSAGE] : 


[2024-07-05 16:03:24]
175.121.155.210 : Mozilla/5.0 (Windows NT 10.0; Win64; x64) AppleWebKit/537.36 (KHTML, like Gecko) Chrome/126.0.0.0 Safari/537.36 Edg/126.0.0.0
/home/user/hosting/loan/control/app/new/loan-act.php
[_POST] : 
Array
(
    [w] => u
    [wr_id] => 49611
    [prev_status] => 1
    [wr_ca] => E
    [wr_part] => A
    [wr_subject] => 조정윤
    [wr_cont1] => 사업자
    [address1] => 대전 중구 문화동 469-6
    [address2] => 
    [address3] =>  제1호
    [address_ext] => 
    [wr_m2] => 
    [wr_cont2] => [단독주택/선순위]
조정윤 (소유자) 761205
[건물] 대전광역시 중구 문화동 469-6 제1호
[토지] 대전광역시 중구 문화동 469-6


말소대환
1.국민은행 2건 1720 / 잔액 0원

* 조정윤 사업자 / 연 6000만 
* 물건지 본인거주중
* 국민 선말소 예정
* 선순위 최대요청
    [wr_amount] => 
    [wr_link1] => 
    [wr_link1_subj] => KB시세조회
    [wr_link2] => 
    [wr_link2_subj] => 
)
[MESSAGE] : 


[2024-07-05 16:05:47]
175.121.155.210 : Mozilla/5.0 (Windows NT 10.0; Win64; x64) AppleWebKit/537.36 (KHTML, like Gecko) Chrome/126.0.0.0 Safari/537.36 Edg/126.0.0.0
/home/user/hosting/loan/control/app/new/loan-act.php
[_POST] : 
Array
(
    [w] => pr
    [wr_id] => 49611
    [prev_status] => 1
    [next_status] => 10
    [jd_amount] => 5000
    [jd_interest] => 13.8~14.3
    [jd_condition] => 현장시세조사
    [jd_memo] => 
    [rf_first3] => 15000
    [rf_first1] => 
    [rf_first2] => 
)
[MESSAGE] : 


[2024-07-05 16:09:32]
175.121.155.210 : Mozilla/5.0 (Windows NT 10.0; Win64; x64) AppleWebKit/537.36 (KHTML, like Gecko) Chrome/126.0.0.0 Safari/537.36 Edg/126.0.0.0
/home/user/hosting/loan/control/app/new/loan-act.php
[_POST] : 
Array
(
    [w] => pr
    [wr_id] => 49612
    [prev_status] => 1
    [next_status] => 10
    [jd_amount] => 15000
    [jd_interest] => 13.5~13.8
    [jd_condition] => 선순위 감액조건
    [jd_memo] => 
    [rf_first3] => 50000
    [rf_first1] => 
    [rf_first2] => 
)
[MESSAGE] : 


[2024-07-05 16:11:23]
175.121.155.210 : Mozilla/5.0 (Windows NT 10.0; Win64; x64) AppleWebKit/537.36 (KHTML, like Gecko) Chrome/126.0.0.0 Safari/537.36 Edg/126.0.0.0
/home/user/hosting/loan/control/app/new/loan-act.php
[_POST] : 
Array
(
    [w] => pr
    [wr_id] => 49613
    [prev_status] => 1
    [next_status] => 20
    [jd_amount] => 
    [jd_interest] => 
    [jd_condition] => 
    [jd_memo] => 
    [rf_first3] => 53000
    [rf_first1] => 
    [rf_first2] => 
)
[MESSAGE] : 


[2024-07-05 16:13:10]
175.121.155.210 : Mozilla/5.0 (Windows NT 10.0; Win64; x64) AppleWebKit/537.36 (KHTML, like Gecko) Chrome/126.0.0.0 Safari/537.36 Edg/126.0.0.0
/home/user/hosting/loan/control/app/new/loan-act.php
[_POST] : 
Array
(
    [w] => pr
    [wr_id] => 49614
    [prev_status] => 1
    [next_status] => 10
    [jd_amount] => 6000
    [jd_interest] => 13.8~14.3
    [jd_condition] => 임대차 확인서 징구
    [jd_memo] => 
    [rf_first3] => 20000
    [rf_first1] => 
    [rf_first2] => 
)
[MESSAGE] : 


[2024-07-05 16:16:14]
175.121.155.210 : Mozilla/5.0 (Windows NT 10.0; Win64; x64) AppleWebKit/537.36 (KHTML, like Gecko) Chrome/126.0.0.0 Safari/537.36 Edg/126.0.0.0
/home/user/hosting/loan/control/app/new/loan-act.php
[_POST] : 
Array
(
    [w] => pr
    [wr_id] => 49615
    [prev_status] => 1
    [next_status] => 10
    [jd_amount] => 11000
    [jd_interest] => 13.5~14
    [jd_condition] => 
    [jd_memo] => 
    [rf_first3] => 20000
    [rf_first1] => 
    [rf_first2] => 
)
[MESSAGE] : 


[2024-07-05 16:16:38]
175.121.155.210 : Mozilla/5.0 (Windows NT 10.0; Win64; x64) AppleWebKit/537.36 (KHTML, like Gecko) Chrome/126.0.0.0 Safari/537.36 Edg/126.0.0.0
/home/user/hosting/loan/control/app/new/loan-act.php
[_POST] : 
Array
(
    [w] => pr
    [wr_id] => 49616
    [prev_status] => 1
    [next_status] => 10
    [jd_amount] => 18000
    [jd_interest] => 14~14.2
    [jd_condition] => 
    [jd_memo] => 
    [rf_first3] => 
    [rf_first1] => 
    [rf_first2] => 
)
[MESSAGE] : 


[2024-07-05 16:16:50]
175.121.155.210 : Mozilla/5.0 (Windows NT 10.0; Win64; x64) AppleWebKit/537.36 (KHTML, like Gecko) Chrome/126.0.0.0 Safari/537.36 Edg/126.0.0.0
/home/user/hosting/loan/control/app/new/loan-act.php
[_POST] : 
Array
(
    [w] => pr
    [wr_id] => 49616
    [prev_status] => 10
    [next_status] => 
    [jd_amount] => 18000
    [jd_interest] => 14~14.2
    [jd_condition] => 현장시세조사
    [jd_memo] => 
    [rf_first3] => 
    [rf_first1] => 
    [rf_first2] => 
)
[MESSAGE] : 


[2024-07-05 16:17:02]
175.121.155.210 : Mozilla/5.0 (Windows NT 10.0; Win64; x64) AppleWebKit/537.36 (KHTML, like Gecko) Chrome/126.0.0.0 Safari/537.36 Edg/126.0.0.0
/home/user/hosting/loan/control/app/new/loan-act.php
[_POST] : 
Array
(
    [w] => pr
    [wr_id] => 49617
    [prev_status] => 1
    [next_status] => 20
    [jd_amount] => 
    [jd_interest] => 
    [jd_condition] => 
    [jd_memo] => 
    [rf_first3] => 
    [rf_first1] => 
    [rf_first2] => 
)
[MESSAGE] : 


[2024-07-05 16:17:40]
175.121.155.210 : Mozilla/5.0 (Windows NT 10.0; Win64; x64) AppleWebKit/537.36 (KHTML, like Gecko) Chrome/126.0.0.0 Safari/537.36 Edg/126.0.0.0
/home/user/hosting/loan/control/app/new/loan-act.php
[_POST] : 
Array
(
    [w] => pr
    [wr_id] => 49618
    [prev_status] => 1
    [next_status] => 20
    [jd_amount] => 
    [jd_interest] => 
    [jd_condition] => 
    [jd_memo] => 
    [rf_first3] => 
    [rf_first1] => 
    [rf_first2] => 
)
[MESSAGE] : 


[2024-07-05 16:21:30]
175.121.155.210 : Mozilla/5.0 (Windows NT 10.0; Win64; x64) AppleWebKit/537.36 (KHTML, like Gecko) Chrome/126.0.0.0 Safari/537.36 Edg/126.0.0.0
/home/user/hosting/loan/control/app/new/loan-act.php
[_POST] : 
Array
(
    [w] => pr
    [wr_id] => 49619
    [prev_status] => 1
    [next_status] => 20
    [jd_amount] => 
    [jd_interest] => 
    [jd_condition] => 
    [jd_memo] => 
    [rf_first3] => 100000
    [rf_first1] => 
    [rf_first2] => 
)
[MESSAGE] : 


[2024-07-05 16:22:25]
175.121.155.210 : Mozilla/5.0 (Windows NT 10.0; Win64; x64) AppleWebKit/537.36 (KHTML, like Gecko) Chrome/126.0.0.0 Safari/537.36 Edg/126.0.0.0
/home/user/hosting/loan/control/app/new/loan-act.php
[_POST] : 
Array
(
    [w] => pr
    [wr_id] => 49620
    [prev_status] => 1
    [next_status] => 20
    [jd_amount] => 
    [jd_interest] => 
    [jd_condition] => 
    [jd_memo] => 
    [rf_first3] => 40000
    [rf_first1] => 
    [rf_first2] => 
)
[MESSAGE] : 


[2024-07-05 16:38:31]
175.121.155.210 : Mozilla/5.0 (Windows NT 10.0; Win64; x64) AppleWebKit/537.36 (KHTML, like Gecko) Chrome/126.0.0.0 Safari/537.36 Edg/126.0.0.0
/home/user/hosting/loan/control/app/new/loan-act.php
[_POST] : 
Array
(
    [w] => pr
    [wr_id] => 48983
    [prev_status] => 30
    [next_status] => 
    [jd_amount] => 7000
    [jd_interest] => 13.5~14
    [jd_condition] => 신.조완료(취급가능)/간편심사 진행예정
    [jd_memo] => 90백만원까지 진행 가능
현장방문 시세조사 필수(60/20)
선순위 근저당권 감액조건
    [rf_first3] => 30000
    [rf_first1] => 
    [rf_first2] => 
)
[MESSAGE] : 


[2024-07-05 17:02:05]
175.121.155.210 : Mozilla/5.0 (Windows NT 10.0; Win64; x64) AppleWebKit/537.36 (KHTML, like Gecko) Chrome/126.0.0.0 Safari/537.36 Edg/126.0.0.0
/home/user/hosting/loan/control/app/new/loan-act.php
[_POST] : 
Array
(
    [w] => u
    [wr_id] => 49621
    [prev_status] => 1
    [wr_ca] => E
    [wr_part] => A
    [wr_subject] => 남대희
    [wr_cont1] => 직장인
    [address1] => 인천 중구 중산동 1824-42
    [address2] => 
    [address3] => 
    [address_ext] => 
    [wr_m2] => 
    [wr_cont2] => [토지/후순위]
남대희 (소유자) 520227
[토지] 인천광역시 중구 중산동 1824-42

선순위 유지
1.농협 24000 / 20000
2.농협 3000 / 2500
3.농협 4800만 / 4000

* 남대희 직장인
* 농협뒤 후순위 최대요청
    [wr_amount] => 
    [wr_link1] => 
    [wr_link1_subj] => KB시세조회
    [wr_link2] => 
    [wr_link2_subj] => 
)
[MESSAGE] : 


[2024-07-05 17:34:52]
175.121.155.210 : Mozilla/5.0 (Windows NT 10.0; Win64; x64) AppleWebKit/537.36 (KHTML, like Gecko) Chrome/126.0.0.0 Safari/537.36 Edg/126.0.0.0
/home/user/hosting/loan/control/app/new/loan-act.php
[_POST] : 
Array
(
    [w] => pr
    [wr_id] => 49625
    [prev_status] => 1
    [next_status] => 
    [jd_amount] => 
    [jd_interest] => 
    [jd_condition] => 
    [jd_memo] => 직원교육용 리스트로 미검토
    [rf_first3] => 
    [rf_first1] => 
    [rf_first2] => 
)
[MESSAGE] : 


[2024-07-05 17:35:18]
175.121.155.210 : Mozilla/5.0 (Windows NT 10.0; Win64; x64) AppleWebKit/537.36 (KHTML, like Gecko) Chrome/126.0.0.0 Safari/537.36 Edg/126.0.0.0
/home/user/hosting/loan/control/app/new/loan-act.php
[_POST] : 
Array
(
    [w] => pr
    [wr_id] => 49627
    [prev_status] => 30
    [next_status] => 
    [jd_amount] => 9000
    [jd_interest] => 13.5
    [jd_condition] => 직원 교육용으로 미검토
    [jd_memo] => 자동 가승인

    [rf_first3] => 
    [rf_first1] => 
    [rf_first2] => 
)
[MESSAGE] : 


[2024-07-05 17:46:56]
175.121.155.210 : Mozilla/5.0 (Windows NT 10.0; Win64; x64) AppleWebKit/537.36 (KHTML, like Gecko) Chrome/126.0.0.0 Safari/537.36 Edg/126.0.0.0
/home/user/hosting/loan/control/app/new/loan-act.php
[_POST] : 
Array
(
    [w] => pr
    [wr_id] => 49621
    [prev_status] => 1
    [next_status] => 10
    [jd_amount] => 9000
    [jd_interest] => 15
    [jd_condition] => 현장시세조사 필수
    [jd_memo] => 
    [rf_first3] => 90000
    [rf_first1] => 
    [rf_first2] => 
)
[MESSAGE] : 


[2024-07-05 17:53:45]
175.121.155.210 : Mozilla/5.0 (Windows NT 10.0; Win64; x64) AppleWebKit/537.36 (KHTML, like Gecko) Chrome/126.0.0.0 Safari/537.36 Edg/126.0.0.0
/home/user/hosting/loan/control/app/new/loan-act.php
[_POST] : 
Array
(
    [w] => pr
    [wr_id] => 49498
    [prev_status] => 30
    [next_status] => 
    [jd_amount] => 26000
    [jd_interest] => 13.3~13.8
    [jd_condition] => 부재중/안내문자 발송
    [jd_memo] => 
    [rf_first3] => 
    [rf_first1] => 
    [rf_first2] => 
)
[MESSAGE] : 


[2024-07-05 17:54:21]
175.121.155.210 : Mozilla/5.0 (Windows NT 10.0; Win64; x64) AppleWebKit/537.36 (KHTML, like Gecko) Chrome/126.0.0.0 Safari/537.36 Edg/126.0.0.0
/home/user/hosting/loan/control/app/new/loan-act.php
[_POST] : 
Array
(
    [w] => u
    [wr_id] => 49620
    [prev_status] => 20
    [wr_ca] => A
    [wr_part] => A
    [wr_subject] => 김민정 / 2순위
    [wr_cont1] => [아파트 / 2순위]
김민정 / 721114 (만51세)
    [address1] => 경기 파주시 목동동 898
    [address2] => (목동동, 운정 화성파크드림 시그니처)
    [address3] => 제703동 제24층 제2402호
    [address_ext] => 1047세대 / 25층 중 24층
    [wr_m2] => 74.98
    [wr_cont2] => [아파트 / 2순위]
김민정 / 721114 (만51세)

경기도 파주시 목동동 898 운정화성파크드림시그니처 제703동 제24층 제2402호
전용 74.98 ㎡ / 1047세대 / 25층 중 24층

▶ KB 하 46,000만 / 일 48,250만 (일)
* 실거래: 40,000만(24.05.21)
* 대지권: 있음
* 소유권이전일: 2020년 05월 25일

▶  선순위 // LTV (최고액: 43.73%, 원금: 36.44%)
1. 농협은행 21,100만 (17,583만) / 120.0%
:: 총 합계 21,100만  (17,583만)

▶  대환/말소대상// LTV (최고액: 80%, 원금: 65.71%)
1. 중소기업은행 13,900만 (11,120만) / 125.0% *채무자 양승현/배우자
2. 디지비캐피탈 3,600만 (3,000만) / 120.0%
:: 총 합계 17,500만  (14,120만)

* 법인대표 
* 기업은행+캐피탈 대환 2순위 한도요청
    [wr_amount] => 
    [wr_link1] => https://kbland.kr/c/39632
    [wr_link1_subj] => KB시세조회
    [wr_link2] => 
    [wr_link2_subj] => 
)
[MESSAGE] : 


[2024-07-05 17:54:33]
175.121.155.210 : Mozilla/5.0 (Windows NT 10.0; Win64; x64) AppleWebKit/537.36 (KHTML, like Gecko) Chrome/126.0.0.0 Safari/537.36 Edg/126.0.0.0
/home/user/hosting/loan/control/app/new/loan-act.php
[_POST] : 
Array
(
    [w] => u
    [wr_id] => 49623
    [prev_status] => 1
    [wr_ca] => A
    [wr_part] => A
    [wr_subject] => 김연수
    [wr_cont1] => 직장인
    [address1] => 세종특별자치시 종촌동 692
    [address2] => (종촌동, 가재마을8단지)
    [address3] => 가재마을8단지 제802동 제25층 제2504호
    [address_ext] => 
    [wr_m2] => 
    [wr_cont2] => 김연수 / 직장인 / 61세
세종특별자치시 종촌동 692 가재마을8단지 제802동 제25층 제2504호
아파트 / 254세대 / 총 3동 / 84.67㎡ / 방 3개 / 25층 / 전체 26층
소유권 이전일 2021.12.10

34,000(KB 하한) / 40,000(KB 일반)

◈선순위
1.농협은행주식회사 19,800(18,000)
총 설정 19,800만원 총 원금 18,000만원
(시세대비 원금 45% 사용중)
===============

후순위 부탁드립니다
    [wr_amount] => 
    [wr_link1] => 
    [wr_link1_subj] => KB시세조회
    [wr_link2] => 
    [wr_link2_subj] => 
)
[MESSAGE] : 


[2024-07-05 17:56:23]
175.121.155.210 : Mozilla/5.0 (Windows NT 10.0; Win64; x64) AppleWebKit/537.36 (KHTML, like Gecko) Chrome/126.0.0.0 Safari/537.36 Edg/126.0.0.0
/home/user/hosting/loan/control/app/new/loan-act.php
[_POST] : 
Array
(
    [w] => pr
    [wr_id] => 49622
    [prev_status] => 1
    [next_status] => 10
    [jd_amount] => 9500
    [jd_interest] => 13.3~13.8
    [jd_condition] => 
    [jd_memo] => 3000
    [rf_first3] => 35000
    [rf_first1] => 
    [rf_first2] => 
)
[MESSAGE] : 


[2024-07-05 17:57:51]
175.121.155.210 : Mozilla/5.0 (Windows NT 10.0; Win64; x64) AppleWebKit/537.36 (KHTML, like Gecko) Chrome/126.0.0.0 Safari/537.36 Edg/126.0.0.0
/home/user/hosting/loan/control/app/new/loan-act.php
[_POST] : 
Array
(
    [w] => pr
    [wr_id] => 49623
    [prev_status] => 1
    [next_status] => 10
    [jd_amount] => 3500
    [jd_interest] => 13.5~13.8
    [jd_condition] => 
    [jd_memo] => 
    [rf_first3] => 35000
    [rf_first1] => 
    [rf_first2] => 
)
[MESSAGE] : 


[2024-07-05 17:58:11]
175.121.155.210 : Mozilla/5.0 (Windows NT 10.0; Win64; x64) AppleWebKit/537.36 (KHTML, like Gecko) Chrome/126.0.0.0 Safari/537.36 Edg/126.0.0.0
/home/user/hosting/loan/control/app/new/loan-act.php
[_POST] : 
Array
(
    [w] => u
    [wr_id] => 49624
    [prev_status] => 1
    [wr_ca] => E
    [wr_part] => A
    [wr_subject] => 홍성자 홍성옥 홍준기 (남매)
    [wr_cont1] => 사업자
    [address1] => 경기 광주시 역동 354-5
    [address2] => 
    [address3] => 역동  354-7
    [address_ext] => 
    [wr_m2] => 
    [wr_cont2] => 토지

*명의인 : 홍성자 홍성옥 홍준기 (남매)
*주소 : 경기도 광주시 역동 354-5 &  354-7
*직업 :사업자
*전용 : 327.4 / 384.2
*개별 공가 : 1.890.000 / 1.890.000
*총공가 : 618.786.000 / 726.138.000
*설정 :  
설정 16900 원금 13000 광주농업협동조합(16.6.14) - 354-5
설정 117600 원금 98000 광주농업협동조합(22.11.4) - 공담
설정 10800 원금 9000 광주농업협동조합(23.3.31) - 공담
설정 72000 원금 60000 광주농업협동조합(23.11.9) - 공담
설정 12000 원금 10000 광주농업협동조합(24.3.14) - 공담
설정 12000 원금 8000 허원태(24.5.16) - 354-5
총설정 241300 원금 198000

*특이사항 : 
=========================
한도 확인 부탁드립니다
    [wr_amount] => 
    [wr_link1] => 
    [wr_link1_subj] => KB시세조회
    [wr_link2] => 
    [wr_link2_subj] => 
)
[MESSAGE] : 


[2024-07-05 18:08:34]
175.121.155.210 : Mozilla/5.0 (Windows NT 10.0; Win64; x64) AppleWebKit/537.36 (KHTML, like Gecko) Chrome/126.0.0.0 Safari/537.36 Edg/126.0.0.0
/home/user/hosting/loan/control/app/new/loan-act.php
[_POST] : 
Array
(
    [w] => pr
    [wr_id] => 49624
    [prev_status] => 1
    [next_status] => 20
    [jd_amount] => 
    [jd_interest] => 
    [jd_condition] => 
    [jd_memo] => 
    [rf_first3] => 350000
    [rf_first1] => 
    [rf_first2] => 
)
[MESSAGE] : 


[2024-07-05 18:08:49]
175.121.155.210 : Mozilla/5.0 (Windows NT 10.0; Win64; x64) AppleWebKit/537.36 (KHTML, like Gecko) Chrome/126.0.0.0 Safari/537.36 Edg/126.0.0.0
/home/user/hosting/loan/control/app/new/loan-act.php
[_POST] : 
Array
(
    [w] => pr
    [wr_id] => 49625
    [prev_status] => 1
    [next_status] => 
    [jd_amount] => 
    [jd_interest] => 
    [jd_condition] => 직원교육용 리스트로 미검토
    [jd_memo] => 직원교육용 리스트로 미검토
    [rf_first3] => 
    [rf_first1] => 
    [rf_first2] => 
)
[MESSAGE] : 


[2024-07-05 18:09:00]
175.121.155.210 : Mozilla/5.0 (Windows NT 10.0; Win64; x64) AppleWebKit/537.36 (KHTML, like Gecko) Chrome/126.0.0.0 Safari/537.36 Edg/126.0.0.0
/home/user/hosting/loan/control/app/new/loan-act.php
[_POST] : 
Array
(
    [w] => pr
    [wr_id] => 49625
    [prev_status] => 1
    [next_status] => 20
    [jd_amount] => 
    [jd_interest] => 
    [jd_condition] => 직원교육용 리스트로 미검토
    [jd_memo] => 직원교육용 리스트로 미검토
    [rf_first3] => 
    [rf_first1] => 
    [rf_first2] => 
)
[MESSAGE] : 


[2024-07-05 18:09:13]
175.121.155.210 : Mozilla/5.0 (Windows NT 10.0; Win64; x64) AppleWebKit/537.36 (KHTML, like Gecko) Chrome/126.0.0.0 Safari/537.36 Edg/126.0.0.0
/home/user/hosting/loan/control/app/new/loan-act.php
[_POST] : 
Array
(
    [w] => pr
    [wr_id] => 49626
    [prev_status] => 1
    [next_status] => 20
    [jd_amount] => 
    [jd_interest] => 
    [jd_condition] => 
    [jd_memo] => 
    [rf_first3] => 
    [rf_first1] => 
    [rf_first2] => 
)
[MESSAGE] : 


[2024-07-05 18:09:22]
175.121.155.210 : Mozilla/5.0 (Windows NT 10.0; Win64; x64) AppleWebKit/537.36 (KHTML, like Gecko) Chrome/126.0.0.0 Safari/537.36 Edg/126.0.0.0
/home/user/hosting/loan/control/app/new/loan-act.php
[_POST] : 
Array
(
    [w] => pr
    [wr_id] => 49627
    [prev_status] => 30
    [next_status] => 
    [jd_amount] => 9000
    [jd_interest] => 13.5
    [jd_condition] => 직원 교육용으로 미검토
    [jd_memo] => 자동 가승인

    [rf_first3] => 
    [rf_first1] => 
    [rf_first2] => 
)
[MESSAGE] : 


[2024-07-05 18:10:15]
175.121.155.210 : Mozilla/5.0 (Windows NT 10.0; Win64; x64) AppleWebKit/537.36 (KHTML, like Gecko) Chrome/126.0.0.0 Safari/537.36 Edg/126.0.0.0
/home/user/hosting/loan/control/app/new/loan-act.php
[_POST] : 
Array
(
    [w] => pr
    [wr_id] => 49628
    [prev_status] => 1
    [next_status] => 20
    [jd_amount] => 
    [jd_interest] => 
    [jd_condition] => 
    [jd_memo] => 
    [rf_first3] => 28000
    [rf_first1] => 
    [rf_first2] => 
)
[MESSAGE] : 


[2024-07-05 18:14:07]
175.121.155.210 : Mozilla/5.0 (Windows NT 10.0; Win64; x64) AppleWebKit/537.36 (KHTML, like Gecko) Chrome/126.0.0.0 Safari/537.36 Edg/126.0.0.0
/home/user/hosting/loan/control/app/new/loan-act.php
[_POST] : 
Array
(
    [w] => pr
    [wr_id] => 49629
    [prev_status] => 1
    [next_status] => 20
    [jd_amount] => 
    [jd_interest] => 
    [jd_condition] => 
    [jd_memo] => 
    [rf_first3] => 100000
    [rf_first1] => 
    [rf_first2] => 
)
[MESSAGE] : 


[2024-07-05 18:15:46]
175.121.155.210 : Mozilla/5.0 (Windows NT 10.0; Win64; x64) AppleWebKit/537.36 (KHTML, like Gecko) Chrome/126.0.0.0 Safari/537.36 Edg/126.0.0.0
/home/user/hosting/loan/control/app/new/loan-act.php
[_POST] : 
Array
(
    [w] => pr
    [wr_id] => 49630
    [prev_status] => 1
    [next_status] => 10
    [jd_amount] => 3000
    [jd_interest] => 13.5
    [jd_condition] => 임대차 확인서 징구
    [jd_memo] => 23000
    [rf_first3] => 65000
    [rf_first1] => 
    [rf_first2] => 
)
[MESSAGE] : 


[2024-07-05 18:56:54]
175.121.155.210 : Mozilla/5.0 (Windows NT 10.0; Win64; x64) AppleWebKit/537.36 (KHTML, like Gecko) Chrome/126.0.0.0 Safari/537.36 Edg/126.0.0.0
/home/user/hosting/loan/control/app/new/loan-act.php
[_POST] : 
Array
(
    [w] => pr
    [wr_id] => 49565
    [prev_status] => 30
    [next_status] => 
    [jd_amount] => 4000
    [jd_interest] => 13.5~14
    [jd_condition] => 3000만원 / 14% / 3.85% / 12개월로 심사완료 / 자서서류 문자발송
    [jd_memo] => 신.조완료(취급가능)/간편심사 진행예정
    [rf_first3] => 
    [rf_first1] => 
    [rf_first2] => 
)
[MESSAGE] : 

