
[2024-08-12 09:47:31]
175.121.155.210 : Mozilla/5.0 (Windows NT 10.0; Win64; x64) AppleWebKit/537.36 (KHTML, like Gecko) Chrome/127.0.0.0 Safari/537.36 Edg/127.0.0.0
/home/namo/loan/control/app/new/loan-act.php
[_POST] : 
Array
(
    [w] => pr
    [wr_id] => 52060
    [prev_status] => 1
    [next_status] => 
    [jd_amount] => 
    [jd_interest] => 
    [jd_condition] => 등기부등본 첨부 부탁드립니다
    [jd_memo] => 
    [rf_first3] => 
    [rf_first1] => 
    [rf_first2] => 
)
[MESSAGE] : 


[2024-08-12 10:03:15]
175.121.155.210 : Mozilla/5.0 (Windows NT 10.0; Win64; x64) AppleWebKit/537.36 (KHTML, like Gecko) Chrome/127.0.0.0 Safari/537.36 Edg/127.0.0.0
/home/namo/loan/control/app/new/loan-act.php
[_POST] : 
Array
(
    [w] => pr
    [wr_id] => 52060
    [prev_status] => 1
    [next_status] => 10
    [jd_amount] => 12000
    [jd_interest] => 13.5~13.8
    [jd_condition] => 등기부등본 첨부 부탁드립니다
    [jd_memo] => 
    [rf_first3] => 55000
    [rf_first1] => 
    [rf_first2] => 
)
[MESSAGE] : 


[2024-08-12 10:10:53]
175.121.155.210 : Mozilla/5.0 (Windows NT 10.0; Win64; x64) AppleWebKit/537.36 (KHTML, like Gecko) Chrome/127.0.0.0 Safari/537.36 Edg/127.0.0.0
/home/namo/loan/control/app/new/loan-act.php
[_POST] : 
Array
(
    [w] => pr
    [wr_id] => 52061
    [prev_status] => 1
    [next_status] => 20
    [jd_amount] => 
    [jd_interest] => 
    [jd_condition] => 
    [jd_memo] => 
    [rf_first3] => 120000
    [rf_first1] => 
    [rf_first2] => 
)
[MESSAGE] : 


[2024-08-12 10:12:56]
175.121.155.210 : Mozilla/5.0 (Windows NT 10.0; Win64; x64) AppleWebKit/537.36 (KHTML, like Gecko) Chrome/127.0.0.0 Safari/537.36 Edg/127.0.0.0
/home/namo/loan/control/app/new/loan-act.php
[_POST] : 
Array
(
    [w] => pr
    [wr_id] => 52062
    [prev_status] => 1
    [next_status] => 20
    [jd_amount] => 
    [jd_interest] => 
    [jd_condition] => 
    [jd_memo] => 
    [rf_first3] => 17000
    [rf_first1] => 
    [rf_first2] => 
)
[MESSAGE] : 


[2024-08-12 10:13:55]
175.121.155.210 : Mozilla/5.0 (Windows NT 10.0; Win64; x64) AppleWebKit/537.36 (KHTML, like Gecko) Chrome/127.0.0.0 Safari/537.36 Edg/127.0.0.0
/home/namo/loan/control/app/new/loan-act.php
[_POST] : 
Array
(
    [w] => pr
    [wr_id] => 52063
    [prev_status] => 1
    [next_status] => 20
    [jd_amount] => 
    [jd_interest] => 
    [jd_condition] => 
    [jd_memo] => 
    [rf_first3] => 35000
    [rf_first1] => 
    [rf_first2] => 
)
[MESSAGE] : 


[2024-08-12 10:16:04]
175.121.155.210 : Mozilla/5.0 (Windows NT 10.0; Win64; x64) AppleWebKit/537.36 (KHTML, like Gecko) Chrome/127.0.0.0 Safari/537.36 Edg/127.0.0.0
/home/namo/loan/control/app/new/loan-act.php
[_POST] : 
Array
(
    [w] => pr
    [wr_id] => 52064
    [prev_status] => 1
    [next_status] => 10
    [jd_amount] => 15000
    [jd_interest] => 13.3~13.8
    [jd_condition] => 
    [jd_memo] => 
    [rf_first3] => 45000
    [rf_first1] => 
    [rf_first2] => 
)
[MESSAGE] : 


[2024-08-12 10:18:03]
175.121.155.210 : Mozilla/5.0 (Windows NT 10.0; Win64; x64) AppleWebKit/537.36 (KHTML, like Gecko) Chrome/127.0.0.0 Safari/537.36 Edg/127.0.0.0
/home/namo/loan/control/app/new/loan-act.php
[_POST] : 
Array
(
    [w] => pr
    [wr_id] => 52065
    [prev_status] => 1
    [next_status] => 20
    [jd_amount] => 
    [jd_interest] => 
    [jd_condition] => 
    [jd_memo] => 
    [rf_first3] => 17000
    [rf_first1] => 
    [rf_first2] => 
)
[MESSAGE] : 


[2024-08-12 10:18:13]
175.121.155.210 : Mozilla/5.0 (Windows NT 10.0; Win64; x64) AppleWebKit/537.36 (KHTML, like Gecko) Chrome/127.0.0.0 Safari/537.36 Edg/127.0.0.0
/home/namo/loan/control/app/new/loan-act.php
[_POST] : 
Array
(
    [w] => pr
    [wr_id] => 52066
    [prev_status] => 1
    [next_status] => 20
    [jd_amount] => 
    [jd_interest] => 
    [jd_condition] => 
    [jd_memo] => 
    [rf_first3] => 
    [rf_first1] => 
    [rf_first2] => 
)
[MESSAGE] : 


[2024-08-12 10:18:34]
175.121.155.210 : Mozilla/5.0 (Windows NT 10.0; Win64; x64) AppleWebKit/537.36 (KHTML, like Gecko) Chrome/127.0.0.0 Safari/537.36 Edg/127.0.0.0
/home/namo/loan/control/app/new/loan-act.php
[_POST] : 
Array
(
    [w] => pr
    [wr_id] => 52068
    [prev_status] => 1
    [next_status] => 20
    [jd_amount] => 
    [jd_interest] => 
    [jd_condition] => 
    [jd_memo] => 
    [rf_first3] => 
    [rf_first1] => 
    [rf_first2] => 
)
[MESSAGE] : 


[2024-08-12 10:22:19]
175.121.155.210 : Mozilla/5.0 (Windows NT 10.0; Win64; x64) AppleWebKit/537.36 (KHTML, like Gecko) Chrome/127.0.0.0 Safari/537.36 Edg/127.0.0.0
/home/namo/loan/control/app/new/loan-act.php
[_POST] : 
Array
(
    [w] => pr
    [wr_id] => 52069
    [prev_status] => 1
    [next_status] => 10
    [jd_amount] => 5000
    [jd_interest] => 13.5~14
    [jd_condition] => 현장방문 시세조사 필수
    [jd_memo] => 
    [rf_first3] => 45000
    [rf_first1] => 
    [rf_first2] => 
)
[MESSAGE] : 


[2024-08-12 10:25:16]
175.121.155.210 : Mozilla/5.0 (Windows NT 10.0; Win64; x64) AppleWebKit/537.36 (KHTML, like Gecko) Chrome/127.0.0.0 Safari/537.36 Edg/127.0.0.0
/home/namo/loan/control/app/new/loan-act.php
[_POST] : 
Array
(
    [w] => pr
    [wr_id] => 52070
    [prev_status] => 1
    [next_status] => 20
    [jd_amount] => 
    [jd_interest] => 
    [jd_condition] => 
    [jd_memo] => 
    [rf_first3] => 180000
    [rf_first1] => 
    [rf_first2] => 
)
[MESSAGE] : 


[2024-08-12 10:28:37]
175.121.155.210 : Mozilla/5.0 (Windows NT 10.0; Win64; x64) AppleWebKit/537.36 (KHTML, like Gecko) Chrome/127.0.0.0 Safari/537.36 Edg/127.0.0.0
/home/namo/loan/control/app/new/loan-act.php
[_POST] : 
Array
(
    [w] => pr
    [wr_id] => 52071
    [prev_status] => 1
    [next_status] => 20
    [jd_amount] => 
    [jd_interest] => 
    [jd_condition] => 
    [jd_memo] => 
    [rf_first3] => 25000
    [rf_first1] => 
    [rf_first2] => 
)
[MESSAGE] : 


[2024-08-12 10:50:29]
175.121.155.210 : Mozilla/5.0 (Windows NT 10.0; Win64; x64) AppleWebKit/537.36 (KHTML, like Gecko) Chrome/127.0.0.0 Safari/537.36 Edg/127.0.0.0
/home/namo/loan/control/app/new/loan-act.php
[_POST] : 
Array
(
    [w] => pr
    [wr_id] => 52072
    [prev_status] => 1
    [next_status] => 20
    [jd_amount] => 
    [jd_interest] => 
    [jd_condition] => 
    [jd_memo] => 
    [rf_first3] => 26000
    [rf_first1] => 
    [rf_first2] => 
)
[MESSAGE] : 


[2024-08-12 10:50:54]
175.121.155.210 : Mozilla/5.0 (Windows NT 10.0; Win64; x64) AppleWebKit/537.36 (KHTML, like Gecko) Chrome/127.0.0.0 Safari/537.36 Edg/127.0.0.0
/home/namo/loan/control/app/new/loan-act.php
[_POST] : 
Array
(
    [w] => pr
    [wr_id] => 52073
    [prev_status] => 1
    [next_status] => 20
    [jd_amount] => 
    [jd_interest] => 
    [jd_condition] => 
    [jd_memo] => 
    [rf_first3] => 17000
    [rf_first1] => 
    [rf_first2] => 
)
[MESSAGE] : 


[2024-08-12 10:53:10]
175.121.155.210 : Mozilla/5.0 (Windows NT 10.0; Win64; x64) AppleWebKit/537.36 (KHTML, like Gecko) Chrome/127.0.0.0 Safari/537.36 Edg/127.0.0.0
/home/namo/loan/control/app/new/loan-act.php
[_POST] : 
Array
(
    [w] => pr
    [wr_id] => 52074
    [prev_status] => 1
    [next_status] => 20
    [jd_amount] => 
    [jd_interest] => 
    [jd_condition] => 당사 기접수 후 본인 취소된 건입니다
    [jd_memo] => 
    [rf_first3] => 
    [rf_first1] => 
    [rf_first2] => 
)
[MESSAGE] : 


[2024-08-12 10:53:27]
175.121.155.210 : Mozilla/5.0 (Windows NT 10.0; Win64; x64) AppleWebKit/537.36 (KHTML, like Gecko) Chrome/127.0.0.0 Safari/537.36 Edg/127.0.0.0
/home/namo/loan/control/app/new/loan-act.php
[_POST] : 
Array
(
    [w] => pr
    [wr_id] => 52075
    [prev_status] => 1
    [next_status] => 20
    [jd_amount] => 
    [jd_interest] => 
    [jd_condition] => 
    [jd_memo] => 
    [rf_first3] => 37000
    [rf_first1] => 
    [rf_first2] => 
)
[MESSAGE] : 


[2024-08-12 10:55:00]
175.121.155.210 : Mozilla/5.0 (Windows NT 10.0; Win64; x64) AppleWebKit/537.36 (KHTML, like Gecko) Chrome/127.0.0.0 Safari/537.36 Edg/127.0.0.0
/home/namo/loan/control/app/new/loan-act.php
[_POST] : 
Array
(
    [w] => pr
    [wr_id] => 52076
    [prev_status] => 1
    [next_status] => 10
    [jd_amount] => 160000
    [jd_interest] => 13.3~13.8
    [jd_condition] => 거액여신으로 사전협의건 입니다
    [jd_memo] => 
    [rf_first3] => 
    [rf_first1] => 
    [rf_first2] => 
)
[MESSAGE] : 


[2024-08-12 10:55:37]
175.121.155.210 : Mozilla/5.0 (Windows NT 10.0; Win64; x64) AppleWebKit/537.36 (KHTML, like Gecko) Chrome/127.0.0.0 Safari/537.36 Edg/127.0.0.0
/home/namo/loan/control/app/new/loan-act.php
[_POST] : 
Array
(
    [w] => pr
    [wr_id] => 52077
    [prev_status] => 1
    [next_status] => 20
    [jd_amount] => 
    [jd_interest] => 
    [jd_condition] => 
    [jd_memo] => 
    [rf_first3] => 
    [rf_first1] => 
    [rf_first2] => 
)
[MESSAGE] : 


[2024-08-12 10:57:36]
175.121.155.210 : Mozilla/5.0 (Windows NT 10.0; Win64; x64) AppleWebKit/537.36 (KHTML, like Gecko) Chrome/127.0.0.0 Safari/537.36 Edg/127.0.0.0
/home/namo/loan/control/app/new/loan-act.php
[_POST] : 
Array
(
    [w] => pr
    [wr_id] => 52078
    [prev_status] => 1
    [next_status] => 20
    [jd_amount] => 
    [jd_interest] => 
    [jd_condition] => 
    [jd_memo] => 
    [rf_first3] => 100000
    [rf_first1] => 
    [rf_first2] => 
)
[MESSAGE] : 


[2024-08-12 10:57:48]
175.121.155.210 : Mozilla/5.0 (Windows NT 10.0; Win64; x64) AppleWebKit/537.36 (KHTML, like Gecko) Chrome/127.0.0.0 Safari/537.36 Edg/127.0.0.0
/home/namo/loan/control/app/new/loan-act.php
[_POST] : 
Array
(
    [w] => pr
    [wr_id] => 52079
    [prev_status] => 1
    [next_status] => 20
    [jd_amount] => 
    [jd_interest] => 
    [jd_condition] => 
    [jd_memo] => 
    [rf_first3] => 19000
    [rf_first1] => 
    [rf_first2] => 
)
[MESSAGE] : 


[2024-08-12 10:58:47]
175.121.155.210 : Mozilla/5.0 (Windows NT 10.0; Win64; x64) AppleWebKit/537.36 (KHTML, like Gecko) Chrome/127.0.0.0 Safari/537.36 Edg/127.0.0.0
/home/namo/loan/control/app/new/loan-act.php
[_POST] : 
Array
(
    [w] => pr
    [wr_id] => 52080
    [prev_status] => 1
    [next_status] => 20
    [jd_amount] => 
    [jd_interest] => 
    [jd_condition] => 
    [jd_memo] => 
    [rf_first3] => 57000
    [rf_first1] => 
    [rf_first2] => 
)
[MESSAGE] : 


[2024-08-12 10:59:21]
175.121.155.210 : Mozilla/5.0 (Windows NT 10.0; Win64; x64) AppleWebKit/537.36 (KHTML, like Gecko) Chrome/127.0.0.0 Safari/537.36 Edg/127.0.0.0
/home/namo/loan/control/app/new/loan-act.php
[_POST] : 
Array
(
    [w] => pr
    [wr_id] => 52081
    [prev_status] => 1
    [next_status] => 10
    [jd_amount] => 4000
    [jd_interest] => 13.5~13.9
    [jd_condition] => 
    [jd_memo] => 
    [rf_first3] => 54000
    [rf_first1] => 
    [rf_first2] => 
)
[MESSAGE] : 


[2024-08-12 10:59:37]
175.121.155.210 : Mozilla/5.0 (Windows NT 10.0; Win64; x64) AppleWebKit/537.36 (KHTML, like Gecko) Chrome/127.0.0.0 Safari/537.36 Edg/127.0.0.0
/home/namo/loan/control/app/new/loan-act.php
[_POST] : 
Array
(
    [w] => pr
    [wr_id] => 52082
    [prev_status] => 1
    [next_status] => 20
    [jd_amount] => 
    [jd_interest] => 
    [jd_condition] => 
    [jd_memo] => 
    [rf_first3] => 
    [rf_first1] => 
    [rf_first2] => 
)
[MESSAGE] : 


[2024-08-12 11:01:04]
175.121.155.210 : Mozilla/5.0 (Windows NT 10.0; Win64; x64) AppleWebKit/537.36 (KHTML, like Gecko) Chrome/127.0.0.0 Safari/537.36 Edg/127.0.0.0
/home/namo/loan/control/app/new/loan-act.php
[_POST] : 
Array
(
    [w] => pr
    [wr_id] => 52083
    [prev_status] => 1
    [next_status] => 20
    [jd_amount] => 
    [jd_interest] => 
    [jd_condition] => 
    [jd_memo] => 
    [rf_first3] => 43000
    [rf_first1] => 
    [rf_first2] => 
)
[MESSAGE] : 


[2024-08-12 11:02:49]
175.121.155.210 : Mozilla/5.0 (Windows NT 10.0; Win64; x64) AppleWebKit/537.36 (KHTML, like Gecko) Chrome/127.0.0.0 Safari/537.36 Edg/127.0.0.0
/home/namo/loan/control/app/new/loan-act.php
[_POST] : 
Array
(
    [w] => pr
    [wr_id] => 52085
    [prev_status] => 10
    [next_status] => 10
    [jd_amount] => 7000
    [jd_interest] => 13.5~13.8
    [jd_condition] => 
    [jd_memo] => 자동 가승인
    [rf_first3] => 38000
    [rf_first1] => 
    [rf_first2] => 
)
[MESSAGE] : 


[2024-08-12 11:02:59]
175.121.155.210 : Mozilla/5.0 (Windows NT 10.0; Win64; x64) AppleWebKit/537.36 (KHTML, like Gecko) Chrome/127.0.0.0 Safari/537.36 Edg/127.0.0.0
/home/namo/loan/control/app/new/loan-act.php
[_POST] : 
Array
(
    [w] => pr
    [wr_id] => 52085
    [prev_status] => 10
    [next_status] => 
    [jd_amount] => 7000
    [jd_interest] => 13.5~13.8
    [jd_condition] => 
    [jd_memo] => 자동 가승인 조정
    [rf_first3] => 38000
    [rf_first1] => 
    [rf_first2] => 
)
[MESSAGE] : 


[2024-08-12 11:06:50]
175.121.155.210 : Mozilla/5.0 (Windows NT 10.0; Win64; x64) AppleWebKit/537.36 (KHTML, like Gecko) Chrome/127.0.0.0 Safari/537.36 Edg/127.0.0.0
/home/namo/loan/control/app/new/loan-act.php
[_POST] : 
Array
(
    [w] => pr
    [wr_id] => 52084
    [prev_status] => 1
    [next_status] => 10
    [jd_amount] => 7000
    [jd_interest] => 13.5~13.8
    [jd_condition] => 
    [jd_memo] => 
    [rf_first3] => 38000
    [rf_first1] => 
    [rf_first2] => 
)
[MESSAGE] : 


[2024-08-12 11:14:26]
175.121.155.210 : Mozilla/5.0 (Windows NT 10.0; Win64; x64) AppleWebKit/537.36 (KHTML, like Gecko) Chrome/127.0.0.0 Safari/537.36 Edg/127.0.0.0
/home/namo/loan/control/app/new/loan-act.php
[_POST] : 
Array
(
    [w] => pr
    [wr_id] => 52086
    [prev_status] => 1
    [next_status] => 10
    [jd_amount] => 12000
    [jd_interest] => 13.5~13.8
    [jd_condition] => 2순위 개인대환 조건
    [jd_memo] => 
    [rf_first3] => 
    [rf_first1] => 
    [rf_first2] => 
)
[MESSAGE] : 


[2024-08-12 11:14:45]
175.121.155.210 : Mozilla/5.0 (Windows NT 10.0; Win64; x64) AppleWebKit/537.36 (KHTML, like Gecko) Chrome/127.0.0.0 Safari/537.36 Edg/127.0.0.0
/home/namo/loan/control/app/new/loan-act.php
[_POST] : 
Array
(
    [w] => pr
    [wr_id] => 52087
    [prev_status] => 1
    [next_status] => 10
    [jd_amount] => 7000
    [jd_interest] => 13.5~13.8
    [jd_condition] => 
    [jd_memo] => 
    [rf_first3] => 
    [rf_first1] => 
    [rf_first2] => 
)
[MESSAGE] : 


[2024-08-12 11:15:32]
175.121.155.210 : Mozilla/5.0 (Windows NT 10.0; Win64; x64) AppleWebKit/537.36 (KHTML, like Gecko) Chrome/127.0.0.0 Safari/537.36 Edg/127.0.0.0
/home/namo/loan/control/app/new/loan-act.php
[_POST] : 
Array
(
    [w] => pr
    [wr_id] => 52088
    [prev_status] => 1
    [next_status] => 10
    [jd_amount] => 24000
    [jd_interest] => 13.5~14
    [jd_condition] => 신탁+근저당권
하자 동시정리시 지급수수료 조정건입니다
    [jd_memo] => 
    [rf_first3] => 
    [rf_first1] => 
    [rf_first2] => 
)
[MESSAGE] : 


[2024-08-12 11:16:50]
175.121.155.210 : Mozilla/5.0 (Windows NT 10.0; Win64; x64) AppleWebKit/537.36 (KHTML, like Gecko) Chrome/127.0.0.0 Safari/537.36 Edg/127.0.0.0
/home/namo/loan/control/app/new/loan-act.php
[_POST] : 
Array
(
    [w] => pr
    [wr_id] => 52089
    [prev_status] => 1
    [next_status] => 20
    [jd_amount] => 
    [jd_interest] => 
    [jd_condition] => 
    [jd_memo] => 
    [rf_first3] => 
    [rf_first1] => 
    [rf_first2] => 
)
[MESSAGE] : 


[2024-08-12 11:19:01]
175.121.155.210 : Mozilla/5.0 (Windows NT 10.0; Win64; x64) AppleWebKit/537.36 (KHTML, like Gecko) Chrome/127.0.0.0 Safari/537.36 Edg/127.0.0.0
/home/namo/loan/control/app/new/loan-act.php
[_POST] : 
Array
(
    [w] => pr
    [wr_id] => 52090
    [prev_status] => 1
    [next_status] => 10
    [jd_amount] => 32000
    [jd_interest] => 13.3~13.8
    [jd_condition] => 
    [jd_memo] => 
    [rf_first3] => 110000
    [rf_first1] => 
    [rf_first2] => 
)
[MESSAGE] : 


[2024-08-12 11:33:00]
175.121.155.210 : Mozilla/5.0 (Windows NT 10.0; Win64; x64) AppleWebKit/537.36 (KHTML, like Gecko) Chrome/127.0.0.0 Safari/537.36 Edg/127.0.0.0
/home/namo/loan/control/app/new/loan-act.php
[_POST] : 
Array
(
    [w] => pr
    [wr_id] => 52091
    [prev_status] => 1
    [next_status] => 20
    [jd_amount] => 
    [jd_interest] => 
    [jd_condition] => 
    [jd_memo] => 
    [rf_first3] => 25000
    [rf_first1] => 
    [rf_first2] => 
)
[MESSAGE] : 


[2024-08-12 11:34:09]
175.121.155.210 : Mozilla/5.0 (Windows NT 10.0; Win64; x64) AppleWebKit/537.36 (KHTML, like Gecko) Chrome/127.0.0.0 Safari/537.36 Edg/127.0.0.0
/home/namo/loan/control/app/new/loan-act.php
[_POST] : 
Array
(
    [w] => pr
    [wr_id] => 52092
    [prev_status] => 1
    [next_status] => 10
    [jd_amount] => 3000
    [jd_interest] => 13.5~14
    [jd_condition] => 
    [jd_memo] => 
    [rf_first3] => 30000
    [rf_first1] => 
    [rf_first2] => 
)
[MESSAGE] : 


[2024-08-12 11:35:49]
175.121.155.210 : Mozilla/5.0 (Windows NT 10.0; Win64; x64) AppleWebKit/537.36 (KHTML, like Gecko) Chrome/127.0.0.0 Safari/537.36 Edg/127.0.0.0
/home/namo/loan/control/app/new/loan-act.php
[_POST] : 
Array
(
    [w] => pr
    [wr_id] => 52093
    [prev_status] => 1
    [next_status] => 10
    [jd_amount] => 24000
    [jd_interest] => 13.5~14%
    [jd_condition] => 신탁+근저당권
하자 동시정리시 지급수수료 조정건입니다
시세 변동 관련 한도는 동일합니다
    [jd_memo] => 
    [rf_first3] => 
    [rf_first1] => 
    [rf_first2] => 
)
[MESSAGE] : 


[2024-08-12 11:36:26]
175.121.155.210 : Mozilla/5.0 (Windows NT 10.0; Win64; x64) AppleWebKit/537.36 (KHTML, like Gecko) Chrome/127.0.0.0 Safari/537.36 Edg/127.0.0.0
/home/namo/loan/control/app/new/loan-act.php
[_POST] : 
Array
(
    [w] => pr
    [wr_id] => 52094
    [prev_status] => 1
    [next_status] => 10
    [jd_amount] => 32000
    [jd_interest] => 13.2~13.8
    [jd_condition] => 세입자확인조건
    [jd_memo] => 
    [rf_first3] => 
    [rf_first1] => 
    [rf_first2] => 
)
[MESSAGE] : 


[2024-08-12 11:37:41]
175.121.155.210 : Mozilla/5.0 (Windows NT 10.0; Win64; x64) AppleWebKit/537.36 (KHTML, like Gecko) Chrome/127.0.0.0 Safari/537.36 Edg/127.0.0.0
/home/namo/loan/control/app/new/loan-act.php
[_POST] : 
Array
(
    [w] => pr
    [wr_id] => 52095
    [prev_status] => 1
    [next_status] => 10
    [jd_amount] => 12000
    [jd_interest] => 13.5~14
    [jd_condition] => 신탁+근저당권
    [jd_memo] => 
    [rf_first3] => 23000
    [rf_first1] => 
    [rf_first2] => 
)
[MESSAGE] : 


[2024-08-12 11:37:55]
175.121.155.210 : Mozilla/5.0 (Windows NT 10.0; Win64; x64) AppleWebKit/537.36 (KHTML, like Gecko) Chrome/127.0.0.0 Safari/537.36 Edg/127.0.0.0
/home/namo/loan/control/app/new/loan-act.php
[_POST] : 
Array
(
    [w] => pr
    [wr_id] => 52029
    [prev_status] => 30
    [next_status] => 
    [jd_amount] => 6000
    [jd_interest] => 13.3~13.8
    [jd_condition] => 6000만원 / 13.8% / 3.85% / 12개월 / 전세권설정조건으로 심사완료 / 승인내역 및 자서서류 문자발송
    [jd_memo] => 신.조완료(취급가능)/간편심사 진행예정
    [rf_first3] => 
    [rf_first1] => 
    [rf_first2] => 
)
[MESSAGE] : 


[2024-08-12 11:39:29]
175.121.155.210 : Mozilla/5.0 (Windows NT 10.0; Win64; x64) AppleWebKit/537.36 (KHTML, like Gecko) Chrome/127.0.0.0 Safari/537.36 Edg/127.0.0.0
/home/namo/loan/control/app/new/loan-act.php
[_POST] : 
Array
(
    [w] => pr
    [wr_id] => 52096
    [prev_status] => 1
    [next_status] => 20
    [jd_amount] => 
    [jd_interest] => 
    [jd_condition] => 
    [jd_memo] => 
    [rf_first3] => 25000
    [rf_first1] => 
    [rf_first2] => 
)
[MESSAGE] : 


[2024-08-12 11:45:21]
175.121.155.210 : Mozilla/5.0 (Windows NT 10.0; Win64; x64) AppleWebKit/537.36 (KHTML, like Gecko) Chrome/127.0.0.0 Safari/537.36 Edg/127.0.0.0
/home/namo/loan/control/app/new/loan-act.php
[_POST] : 
Array
(
    [w] => pr
    [wr_id] => 52097
    [prev_status] => 1
    [next_status] => 20
    [jd_amount] => 
    [jd_interest] => 
    [jd_condition] => 
    [jd_memo] => 행구동 1694-3 50백만원
            1725-5 450백만원
            1725-9  450백만원
단구동135-5 (사용불가 토지) 
    [rf_first3] => 95000
    [rf_first1] => 
    [rf_first2] => 
)
[MESSAGE] : 


[2024-08-12 11:48:36]
175.121.155.210 : Mozilla/5.0 (Windows NT 10.0; Win64; x64) AppleWebKit/537.36 (KHTML, like Gecko) Chrome/127.0.0.0 Safari/537.36 Edg/127.0.0.0
/home/namo/loan/control/app/new/loan-act.php
[_POST] : 
Array
(
    [w] => pr
    [wr_id] => 52098
    [prev_status] => 1
    [next_status] => 20
    [jd_amount] => 
    [jd_interest] => 
    [jd_condition] => 
    [jd_memo] => 
    [rf_first3] => 26000
    [rf_first1] => 
    [rf_first2] => 
)
[MESSAGE] : 


[2024-08-12 11:50:08]
175.121.155.210 : Mozilla/5.0 (Windows NT 10.0; Win64; x64) AppleWebKit/537.36 (KHTML, like Gecko) Chrome/127.0.0.0 Safari/537.36 Edg/127.0.0.0
/home/namo/loan/control/app/new/loan-act.php
[_POST] : 
Array
(
    [w] => pr
    [wr_id] => 51034
    [prev_status] => 30
    [next_status] => 
    [jd_amount] => 3000
    [jd_interest] => 14
    [jd_condition] => 신.조완료(취급가능)/간편심사 진행예정
    [jd_memo] => 세입자 확인조건
    [rf_first3] => 10000
    [rf_first1] => 
    [rf_first2] => 
)
[MESSAGE] : 


[2024-08-12 11:50:10]
175.121.155.210 : Mozilla/5.0 (Windows NT 10.0; Win64; x64) AppleWebKit/537.36 (KHTML, like Gecko) Chrome/127.0.0.0 Safari/537.36 Edg/127.0.0.0
/home/namo/loan/control/app/new/loan-act.php
[_POST] : 
Array
(
    [w] => pr
    [wr_id] => 52099
    [prev_status] => 1
    [next_status] => 10
    [jd_amount] => 63000
    [jd_interest] => 13.3~13.8
    [jd_condition] => 신탁+근저당권
    [jd_memo] => 
    [rf_first3] => 76000
    [rf_first1] => 
    [rf_first2] => 
)
[MESSAGE] : 


[2024-08-12 11:51:33]
175.121.155.210 : Mozilla/5.0 (Windows NT 10.0; Win64; x64) AppleWebKit/537.36 (KHTML, like Gecko) Chrome/127.0.0.0 Safari/537.36 Edg/127.0.0.0
/home/namo/loan/control/app/new/loan-act.php
[_POST] : 
Array
(
    [w] => pr
    [wr_id] => 52100
    [prev_status] => 1
    [next_status] => 10
    [jd_amount] => 4000
    [jd_interest] => 13.5~14
    [jd_condition] => 현장방문 시세조사 필수
    [jd_memo] => 
    [rf_first3] => 20000
    [rf_first1] => 
    [rf_first2] => 
)
[MESSAGE] : 


[2024-08-12 11:52:03]
175.121.155.210 : Mozilla/5.0 (Windows NT 10.0; Win64; x64) AppleWebKit/537.36 (KHTML, like Gecko) Chrome/127.0.0.0 Safari/537.36 Edg/127.0.0.0
/home/namo/loan/control/app/new/loan-act.php
[_POST] : 
Array
(
    [w] => pr
    [wr_id] => 52101
    [prev_status] => 1
    [next_status] => 10
    [jd_amount] => 4000
    [jd_interest] => 13.5~14
    [jd_condition] => 현장방문 시세조사 필수
    [jd_memo] => 
    [rf_first3] => 20000
    [rf_first1] => 
    [rf_first2] => 
)
[MESSAGE] : 


[2024-08-12 12:03:47]
175.121.155.210 : Mozilla/5.0 (Windows NT 10.0; Win64; x64) AppleWebKit/537.36 (KHTML, like Gecko) Chrome/127.0.0.0 Safari/537.36 Edg/127.0.0.0
/home/namo/loan/control/app/new/loan-act.php
[_POST] : 
Array
(
    [w] => pr
    [wr_id] => 52102
    [prev_status] => 1
    [next_status] => 20
    [jd_amount] => 
    [jd_interest] => 
    [jd_condition] => 
    [jd_memo] => 
    [rf_first3] => 32000
    [rf_first1] => 
    [rf_first2] => 
)
[MESSAGE] : 


[2024-08-12 12:04:11]
175.121.155.210 : Mozilla/5.0 (Windows NT 10.0; Win64; x64) AppleWebKit/537.36 (KHTML, like Gecko) Chrome/127.0.0.0 Safari/537.36 Edg/127.0.0.0
/home/namo/loan/control/app/new/loan-act.php
[_POST] : 
Array
(
    [w] => pr
    [wr_id] => 52103
    [prev_status] => 1
    [next_status] => 20
    [jd_amount] => 
    [jd_interest] => 
    [jd_condition] => 
    [jd_memo] => 
    [rf_first3] => 22000
    [rf_first1] => 
    [rf_first2] => 
)
[MESSAGE] : 


[2024-08-12 12:05:49]
175.121.155.210 : Mozilla/5.0 (Windows NT 10.0; Win64; x64) AppleWebKit/537.36 (KHTML, like Gecko) Chrome/127.0.0.0 Safari/537.36 Edg/127.0.0.0
/home/namo/loan/control/app/new/loan-act.php
[_POST] : 
Array
(
    [w] => pr
    [wr_id] => 52104
    [prev_status] => 1
    [next_status] => 10
    [jd_amount] => 44000
    [jd_interest] => 13.5~13.8
    [jd_condition] => 
    [jd_memo] => 
    [rf_first3] => 112000
    [rf_first1] => 
    [rf_first2] => 
)
[MESSAGE] : 


[2024-08-12 12:06:34]
175.121.155.210 : Mozilla/5.0 (Windows NT 10.0; Win64; x64) AppleWebKit/537.36 (KHTML, like Gecko) Chrome/127.0.0.0 Safari/537.36 Edg/127.0.0.0
/home/namo/loan/control/app/new/loan-act.php
[_POST] : 
Array
(
    [w] => pr
    [wr_id] => 52105
    [prev_status] => 1
    [next_status] => 20
    [jd_amount] => 
    [jd_interest] => 
    [jd_condition] => 
    [jd_memo] => 
    [rf_first3] => 
    [rf_first1] => 
    [rf_first2] => 
)
[MESSAGE] : 


[2024-08-12 12:07:43]
175.121.155.210 : Mozilla/5.0 (Windows NT 10.0; Win64; x64) AppleWebKit/537.36 (KHTML, like Gecko) Chrome/127.0.0.0 Safari/537.36 Edg/127.0.0.0
/home/namo/loan/control/app/new/loan-act.php
[_POST] : 
Array
(
    [w] => pr
    [wr_id] => 52106
    [prev_status] => 1
    [next_status] => 10
    [jd_amount] => 3000
    [jd_interest] => 14
    [jd_condition] => 
    [jd_memo] => 
    [rf_first3] => 30000
    [rf_first1] => 
    [rf_first2] => 
)
[MESSAGE] : 


[2024-08-12 12:08:32]
175.121.155.210 : Mozilla/5.0 (Windows NT 10.0; Win64; x64) AppleWebKit/537.36 (KHTML, like Gecko) Chrome/127.0.0.0 Safari/537.36 Edg/127.0.0.0
/home/namo/loan/control/app/new/loan-act.php
[_POST] : 
Array
(
    [w] => u
    [wr_id] => 52101
    [prev_status] => 10
    [wr_ca] => E
    [wr_part] => P
    [wr_part_percent] => 50
    [wr_subject] => 제 / 오세준
    [wr_cont1] => 
    [address1] => 경남 창원시 마산회원구 구암동 97-20
    [address2] => 
    [address3] => 
    [address_ext] => 
    [wr_m2] => 
    [wr_cont2] => 오도원 오세준 / 남매
경상남도 창원시 마산회원구 구암동 97-20 78년도구암동제3지구단독국민주택제8호
전용면적/세대수: 1층 71.07㎡ 2층 49.3㎡ / 단독주택

▶거주형태
  ㄴ1층 본인거주 방2개, 화장실1개
  ㄴ2층 방2개 화장실 1개

기대출 없음

소득증빙가능여부: 직장인
오세준 지분 선순위 한도요청 드립니다

제
    [wr_amount] => 
    [wr_link1] => 
    [wr_link1_subj] => KB시세조회
    [wr_link2] => 
    [wr_link2_subj] => 
)
[MESSAGE] : 


[2024-08-12 12:09:00]
175.121.155.210 : Mozilla/5.0 (Windows NT 10.0; Win64; x64) AppleWebKit/537.36 (KHTML, like Gecko) Chrome/127.0.0.0 Safari/537.36 Edg/127.0.0.0
/home/namo/loan/control/app/new/loan-act.php
[_POST] : 
Array
(
    [w] => u
    [wr_id] => 52091
    [prev_status] => 20
    [wr_ca] => E
    [wr_part] => A
    [wr_part_percent] => 100
    [wr_subject] => 전 / 최유진
    [wr_cont1] => 
    [address1] => 충남 당진시 정미면 승산리 14-5
    [address2] => 
    [address3] => 
    [address_ext] => 
    [wr_m2] => 
    [wr_cont2] => 최유진 / 사업자 / 860313-2        [단독주택]
충청남도 당진시 정미면 충장로1길 17 [승산리 14-5외 1필지 단독주택 주건축물 제1동]


기대출 
토지등기상
동서천 농협 (2020.01.10) 감액 22300 / 15928 (채무자 최영길)

▶ 소유권보존 (2024.07.25)
▶ 국세 2000 체납중 / 대납조건
▶ 토지 소유자 최영길(부친) 동의 가능
▶ 토지등기상 가등기권자 본인 / 선말소 조건
▶ 방3 화2 - 본인거주 / 토지 140%설정

전
    [wr_amount] => 
    [wr_link1] => 
    [wr_link1_subj] => KB시세조회
    [wr_link2] => 
    [wr_link2_subj] => 
)
[MESSAGE] : 


[2024-08-12 12:09:21]
175.121.155.210 : Mozilla/5.0 (Windows NT 10.0; Win64; x64) AppleWebKit/537.36 (KHTML, like Gecko) Chrome/127.0.0.0 Safari/537.36 Edg/127.0.0.0
/home/namo/loan/control/app/new/loan-act.php
[_POST] : 
Array
(
    [w] => u
    [wr_id] => 52107
    [prev_status] => 1
    [wr_ca] => A
    [wr_part] => A
    [wr_part_percent] => 100
    [wr_subject] => 김한수/아파트/후순위추가
    [wr_cont1] => 직장인
    [address1] => 경기 수원시 권선구 오목천동 1192
    [address2] => (오목천동, 쌍용더플래티넘오목천역)
    [address3] => 제101동 제8층 제804호
    [address_ext] => 930/22
    [wr_m2] => 84.95
    [wr_cont2] => * 기대출
1.농협 27000 / 29700 

KB시세 : 미등재 / 최근 실거래가(24.07.19) 70,500
    [wr_amount] => 후순위 최대한도 요청
    [wr_link1] => 
    [wr_link1_subj] => KB시세조회
    [wr_link2] => 
    [wr_link2_subj] => 
)
[MESSAGE] : 


[2024-08-12 12:09:40]
175.121.155.210 : Mozilla/5.0 (Windows NT 10.0; Win64; x64) AppleWebKit/537.36 (KHTML, like Gecko) Chrome/127.0.0.0 Safari/537.36 Edg/127.0.0.0
/home/namo/loan/control/app/new/loan-act.php
[_POST] : 
Array
(
    [w] => u
    [wr_id] => 52089
    [prev_status] => 20
    [wr_ca] => A
    [wr_part] => A
    [wr_part_percent] => 100
    [wr_subject] => 신동학
    [wr_cont1] => 직장인
    [address1] => 충북 청주시 흥덕구 복대동 3379
    [address2] => (복대동, 지웰시티1차아파트)
    [address3] => 제103동 제13층 제1304호
    [address_ext] => 2164세대 / 45층 중 13층
    [wr_m2] => 152.65
    [wr_cont2] => [주상복합 / 3순위]
신동학 / 840110 (만40세)

충청북도 청주시 흥덕구 복대동 3379 신영지웰시티1차 제103동 제13층 제1304호
전용 152.65 ㎡ / 2164세대 / 45층 중 13층

▶ KB 하 97,500만 / 일 110,000만 (일)
* 실거래: 99,000만(24.07.13)
* 대지권: 있음
* 소유권이전일: 2017년 07월 28일

▶  선순위 // LTV (최고액: 66.55%, 원금: 54.55%)
1. 한화생명보험 13,200만 (10,000만) / 132.0% >>채무자 이서우
2. 현대해상화재보험 60,000만 (50,000만) / 120.0%
:: 총 합계 73,200만  (60,000만)

* 직장인 / 연 6300만
* 한화생명 잔액 1억 / 감액등기 가능 및 금거 첨부 가능 > 채무자 이서우 배우자
* 3순위 요청
    [wr_amount] => 
    [wr_link1] => https://kbland.kr/c/16119
    [wr_link1_subj] => KB시세조회
    [wr_link2] => 
    [wr_link2_subj] => 
)
[MESSAGE] : 


[2024-08-12 12:09:49]
175.121.155.210 : Mozilla/5.0 (Windows NT 10.0; Win64; x64) AppleWebKit/537.36 (KHTML, like Gecko) Chrome/127.0.0.0 Safari/537.36 Edg/127.0.0.0
/home/namo/loan/control/app/new/loan-act.php
[_POST] : 
Array
(
    [w] => pr
    [wr_id] => 52107
    [prev_status] => 1
    [next_status] => 10
    [jd_amount] => 15000
    [jd_interest] => 13.3~13.7
    [jd_condition] => 
    [jd_memo] => 
    [rf_first3] => 65000
    [rf_first1] => 
    [rf_first2] => 
)
[MESSAGE] : 


[2024-08-12 12:10:18]
175.121.155.210 : Mozilla/5.0 (Windows NT 10.0; Win64; x64) AppleWebKit/537.36 (KHTML, like Gecko) Chrome/127.0.0.0 Safari/537.36 Edg/127.0.0.0
/home/namo/loan/control/app/new/loan-act.php
[_POST] : 
Array
(
    [w] => u
    [wr_id] => 52078
    [prev_status] => 20
    [wr_ca] => A
    [wr_part] => A
    [wr_part_percent] => 100
    [wr_subject] => 신동학
    [wr_cont1] => 신동학

충북 청주시 흥덕구 복대동 3379번지 신영지웰시티1차  103- 1304호    59평
198.23㎡ / 152.65㎡    97,500      110,000      124,500       2,164세대    2010년 06월
한화생명 10000 (13200) 차주 배우자
현대해상 50000 (60000)
필요 10000

소유주 차주 본인
년봉 6300
나이스 600

검토 부탁드립니다.
    [address1] => 충북 청주시 흥덕구 복대동 3379
    [address2] => 신영지웰시티 1차
    [address3] => 103-1304호
    [address_ext] => 2,164세대
    [wr_m2] => 152.65
    [wr_cont2] => * 전체지분

* 기대출 금액
1 / 한화생명 / 13,200만원(동일차주)
2 / 현대해상 / 60,000만원
* 기대출 총액 : 73,200만원
    [wr_amount] => 10000
    [wr_link1] => https://kbland.kr/c/16119?ctype=02&xy=37.5205559,126.9265729,17
    [wr_link1_subj] => KB시세조회
    [wr_link2] => 
    [wr_link2_subj] => 
)
[MESSAGE] : 


[2024-08-12 12:11:59]
175.121.155.210 : Mozilla/5.0 (Windows NT 10.0; Win64; x64) AppleWebKit/537.36 (KHTML, like Gecko) Chrome/127.0.0.0 Safari/537.36 Edg/127.0.0.0
/home/namo/loan/control/app/new/loan-act.php
[_POST] : 
Array
(
    [w] => u
    [wr_id] => 52075
    [prev_status] => 20
    [wr_ca] => A
    [wr_part] => A
    [wr_part_percent] => 100
    [wr_subject] => 김인경
    [wr_cont1] => 직장인
    [address1] => 인천 부평구 산곡동 506
    [address2] => (산곡동, 신명스카이뷰숲)
    [address3] => 제102동 제7층 제703호
    [address_ext] => 
    [wr_m2] => 
    [wr_cont2] => 김인경 / 직장인 / 34세
인천광역시 부평구 산곡동 506 신명스카이뷰숲 제102동 제7층 제703호
아파트 / 191세대 / 총 4동 / 84.99㎡ / 방 3개 / 7층 / 전체 13층
소유권 이전일 2018.08.09

35,000(KB 하한) / 37,500(KB 일반)

◈선순위
1.삼성생명보험주식회사 16,640(13,312)
2.부천우리새마을금고 10,200(8,500)
총 설정 26,840만원 총 원금 21,812만원
(시세대비 원금 58.17% 사용중)
===============

3순위 부탁드립니다
    [wr_amount] => 
    [wr_link1] => 
    [wr_link1_subj] => KB시세조회
    [wr_link2] => 
    [wr_link2_subj] => 
)
[MESSAGE] : 


[2024-08-12 12:12:24]
175.121.155.210 : Mozilla/5.0 (Windows NT 10.0; Win64; x64) AppleWebKit/537.36 (KHTML, like Gecko) Chrome/127.0.0.0 Safari/537.36 Edg/127.0.0.0
/home/namo/loan/control/app/new/loan-act.php
[_POST] : 
Array
(
    [w] => u
    [wr_id] => 52063
    [prev_status] => 20
    [wr_ca] => A
    [wr_part] => A
    [wr_part_percent] => 100
    [wr_subject] => 이종하
    [wr_cont1] => [아파트 / 2순위&3순위]
이종하 / 890304 (만35세)
    [address1] => 전북 군산시 조촌동 3943
    [address2] => (조촌동, 군산 디오션시티 푸르지오)
    [address3] => 제201동 제14층 제1404호
    [address_ext] => 1400세대 / 29층 중 14층
    [wr_m2] => 84.04
    [wr_cont2] => [아파트 / 2순위&3순위]
이종하 / 890304 (만35세)

전북특별자치도 군산시 조촌동 3943 군산디오션시티푸르지오 제201동 제14층 제1404호
전용 84.04 ㎡ / 1400세대 / 29층 중 14층

▶ KB 하 36,000만 / 일 38,500만 (일)
* 실거래: 37,000만(24.08.08)
* 대지권: 있음
* 소유권이전일: 2018년 06월 25일

▶  선순위 // LTV (최고액: 49.43%, 원금: 36.36%) >잔액기준
1. 한국주택금융공사 19,030만 (17,300만) / 110.0% 
:: 총 합계 19,030만  (17,300만) >잔액 14,000만

▶  대환/말소대상// LTV (최고액: 73.85%, 원금: 48.29%) >잔액기준
1. 가압류 에이블자산관리대부 3,761만 (3,761만) / 100.0% >잔액 890만
2. 애큐온저축은행 5,640만 (4,700만) / 120.0% >잔액 3,700만
:: 총 합계 9,401만  (8,461만) >잔액 4,590만

* 직장인 연소득7천 / 워크아웃 8년차중 인가나서 5회납부중
* 가압류 잔액 890만 있으면 해결가능
* 선순위 잔액기준 감액등기 가능
* 가압류+저축대환 2순위 또는, 가압류대환 3순위 한도요청
    [wr_amount] => 
    [wr_link1] => https://kbland.kr/c/32163
    [wr_link1_subj] => KB시세조회
    [wr_link2] => 
    [wr_link2_subj] => 
)
[MESSAGE] : 


[2024-08-12 12:15:33]
175.121.155.210 : Mozilla/5.0 (Windows NT 10.0; Win64; x64) AppleWebKit/537.36 (KHTML, like Gecko) Chrome/127.0.0.0 Safari/537.36 Edg/127.0.0.0
/home/namo/loan/control/app/new/loan-act.php
[_POST] : 
Array
(
    [w] => pr
    [wr_id] => 52108
    [prev_status] => 1
    [next_status] => 10
    [jd_amount] => 110000
    [jd_interest] => 13.5~14
    [jd_condition] => 현장방문 시세조사 필수
    [jd_memo] => 
    [rf_first3] => 850000
    [rf_first1] => 
    [rf_first2] => 
)
[MESSAGE] : 


[2024-08-12 12:18:27]
175.121.155.210 : Mozilla/5.0 (Windows NT 10.0; Win64; x64) AppleWebKit/537.36 (KHTML, like Gecko) Chrome/127.0.0.0 Safari/537.36 Edg/127.0.0.0
/home/namo/loan/control/app/new/loan-act.php
[_POST] : 
Array
(
    [w] => pr
    [wr_id] => 52109
    [prev_status] => 1
    [next_status] => 20
    [jd_amount] => 
    [jd_interest] => 
    [jd_condition] => 
    [jd_memo] => 7,435평방미터(평방미터 당 5만원)
    [rf_first3] => 37000
    [rf_first1] => 
    [rf_first2] => 
)
[MESSAGE] : 


[2024-08-12 12:18:51]
175.121.155.210 : Mozilla/5.0 (Windows NT 10.0; Win64; x64) AppleWebKit/537.36 (KHTML, like Gecko) Chrome/127.0.0.0 Safari/537.36 Edg/127.0.0.0
/home/namo/loan/control/app/new/loan-act.php
[_POST] : 
Array
(
    [w] => pr
    [wr_id] => 52110
    [prev_status] => 1
    [next_status] => 20
    [jd_amount] => 
    [jd_interest] => 
    [jd_condition] => 
    [jd_memo] => 
    [rf_first3] => 22000
    [rf_first1] => 
    [rf_first2] => 
)
[MESSAGE] : 


[2024-08-12 13:13:44]
175.121.155.210 : Mozilla/5.0 (Windows NT 10.0; Win64; x64) AppleWebKit/537.36 (KHTML, like Gecko) Chrome/127.0.0.0 Safari/537.36 Edg/127.0.0.0
/home/namo/loan/control/app/new/loan-act.php
[_POST] : 
Array
(
    [w] => u
    [wr_id] => 52121
    [prev_status] => 1
    [wr_ca] => A
    [wr_part] => A
    [wr_part_percent] => 100
    [wr_subject] => 최유미/세종
    [wr_cont1] => 직장인
    [address1] => 충북 충주시 호암동 1050
    [address2] => LH힐스테이트호암
    [address3] => 107동 2401호
    [address_ext] => 639/25
    [wr_m2] => 59.99
    [wr_cont2] => * 전체지분

* 기대출 금액
1 / 하나은행 / 16,940만원(동일차주)
* 기대출 총액 : 16,940만원

최유미 / 840120-2
충북 청주시 호암수청1로29 힐스테이트 107동2401호
본인명의 / 거주 중
직장4대가입자
1순위 : 하나은해 1억6천
2순위 : 원투쓰리론 3천만원
2순위 대환 요청 합니다
    [wr_amount] => 
    [wr_link1] => 
    [wr_link1_subj] => KB시세조회
    [wr_link2] => 
    [wr_link2_subj] => 
)
[MESSAGE] : 


[2024-08-12 13:18:46]
175.121.155.210 : Mozilla/5.0 (Windows NT 10.0; Win64; x64) AppleWebKit/537.36 (KHTML, like Gecko) Chrome/127.0.0.0 Safari/537.36 Edg/127.0.0.0
/home/namo/loan/control/app/new/loan-act.php
[_POST] : 
Array
(
    [w] => pr
    [wr_id] => 52115
    [prev_status] => 1
    [next_status] => 10
    [jd_amount] => 130000
    [jd_interest] => 13.3~13.8
    [jd_condition] => 임대차 확인서 징구
    [jd_memo] => 
    [rf_first3] => 210000
    [rf_first1] => 
    [rf_first2] => 
)
[MESSAGE] : 


[2024-08-12 13:19:29]
175.121.155.210 : Mozilla/5.0 (Windows NT 10.0; Win64; x64) AppleWebKit/537.36 (KHTML, like Gecko) Chrome/127.0.0.0 Safari/537.36 Edg/127.0.0.0
/home/namo/loan/control/app/new/loan-act.php
[_POST] : 
Array
(
    [w] => pr
    [wr_id] => 52111
    [prev_status] => 1
    [next_status] => 20
    [jd_amount] => 
    [jd_interest] => 
    [jd_condition] => 대대리 주소건입니다.
    [jd_memo] => 
    [rf_first3] => 40000
    [rf_first1] => 
    [rf_first2] => 
)
[MESSAGE] : 


[2024-08-12 13:19:56]
175.121.155.210 : Mozilla/5.0 (Windows NT 10.0; Win64; x64) AppleWebKit/537.36 (KHTML, like Gecko) Chrome/127.0.0.0 Safari/537.36 Edg/127.0.0.0
/home/namo/loan/control/app/new/loan-act.php
[_POST] : 
Array
(
    [w] => pr
    [wr_id] => 52116
    [prev_status] => 1
    [next_status] => 20
    [jd_amount] => 
    [jd_interest] => 
    [jd_condition] => 
    [jd_memo] => 
    [rf_first3] => 60000
    [rf_first1] => 
    [rf_first2] => 
)
[MESSAGE] : 


[2024-08-12 13:20:11]
175.121.155.210 : Mozilla/5.0 (Windows NT 10.0; Win64; x64) AppleWebKit/537.36 (KHTML, like Gecko) Chrome/127.0.0.0 Safari/537.36 Edg/127.0.0.0
/home/namo/loan/control/app/new/loan-act.php
[_POST] : 
Array
(
    [w] => pr
    [wr_id] => 52112
    [prev_status] => 1
    [next_status] => 20
    [jd_amount] => 
    [jd_interest] => 
    [jd_condition] => 1/2지분 미만 대출 진행이 어렵습니다
    [jd_memo] => 
    [rf_first3] => 
    [rf_first1] => 
    [rf_first2] => 
)
[MESSAGE] : 


[2024-08-12 13:20:29]
175.121.155.210 : Mozilla/5.0 (Windows NT 10.0; Win64; x64) AppleWebKit/537.36 (KHTML, like Gecko) Chrome/127.0.0.0 Safari/537.36 Edg/127.0.0.0
/home/namo/loan/control/app/new/loan-act.php
[_POST] : 
Array
(
    [w] => pr
    [wr_id] => 52118
    [prev_status] => 1
    [next_status] => 20
    [jd_amount] => 
    [jd_interest] => 
    [jd_condition] => 
    [jd_memo] => 
    [rf_first3] => 
    [rf_first1] => 
    [rf_first2] => 
)
[MESSAGE] : 


[2024-08-12 13:20:31]
175.121.155.210 : Mozilla/5.0 (Windows NT 10.0; Win64; x64) AppleWebKit/537.36 (KHTML, like Gecko) Chrome/127.0.0.0 Safari/537.36 Edg/127.0.0.0
/home/namo/loan/control/app/new/loan-act.php
[_POST] : 
Array
(
    [w] => pr
    [wr_id] => 52113
    [prev_status] => 1
    [next_status] => 10
    [jd_amount] => 110000
    [jd_interest] => 13.5~14
    [jd_condition] => 현장방문 시세조사 필수
    [jd_memo] => 
    [rf_first3] => 850000
    [rf_first1] => 
    [rf_first2] => 
)
[MESSAGE] : 


[2024-08-12 13:21:26]
175.121.155.210 : Mozilla/5.0 (Windows NT 10.0; Win64; x64) AppleWebKit/537.36 (KHTML, like Gecko) Chrome/127.0.0.0 Safari/537.36 Edg/127.0.0.0
/home/namo/loan/control/app/new/loan-act.php
[_POST] : 
Array
(
    [w] => pr
    [wr_id] => 52114
    [prev_status] => 1
    [next_status] => 10
    [jd_amount] => 18000
    [jd_interest] => 13.3~13.8
    [jd_condition] => 세입자 확인조건
    [jd_memo] => 
    [rf_first3] => 32000
    [rf_first1] => 
    [rf_first2] => 
)
[MESSAGE] : 


[2024-08-12 13:22:04]
175.121.155.210 : Mozilla/5.0 (Windows NT 10.0; Win64; x64) AppleWebKit/537.36 (KHTML, like Gecko) Chrome/127.0.0.0 Safari/537.36 Edg/127.0.0.0
/home/namo/loan/control/app/new/loan-act.php
[_POST] : 
Array
(
    [w] => pr
    [wr_id] => 52119
    [prev_status] => 1
    [next_status] => 10
    [jd_amount] => 22000
    [jd_interest] => 13.5~14
    [jd_condition] => 임대차 확인서 징구/하자동시 지급수당 조정
    [jd_memo] => 
    [rf_first3] => 60000
    [rf_first1] => 
    [rf_first2] => 
)
[MESSAGE] : 


[2024-08-12 13:24:13]
175.121.155.210 : Mozilla/5.0 (Windows NT 10.0; Win64; x64) AppleWebKit/537.36 (KHTML, like Gecko) Chrome/127.0.0.0 Safari/537.36 Edg/127.0.0.0
/home/namo/loan/control/app/new/loan-act.php
[_POST] : 
Array
(
    [w] => pr
    [wr_id] => 52120
    [prev_status] => 1
    [next_status] => 20
    [jd_amount] => 
    [jd_interest] => 
    [jd_condition] => 
    [jd_memo] => 
    [rf_first3] => 65000
    [rf_first1] => 
    [rf_first2] => 
)
[MESSAGE] : 


[2024-08-12 13:24:50]
175.121.155.210 : Mozilla/5.0 (Windows NT 10.0; Win64; x64) AppleWebKit/537.36 (KHTML, like Gecko) Chrome/127.0.0.0 Safari/537.36 Edg/127.0.0.0
/home/namo/loan/control/app/new/loan-act.php
[_POST] : 
Array
(
    [w] => pr
    [wr_id] => 52122
    [prev_status] => 1
    [next_status] => 10
    [jd_amount] => 110000
    [jd_interest] => 13.5~14
    [jd_condition] => 현장방문 시세조사 필수
    [jd_memo] => 
    [rf_first3] => 
    [rf_first1] => 
    [rf_first2] => 
)
[MESSAGE] : 


[2024-08-12 13:25:42]
175.121.155.210 : Mozilla/5.0 (Windows NT 10.0; Win64; x64) AppleWebKit/537.36 (KHTML, like Gecko) Chrome/127.0.0.0 Safari/537.36 Edg/127.0.0.0
/home/namo/loan/control/app/new/loan-act.php
[_POST] : 
Array
(
    [w] => pr
    [wr_id] => 52117
    [prev_status] => 1
    [next_status] => 10
    [jd_amount] => 10000
    [jd_interest] => 13.5~13.9
    [jd_condition] => 현장방문  시세조사 필수
    [jd_memo] => 
    [rf_first3] => 20000
    [rf_first1] => 
    [rf_first2] => 
)
[MESSAGE] : 


[2024-08-12 13:26:52]
175.121.155.210 : Mozilla/5.0 (Windows NT 10.0; Win64; x64) AppleWebKit/537.36 (KHTML, like Gecko) Chrome/127.0.0.0 Safari/537.36 Edg/127.0.0.0
/home/namo/loan/control/app/new/loan-act.php
[_POST] : 
Array
(
    [w] => u
    [wr_id] => 52123
    [prev_status] => 10
    [wr_ca] => A
    [wr_part] => A
    [wr_part_percent] => 100
    [wr_subject] => 한동엽,박정현/아파트/3순위추가
    [wr_cont1] => 부부 동의 가능 / 직장인
    [address1] => 충남 아산시 풍기동 514
    [address2] => 아산풍기이지더원1차아파트
    [address3] => 108-1405
    [address_ext] => 1120/23
    [wr_m2] => 72.15
    [wr_cont2] => * 전체지분

* 기대출
1.농협 13000 / 14300 
2.월세 2000 / 95(동의 가능) 

KB시세 : 27,250 28,000 29,250
    [wr_amount] => 월세 뒤 3순위 최대 요청
    [wr_link1] => 
    [wr_link1_subj] => KB시세조회
    [wr_link2] => 
    [wr_link2_subj] => 
)
[MESSAGE] : 


[2024-08-12 13:26:57]
175.121.155.210 : Mozilla/5.0 (Windows NT 10.0; Win64; x64) AppleWebKit/537.36 (KHTML, like Gecko) Chrome/127.0.0.0 Safari/537.36 Edg/127.0.0.0
/home/namo/loan/control/app/new/loan-act.php
[_POST] : 
Array
(
    [w] => pr
    [wr_id] => 52121
    [prev_status] => 1
    [next_status] => 20
    [jd_amount] => 
    [jd_interest] => 
    [jd_condition] => 
    [jd_memo] => 
    [rf_first3] => 30000
    [rf_first1] => 
    [rf_first2] => 
)
[MESSAGE] : 


[2024-08-12 13:27:35]
175.121.155.210 : Mozilla/5.0 (Windows NT 10.0; Win64; x64) AppleWebKit/537.36 (KHTML, like Gecko) Chrome/127.0.0.0 Safari/537.36 Edg/127.0.0.0
/home/namo/loan/control/app/new/loan-act.php
[_POST] : 
Array
(
    [w] => pr
    [wr_id] => 52123
    [prev_status] => 10
    [next_status] => 
    [jd_amount] => 3000
    [jd_interest] => 13.5~14
    [jd_condition] => 
    [jd_memo] => 자동 가승인 조정
    [rf_first3] => 
    [rf_first1] => 
    [rf_first2] => 
)
[MESSAGE] : 


[2024-08-12 13:27:51]
175.121.155.210 : Mozilla/5.0 (Windows NT 10.0; Win64; x64) AppleWebKit/537.36 (KHTML, like Gecko) Chrome/127.0.0.0 Safari/537.36 Edg/127.0.0.0
/home/namo/loan/control/app/new/loan-act.php
[_POST] : 
Array
(
    [w] => pr
    [wr_id] => 52123
    [prev_status] => 10
    [next_status] => 10
    [jd_amount] => 3000
    [jd_interest] => 13.5~13.8
    [jd_condition] => 한도수정
    [jd_memo] => 자동 가승인
    [rf_first3] => 25000
    [rf_first1] => 
    [rf_first2] => 
)
[MESSAGE] : 


[2024-08-12 13:28:10]
175.121.155.210 : Mozilla/5.0 (Windows NT 10.0; Win64; x64) AppleWebKit/537.36 (KHTML, like Gecko) Chrome/127.0.0.0 Safari/537.36 Edg/127.0.0.0
/home/namo/loan/control/app/new/loan-act.php
[_POST] : 
Array
(
    [w] => pr
    [wr_id] => 52123
    [prev_status] => 10
    [next_status] => 
    [jd_amount] => 3000
    [jd_interest] => 13.5~14
    [jd_condition] => 한도수정
    [jd_memo] => 자동 가승인
    [rf_first3] => 25000
    [rf_first1] => 
    [rf_first2] => 
)
[MESSAGE] : 


[2024-08-12 13:29:30]
175.121.155.210 : Mozilla/5.0 (Windows NT 10.0; Win64; x64) AppleWebKit/537.36 (KHTML, like Gecko) Chrome/127.0.0.0 Safari/537.36 Edg/127.0.0.0
/home/namo/loan/control/app/new/loan-act.php
[_POST] : 
Array
(
    [w] => pr
    [wr_id] => 52124
    [prev_status] => 1
    [next_status] => 20
    [jd_amount] => 
    [jd_interest] => 
    [jd_condition] => 지방소재 시세1억미만 대출진행이 어렵습니다
    [jd_memo] => 
    [rf_first3] => 5000
    [rf_first1] => 
    [rf_first2] => 
)
[MESSAGE] : 


[2024-08-12 13:31:55]
175.121.155.210 : Mozilla/5.0 (Windows NT 10.0; Win64; x64) AppleWebKit/537.36 (KHTML, like Gecko) Chrome/127.0.0.0 Safari/537.36 Edg/127.0.0.0
/home/namo/loan/control/app/new/loan-act.php
[_POST] : 
Array
(
    [w] => pr
    [wr_id] => 52125
    [prev_status] => 10
    [next_status] => 20
    [jd_amount] => 
    [jd_interest] => 
    [jd_condition] => 
    [jd_memo] => 자동 가승인
    [rf_first3] => 68000
    [rf_first1] => 
    [rf_first2] => 
)
[MESSAGE] : 


[2024-08-12 13:32:31]
175.121.155.210 : Mozilla/5.0 (Windows NT 10.0; Win64; x64) AppleWebKit/537.36 (KHTML, like Gecko) Chrome/127.0.0.0 Safari/537.36 Edg/127.0.0.0
/home/namo/loan/control/app/new/loan-act.php
[_POST] : 
Array
(
    [w] => pr
    [wr_id] => 52126
    [prev_status] => 1
    [next_status] => 20
    [jd_amount] => 
    [jd_interest] => 
    [jd_condition] => 
    [jd_memo] => 
    [rf_first3] => 74000
    [rf_first1] => 
    [rf_first2] => 
)
[MESSAGE] : 


[2024-08-12 13:33:02]
175.121.155.210 : Mozilla/5.0 (Windows NT 10.0; Win64; x64) AppleWebKit/537.36 (KHTML, like Gecko) Chrome/127.0.0.0 Safari/537.36 Edg/127.0.0.0
/home/namo/loan/control/app/new/loan-act.php
[_POST] : 
Array
(
    [w] => pr
    [wr_id] => 52127
    [prev_status] => 1
    [next_status] => 10
    [jd_amount] => 24000
    [jd_interest] => 13.5~14
    [jd_condition] => 신탁+근저당권
하자 동시정리시 지급수수료 조정건입니다
    [jd_memo] => 
    [rf_first3] => 
    [rf_first1] => 
    [rf_first2] => 
)
[MESSAGE] : 


[2024-08-12 13:33:25]
175.121.155.210 : Mozilla/5.0 (Windows NT 10.0; Win64; x64) AppleWebKit/537.36 (KHTML, like Gecko) Chrome/127.0.0.0 Safari/537.36 Edg/127.0.0.0
/home/namo/loan/control/app/new/loan-act.php
[_POST] : 
Array
(
    [w] => pr
    [wr_id] => 52128
    [prev_status] => 10
    [next_status] => 20
    [jd_amount] => 9000
    [jd_interest] => 13.5
    [jd_condition] => 
    [jd_memo] => 자동 가승인
    [rf_first3] => 16000
    [rf_first1] => 
    [rf_first2] => 
)
[MESSAGE] : 


[2024-08-12 13:33:39]
175.121.155.210 : Mozilla/5.0 (Windows NT 10.0; Win64; x64) AppleWebKit/537.36 (KHTML, like Gecko) Chrome/127.0.0.0 Safari/537.36 Edg/127.0.0.0
/home/namo/loan/control/app/new/loan-act.php
[_POST] : 
Array
(
    [w] => pr
    [wr_id] => 52128
    [prev_status] => 20
    [next_status] => 20
    [jd_amount] => 
    [jd_interest] => 
    [jd_condition] => 
    [jd_memo] => 자동 가승인 조정
    [rf_first3] => 16000
    [rf_first1] => 
    [rf_first2] => 
)
[MESSAGE] : 


[2024-08-12 13:34:00]
175.121.155.210 : Mozilla/5.0 (Windows NT 10.0; Win64; x64) AppleWebKit/537.36 (KHTML, like Gecko) Chrome/127.0.0.0 Safari/537.36 Edg/127.0.0.0
/home/namo/loan/control/app/new/loan-act.php
[_POST] : 
Array
(
    [w] => pr
    [wr_id] => 52129
    [prev_status] => 1
    [next_status] => 10
    [jd_amount] => 110000
    [jd_interest] => 13.5~14
    [jd_condition] => 
    [jd_memo] => 
    [rf_first3] => 
    [rf_first1] => 
    [rf_first2] => 
)
[MESSAGE] : 


[2024-08-12 13:34:55]
175.121.155.210 : Mozilla/5.0 (Windows NT 10.0; Win64; x64) AppleWebKit/537.36 (KHTML, like Gecko) Chrome/127.0.0.0 Safari/537.36 Edg/127.0.0.0
/home/namo/loan/control/app/new/loan-act.php
[_POST] : 
Array
(
    [w] => pr
    [wr_id] => 52130
    [prev_status] => 1
    [next_status] => 20
    [jd_amount] => 
    [jd_interest] => 
    [jd_condition] => 1/2지분 미만 지분대출 진행이 어렵습니다
    [jd_memo] => 
    [rf_first3] => 
    [rf_first1] => 
    [rf_first2] => 
)
[MESSAGE] : 


[2024-08-12 13:41:07]
175.121.155.210 : Mozilla/5.0 (Windows NT 10.0; Win64; x64) AppleWebKit/537.36 (KHTML, like Gecko) Chrome/127.0.0.0 Safari/537.36 Edg/127.0.0.0
/home/namo/loan/control/app/new/loan-act.php
[_POST] : 
Array
(
    [w] => u
    [wr_id] => 52131
    [prev_status] => 1
    [wr_ca] => E
    [wr_part] => A
    [wr_part_percent] => 100
    [wr_subject] => 전 / 박범관
    [wr_cont1] => 
    [address1] => 서울 양천구 신정동 119-27
    [address2] => 
    [address3] => 
    [address_ext] => 
    [wr_m2] => 
    [wr_cont2] => 박범관 / 직장인 / 781212-1      [다세대/매매잔금]
서울특별시 양천구 신목로4길 45-13 [신정동 119-27]

공시가 - 44600

기대출 

▶ 사대유(15년) / 연 1억
▶ 1층~3층까지 각 방2 화1
▶ 매매잔금 문의 / 매매가 18억
▶ 은행에 12억 / 잔금일:08/30

월세입자(2000/40) 
월세입자(500/30)
전세입자(8000)
전세입자(1억4000)

총 세입자 4명으로 
전세보증금은 다 반환된 상태고
월세만 받고 있다고 합니다
잔금 구해지는대로  퇴거후 본인이 전체 실사용 할거라고 합니다

전
    [wr_amount] => 
    [wr_link1] => 
    [wr_link1_subj] => KB시세조회
    [wr_link2] => 
    [wr_link2_subj] => 
)
[MESSAGE] : 


[2024-08-12 13:42:29]
175.121.155.210 : Mozilla/5.0 (Windows NT 10.0; Win64; x64) AppleWebKit/537.36 (KHTML, like Gecko) Chrome/127.0.0.0 Safari/537.36 Edg/127.0.0.0
/home/namo/loan/control/app/new/loan-act.php
[_POST] : 
Array
(
    [w] => pr
    [wr_id] => 52131
    [prev_status] => 1
    [next_status] => 20
    [jd_amount] => 
    [jd_interest] => 
    [jd_condition] => 
    [jd_memo] => 매입가 준용
    [rf_first3] => 180000
    [rf_first1] => 
    [rf_first2] => 
)
[MESSAGE] : 


[2024-08-12 13:43:33]
175.121.155.210 : Mozilla/5.0 (Windows NT 10.0; Win64; x64) AppleWebKit/537.36 (KHTML, like Gecko) Chrome/127.0.0.0 Safari/537.36 Edg/127.0.0.0
/home/namo/loan/control/app/new/loan-act.php
[_POST] : 
Array
(
    [w] => pr
    [wr_id] => 52132
    [prev_status] => 1
    [next_status] => 10
    [jd_amount] => 20000
    [jd_interest] => 13~13.5
    [jd_condition] => 선순위 조건
    [jd_memo] => 
    [rf_first3] => 30000
    [rf_first1] => 
    [rf_first2] => 
)
[MESSAGE] : 


[2024-08-12 13:45:34]
175.121.155.210 : Mozilla/5.0 (Windows NT 10.0; Win64; x64) AppleWebKit/537.36 (KHTML, like Gecko) Chrome/127.0.0.0 Safari/537.36 Edg/127.0.0.0
/home/namo/loan/control/app/new/loan-act.php
[_POST] : 
Array
(
    [w] => pr
    [wr_id] => 52133
    [prev_status] => 1
    [next_status] => 10
    [jd_amount] => 26000
    [jd_interest] => 13.3~13.8
    [jd_condition] => 신탁+근저당조건
    [jd_memo] => 
    [rf_first3] => 33000
    [rf_first1] => 
    [rf_first2] => 
)
[MESSAGE] : 


[2024-08-12 13:45:52]
175.121.155.210 : Mozilla/5.0 (Windows NT 10.0; Win64; x64) AppleWebKit/537.36 (KHTML, like Gecko) Chrome/127.0.0.0 Safari/537.36 Edg/127.0.0.0
/home/namo/loan/control/app/new/loan-act.php
[_POST] : 
Array
(
    [w] => u
    [wr_id] => 52134
    [prev_status] => 1
    [wr_ca] => E
    [wr_part] => P
    [wr_part_percent] => 50
    [wr_subject] => 지분 김상일
    [wr_cont1] => 직장인
    [address1] => 경기 평택시 오성면 숙성리 893-3
    [address2] => 
    [address3] =>  제에이동호
    [address_ext] => 
    [wr_m2] => 
    [wr_cont2] => [단독주택/지분/선순위]
김상일 (공유자) 780401 <지분 5분의 3> 

이재희 (공유자) 791014
[건물] 경기도 평택시 오성면 숙성리 893-3 제에이동호
[건물] 경기도 평택시 오성면 숙성리 893-3 제비동호
[토지] 경기도 평택시 오성면 숙성리 893-3

기대출 없음 / 22.8월 증여

* 김상일 직장인
* 김상일 지분 선순위 3300만 요청
* 건물 1개동 거주용으로 가족들 거주중 / 부모님 같이 거주 - 무상거주 불가
* 건물 1개동 창고
    [wr_amount] => 
    [wr_link1] => 
    [wr_link1_subj] => KB시세조회
    [wr_link2] => 
    [wr_link2_subj] => 
)
[MESSAGE] : 


[2024-08-12 13:54:47]
175.121.155.210 : Mozilla/5.0 (Windows NT 10.0; Win64; x64) AppleWebKit/537.36 (KHTML, like Gecko) Chrome/127.0.0.0 Safari/537.36 Edg/127.0.0.0
/home/namo/loan/control/app/new/loan-act.php
[_POST] : 
Array
(
    [w] => u
    [wr_id] => 52136
    [prev_status] => 1
    [wr_ca] => E
    [wr_part] => A
    [wr_part_percent] => 100
    [wr_subject] => 칠 / 김숙영
    [wr_cont1] => 
    [address1] => 경북 영주시 휴천동 320-5
    [address2] => 
    [address3] => 
    [address_ext] => 
    [wr_m2] => 
    [wr_cont2] => 고객명 : 김숙영, 권성열

주소 : 

휴천동 320-5_김숙영
휴천동 320-7_김숙영
휴천동 320-10_권성열
휴천동 320-13_김숙영
휴천동 320-14_김숙영
휴천동 320-15_김숙영

직군 : 직장인 4대보험가입자, 개인사업자

사업자 보유여부 : 0

가라사업자/실 사업자 : 실

본인거주 여부 : 0

세입자 보증금/세 : 

위 물건지 중 휴천동 320-5 건물에 있는 1층 투썸 플레이스는 김숙영 본인이 직접 운영하는 건이고 나머지 층, 위 지번에 소속된 건물들은 전부 공실입니다.

KB시세 : 

담보대출 원금 : 

선 : 새마을금고 27억
후 :

김숙영은 어머니이고 권성열은 아들입니다 차주는 권성열로 들어갈겁니다 ! 

외동아들입니다 ! 새마을금고 대환조건 또는 후순위 조건으로 


담보 조회 부탁드립니다.

칠
    [wr_amount] => 
    [wr_link1] => 
    [wr_link1_subj] => KB시세조회
    [wr_link2] => 
    [wr_link2_subj] => 
)
[MESSAGE] : 


[2024-08-12 13:55:04]
175.121.155.210 : Mozilla/5.0 (Windows NT 10.0; Win64; x64) AppleWebKit/537.36 (KHTML, like Gecko) Chrome/127.0.0.0 Safari/537.36 Edg/127.0.0.0
/home/namo/loan/control/app/new/loan-act.php
[_POST] : 
Array
(
    [w] => u
    [wr_id] => 52128
    [prev_status] => 20
    [wr_ca] => A
    [wr_part] => A
    [wr_part_percent] => 100
    [wr_subject] => 이상철/아파트/선순위대환
    [wr_cont1] => *직장인
    [address1] => 충북 음성군 금왕읍 무극리 585-11
    [address2] => 명운네스트빌
    [address3] => 104-701
    [address_ext] => 348세대
    [wr_m2] => 84.74
    [wr_cont2] => * 전체지분

KB 16,000
대부 10,400 / 8,000(원금)
    [wr_amount] => 선순위최대한도요청
    [wr_link1] => 
    [wr_link1_subj] => KB시세조회
    [wr_link2] => 
    [wr_link2_subj] => 
)
[MESSAGE] : 


[2024-08-12 14:00:41]
175.121.155.210 : Mozilla/5.0 (Windows NT 10.0; Win64; x64) AppleWebKit/537.36 (KHTML, like Gecko) Chrome/127.0.0.0 Safari/537.36 Edg/127.0.0.0
/home/namo/loan/control/app/new/loan-act.php
[_POST] : 
Array
(
    [w] => pr
    [wr_id] => 52135
    [prev_status] => 10
    [next_status] => 10
    [jd_amount] => 14000
    [jd_interest] => 13.3~13.7
    [jd_condition] => 한도수정/선순위 감액조건
    [jd_memo] => 자동 가승인
15743
    [rf_first3] => 
    [rf_first1] => 
    [rf_first2] => 
)
[MESSAGE] : 


[2024-08-12 14:20:36]
175.121.155.210 : Mozilla/5.0 (Windows NT 10.0; Win64; x64) AppleWebKit/537.36 (KHTML, like Gecko) Chrome/127.0.0.0 Safari/537.36 Edg/127.0.0.0
/home/namo/loan/control/app/new/loan-act.php
[_POST] : 
Array
(
    [w] => pr
    [wr_id] => 52134
    [prev_status] => 1
    [next_status] => 10
    [jd_amount] => 8000
    [jd_interest] => 13.5~14
    [jd_condition] => 현장시세 및 임대차 조사 필수
    [jd_memo] => 지분율 60%
893-13/893-14 - 도로 공담설정
    [rf_first3] => 33000
    [rf_first1] => 
    [rf_first2] => 
)
[MESSAGE] : 


[2024-08-12 14:23:41]
175.121.155.210 : Mozilla/5.0 (Windows NT 10.0; Win64; x64) AppleWebKit/537.36 (KHTML, like Gecko) Chrome/127.0.0.0 Safari/537.36 Edg/127.0.0.0
/home/namo/loan/control/app/new/loan-act.php
[_POST] : 
Array
(
    [w] => pr
    [wr_id] => 52137
    [prev_status] => 1
    [next_status] => 20
    [jd_amount] => 
    [jd_interest] => 
    [jd_condition] => 
    [jd_memo] => 
    [rf_first3] => 
    [rf_first1] => 
    [rf_first2] => 
)
[MESSAGE] : 


[2024-08-12 14:27:28]
175.121.155.210 : Mozilla/5.0 (Windows NT 10.0; Win64; x64) AppleWebKit/537.36 (KHTML, like Gecko) Chrome/127.0.0.0 Safari/537.36 Edg/127.0.0.0
/home/namo/loan/control/app/new/loan-act.php
[_POST] : 
Array
(
    [w] => pr
    [wr_id] => 52138
    [prev_status] => 1
    [next_status] => 10
    [jd_amount] => 9000
    [jd_interest] => 13.8~14.3
    [jd_condition] => 현장시세 및 임대차 조사 필수
    [jd_memo] => 
    [rf_first3] => 60000
    [rf_first1] => 
    [rf_first2] => 
)
[MESSAGE] : 


[2024-08-12 14:28:29]
175.121.155.210 : Mozilla/5.0 (Windows NT 10.0; Win64; x64) AppleWebKit/537.36 (KHTML, like Gecko) Chrome/127.0.0.0 Safari/537.36 Edg/127.0.0.0
/home/namo/loan/control/app/new/loan-act.php
[_POST] : 
Array
(
    [w] => pr
    [wr_id] => 52139
    [prev_status] => 1
    [next_status] => 10
    [jd_amount] => 23000
    [jd_interest] => 13.5~13.7
    [jd_condition] => 
    [jd_memo] => 
    [rf_first3] => 
    [rf_first1] => 
    [rf_first2] => 
)
[MESSAGE] : 


[2024-08-12 14:32:50]
175.121.155.210 : Mozilla/5.0 (Windows NT 10.0; Win64; x64) AppleWebKit/537.36 (KHTML, like Gecko) Chrome/127.0.0.0 Safari/537.36 Edg/127.0.0.0
/home/namo/loan/control/app/new/loan-act.php
[_POST] : 
Array
(
    [w] => pr
    [wr_id] => 52140
    [prev_status] => 1
    [next_status] => 10
    [jd_amount] => 12000
    [jd_interest] => 13.5~13.8
    [jd_condition] => 신탁+근저당조건
    [jd_memo] => 
    [rf_first3] => 18000
    [rf_first1] => 
    [rf_first2] => 
)
[MESSAGE] : 


[2024-08-12 14:39:54]
175.121.155.210 : Mozilla/5.0 (Windows NT 10.0; Win64; x64) AppleWebKit/537.36 (KHTML, like Gecko) Chrome/127.0.0.0 Safari/537.36 Edg/127.0.0.0
/home/namo/loan/control/app/new/loan-act.php
[_POST] : 
Array
(
    [w] => pr
    [wr_id] => 52133
    [prev_status] => 10
    [next_status] => 
    [jd_amount] => 26000
    [jd_interest] => 13.3~13.8
    [jd_condition] => 신탁+근저당조건 / 은행 후순위 근저당 조건 7000만원
    [jd_memo] => 
    [rf_first3] => 33000
    [rf_first1] => 
    [rf_first2] => 
)
[MESSAGE] : 


[2024-08-12 14:40:37]
175.121.155.210 : Mozilla/5.0 (Windows NT 10.0; Win64; x64) AppleWebKit/537.36 (KHTML, like Gecko) Chrome/127.0.0.0 Safari/537.36 Edg/127.0.0.0
/home/namo/loan/control/app/new/loan-act.php
[_POST] : 
Array
(
    [w] => pr
    [wr_id] => 52141
    [prev_status] => 1
    [next_status] => 20
    [jd_amount] => 
    [jd_interest] => 
    [jd_condition] => 타사 접수로 심사완료건
    [jd_memo] => 
    [rf_first3] => 
    [rf_first1] => 
    [rf_first2] => 
)
[MESSAGE] : 


[2024-08-12 14:41:17]
175.121.155.210 : Mozilla/5.0 (Windows NT 10.0; Win64; x64) AppleWebKit/537.36 (KHTML, like Gecko) Chrome/127.0.0.0 Safari/537.36 Edg/127.0.0.0
/home/namo/loan/control/app/new/loan-act.php
[_POST] : 
Array
(
    [w] => pr
    [wr_id] => 52142
    [prev_status] => 1
    [next_status] => 20
    [jd_amount] => 
    [jd_interest] => 
    [jd_condition] => 
    [jd_memo] => 
    [rf_first3] => 40000
    [rf_first1] => 
    [rf_first2] => 
)
[MESSAGE] : 


[2024-08-12 14:41:34]
175.121.155.210 : Mozilla/5.0 (Windows NT 10.0; Win64; x64) AppleWebKit/537.36 (KHTML, like Gecko) Chrome/127.0.0.0 Safari/537.36 Edg/127.0.0.0
/home/namo/loan/control/app/new/loan-act.php
[_POST] : 
Array
(
    [w] => pr
    [wr_id] => 52143
    [prev_status] => 1
    [next_status] => 20
    [jd_amount] => 
    [jd_interest] => 
    [jd_condition] => 
    [jd_memo] => 
    [rf_first3] => 
    [rf_first1] => 
    [rf_first2] => 
)
[MESSAGE] : 


[2024-08-12 14:42:22]
175.121.155.210 : Mozilla/5.0 (Windows NT 10.0; Win64; x64) AppleWebKit/537.36 (KHTML, like Gecko) Chrome/127.0.0.0 Safari/537.36 Edg/127.0.0.0
/home/namo/loan/control/app/new/loan-act.php
[_POST] : 
Array
(
    [w] => pr
    [wr_id] => 52144
    [prev_status] => 1
    [next_status] => 20
    [jd_amount] => 
    [jd_interest] => 
    [jd_condition] => 
    [jd_memo] => 
    [rf_first3] => 30000
    [rf_first1] => 
    [rf_first2] => 
)
[MESSAGE] : 


[2024-08-12 14:43:37]
175.121.155.210 : Mozilla/5.0 (Windows NT 10.0; Win64; x64) AppleWebKit/537.36 (KHTML, like Gecko) Chrome/127.0.0.0 Safari/537.36 Edg/127.0.0.0
/home/namo/loan/control/app/new/loan-act.php
[_POST] : 
Array
(
    [w] => pr
    [wr_id] => 52145
    [prev_status] => 10
    [next_status] => 10
    [jd_amount] => 14000
    [jd_interest] => 13.5~13.8
    [jd_condition] => 임대차 확인서 징구
    [jd_memo] => 자동 가승인
    [rf_first3] => 
    [rf_first1] => 
    [rf_first2] => 
)
[MESSAGE] : 


[2024-08-12 14:45:13]
175.121.155.210 : Mozilla/5.0 (Windows NT 10.0; Win64; x64) AppleWebKit/537.36 (KHTML, like Gecko) Chrome/127.0.0.0 Safari/537.36 Edg/127.0.0.0
/home/namo/loan/control/app/new/loan-act.php
[_POST] : 
Array
(
    [w] => pr
    [wr_id] => 52155
    [prev_status] => 1
    [next_status] => 20
    [jd_amount] => 
    [jd_interest] => 
    [jd_condition] => 
    [jd_memo] => 
    [rf_first3] => 
    [rf_first1] => 
    [rf_first2] => 
)
[MESSAGE] : 


[2024-08-12 14:48:46]
175.121.155.210 : Mozilla/5.0 (Windows NT 10.0; Win64; x64) AppleWebKit/537.36 (KHTML, like Gecko) Chrome/127.0.0.0 Safari/537.36 Edg/127.0.0.0
/home/namo/loan/control/app/new/loan-act.php
[_POST] : 
Array
(
    [w] => pr
    [wr_id] => 52156
    [prev_status] => 1
    [next_status] => 10
    [jd_amount] => 14000
    [jd_interest] => 13.3~13.7
    [jd_condition] => 
    [jd_memo] => 
    [rf_first3] => 105000
    [rf_first1] => 
    [rf_first2] => 
)
[MESSAGE] : 


[2024-08-12 14:51:54]
175.121.155.210 : Mozilla/5.0 (Windows NT 10.0; Win64; x64) AppleWebKit/537.36 (KHTML, like Gecko) Chrome/127.0.0.0 Safari/537.36 Edg/127.0.0.0
/home/namo/loan/control/app/new/loan-act.php
[_POST] : 
Array
(
    [w] => pr
    [wr_id] => 52136
    [prev_status] => 1
    [next_status] => 20
    [jd_amount] => 
    [jd_interest] => 
    [jd_condition] => 
    [jd_memo] => 
    [rf_first3] => 420000
    [rf_first1] => 
    [rf_first2] => 
)
[MESSAGE] : 


[2024-08-12 14:54:00]
175.121.155.210 : Mozilla/5.0 (Windows NT 10.0; Win64; x64) AppleWebKit/537.36 (KHTML, like Gecko) Chrome/127.0.0.0 Safari/537.36 Edg/127.0.0.0
/home/namo/loan/control/app/new/loan-act.php
[_POST] : 
Array
(
    [w] => pr
    [wr_id] => 52146
    [prev_status] => 1
    [next_status] => 20
    [jd_amount] => 
    [jd_interest] => 
    [jd_condition] => 
    [jd_memo] => 
    [rf_first3] => 10000
    [rf_first1] => 
    [rf_first2] => 
)
[MESSAGE] : 


[2024-08-12 14:54:42]
175.121.155.210 : Mozilla/5.0 (Windows NT 10.0; Win64; x64) AppleWebKit/537.36 (KHTML, like Gecko) Chrome/127.0.0.0 Safari/537.36 Edg/127.0.0.0
/home/namo/loan/control/app/new/loan-act.php
[_POST] : 
Array
(
    [w] => pr
    [wr_id] => 52147
    [prev_status] => 1
    [next_status] => 10
    [jd_amount] => 23000
    [jd_interest] => 13.3~13.7
    [jd_condition] => 신탁+근저당권
    [jd_memo] => 
    [rf_first3] => 34000
    [rf_first1] => 
    [rf_first2] => 
)
[MESSAGE] : 


[2024-08-12 14:55:14]
175.121.155.210 : Mozilla/5.0 (Windows NT 10.0; Win64; x64) AppleWebKit/537.36 (KHTML, like Gecko) Chrome/127.0.0.0 Safari/537.36 Edg/127.0.0.0
/home/namo/loan/control/app/new/loan-act.php
[_POST] : 
Array
(
    [w] => pr
    [wr_id] => 52148
    [prev_status] => 1
    [next_status] => 20
    [jd_amount] => 
    [jd_interest] => 
    [jd_condition] => 
    [jd_memo] => 
    [rf_first3] => 14500
    [rf_first1] => 
    [rf_first2] => 
)
[MESSAGE] : 


[2024-08-12 14:57:34]
175.121.155.210 : Mozilla/5.0 (Windows NT 10.0; Win64; x64) AppleWebKit/537.36 (KHTML, like Gecko) Chrome/127.0.0.0 Safari/537.36 Edg/127.0.0.0
/home/namo/loan/control/app/new/loan-act.php
[_POST] : 
Array
(
    [w] => pr
    [wr_id] => 52149
    [prev_status] => 1
    [next_status] => 10
    [jd_amount] => 37000
    [jd_interest] => 13.2~13.6
    [jd_condition] => 신탁+근저당권시  410백만원
    [jd_memo] => 
    [rf_first3] => 56000
    [rf_first1] => 
    [rf_first2] => 
)
[MESSAGE] : 


[2024-08-12 14:58:41]
175.121.155.210 : Mozilla/5.0 (Windows NT 10.0; Win64; x64) AppleWebKit/537.36 (KHTML, like Gecko) Chrome/127.0.0.0 Safari/537.36 Edg/127.0.0.0
/home/namo/loan/control/app/new/loan-act.php
[_POST] : 
Array
(
    [w] => pr
    [wr_id] => 52150
    [prev_status] => 1
    [next_status] => 10
    [jd_amount] => 6500
    [jd_interest] => 13.5~13.9
    [jd_condition] => 
    [jd_memo] => 
    [rf_first3] => 26000
    [rf_first1] => 
    [rf_first2] => 
)
[MESSAGE] : 


[2024-08-12 15:00:41]
175.121.155.210 : Mozilla/5.0 (Windows NT 10.0; Win64; x64) AppleWebKit/537.36 (KHTML, like Gecko) Chrome/127.0.0.0 Safari/537.36 Edg/127.0.0.0
/home/namo/loan/control/app/new/loan-act.php
[_POST] : 
Array
(
    [w] => pr
    [wr_id] => 52151
    [prev_status] => 1
    [next_status] => 20
    [jd_amount] => 
    [jd_interest] => 
    [jd_condition] => 
    [jd_memo] => 
    [rf_first3] => 23000
    [rf_first1] => 
    [rf_first2] => 
)
[MESSAGE] : 


[2024-08-12 15:01:04]
175.121.155.210 : Mozilla/5.0 (Windows NT 10.0; Win64; x64) AppleWebKit/537.36 (KHTML, like Gecko) Chrome/127.0.0.0 Safari/537.36 Edg/127.0.0.0
/home/namo/loan/control/app/new/loan-act.php
[_POST] : 
Array
(
    [w] => pr
    [wr_id] => 52152
    [prev_status] => 1
    [next_status] => 10
    [jd_amount] => 37000
    [jd_interest] => 13.2~13.6
    [jd_condition] => 신탁+근저당권시  410백만원
    [jd_memo] => 
    [rf_first3] => 
    [rf_first1] => 
    [rf_first2] => 
)
[MESSAGE] : 


[2024-08-12 15:03:43]
175.121.155.210 : Mozilla/5.0 (Windows NT 10.0; Win64; x64) AppleWebKit/537.36 (KHTML, like Gecko) Chrome/127.0.0.0 Safari/537.36 Edg/127.0.0.0
/home/namo/loan/control/app/new/loan-act.php
[_POST] : 
Array
(
    [w] => pr
    [wr_id] => 52153
    [prev_status] => 1
    [next_status] => 10
    [jd_amount] => 38000
    [jd_interest] => 13.5~13.8
    [jd_condition] => 상속세 납부 확인
    [jd_memo] => 
    [rf_first3] => 270000
    [rf_first1] => 
    [rf_first2] => 
)
[MESSAGE] : 


[2024-08-12 15:06:52]
175.121.155.210 : Mozilla/5.0 (Windows NT 10.0; Win64; x64) AppleWebKit/537.36 (KHTML, like Gecko) Chrome/127.0.0.0 Safari/537.36 Edg/127.0.0.0
/home/namo/loan/control/app/new/loan-act.php
[_POST] : 
Array
(
    [w] => pr
    [wr_id] => 52154
    [prev_status] => 1
    [next_status] => 10
    [jd_amount] => 4500
    [jd_interest] => 13.8~14
    [jd_condition] => 현장방문 시세조사 필수
    [jd_memo] => 
    [rf_first3] => 24000
    [rf_first1] => 
    [rf_first2] => 
)
[MESSAGE] : 


[2024-08-12 15:08:17]
175.121.155.210 : Mozilla/5.0 (Windows NT 10.0; Win64; x64) AppleWebKit/537.36 (KHTML, like Gecko) Chrome/127.0.0.0 Safari/537.36 Edg/127.0.0.0
/home/namo/loan/control/app/new/loan-act.php
[_POST] : 
Array
(
    [w] => pr
    [wr_id] => 52155
    [prev_status] => 20
    [next_status] => 
    [jd_amount] => 
    [jd_interest] => 
    [jd_condition] => 
    [jd_memo] => 
    [rf_first3] => 41000
    [rf_first1] => 
    [rf_first2] => 
)
[MESSAGE] : 


[2024-08-12 15:10:19]
175.121.155.210 : Mozilla/5.0 (Windows NT 10.0; Win64; x64) AppleWebKit/537.36 (KHTML, like Gecko) Chrome/127.0.0.0 Safari/537.36 Edg/127.0.0.0
/home/namo/loan/control/app/new/loan-act.php
[_POST] : 
Array
(
    [w] => pr
    [wr_id] => 52156
    [prev_status] => 10
    [next_status] => 
    [jd_amount] => 16000
    [jd_interest] => 13.3~13.7
    [jd_condition] => 
    [jd_memo] => 
    [rf_first3] => 105000
    [rf_first1] => 
    [rf_first2] => 
)
[MESSAGE] : 


[2024-08-12 15:10:31]
175.121.155.210 : Mozilla/5.0 (Windows NT 10.0; Win64; x64) AppleWebKit/537.36 (KHTML, like Gecko) Chrome/127.0.0.0 Safari/537.36 Edg/127.0.0.0
/home/namo/loan/control/app/new/loan-act.php
[_POST] : 
Array
(
    [w] => pr
    [wr_id] => 52156
    [prev_status] => 10
    [next_status] => 
    [jd_amount] => 18000
    [jd_interest] => 13.3~13.7
    [jd_condition] => 
    [jd_memo] => 
    [rf_first3] => 105000
    [rf_first1] => 
    [rf_first2] => 
)
[MESSAGE] : 


[2024-08-12 15:11:47]
175.121.155.210 : Mozilla/5.0 (Windows NT 10.0; Win64; x64) AppleWebKit/537.36 (KHTML, like Gecko) Chrome/127.0.0.0 Safari/537.36 Edg/127.0.0.0
/home/namo/loan/control/app/new/loan-act.php
[_POST] : 
Array
(
    [w] => pr
    [wr_id] => 52157
    [prev_status] => 1
    [next_status] => 10
    [jd_amount] => 3000
    [jd_interest] => 14
    [jd_condition] => 
    [jd_memo] => 
    [rf_first3] => 25000
    [rf_first1] => 
    [rf_first2] => 
)
[MESSAGE] : 


[2024-08-12 15:11:59]
175.121.155.210 : Mozilla/5.0 (Windows NT 10.0; Win64; x64) AppleWebKit/537.36 (KHTML, like Gecko) Chrome/127.0.0.0 Safari/537.36 Edg/127.0.0.0
/home/namo/loan/control/app/new/loan-act.php
[_POST] : 
Array
(
    [w] => pr
    [wr_id] => 52158
    [prev_status] => 1
    [next_status] => 20
    [jd_amount] => 
    [jd_interest] => 
    [jd_condition] => 
    [jd_memo] => 
    [rf_first3] => 
    [rf_first1] => 
    [rf_first2] => 
)
[MESSAGE] : 


[2024-08-12 15:12:16]
175.121.155.210 : Mozilla/5.0 (Windows NT 10.0; Win64; x64) AppleWebKit/537.36 (KHTML, like Gecko) Chrome/127.0.0.0 Safari/537.36 Edg/127.0.0.0
/home/namo/loan/control/app/new/loan-act.php
[_POST] : 
Array
(
    [w] => pr
    [wr_id] => 52157
    [prev_status] => 10
    [next_status] => 20
    [jd_amount] => 
    [jd_interest] => 
    [jd_condition] => 
    [jd_memo] => 
    [rf_first3] => 25000
    [rf_first1] => 
    [rf_first2] => 
)
[MESSAGE] : 


[2024-08-12 15:12:18]
175.121.155.210 : Mozilla/5.0 (Windows NT 10.0; Win64; x64) AppleWebKit/537.36 (KHTML, like Gecko) Chrome/127.0.0.0 Safari/537.36
/home/namo/loan/control/app/new/loan-act.php
[_POST] : 
Array
(
    [w] => pr
    [wr_id] => 52166
    [prev_status] => 1
    [next_status] => 10
    [jd_amount] => 3000
    [jd_interest] => 
    [jd_condition] => 
    [jd_memo] => 
    [rf_first3] => 10000
    [rf_first1] => 
    [rf_first2] => 
)
[MESSAGE] : 


[2024-08-12 15:13:12]
175.121.155.210 : Mozilla/5.0 (Windows NT 10.0; Win64; x64) AppleWebKit/537.36 (KHTML, like Gecko) Chrome/127.0.0.0 Safari/537.36 Edg/127.0.0.0
/home/namo/loan/control/app/new/loan-act.php
[_POST] : 
Array
(
    [w] => pr
    [wr_id] => 52159
    [prev_status] => 1
    [next_status] => 10
    [jd_amount] => 4000
    [jd_interest] => 13.5~13.8
    [jd_condition] => 세입자 동의조건
미동의시 진행불가
    [jd_memo] => 
    [rf_first3] => 40000
    [rf_first1] => 
    [rf_first2] => 
)
[MESSAGE] : 


[2024-08-12 15:15:04]
175.121.155.210 : Mozilla/5.0 (Windows NT 10.0; Win64; x64) AppleWebKit/537.36 (KHTML, like Gecko) Chrome/127.0.0.0 Safari/537.36 Edg/127.0.0.0
/home/namo/loan/control/app/new/loan-act.php
[_POST] : 
Array
(
    [w] => pr
    [wr_id] => 52160
    [prev_status] => 1
    [next_status] => 10
    [jd_amount] => 38000
    [jd_interest] => 13.5~13.8
    [jd_condition] => 
    [jd_memo] => 
    [rf_first3] => 120000
    [rf_first1] => 
    [rf_first2] => 
)
[MESSAGE] : 


[2024-08-12 15:16:23]
175.121.155.210 : Mozilla/5.0 (Windows NT 10.0; Win64; x64) AppleWebKit/537.36 (KHTML, like Gecko) Chrome/127.0.0.0 Safari/537.36
/home/namo/loan/control/app/new/loan-act.php
[_POST] : 
Array
(
    [w] => pr
    [wr_id] => 52164
    [prev_status] => 1
    [next_status] => 10
    [jd_amount] => 3000
    [jd_interest] => 
    [jd_condition] => 
    [jd_memo] => 
    [rf_first3] => 6000
    [rf_first1] => 
    [rf_first2] => 
)
[MESSAGE] : 


[2024-08-12 15:16:37]
175.121.155.210 : Mozilla/5.0 (Windows NT 10.0; Win64; x64) AppleWebKit/537.36 (KHTML, like Gecko) Chrome/127.0.0.0 Safari/537.36 Edg/127.0.0.0
/home/namo/loan/control/app/new/loan-act.php
[_POST] : 
Array
(
    [w] => pr
    [wr_id] => 52161
    [prev_status] => 1
    [next_status] => 10
    [jd_amount] => 4500
    [jd_interest] => 13.5~14
    [jd_condition] => 
    [jd_memo] => 
    [rf_first3] => 33000
    [rf_first1] => 
    [rf_first2] => 
)
[MESSAGE] : 


[2024-08-12 15:19:28]
175.121.155.210 : Mozilla/5.0 (Windows NT 10.0; Win64; x64) AppleWebKit/537.36 (KHTML, like Gecko) Chrome/127.0.0.0 Safari/537.36
/home/namo/loan/control/app/new/loan-act.php
[_POST] : 
Array
(
    [w] => pr
    [wr_id] => 52165
    [prev_status] => 1
    [next_status] => 20
    [jd_amount] => 
    [jd_interest] => 
    [jd_condition] => 
    [jd_memo] => 
    [rf_first3] => 
    [rf_first1] => 
    [rf_first2] => 
)
[MESSAGE] : 

