
[2024-07-18 09:27:48]
175.121.155.210 : Mozilla/5.0 (Windows NT 10.0; Win64; x64) AppleWebKit/537.36 (KHTML, like Gecko) Chrome/126.0.0.0 Safari/537.36 Edg/126.0.0.0
/home/user/hosting/loan/control/app/new/loan-act.php
[_POST] : 
Array
(
    [w] => pr
    [wr_id] => 50460
    [prev_status] => 1
    [next_status] => 10
    [jd_amount] => 16000
    [jd_interest] => 13.3~13.7
    [jd_condition] => 
    [jd_memo] => 
    [rf_first3] => 44000
    [rf_first1] => 
    [rf_first2] => 
)
[MESSAGE] : 


[2024-07-18 09:50:10]
175.121.155.210 : Mozilla/5.0 (Windows NT 10.0; Win64; x64) AppleWebKit/537.36 (KHTML, like Gecko) Chrome/126.0.0.0 Safari/537.36 Edg/126.0.0.0
/home/user/hosting/loan/control/app/new/loan-act.php
[_POST] : 
Array
(
    [w] => pr
    [wr_id] => 50461
    [prev_status] => 1
    [next_status] => 20
    [jd_amount] => 
    [jd_interest] => 
    [jd_condition] => 
    [jd_memo] => 
    [rf_first3] => 90000
    [rf_first1] => 
    [rf_first2] => 
)
[MESSAGE] : 


[2024-07-18 09:51:12]
175.121.155.210 : Mozilla/5.0 (Windows NT 10.0; Win64; x64) AppleWebKit/537.36 (KHTML, like Gecko) Chrome/126.0.0.0 Safari/537.36 Edg/126.0.0.0
/home/user/hosting/loan/control/app/new/loan-act.php
[_POST] : 
Array
(
    [w] => pr
    [wr_id] => 50462
    [prev_status] => 1
    [next_status] => 20
    [jd_amount] => 
    [jd_interest] => 
    [jd_condition] => 
    [jd_memo] => 
    [rf_first3] => 12000
    [rf_first1] => 
    [rf_first2] => 
)
[MESSAGE] : 


[2024-07-18 09:53:39]
175.121.155.210 : Mozilla/5.0 (Windows NT 10.0; Win64; x64) AppleWebKit/537.36 (KHTML, like Gecko) Chrome/126.0.0.0 Safari/537.36 Edg/126.0.0.0
/home/user/hosting/loan/control/app/new/loan-act.php
[_POST] : 
Array
(
    [w] => pr
    [wr_id] => 50463
    [prev_status] => 1
    [next_status] => 20
    [jd_amount] => 
    [jd_interest] => 
    [jd_condition] => 
    [jd_memo] => 
    [rf_first3] => 
    [rf_first1] => 
    [rf_first2] => 
)
[MESSAGE] : 


[2024-07-18 10:10:28]
175.121.155.210 : Mozilla/5.0 (Windows NT 10.0; Win64; x64) AppleWebKit/537.36 (KHTML, like Gecko) Chrome/126.0.0.0 Safari/537.36
/home/user/hosting/loan/control/app/new/loan-act.php
[_POST] : 
Array
(
    [w] => pr
    [wr_id] => 50463
    [prev_status] => 20
    [next_status] => 10
    [jd_amount] => 20000
    [jd_interest] => 
    [jd_condition] => 
    [jd_memo] => 13~14억 낙찰 추정
    [rf_first3] => 135000
    [rf_first1] => 
    [rf_first2] => 
)
[MESSAGE] : 


[2024-07-18 10:11:27]
175.121.155.210 : Mozilla/5.0 (Windows NT 10.0; Win64; x64) AppleWebKit/537.36 (KHTML, like Gecko) Chrome/126.0.0.0 Safari/537.36
/home/user/hosting/loan/control/app/new/loan-act.php
[_POST] : 
Array
(
    [w] => pr
    [wr_id] => 50464
    [prev_status] => 1
    [next_status] => 20
    [jd_amount] => 
    [jd_interest] => 
    [jd_condition] => 
    [jd_memo] => 
    [rf_first3] => 25000
    [rf_first1] => 
    [rf_first2] => 
)
[MESSAGE] : 


[2024-07-18 10:15:55]
175.121.155.210 : Mozilla/5.0 (Windows NT 10.0; Win64; x64) AppleWebKit/537.36 (KHTML, like Gecko) Chrome/126.0.0.0 Safari/537.36
/home/user/hosting/loan/control/app/new/loan-act.php
[_POST] : 
Array
(
    [w] => pr
    [wr_id] => 50465
    [prev_status] => 1
    [next_status] => 10
    [jd_amount] => 3000
    [jd_interest] => 14
    [jd_condition] => 
    [jd_memo] => 
    [rf_first3] => 15000
    [rf_first1] => 
    [rf_first2] => 
)
[MESSAGE] : 


[2024-07-18 10:16:22]
175.121.155.210 : Mozilla/5.0 (Windows NT 10.0; Win64; x64) AppleWebKit/537.36 (KHTML, like Gecko) Chrome/126.0.0.0 Safari/537.36
/home/user/hosting/loan/control/app/new/loan-act.php
[_POST] : 
Array
(
    [w] => pr
    [wr_id] => 50465
    [prev_status] => 10
    [next_status] => 10
    [jd_amount] => 5000
    [jd_interest] => 14
    [jd_condition] => 
    [jd_memo] => 
    [rf_first3] => 15000
    [rf_first1] => 
    [rf_first2] => 
)
[MESSAGE] : 


[2024-07-18 10:30:26]
175.121.155.210 : Mozilla/5.0 (Windows NT 10.0; Win64; x64) AppleWebKit/537.36 (KHTML, like Gecko) Chrome/126.0.0.0 Safari/537.36 Edg/126.0.0.0
/home/user/hosting/loan/control/app/new/loan-act.php
[_POST] : 
Array
(
    [w] => pr
    [wr_id] => 50466
    [prev_status] => 1
    [next_status] => 20
    [jd_amount] => 
    [jd_interest] => 
    [jd_condition] => 
    [jd_memo] => 
    [rf_first3] => 19000
    [rf_first1] => 
    [rf_first2] => 
)
[MESSAGE] : 


[2024-07-18 10:31:26]
175.121.155.210 : Mozilla/5.0 (Windows NT 10.0; Win64; x64) AppleWebKit/537.36 (KHTML, like Gecko) Chrome/126.0.0.0 Safari/537.36 Edg/126.0.0.0
/home/user/hosting/loan/control/app/new/loan-act.php
[_POST] : 
Array
(
    [w] => pr
    [wr_id] => 50466
    [prev_status] => 20
    [next_status] => 10
    [jd_amount] => 5000
    [jd_interest] => 14
    [jd_condition] => 
    [jd_memo] => 
    [rf_first3] => 19000
    [rf_first1] => 
    [rf_first2] => 
)
[MESSAGE] : 


[2024-07-18 10:33:41]
175.121.155.210 : Mozilla/5.0 (Windows NT 10.0; Win64; x64) AppleWebKit/537.36 (KHTML, like Gecko) Chrome/126.0.0.0 Safari/537.36 Edg/126.0.0.0
/home/user/hosting/loan/control/app/new/loan-act.php
[_POST] : 
Array
(
    [w] => pr
    [wr_id] => 50467
    [prev_status] => 1
    [next_status] => 10
    [jd_amount] => 30000
    [jd_interest] => 13~13.5
    [jd_condition] => 
    [jd_memo] => 
    [rf_first3] => 
    [rf_first1] => 
    [rf_first2] => 
)
[MESSAGE] : 


[2024-07-18 10:35:14]
175.121.155.210 : Mozilla/5.0 (Windows NT 10.0; Win64; x64) AppleWebKit/537.36 (KHTML, like Gecko) Chrome/126.0.0.0 Safari/537.36 Edg/126.0.0.0
/home/user/hosting/loan/control/app/new/loan-act.php
[_POST] : 
Array
(
    [w] => pr
    [wr_id] => 50468
    [prev_status] => 10
    [next_status] => 10
    [jd_amount] => 26000
    [jd_interest] => 13.3~13.7
    [jd_condition] => 자동한도 조정건
    [jd_memo] => 자동 가승인
    [rf_first3] => 120000
    [rf_first1] => 
    [rf_first2] => 
)
[MESSAGE] : 


[2024-07-18 10:35:55]
175.121.155.210 : Mozilla/5.0 (Windows NT 10.0; Win64; x64) AppleWebKit/537.36 (KHTML, like Gecko) Chrome/126.0.0.0 Safari/537.36 Edg/126.0.0.0
/home/user/hosting/loan/control/app/new/loan-act.php
[_POST] : 
Array
(
    [w] => pr
    [wr_id] => 50469
    [prev_status] => 1
    [next_status] => 20
    [jd_amount] => 
    [jd_interest] => 
    [jd_condition] => 
    [jd_memo] => 
    [rf_first3] => 45000
    [rf_first1] => 
    [rf_first2] => 
)
[MESSAGE] : 


[2024-07-18 10:37:09]
175.121.155.210 : Mozilla/5.0 (Windows NT 10.0; Win64; x64) AppleWebKit/537.36 (KHTML, like Gecko) Chrome/126.0.0.0 Safari/537.36 Edg/126.0.0.0
/home/user/hosting/loan/control/app/new/loan-act.php
[_POST] : 
Array
(
    [w] => pr
    [wr_id] => 50470
    [prev_status] => 1
    [next_status] => 10
    [jd_amount] => 7000
    [jd_interest] => 13.5~13.9
    [jd_condition] => 
    [jd_memo] => 
    [rf_first3] => 16000
    [rf_first1] => 
    [rf_first2] => 
)
[MESSAGE] : 


[2024-07-18 11:06:33]
175.121.155.210 : Mozilla/5.0 (Windows NT 10.0; Win64; x64) AppleWebKit/537.36 (KHTML, like Gecko) Chrome/126.0.0.0 Safari/537.36 Edg/126.0.0.0
/home/user/hosting/loan/control/app/new/loan-act.php
[_POST] : 
Array
(
    [w] => pr
    [wr_id] => 50471
    [prev_status] => 10
    [next_status] => 10
    [jd_amount] => 15000
    [jd_interest] => 13.3~13.7
    [jd_condition] => 자동한도 조정건
    [jd_memo] => 자동 가승인
    [rf_first3] => 54000
    [rf_first1] => 
    [rf_first2] => 
)
[MESSAGE] : 


[2024-07-18 11:07:30]
175.121.155.210 : Mozilla/5.0 (Windows NT 10.0; Win64; x64) AppleWebKit/537.36 (KHTML, like Gecko) Chrome/126.0.0.0 Safari/537.36 Edg/126.0.0.0
/home/user/hosting/loan/control/app/new/loan-act.php
[_POST] : 
Array
(
    [w] => pr
    [wr_id] => 50472
    [prev_status] => 1
    [next_status] => 20
    [jd_amount] => 
    [jd_interest] => 
    [jd_condition] => 
    [jd_memo] => 
    [rf_first3] => 44000
    [rf_first1] => 
    [rf_first2] => 
)
[MESSAGE] : 


[2024-07-18 11:08:32]
175.121.155.210 : Mozilla/5.0 (Windows NT 10.0; Win64; x64) AppleWebKit/537.36 (KHTML, like Gecko) Chrome/126.0.0.0 Safari/537.36 Edg/126.0.0.0
/home/user/hosting/loan/control/app/new/loan-act.php
[_POST] : 
Array
(
    [w] => pr
    [wr_id] => 50473
    [prev_status] => 1
    [next_status] => 10
    [jd_amount] => 45000
    [jd_interest] => 13.3~13.7
    [jd_condition] => 
    [jd_memo] => 
    [rf_first3] => 65000
    [rf_first1] => 
    [rf_first2] => 
)
[MESSAGE] : 


[2024-07-18 11:10:29]
175.121.155.210 : Mozilla/5.0 (Windows NT 10.0; Win64; x64) AppleWebKit/537.36 (KHTML, like Gecko) Chrome/126.0.0.0 Safari/537.36 Edg/126.0.0.0
/home/user/hosting/loan/control/app/new/loan-act.php
[_POST] : 
Array
(
    [w] => pr
    [wr_id] => 50474
    [prev_status] => 1
    [next_status] => 10
    [jd_amount] => 37500
    [jd_interest] => 13.3~13.6
    [jd_condition] => 
    [jd_memo] => 
    [rf_first3] => 82000
    [rf_first1] => 
    [rf_first2] => 
)
[MESSAGE] : 


[2024-07-18 11:11:32]
175.121.155.210 : Mozilla/5.0 (Windows NT 10.0; Win64; x64) AppleWebKit/537.36 (KHTML, like Gecko) Chrome/126.0.0.0 Safari/537.36 Edg/126.0.0.0
/home/user/hosting/loan/control/app/new/loan-act.php
[_POST] : 
Array
(
    [w] => pr
    [wr_id] => 49891
    [prev_status] => 30
    [next_status] => 
    [jd_amount] => 7500
    [jd_interest] => 13.5~13.8
    [jd_condition] => 신.조완료(취급가능)/간편심사 진행예정
    [jd_memo] => 본인이 연락주겠다고 함
    [rf_first3] => 
    [rf_first1] => 
    [rf_first2] => 
)
[MESSAGE] : 


[2024-07-18 11:11:49]
175.121.155.210 : Mozilla/5.0 (Windows NT 10.0; Win64; x64) AppleWebKit/537.36 (KHTML, like Gecko) Chrome/126.0.0.0 Safari/537.36 Edg/126.0.0.0
/home/user/hosting/loan/control/app/new/loan-act.php
[_POST] : 
Array
(
    [w] => pr
    [wr_id] => 50475
    [prev_status] => 1
    [next_status] => 10
    [jd_amount] => 18000
    [jd_interest] => 13.3~13.7
    [jd_condition] => 신탁+근저당권
    [jd_memo] => 
    [rf_first3] => 30000
    [rf_first1] => 
    [rf_first2] => 
)
[MESSAGE] : 


[2024-07-18 11:12:51]
175.121.155.210 : Mozilla/5.0 (Windows NT 10.0; Win64; x64) AppleWebKit/537.36 (KHTML, like Gecko) Chrome/126.0.0.0 Safari/537.36 Edg/126.0.0.0
/home/user/hosting/loan/control/app/new/loan-act.php
[_POST] : 
Array
(
    [w] => pr
    [wr_id] => 50476
    [prev_status] => 1
    [next_status] => 10
    [jd_amount] => 6000
    [jd_interest] => 13.5~13.9
    [jd_condition] => 
    [jd_memo] => 
    [rf_first3] => 12000
    [rf_first1] => 
    [rf_first2] => 
)
[MESSAGE] : 


[2024-07-18 11:14:33]
175.121.155.210 : Mozilla/5.0 (Windows NT 10.0; Win64; x64) AppleWebKit/537.36 (KHTML, like Gecko) Chrome/126.0.0.0 Safari/537.36 Edg/126.0.0.0
/home/user/hosting/loan/control/app/new/loan-act.php
[_POST] : 
Array
(
    [w] => pr
    [wr_id] => 50477
    [prev_status] => 1
    [next_status] => 20
    [jd_amount] => 
    [jd_interest] => 
    [jd_condition] => 
    [jd_memo] => 
    [rf_first3] => 40000
    [rf_first1] => 
    [rf_first2] => 
)
[MESSAGE] : 


[2024-07-18 11:15:11]
175.121.155.210 : Mozilla/5.0 (Windows NT 10.0; Win64; x64) AppleWebKit/537.36 (KHTML, like Gecko) Chrome/126.0.0.0 Safari/537.36 Edg/126.0.0.0
/home/user/hosting/loan/control/app/new/loan-act.php
[_POST] : 
Array
(
    [w] => pr
    [wr_id] => 50478
    [prev_status] => 10
    [next_status] => 10
    [jd_amount] => 9000
    [jd_interest] => 13.5~13.9
    [jd_condition] => 전세권 설정
    [jd_memo] => 자동 가승인
    [rf_first3] => 31000
    [rf_first1] => 
    [rf_first2] => 
)
[MESSAGE] : 


[2024-07-18 11:15:21]
175.121.155.210 : Mozilla/5.0 (Windows NT 10.0; Win64; x64) AppleWebKit/537.36 (KHTML, like Gecko) Chrome/126.0.0.0 Safari/537.36 Edg/126.0.0.0
/home/user/hosting/loan/control/app/new/loan-act.php
[_POST] : 
Array
(
    [w] => pr
    [wr_id] => 50478
    [prev_status] => 10
    [next_status] => 
    [jd_amount] => 9000
    [jd_interest] => 13.5~13.9
    [jd_condition] => 전세권 설정
자동한도 조정
    [jd_memo] => 자동 가승인
    [rf_first3] => 31000
    [rf_first1] => 
    [rf_first2] => 
)
[MESSAGE] : 


[2024-07-18 11:16:14]
175.121.155.210 : Mozilla/5.0 (Windows NT 10.0; Win64; x64) AppleWebKit/537.36 (KHTML, like Gecko) Chrome/126.0.0.0 Safari/537.36 Edg/126.0.0.0
/home/user/hosting/loan/control/app/new/loan-act.php
[_POST] : 
Array
(
    [w] => pr
    [wr_id] => 50479
    [prev_status] => 1
    [next_status] => 10
    [jd_amount] => 6000
    [jd_interest] => 13.3~13.7
    [jd_condition] => 신탁+근저당권
    [jd_memo] => 
    [rf_first3] => 12000
    [rf_first1] => 
    [rf_first2] => 
)
[MESSAGE] : 


[2024-07-18 11:24:24]
175.121.155.210 : Mozilla/5.0 (Windows NT 10.0; Win64; x64) AppleWebKit/537.36 (KHTML, like Gecko) Chrome/126.0.0.0 Safari/537.36 Edg/126.0.0.0
/home/user/hosting/loan/control/app/new/loan-act.php
[_POST] : 
Array
(
    [w] => pr
    [wr_id] => 50435
    [prev_status] => 30
    [next_status] => 
    [jd_amount] => 10000
    [jd_interest] => 13.5~13.8
    [jd_condition] => 신.조완료(취급가능)/간편심사 진행예정
    [jd_memo] => 
    [rf_first3] => 
    [rf_first1] => 
    [rf_first2] => 
)
[MESSAGE] : 


[2024-07-18 11:52:04]
175.121.155.210 : Mozilla/5.0 (Windows NT 10.0; Win64; x64) AppleWebKit/537.36 (KHTML, like Gecko) Chrome/126.0.0.0 Safari/537.36 Edg/126.0.0.0
/home/user/hosting/loan/control/app/new/loan-act.php
[_POST] : 
Array
(
    [w] => pr
    [wr_id] => 50480
    [prev_status] => 1
    [next_status] => 10
    [jd_amount] => 18000
    [jd_interest] => 13.3~13.7
    [jd_condition] => 신탁+근저당권
    [jd_memo] => 
    [rf_first3] => 
    [rf_first1] => 
    [rf_first2] => 
)
[MESSAGE] : 


[2024-07-18 11:53:18]
175.121.155.210 : Mozilla/5.0 (Windows NT 10.0; Win64; x64) AppleWebKit/537.36 (KHTML, like Gecko) Chrome/126.0.0.0 Safari/537.36 Edg/126.0.0.0
/home/user/hosting/loan/control/app/new/loan-act.php
[_POST] : 
Array
(
    [w] => pr
    [wr_id] => 50481
    [prev_status] => 1
    [next_status] => 10
    [jd_amount] => 31000
    [jd_interest] => 13~13.5
    [jd_condition] => 선순위 조건 / 후순위 취급불가
    [jd_memo] => 
    [rf_first3] => 
    [rf_first1] => 
    [rf_first2] => 
)
[MESSAGE] : 


[2024-07-18 11:59:13]
175.121.155.210 : Mozilla/5.0 (Windows NT 10.0; Win64; x64) AppleWebKit/537.36 (KHTML, like Gecko) Chrome/126.0.0.0 Safari/537.36 Edg/126.0.0.0
/home/user/hosting/loan/control/app/new/loan-act.php
[_POST] : 
Array
(
    [w] => pr
    [wr_id] => 50482
    [prev_status] => 1
    [next_status] => 10
    [jd_amount] => 15000
    [jd_interest] => 13.5~14
    [jd_condition] => 신탁+근저당조건
    [jd_memo] => 
    [rf_first3] => 
    [rf_first1] => 
    [rf_first2] => 
)
[MESSAGE] : 


[2024-07-18 12:00:06]
175.121.155.210 : Mozilla/5.0 (Windows NT 10.0; Win64; x64) AppleWebKit/537.36 (KHTML, like Gecko) Chrome/126.0.0.0 Safari/537.36 Edg/126.0.0.0
/home/user/hosting/loan/control/app/new/loan-act.php
[_POST] : 
Array
(
    [w] => pr
    [wr_id] => 50484
    [prev_status] => 1
    [next_status] => 10
    [jd_amount] => 46000
    [jd_interest] => 13.3~13.6
    [jd_condition] => 
    [jd_memo] => 
    [rf_first3] => 140000
    [rf_first1] => 
    [rf_first2] => 
)
[MESSAGE] : 


[2024-07-18 12:03:35]
175.121.155.210 : Mozilla/5.0 (Windows NT 10.0; Win64; x64) AppleWebKit/537.36 (KHTML, like Gecko) Chrome/126.0.0.0 Safari/537.36 Edg/126.0.0.0
/home/user/hosting/loan/control/app/new/loan-act.php
[_POST] : 
Array
(
    [w] => pr
    [wr_id] => 50486
    [prev_status] => 1
    [next_status] => 10
    [jd_amount] => 43000
    [jd_interest] => 13.3~13.7
    [jd_condition] => 
    [jd_memo] => 
    [rf_first3] => 
    [rf_first1] => 
    [rf_first2] => 
)
[MESSAGE] : 


[2024-07-18 12:04:02]
175.121.155.210 : Mozilla/5.0 (Windows NT 10.0; Win64; x64) AppleWebKit/537.36 (KHTML, like Gecko) Chrome/126.0.0.0 Safari/537.36 Edg/126.0.0.0
/home/user/hosting/loan/control/app/new/loan-act.php
[_POST] : 
Array
(
    [w] => pr
    [wr_id] => 50487
    [prev_status] => 1
    [next_status] => 10
    [jd_amount] => 15500
    [jd_interest] => 13.3~13.6
    [jd_condition] => 
    [jd_memo] => 
    [rf_first3] => 24000
    [rf_first1] => 
    [rf_first2] => 
)
[MESSAGE] : 


[2024-07-18 12:04:49]
175.121.155.210 : Mozilla/5.0 (Windows NT 10.0; Win64; x64) AppleWebKit/537.36 (KHTML, like Gecko) Chrome/126.0.0.0 Safari/537.36 Edg/126.0.0.0
/home/user/hosting/loan/control/app/new/loan-act.php
[_POST] : 
Array
(
    [w] => pr
    [wr_id] => 50485
    [prev_status] => 1
    [next_status] => 20
    [jd_amount] => 
    [jd_interest] => 
    [jd_condition] => 
    [jd_memo] => 
    [rf_first3] => 
    [rf_first1] => 
    [rf_first2] => 
)
[MESSAGE] : 


[2024-07-18 13:35:40]
175.121.155.210 : Mozilla/5.0 (Windows NT 10.0; Win64; x64) AppleWebKit/537.36 (KHTML, like Gecko) Chrome/126.0.0.0 Safari/537.36 Edg/126.0.0.0
/home/user/hosting/loan/control/app/new/loan-act.php
[_POST] : 
Array
(
    [w] => pr
    [wr_id] => 49891
    [prev_status] => 30
    [next_status] => 
    [jd_amount] => 7500
    [jd_interest] => 13.5~13.8
    [jd_condition] => KB시세하락으로 한도 6000만원정도만 가능/차주 진행시 연락주기로 함
    [jd_memo] => 본인이 연락주겠다고 함
신.조완료(취급가능)/간편심사 진행예정
    [rf_first3] => 
    [rf_first1] => 
    [rf_first2] => 
)
[MESSAGE] : 


[2024-07-18 13:59:48]
175.121.155.210 : Mozilla/5.0 (Windows NT 10.0; Win64; x64) AppleWebKit/537.36 (KHTML, like Gecko) Chrome/126.0.0.0 Safari/537.36 Edg/126.0.0.0
/home/user/hosting/loan/control/app/new/loan-act.php
[_POST] : 
Array
(
    [w] => pr
    [wr_id] => 50488
    [prev_status] => 1
    [next_status] => 20
    [jd_amount] => 
    [jd_interest] => 
    [jd_condition] => 
    [jd_memo] => 
    [rf_first3] => 14500
    [rf_first1] => 
    [rf_first2] => 
)
[MESSAGE] : 


[2024-07-18 14:06:46]
175.121.155.210 : Mozilla/5.0 (Windows NT 10.0; Win64; x64) AppleWebKit/537.36 (KHTML, like Gecko) Chrome/126.0.0.0 Safari/537.36 Edg/126.0.0.0
/home/user/hosting/loan/control/app/new/loan-act.php
[_POST] : 
Array
(
    [w] => pr
    [wr_id] => 50489
    [prev_status] => 1
    [next_status] => 10
    [jd_amount] => 11000
    [jd_interest] => 13.3~13.8
    [jd_condition] => 
    [jd_memo] => 12100
    [rf_first3] => 60000
    [rf_first1] => 
    [rf_first2] => 
)
[MESSAGE] : 


[2024-07-18 14:08:03]
175.121.155.210 : Mozilla/5.0 (Windows NT 10.0; Win64; x64) AppleWebKit/537.36 (KHTML, like Gecko) Chrome/126.0.0.0 Safari/537.36 Edg/126.0.0.0
/home/user/hosting/loan/control/app/new/loan-act.php
[_POST] : 
Array
(
    [w] => pr
    [wr_id] => 50490
    [prev_status] => 1
    [next_status] => 20
    [jd_amount] => 
    [jd_interest] => 
    [jd_condition] => 
    [jd_memo] => 
    [rf_first3] => 25000
    [rf_first1] => 
    [rf_first2] => 
)
[MESSAGE] : 


[2024-07-18 14:08:35]
175.121.155.210 : Mozilla/5.0 (Windows NT 10.0; Win64; x64) AppleWebKit/537.36 (KHTML, like Gecko) Chrome/126.0.0.0 Safari/537.36 Edg/126.0.0.0
/home/user/hosting/loan/control/app/new/loan-act.php
[_POST] : 
Array
(
    [w] => pr
    [wr_id] => 50491
    [prev_status] => 1
    [next_status] => 20
    [jd_amount] => 
    [jd_interest] => 
    [jd_condition] => 
    [jd_memo] => 기존 선순위 21000만원 제시건
    [rf_first3] => 
    [rf_first1] => 
    [rf_first2] => 
)
[MESSAGE] : 


[2024-07-18 14:09:12]
175.121.155.210 : Mozilla/5.0 (Windows NT 10.0; Win64; x64) AppleWebKit/537.36 (KHTML, like Gecko) Chrome/126.0.0.0 Safari/537.36 Edg/126.0.0.0
/home/user/hosting/loan/control/app/new/loan-act.php
[_POST] : 
Array
(
    [w] => pr
    [wr_id] => 50492
    [prev_status] => 1
    [next_status] => 20
    [jd_amount] => 
    [jd_interest] => 
    [jd_condition] => 
    [jd_memo] => 
    [rf_first3] => 
    [rf_first1] => 
    [rf_first2] => 
)
[MESSAGE] : 


[2024-07-18 14:09:31]
175.121.155.210 : Mozilla/5.0 (Windows NT 10.0; Win64; x64) AppleWebKit/537.36 (KHTML, like Gecko) Chrome/126.0.0.0 Safari/537.36 Edg/126.0.0.0
/home/user/hosting/loan/control/app/new/loan-act.php
[_POST] : 
Array
(
    [w] => pr
    [wr_id] => 50493
    [prev_status] => 1
    [next_status] => 20
    [jd_amount] => 
    [jd_interest] => 
    [jd_condition] => 
    [jd_memo] => 
    [rf_first3] => 
    [rf_first1] => 
    [rf_first2] => 
)
[MESSAGE] : 


[2024-07-18 14:10:40]
175.121.155.210 : Mozilla/5.0 (Windows NT 10.0; Win64; x64) AppleWebKit/537.36 (KHTML, like Gecko) Chrome/126.0.0.0 Safari/537.36 Edg/126.0.0.0
/home/user/hosting/loan/control/app/new/loan-act.php
[_POST] : 
Array
(
    [w] => pr
    [wr_id] => 50494
    [prev_status] => 1
    [next_status] => 20
    [jd_amount] => 
    [jd_interest] => 
    [jd_condition] => 타사 접수로 심사중인 건입니다
    [jd_memo] => 
    [rf_first3] => 
    [rf_first1] => 
    [rf_first2] => 
)
[MESSAGE] : 


[2024-07-18 14:12:18]
175.121.155.210 : Mozilla/5.0 (Windows NT 10.0; Win64; x64) AppleWebKit/537.36 (KHTML, like Gecko) Chrome/126.0.0.0 Safari/537.36 Edg/126.0.0.0
/home/user/hosting/loan/control/app/new/loan-act.php
[_POST] : 
Array
(
    [w] => pr
    [wr_id] => 50495
    [prev_status] => 1
    [next_status] => 10
    [jd_amount] => 23000
    [jd_interest] => 13.3~13.5
    [jd_condition] => 
    [jd_memo] => 
    [rf_first3] => 90000
    [rf_first1] => 
    [rf_first2] => 
)
[MESSAGE] : 


[2024-07-18 14:12:55]
175.121.155.210 : Mozilla/5.0 (Windows NT 10.0; Win64; x64) AppleWebKit/537.36 (KHTML, like Gecko) Chrome/126.0.0.0 Safari/537.36 Edg/126.0.0.0
/home/user/hosting/loan/control/app/new/loan-act.php
[_POST] : 
Array
(
    [w] => pr
    [wr_id] => 50496
    [prev_status] => 1
    [next_status] => 10
    [jd_amount] => 8000
    [jd_interest] => 13.5~13.8
    [jd_condition] => 
    [jd_memo] => 
    [rf_first3] => 
    [rf_first1] => 
    [rf_first2] => 
)
[MESSAGE] : 


[2024-07-18 14:14:47]
175.121.155.210 : Mozilla/5.0 (Windows NT 10.0; Win64; x64) AppleWebKit/537.36 (KHTML, like Gecko) Chrome/126.0.0.0 Safari/537.36 Edg/126.0.0.0
/home/user/hosting/loan/control/app/new/loan-act.php
[_POST] : 
Array
(
    [w] => pr
    [wr_id] => 50497
    [prev_status] => 1
    [next_status] => 10
    [jd_amount] => 10000
    [jd_interest] => 13.3~13.8
    [jd_condition] => 선순위
    [jd_memo] => 
    [rf_first3] => 19000
    [rf_first1] => 
    [rf_first2] => 
)
[MESSAGE] : 


[2024-07-18 14:15:16]
175.121.155.210 : Mozilla/5.0 (Windows NT 10.0; Win64; x64) AppleWebKit/537.36 (KHTML, like Gecko) Chrome/126.0.0.0 Safari/537.36 Edg/126.0.0.0
/home/user/hosting/loan/control/app/new/loan-act.php
[_POST] : 
Array
(
    [w] => pr
    [wr_id] => 50498
    [prev_status] => 1
    [next_status] => 20
    [jd_amount] => 
    [jd_interest] => 
    [jd_condition] => 
    [jd_memo] => 
    [rf_first3] => 22000
    [rf_first1] => 
    [rf_first2] => 
)
[MESSAGE] : 


[2024-07-18 14:18:05]
175.121.155.210 : Mozilla/5.0 (Windows NT 10.0; Win64; x64) AppleWebKit/537.36 (KHTML, like Gecko) Chrome/126.0.0.0 Safari/537.36 Edg/126.0.0.0
/home/user/hosting/loan/control/app/new/loan-act.php
[_POST] : 
Array
(
    [w] => pr
    [wr_id] => 50499
    [prev_status] => 1
    [next_status] => 10
    [jd_amount] => 3000
    [jd_interest] => 13.8~14.3
    [jd_condition] => 현장시세조사 
    [jd_memo] => 매입가 43360만원 (21.02)
    [rf_first3] => 40000
    [rf_first1] => 
    [rf_first2] => 
)
[MESSAGE] : 


[2024-07-18 14:18:35]
175.121.155.210 : Mozilla/5.0 (Windows NT 10.0; Win64; x64) AppleWebKit/537.36 (KHTML, like Gecko) Chrome/126.0.0.0 Safari/537.36 Edg/126.0.0.0
/home/user/hosting/loan/control/app/new/loan-act.php
[_POST] : 
Array
(
    [w] => u
    [wr_id] => 50500
    [prev_status] => 1
    [wr_ca] => E
    [wr_part] => A
    [wr_subject] => 이성관
    [wr_cont1] => 자녀차주조건
    [address1] => 경남 창원시 진해구 명동 480-7
    [address2] => 
    [address3] => 
    [address_ext] => 
    [wr_m2] => 
    [wr_cont2] => <단층주택>
*명의인 : 이성관 39년생 (담보제공)
*주소 : 경상남도 창원시 진해구 명동 480-7
*직업 : 낚시배 운영하는 사업자
*면적 : 395.3
*공시지가 : 375.600
*공가 : 148,474,680
*설정 : 수협 3건 15600만 / 원금  7400만 감액조건 

=======================

 이성관 39년생 (담보제공) 

*자녀(이상덕) 차주조건 (사업자) 

*자녀분 이상덕님 차주 신용점수는 연체이력으로 나이스 633점이라고합니다 

후순위 검토부탁드립니다
    [wr_amount] => 
    [wr_link1] => 
    [wr_link1_subj] => KB시세조회
    [wr_link2] => 
    [wr_link2_subj] => 
)
[MESSAGE] : 


[2024-07-18 14:19:05]
175.121.155.210 : Mozilla/5.0 (Windows NT 10.0; Win64; x64) AppleWebKit/537.36 (KHTML, like Gecko) Chrome/126.0.0.0 Safari/537.36 Edg/126.0.0.0
/home/user/hosting/loan/control/app/new/loan-act.php
[_POST] : 
Array
(
    [w] => u
    [wr_id] => 50500
    [prev_status] => 1
    [wr_ca] => E
    [wr_part] => A
    [wr_subject] => 이성관
    [wr_cont1] => 자녀차주조건
    [address1] => 경남 창원시 진해구 명동 480-7
    [address2] => 
    [address3] => 
    [address_ext] => 
    [wr_m2] => 
    [wr_cont2] => <단층주택>
*명의인 : 이성관 39년생 (담보제공)
*주소 : 경상남도 창원시 진해구 명동 480-7
*직업 : 낚시배 운영하는 사업자
*면적 : 395.3
*공시지가 : 375.600
*공가 : 148,474,680
*설정 : 수협 3건 15600만 / 원금  7400만 감액조건 

=======================

 이성관 39년생 (담보제공) 

*자녀(이상덕) 차주조건 (사업자) 

*자녀분 이상덕님 차주 신용점수는 연체이력으로 나이스 633점이라고합니다 

후순위 검토부탁드립니다
    [wr_amount] => 
    [wr_link1] => 
    [wr_link1_subj] => KB시세조회
    [wr_link2] => 
    [wr_link2_subj] => 
)
[MESSAGE] : 


[2024-07-18 14:20:53]
175.121.155.210 : Mozilla/5.0 (Windows NT 10.0; Win64; x64) AppleWebKit/537.36 (KHTML, like Gecko) Chrome/126.0.0.0 Safari/537.36 Edg/126.0.0.0
/home/user/hosting/loan/control/app/new/loan-act.php
[_POST] : 
Array
(
    [w] => pr
    [wr_id] => 50500
    [prev_status] => 1
    [next_status] => 10
    [jd_amount] => 4000
    [jd_interest] => 13.8~14.3
    [jd_condition] => 현장시세조사
    [jd_memo] => 
    [rf_first3] => 27000
    [rf_first1] => 
    [rf_first2] => 
)
[MESSAGE] : 


[2024-07-18 14:21:06]
175.121.155.210 : Mozilla/5.0 (Windows NT 10.0; Win64; x64) AppleWebKit/537.36 (KHTML, like Gecko) Chrome/126.0.0.0 Safari/537.36 Edg/126.0.0.0
/home/user/hosting/loan/control/app/new/loan-act.php
[_POST] : 
Array
(
    [w] => pr
    [wr_id] => 50501
    [prev_status] => 1
    [next_status] => 20
    [jd_amount] => 
    [jd_interest] => 
    [jd_condition] => 
    [jd_memo] => 
    [rf_first3] => 
    [rf_first1] => 
    [rf_first2] => 
)
[MESSAGE] : 


[2024-07-18 14:21:15]
175.121.155.210 : Mozilla/5.0 (Windows NT 10.0; Win64; x64) AppleWebKit/537.36 (KHTML, like Gecko) Chrome/126.0.0.0 Safari/537.36 Edg/126.0.0.0
/home/user/hosting/loan/control/app/new/loan-act.php
[_POST] : 
Array
(
    [w] => u
    [wr_id] => 50502
    [prev_status] => 10
    [wr_ca] => A
    [wr_part] => A
    [wr_subject] => 김은정/아파트/선순위대출
    [wr_cont1] => 직장인
    [address1] => 강원 강릉시 입암동 506-9
    [address2] => 대인3
    [address3] => 104호
    [address_ext] => 210/14
    [wr_m2] => 59.68
    [wr_cont2] => * 전체지분

* 기대출 금액
* 기대출 총액 : 0만원
KB시세 : 10,000 11,000 11,500
* 특이사항 : 부모님 무상거주중
    [wr_amount] => 선순위최대한도요청
    [wr_link1] => 
    [wr_link1_subj] => KB시세조회
    [wr_link2] => 
    [wr_link2_subj] => 
)
[MESSAGE] : 


[2024-07-18 14:27:49]
175.121.155.210 : Mozilla/5.0 (Windows NT 10.0; Win64; x64) AppleWebKit/537.36 (KHTML, like Gecko) Chrome/126.0.0.0 Safari/537.36 Edg/126.0.0.0
/home/user/hosting/loan/control/app/new/loan-act.php
[_POST] : 
Array
(
    [w] => pr
    [wr_id] => 50503
    [prev_status] => 1
    [next_status] => 10
    [jd_amount] => 11000
    [jd_interest] => 13.5~13.8
    [jd_condition] => 
    [jd_memo] => 
    [rf_first3] => 23000
    [rf_first1] => 
    [rf_first2] => 
)
[MESSAGE] : 


[2024-07-18 14:29:07]
175.121.155.210 : Mozilla/5.0 (Windows NT 10.0; Win64; x64) AppleWebKit/537.36 (KHTML, like Gecko) Chrome/126.0.0.0 Safari/537.36 Edg/126.0.0.0
/home/user/hosting/loan/control/app/new/loan-act.php
[_POST] : 
Array
(
    [w] => pr
    [wr_id] => 50504
    [prev_status] => 1
    [next_status] => 20
    [jd_amount] => 
    [jd_interest] => 
    [jd_condition] => 
    [jd_memo] => 
    [rf_first3] => 50000
    [rf_first1] => 
    [rf_first2] => 
)
[MESSAGE] : 


[2024-07-18 14:29:43]
175.121.155.210 : Mozilla/5.0 (Windows NT 10.0; Win64; x64) AppleWebKit/537.36 (KHTML, like Gecko) Chrome/126.0.0.0 Safari/537.36 Edg/126.0.0.0
/home/user/hosting/loan/control/app/new/loan-act.php
[_POST] : 
Array
(
    [w] => u
    [wr_id] => 50486
    [prev_status] => 10
    [wr_ca] => E
    [wr_part] => A
    [wr_subject] => 피 / 조홍경
    [wr_cont1] => 
    [address1] => 서울 강남구 역삼동 616-5
    [address2] => (용암동, 시티프라디움2단지)
    [address3] => 
    [address_ext] => 
    [wr_m2] => 
    [wr_cont2] => 고객명 : 조홍경
담보형태 : 통 건물
주소:  서울특별시 강남구 역삼동 616-5

직업: 실사업자
세입자여부 : x 
본인거주여부 : o  

신용점수 : 나이스 767 / kcb 765

세입자없음 - 공실
1층 본인 카페운영

기대출
설정 324000 원금 270000 국민은행(23.5.22)
설정 1077960 원금 898300 국민은행(23.5.22)
설정 96000 원금 80000 국민은행(23.5.22)

총설정 1497960 원금 1248300

조회 부탁드립니다

후순위 가능할까요?
    [wr_amount] => 
    [wr_link1] => 
    [wr_link1_subj] => KB시세조회
    [wr_link2] => 
    [wr_link2_subj] => 
)
[MESSAGE] : 


[2024-07-18 14:30:54]
175.121.155.210 : Mozilla/5.0 (Windows NT 10.0; Win64; x64) AppleWebKit/537.36 (KHTML, like Gecko) Chrome/126.0.0.0 Safari/537.36 Edg/126.0.0.0
/home/user/hosting/loan/control/app/new/loan-act.php
[_POST] : 
Array
(
    [w] => pr
    [wr_id] => 50486
    [prev_status] => 10
    [next_status] => 10
    [jd_amount] => 43000
    [jd_interest] => 13.3~13.7
    [jd_condition] => 현장시세조사/
    [jd_memo] => 
    [rf_first3] => 
    [rf_first1] => 
    [rf_first2] => 
)
[MESSAGE] : 


[2024-07-18 14:31:02]
175.121.155.210 : Mozilla/5.0 (Windows NT 10.0; Win64; x64) AppleWebKit/537.36 (KHTML, like Gecko) Chrome/126.0.0.0 Safari/537.36 Edg/126.0.0.0
/home/user/hosting/loan/control/app/new/loan-act.php
[_POST] : 
Array
(
    [w] => pr
    [wr_id] => 50505
    [prev_status] => 1
    [next_status] => 10
    [jd_amount] => 43000
    [jd_interest] => 13.3~13.7
    [jd_condition] => 현장시세조사
    [jd_memo] => 
    [rf_first3] => 
    [rf_first1] => 
    [rf_first2] => 
)
[MESSAGE] : 


[2024-07-18 14:31:11]
175.121.155.210 : Mozilla/5.0 (Windows NT 10.0; Win64; x64) AppleWebKit/537.36 (KHTML, like Gecko) Chrome/126.0.0.0 Safari/537.36 Edg/126.0.0.0
/home/user/hosting/loan/control/app/new/loan-act.php
[_POST] : 
Array
(
    [w] => u
    [wr_id] => 50506
    [prev_status] => 1
    [wr_ca] => A
    [wr_part] => A
    [wr_subject] => 김성태/아파트/후순위추가
    [wr_cont1] => 직장인
    [address1] => 경기 안산시 단원구 원곡동 1003
    [address2] => (원곡동, 안산 푸르지오 브리파크)
    [address3] => 제105동 제32층 제3202호
    [address_ext] => 1714/37
    [wr_m2] => 84.6
    [wr_cont2] => * 기대출
1.우리 52000 / 57750

KB시세 : 미등재
    [wr_amount] => 후순위 최대한도 요청
    [wr_link1] => 
    [wr_link1_subj] => KB시세조회
    [wr_link2] => 
    [wr_link2_subj] => 
)
[MESSAGE] : 


[2024-07-18 14:38:16]
175.121.155.210 : Mozilla/5.0 (Windows NT 10.0; Win64; x64) AppleWebKit/537.36 (KHTML, like Gecko) Chrome/126.0.0.0 Safari/537.36 Edg/126.0.0.0
/home/user/hosting/loan/control/app/new/loan-act.php
[_POST] : 
Array
(
    [w] => pr
    [wr_id] => 50506
    [prev_status] => 1
    [next_status] => 20
    [jd_amount] => 
    [jd_interest] => 
    [jd_condition] => 
    [jd_memo] => 
    [rf_first3] => 45000
    [rf_first1] => 
    [rf_first2] => 
)
[MESSAGE] : 


[2024-07-18 14:40:50]
175.121.155.210 : Mozilla/5.0 (Windows NT 10.0; Win64; x64) AppleWebKit/537.36 (KHTML, like Gecko) Chrome/126.0.0.0 Safari/537.36 Edg/126.0.0.0
/home/user/hosting/loan/control/app/new/loan-act.php
[_POST] : 
Array
(
    [w] => pr
    [wr_id] => 50497
    [prev_status] => 10
    [next_status] => 
    [jd_amount] => 10000
    [jd_interest] => 13.3~13.8
    [jd_condition] => 선순위 근저당조건 / 신탁+근저당시 13000만원
    [jd_memo] => 
    [rf_first3] => 19000
    [rf_first1] => 
    [rf_first2] => 
)
[MESSAGE] : 


[2024-07-18 14:48:58]
175.121.155.210 : Mozilla/5.0 (Windows NT 10.0; Win64; x64) AppleWebKit/537.36 (KHTML, like Gecko) Chrome/126.0.0.0 Safari/537.36 Edg/126.0.0.0
/home/user/hosting/loan/control/app/new/loan-act.php
[_POST] : 
Array
(
    [w] => pr
    [wr_id] => 50382
    [prev_status] => 30
    [next_status] => 99
    [jd_amount] => 20000
    [jd_interest] => 13.8~14
    [jd_condition] => 본 심사 부결
    [jd_memo] => 전세권 설정
신.조완료(점수낮음)/간편심사 진행예정
    [rf_first3] => 60000
    [rf_first1] => 
    [rf_first2] => 
)
[MESSAGE] : 


[2024-07-18 14:51:04]
175.121.155.210 : Mozilla/5.0 (Windows NT 10.0; Win64; x64) AppleWebKit/537.36 (KHTML, like Gecko) Chrome/126.0.0.0 Safari/537.36 Edg/126.0.0.0
/home/user/hosting/loan/control/app/new/loan-act.php
[_POST] : 
Array
(
    [w] => pr
    [wr_id] => 50371
    [prev_status] => 30
    [next_status] => 
    [jd_amount] => 12000
    [jd_interest] => 13.3~13.7
    [jd_condition] => 12000만원 / 13.8% / 3.85% / 12개월 / 신탁+근저당조건으로 심사완료
    [jd_memo] => 신탁+근저당권
신.조완료(취급가능)/간편심사 진행예정
    [rf_first3] => 19000
    [rf_first1] => 
    [rf_first2] => 
)
[MESSAGE] : 


[2024-07-18 15:00:43]
175.121.155.210 : Mozilla/5.0 (Windows NT 10.0; Win64; x64) AppleWebKit/537.36 (KHTML, like Gecko) Chrome/126.0.0.0 Safari/537.36 Edg/126.0.0.0
/home/user/hosting/loan/control/app/new/loan-act.php
[_POST] : 
Array
(
    [w] => pr
    [wr_id] => 50371
    [prev_status] => 30
    [next_status] => 
    [jd_amount] => 12000
    [jd_interest] => 13.3~13.7
    [jd_condition] => 12000만원 / 13.8% / 3.85% / 12개월 / 신탁+근저당조건으로 심사완료 / 자서서류 안내완료
    [jd_memo] => 신탁+근저당권
신.조완료(취급가능)/간편심사 진행예정
    [rf_first3] => 19000
    [rf_first1] => 
    [rf_first2] => 
)
[MESSAGE] : 


[2024-07-18 15:02:32]
175.121.155.210 : Mozilla/5.0 (Windows NT 10.0; Win64; x64) AppleWebKit/537.36 (KHTML, like Gecko) Chrome/126.0.0.0 Safari/537.36 Edg/126.0.0.0
/home/user/hosting/loan/control/app/new/loan-act.php
[_POST] : 
Array
(
    [w] => pr
    [wr_id] => 50507
    [prev_status] => 1
    [next_status] => 20
    [jd_amount] => 
    [jd_interest] => 
    [jd_condition] => 
    [jd_memo] => 
    [rf_first3] => 
    [rf_first1] => 
    [rf_first2] => 
)
[MESSAGE] : 


[2024-07-18 15:03:16]
175.121.155.210 : Mozilla/5.0 (Windows NT 10.0; Win64; x64) AppleWebKit/537.36 (KHTML, like Gecko) Chrome/126.0.0.0 Safari/537.36 Edg/126.0.0.0
/home/user/hosting/loan/control/app/new/loan-act.php
[_POST] : 
Array
(
    [w] => pr
    [wr_id] => 50508
    [prev_status] => 1
    [next_status] => 20
    [jd_amount] => 
    [jd_interest] => 
    [jd_condition] => 
    [jd_memo] => 
    [rf_first3] => 24000
    [rf_first1] => 
    [rf_first2] => 
)
[MESSAGE] : 


[2024-07-18 15:04:36]
175.121.155.210 : Mozilla/5.0 (Windows NT 10.0; Win64; x64) AppleWebKit/537.36 (KHTML, like Gecko) Chrome/126.0.0.0 Safari/537.36 Edg/126.0.0.0
/home/user/hosting/loan/control/app/new/loan-act.php
[_POST] : 
Array
(
    [w] => pr
    [wr_id] => 50509
    [prev_status] => 1
    [next_status] => 10
    [jd_amount] => 14000
    [jd_interest] => 13.3~13.7
    [jd_condition] => 
    [jd_memo] => 
    [rf_first3] => 24000
    [rf_first1] => 
    [rf_first2] => 
)
[MESSAGE] : 


[2024-07-18 15:05:54]
175.121.155.210 : Mozilla/5.0 (Windows NT 10.0; Win64; x64) AppleWebKit/537.36 (KHTML, like Gecko) Chrome/126.0.0.0 Safari/537.36 Edg/126.0.0.0
/home/user/hosting/loan/control/app/new/loan-act.php
[_POST] : 
Array
(
    [w] => pr
    [wr_id] => 50510
    [prev_status] => 1
    [next_status] => 10
    [jd_amount] => 8500
    [jd_interest] => 13.3~13.8
    [jd_condition] => 
    [jd_memo] => 
    [rf_first3] => 37000
    [rf_first1] => 
    [rf_first2] => 
)
[MESSAGE] : 


[2024-07-18 15:06:21]
175.121.155.210 : Mozilla/5.0 (Windows NT 10.0; Win64; x64) AppleWebKit/537.36 (KHTML, like Gecko) Chrome/126.0.0.0 Safari/537.36 Edg/126.0.0.0
/home/user/hosting/loan/control/app/new/loan-act.php
[_POST] : 
Array
(
    [w] => pr
    [wr_id] => 49952
    [prev_status] => 30
    [next_status] => 
    [jd_amount] => 8500
    [jd_interest] => 13.7~14
    [jd_condition] => 9000만원 / 13.8% / 3.85% / 12개월로 심사완료 / 자서서류 문자발송
    [jd_memo] => 현장방문 시세조사 필수(50/20)
/선순위 최고액 11700만원 기준 /2순위 조건
신.조완료(취급가능)/간편심사 진행예정
    [rf_first3] => 
    [rf_first1] => 
    [rf_first2] => 
)
[MESSAGE] : 


[2024-07-18 15:08:11]
175.121.155.210 : Mozilla/5.0 (Windows NT 10.0; Win64; x64) AppleWebKit/537.36 (KHTML, like Gecko) Chrome/126.0.0.0 Safari/537.36 Edg/126.0.0.0
/home/user/hosting/loan/control/app/new/loan-act.php
[_POST] : 
Array
(
    [w] => pr
    [wr_id] => 50511
    [prev_status] => 1
    [next_status] => 10
    [jd_amount] => 38000
    [jd_interest] => 13.3~13.8
    [jd_condition] => 
    [jd_memo] => 
    [rf_first3] => 128000
    [rf_first1] => 
    [rf_first2] => 
)
[MESSAGE] : 


[2024-07-18 15:10:27]
175.121.155.210 : Mozilla/5.0 (Windows NT 10.0; Win64; x64) AppleWebKit/537.36 (KHTML, like Gecko) Chrome/126.0.0.0 Safari/537.36 Edg/126.0.0.0
/home/user/hosting/loan/control/app/new/loan-act.php
[_POST] : 
Array
(
    [w] => pr
    [wr_id] => 50512
    [prev_status] => 1
    [next_status] => 20
    [jd_amount] => 
    [jd_interest] => 
    [jd_condition] => 
    [jd_memo] => 
    [rf_first3] => 
    [rf_first1] => 
    [rf_first2] => 
)
[MESSAGE] : 


[2024-07-18 15:11:43]
175.121.155.210 : Mozilla/5.0 (Windows NT 10.0; Win64; x64) AppleWebKit/537.36 (KHTML, like Gecko) Chrome/126.0.0.0 Safari/537.36 Edg/126.0.0.0
/home/user/hosting/loan/control/app/new/loan-act.php
[_POST] : 
Array
(
    [w] => pr
    [wr_id] => 50513
    [prev_status] => 1
    [next_status] => 20
    [jd_amount] => 
    [jd_interest] => 
    [jd_condition] => 숙박업소 대출 진행이 어렵습니다
    [jd_memo] => 
    [rf_first3] => 
    [rf_first1] => 
    [rf_first2] => 
)
[MESSAGE] : 


[2024-07-18 15:12:48]
175.121.155.210 : Mozilla/5.0 (Windows NT 10.0; Win64; x64) AppleWebKit/537.36 (KHTML, like Gecko) Chrome/126.0.0.0 Safari/537.36 Edg/126.0.0.0
/home/user/hosting/loan/control/app/new/loan-act.php
[_POST] : 
Array
(
    [w] => pr
    [wr_id] => 50516
    [prev_status] => 1
    [next_status] => 20
    [jd_amount] => 
    [jd_interest] => 
    [jd_condition] => 
    [jd_memo] => 
    [rf_first3] => 
    [rf_first1] => 
    [rf_first2] => 
)
[MESSAGE] : 


[2024-07-18 15:12:50]
175.121.155.210 : Mozilla/5.0 (Windows NT 10.0; Win64; x64) AppleWebKit/537.36 (KHTML, like Gecko) Chrome/126.0.0.0 Safari/537.36 Edg/126.0.0.0
/home/user/hosting/loan/control/app/new/loan-act.php
[_POST] : 
Array
(
    [w] => pr
    [wr_id] => 50514
    [prev_status] => 1
    [next_status] => 10
    [jd_amount] => 15000
    [jd_interest] => 13.5~13.8
    [jd_condition] => 
    [jd_memo] => 
    [rf_first3] => 40000
    [rf_first1] => 
    [rf_first2] => 
)
[MESSAGE] : 


[2024-07-18 15:13:45]
175.121.155.210 : Mozilla/5.0 (Windows NT 10.0; Win64; x64) AppleWebKit/537.36 (KHTML, like Gecko) Chrome/126.0.0.0 Safari/537.36 Edg/126.0.0.0
/home/user/hosting/loan/control/app/new/loan-act.php
[_POST] : 
Array
(
    [w] => pr
    [wr_id] => 50514
    [prev_status] => 10
    [next_status] => 
    [jd_amount] => 10000
    [jd_interest] => 13.5~13.8
    [jd_condition] => 지분한도
    [jd_memo] => 
    [rf_first3] => 40000
    [rf_first1] => 
    [rf_first2] => 
)
[MESSAGE] : 


[2024-07-18 15:14:02]
175.121.155.210 : Mozilla/5.0 (Windows NT 10.0; Win64; x64) AppleWebKit/537.36 (KHTML, like Gecko) Chrome/126.0.0.0 Safari/537.36 Edg/126.0.0.0
/home/user/hosting/loan/control/app/new/loan-act.php
[_POST] : 
Array
(
    [w] => pr
    [wr_id] => 50515
    [prev_status] => 10
    [next_status] => 10
    [jd_amount] => 10000
    [jd_interest] => 13.5~13.8
    [jd_condition] => 지분한도
    [jd_memo] => 자동 가승인
    [rf_first3] => 40000
    [rf_first1] => 
    [rf_first2] => 
)
[MESSAGE] : 


[2024-07-18 15:14:20]
175.121.155.210 : Mozilla/5.0 (Windows NT 10.0; Win64; x64) AppleWebKit/537.36 (KHTML, like Gecko) Chrome/126.0.0.0 Safari/537.36 Edg/126.0.0.0
/home/user/hosting/loan/control/app/new/loan-act.php
[_POST] : 
Array
(
    [w] => u
    [wr_id] => 50513
    [prev_status] => 20
    [wr_ca] => E
    [wr_part] => A
    [wr_subject] => 전/ 장상화
    [wr_cont1] => 
    [address1] => 부산 동구 초량동 544-1
    [address2] => 
    [address3] => 내제조표18445호]
    [address_ext] => 
    [wr_m2] => 
    [wr_cont2] => 장상화 / 사업자 / 440125-1 [모텔]
부산광역시 동구 중앙대로195번길 30 [초량동 544-1 내제조표18445호]

기대출
농협(2023.10.31) 98400 / 82000
부산(2024.1.12) 16500 / 15000

▶ 가압류(2024.6.28) 9,208,654
▶ 신용대출 3000만 정도 2달이상 연체중
▶ 필요금액 6000 / 연체대환금액포함
    [wr_amount] => 
    [wr_link1] => 
    [wr_link1_subj] => KB시세조회
    [wr_link2] => 
    [wr_link2_subj] => 
)
[MESSAGE] : 


[2024-07-18 15:14:33]
175.121.155.210 : Mozilla/5.0 (Windows NT 10.0; Win64; x64) AppleWebKit/537.36 (KHTML, like Gecko) Chrome/126.0.0.0 Safari/537.36 Edg/126.0.0.0
/home/user/hosting/loan/control/app/new/loan-act.php
[_POST] : 
Array
(
    [w] => u
    [wr_id] => 50518
    [prev_status] => 1
    [wr_ca] => A
    [wr_part] => A
    [wr_subject] => 허정모
    [wr_cont1] => [주상복합(아파트) / 2순위]
허정모 / 601123 (만63세)
    [address1] => 제주 제주시 연동 306-6
    [address2] => (연동, 장원 훼밀리아파트)
    [address3] => 제5층 제503호
    [address_ext] => 40세대 / 12층 중 5층
    [wr_m2] => 84.48
    [wr_cont2] => [주상복합(아파트) / 2순위]
허정모 / 601123 (만63세)

제주특별자치도 제주시 연동 306-6 장원훼밀리아파트 제5층 제503호
전용 84.48 ㎡ / 40세대 / 12층 중 5층

▶ KB 하 미등재 / 일 미등재 (일)
* 실거래: 30,000만(21.03.04)
* 대지권: 있음
* 소유권이전일: 2011년 01월 14일

▶  선순위 
1. 국민은행 1,980만 (1,800만) / 110.0%
2. 국민은행 2,370만 (2,155만) / 110.0%
:: 총 합계 4,350만  (3,955만)

▶  대환/말소대상
1. 우정파이낸스대부 16,500만 (11,000만) / 150.0%
2. 우정파이낸스대부 4,500만 (3,000만) / 150.0%
:: 총 합계 21,000만  (14,000만)

* 직장인
* 대부대환 2순위 한도요청
    [wr_amount] => 
    [wr_link1] => https://kbland.kr/c/44942
    [wr_link1_subj] => KB시세조회
    [wr_link2] => 
    [wr_link2_subj] => 
)
[MESSAGE] : 


[2024-07-18 15:17:59]
175.121.155.210 : Mozilla/5.0 (Windows NT 10.0; Win64; x64) AppleWebKit/537.36 (KHTML, like Gecko) Chrome/126.0.0.0 Safari/537.36 Edg/126.0.0.0
/home/user/hosting/loan/control/app/new/loan-act.php
[_POST] : 
Array
(
    [w] => pr
    [wr_id] => 50517
    [prev_status] => 1
    [next_status] => 20
    [jd_amount] => 
    [jd_interest] => 
    [jd_condition] => 
    [jd_memo] => 
    [rf_first3] => 30000
    [rf_first1] => 
    [rf_first2] => 
)
[MESSAGE] : 


[2024-07-18 15:18:59]
175.121.155.210 : Mozilla/5.0 (Windows NT 10.0; Win64; x64) AppleWebKit/537.36 (KHTML, like Gecko) Chrome/126.0.0.0 Safari/537.36 Edg/126.0.0.0
/home/user/hosting/loan/control/app/new/loan-act.php
[_POST] : 
Array
(
    [w] => pr
    [wr_id] => 50518
    [prev_status] => 1
    [next_status] => 20
    [jd_amount] => 
    [jd_interest] => 
    [jd_condition] => 
    [jd_memo] => 
    [rf_first3] => 30000
    [rf_first1] => 
    [rf_first2] => 
)
[MESSAGE] : 


[2024-07-18 15:21:21]
175.121.155.210 : Mozilla/5.0 (Windows NT 10.0; Win64; x64) AppleWebKit/537.36 (KHTML, like Gecko) Chrome/126.0.0.0 Safari/537.36 Edg/126.0.0.0
/home/user/hosting/loan/control/app/new/loan-act.php
[_POST] : 
Array
(
    [w] => pr
    [wr_id] => 50519
    [prev_status] => 1
    [next_status] => 10
    [jd_amount] => 45000
    [jd_interest] => 13.3~13.7
    [jd_condition] => 현장방문 시세조사 필수
세입자 확인조건
    [jd_memo] => 
    [rf_first3] => 110000
    [rf_first1] => 
    [rf_first2] => 
)
[MESSAGE] : 


[2024-07-18 15:47:47]
175.121.155.210 : Mozilla/5.0 (Windows NT 10.0; Win64; x64) AppleWebKit/537.36 (KHTML, like Gecko) Chrome/126.0.0.0 Safari/537.36 Edg/126.0.0.0
/home/user/hosting/loan/control/app/new/loan-act.php
[_POST] : 
Array
(
    [w] => u
    [wr_id] => 50519
    [prev_status] => 10
    [wr_ca] => E
    [wr_part] => A
    [wr_subject] => 전 / 홍석봉
    [wr_cont1] => 
    [address1] => 인천 연수구 연수동 602
    [address2] => 
    [address3] => 
    [address_ext] => 
    [wr_m2] => 
    [wr_cont2] => 홍석봉 / 사업자(임대사업자) / 810909-1
인천광역시 연수구 연수동 602  [3층주택&근생]

면적 - 543.01
공시가 - 2억 2,700 

기대출
농협(2022.11.10) 12000 / 1억(120%)

▶ K 586 / N 724
▶ 소유권이전(2022.05.20) 상속
▶거주형태 - 세입자 동의가능
지하 (상가) > 월세 500/55
1층 (상가) > 월세  3500/170
2층 (방2화1) > 전세 7000 (2026.03.01 만기)
3층 (방3화2) > 현재 본인거주


전
    [wr_amount] => 
    [wr_link1] => 
    [wr_link1_subj] => KB시세조회
    [wr_link2] => 
    [wr_link2_subj] => 
)
[MESSAGE] : 


[2024-07-18 15:54:55]
175.121.155.210 : Mozilla/5.0 (Windows NT 10.0; Win64; x64) AppleWebKit/537.36 (KHTML, like Gecko) Chrome/126.0.0.0 Safari/537.36 Edg/126.0.0.0
/home/user/hosting/loan/control/app/new/loan-act.php
[_POST] : 
Array
(
    [w] => pr
    [wr_id] => 50520
    [prev_status] => 1
    [next_status] => 20
    [jd_amount] => 
    [jd_interest] => 
    [jd_condition] => 
    [jd_memo] => 
    [rf_first3] => 20000
    [rf_first1] => 
    [rf_first2] => 
)
[MESSAGE] : 


[2024-07-18 15:58:30]
175.121.155.210 : Mozilla/5.0 (Windows NT 10.0; Win64; x64) AppleWebKit/537.36 (KHTML, like Gecko) Chrome/126.0.0.0 Safari/537.36 Edg/126.0.0.0
/home/user/hosting/loan/control/app/new/loan-act.php
[_POST] : 
Array
(
    [w] => pr
    [wr_id] => 50521
    [prev_status] => 1
    [next_status] => 10
    [jd_amount] => 3000
    [jd_interest] => 13.8~14.3
    [jd_condition] => 
    [jd_memo] => 
    [rf_first3] => 30000
    [rf_first1] => 
    [rf_first2] => 
)
[MESSAGE] : 


[2024-07-18 15:58:44]
175.121.155.210 : Mozilla/5.0 (Windows NT 10.0; Win64; x64) AppleWebKit/537.36 (KHTML, like Gecko) Chrome/126.0.0.0 Safari/537.36 Edg/126.0.0.0
/home/user/hosting/loan/control/app/new/loan-act.php
[_POST] : 
Array
(
    [w] => pr
    [wr_id] => 50523
    [prev_status] => 1
    [next_status] => 10
    [jd_amount] => 3000
    [jd_interest] => 13.8~14.3
    [jd_condition] => 
    [jd_memo] => 
    [rf_first3] => 30000
    [rf_first1] => 
    [rf_first2] => 
)
[MESSAGE] : 


[2024-07-18 15:58:54]
175.121.155.210 : Mozilla/5.0 (Windows NT 10.0; Win64; x64) AppleWebKit/537.36 (KHTML, like Gecko) Chrome/126.0.0.0 Safari/537.36 Edg/126.0.0.0
/home/user/hosting/loan/control/app/new/loan-act.php
[_POST] : 
Array
(
    [w] => u
    [wr_id] => 50522
    [prev_status] => 1
    [wr_ca] => A
    [wr_part] => A
    [wr_subject] => 이성찬/아파트/선순위대환
    [wr_cont1] => 직장인 / 연 4,560
신용 656 730
    [address1] => 인천 남동구 만수동 5-397
    [address2] => 대동(5-397)
    [address3] => 1-610
    [address_ext] => 432/6
    [wr_m2] => 56.56
    [wr_cont2] => * 전체지분

KB 12,250 / 13,250 (*) / 14,000

①신한은행 9,000 (원 7,500) 120% / 18년 09월 19일
    [wr_amount] => 1순위 최대한도 요청
    [wr_link1] => 
    [wr_link1_subj] => KB시세조회
    [wr_link2] => 
    [wr_link2_subj] => 
)
[MESSAGE] : 


[2024-07-18 16:01:13]
175.121.155.210 : Mozilla/5.0 (Windows NT 10.0; Win64; x64) AppleWebKit/537.36 (KHTML, like Gecko) Chrome/126.0.0.0 Safari/537.36 Edg/126.0.0.0
/home/user/hosting/loan/control/app/new/loan-act.php
[_POST] : 
Array
(
    [w] => pr
    [wr_id] => 50522
    [prev_status] => 1
    [next_status] => 20
    [jd_amount] => 
    [jd_interest] => 
    [jd_condition] => 
    [jd_memo] => 선순위 동일차주
    [rf_first3] => 11500
    [rf_first1] => 
    [rf_first2] => 
)
[MESSAGE] : 


[2024-07-18 16:05:21]
175.121.155.210 : Mozilla/5.0 (Windows NT 10.0; Win64; x64) AppleWebKit/537.36 (KHTML, like Gecko) Chrome/126.0.0.0 Safari/537.36 Edg/126.0.0.0
/home/user/hosting/loan/control/app/new/loan-act.php
[_POST] : 
Array
(
    [w] => pr
    [wr_id] => 50524
    [prev_status] => 1
    [next_status] => 20
    [jd_amount] => 6000
    [jd_interest] => 
    [jd_condition] => 
    [jd_memo] => 선순위 동일차주
    [rf_first3] => 28000
    [rf_first1] => 
    [rf_first2] => 
)
[MESSAGE] : 


[2024-07-18 16:07:09]
175.121.155.210 : Mozilla/5.0 (Windows NT 10.0; Win64; x64) AppleWebKit/537.36 (KHTML, like Gecko) Chrome/126.0.0.0 Safari/537.36 Edg/126.0.0.0
/home/user/hosting/loan/control/app/new/loan-act.php
[_POST] : 
Array
(
    [w] => pr
    [wr_id] => 50525
    [prev_status] => 1
    [next_status] => 20
    [jd_amount] => 
    [jd_interest] => 
    [jd_condition] => 
    [jd_memo] => 
    [rf_first3] => 
    [rf_first1] => 
    [rf_first2] => 
)
[MESSAGE] : 


[2024-07-18 16:08:17]
175.121.155.210 : Mozilla/5.0 (Windows NT 10.0; Win64; x64) AppleWebKit/537.36 (KHTML, like Gecko) Chrome/126.0.0.0 Safari/537.36 Edg/126.0.0.0
/home/user/hosting/loan/control/app/new/loan-act.php
[_POST] : 
Array
(
    [w] => pr
    [wr_id] => 50524
    [prev_status] => 20
    [next_status] => 
    [jd_amount] => 
    [jd_interest] => 
    [jd_condition] => 
    [jd_memo] => 선순위 동일차주
    [rf_first3] => 28000
    [rf_first1] => 
    [rf_first2] => 
)
[MESSAGE] : 


[2024-07-18 16:09:59]
175.121.155.210 : Mozilla/5.0 (Windows NT 10.0; Win64; x64) AppleWebKit/537.36 (KHTML, like Gecko) Chrome/126.0.0.0 Safari/537.36 Edg/126.0.0.0
/home/user/hosting/loan/control/app/new/loan-act.php
[_POST] : 
Array
(
    [w] => pr
    [wr_id] => 50526
    [prev_status] => 1
    [next_status] => 10
    [jd_amount] => 
    [jd_interest] => 
    [jd_condition] => 
    [jd_memo] => 
    [rf_first3] => 80000
    [rf_first1] => 
    [rf_first2] => 
)
[MESSAGE] : 


[2024-07-18 16:10:14]
175.121.155.210 : Mozilla/5.0 (Windows NT 10.0; Win64; x64) AppleWebKit/537.36 (KHTML, like Gecko) Chrome/126.0.0.0 Safari/537.36 Edg/126.0.0.0
/home/user/hosting/loan/control/app/new/loan-act.php
[_POST] : 
Array
(
    [w] => pr
    [wr_id] => 50526
    [prev_status] => 10
    [next_status] => 10
    [jd_amount] => 7000
    [jd_interest] => 13.3~13.8
    [jd_condition] => 
    [jd_memo] => 
    [rf_first3] => 80000
    [rf_first1] => 
    [rf_first2] => 
)
[MESSAGE] : 


[2024-07-18 16:11:49]
175.121.155.210 : Mozilla/5.0 (Windows NT 10.0; Win64; x64) AppleWebKit/537.36 (KHTML, like Gecko) Chrome/126.0.0.0 Safari/537.36 Edg/126.0.0.0
/home/user/hosting/loan/control/app/new/loan-act.php
[_POST] : 
Array
(
    [w] => pr
    [wr_id] => 50527
    [prev_status] => 1
    [next_status] => 20
    [jd_amount] => 
    [jd_interest] => 
    [jd_condition] => 
    [jd_memo] => 
    [rf_first3] => 37000
    [rf_first1] => 
    [rf_first2] => 
)
[MESSAGE] : 


[2024-07-18 16:17:31]
175.121.155.210 : Mozilla/5.0 (Windows NT 10.0; Win64; x64) AppleWebKit/537.36 (KHTML, like Gecko) Chrome/126.0.0.0 Safari/537.36 Edg/126.0.0.0
/home/user/hosting/loan/control/app/new/loan-act.php
[_POST] : 
Array
(
    [w] => pr
    [wr_id] => 50528
    [prev_status] => 1
    [next_status] => 10
    [jd_amount] => 6000
    [jd_interest] => 13.3~13.5
    [jd_condition] => 
    [jd_memo] => 
    [rf_first3] => 60000
    [rf_first1] => 
    [rf_first2] => 
)
[MESSAGE] : 


[2024-07-18 16:20:34]
175.121.155.210 : Mozilla/5.0 (Windows NT 10.0; Win64; x64) AppleWebKit/537.36 (KHTML, like Gecko) Chrome/126.0.0.0 Safari/537.36 Edg/126.0.0.0
/home/user/hosting/loan/control/app/new/loan-act.php
[_POST] : 
Array
(
    [w] => pr
    [wr_id] => 50529
    [prev_status] => 1
    [next_status] => 10
    [jd_amount] => 70000
    [jd_interest] => 13.5~14
    [jd_condition] => 사전협의
    [jd_memo] => 
    [rf_first3] => 220000
    [rf_first1] => 
    [rf_first2] => 
)
[MESSAGE] : 


[2024-07-18 16:21:08]
175.121.155.210 : Mozilla/5.0 (Windows NT 10.0; Win64; x64) AppleWebKit/537.36 (KHTML, like Gecko) Chrome/126.0.0.0 Safari/537.36 Edg/126.0.0.0
/home/user/hosting/loan/control/app/new/loan-act.php
[_POST] : 
Array
(
    [w] => pr
    [wr_id] => 50529
    [prev_status] => 10
    [next_status] => 
    [jd_amount] => 70000
    [jd_interest] => 13.5~14
    [jd_condition] => 사전협의
    [jd_memo] => 선순위 동일차주 100%
    [rf_first3] => 220000
    [rf_first1] => 
    [rf_first2] => 
)
[MESSAGE] : 


[2024-07-18 16:21:32]
175.121.155.210 : Mozilla/5.0 (Windows NT 10.0; Win64; x64) AppleWebKit/537.36 (KHTML, like Gecko) Chrome/126.0.0.0 Safari/537.36 Edg/126.0.0.0
/home/user/hosting/loan/control/app/new/loan-act.php
[_POST] : 
Array
(
    [w] => pr
    [wr_id] => 50530
    [prev_status] => 1
    [next_status] => 10
    [jd_amount] => 30000
    [jd_interest] => 13.3~14
    [jd_condition] => 현장방문 시세조사 필수
세입자 확인조건
    [jd_memo] => 
    [rf_first3] => 
    [rf_first1] => 
    [rf_first2] => 
)
[MESSAGE] : 


[2024-07-18 16:23:55]
175.121.155.210 : Mozilla/5.0 (Windows NT 10.0; Win64; x64) AppleWebKit/537.36 (KHTML, like Gecko) Chrome/126.0.0.0 Safari/537.36 Edg/126.0.0.0
/home/user/hosting/loan/control/app/new/loan-act.php
[_POST] : 
Array
(
    [w] => pr
    [wr_id] => 50531
    [prev_status] => 1
    [next_status] => 20
    [jd_amount] => 
    [jd_interest] => 
    [jd_condition] => 
    [jd_memo] => 
    [rf_first3] => 40000
    [rf_first1] => 
    [rf_first2] => 
)
[MESSAGE] : 


[2024-07-18 16:25:32]
175.121.155.210 : Mozilla/5.0 (Windows NT 10.0; Win64; x64) AppleWebKit/537.36 (KHTML, like Gecko) Chrome/126.0.0.0 Safari/537.36 Edg/126.0.0.0
/home/user/hosting/loan/control/app/new/loan-act.php
[_POST] : 
Array
(
    [w] => pr
    [wr_id] => 50532
    [prev_status] => 1
    [next_status] => 10
    [jd_amount] => 3000
    [jd_interest] => 13.8~14.3
    [jd_condition] => 현장시세조사
    [jd_memo] => 
    [rf_first3] => 30000
    [rf_first1] => 
    [rf_first2] => 
)
[MESSAGE] : 


[2024-07-18 16:26:08]
175.121.155.210 : Mozilla/5.0 (Windows NT 10.0; Win64; x64) AppleWebKit/537.36 (KHTML, like Gecko) Chrome/126.0.0.0 Safari/537.36 Edg/126.0.0.0
/home/user/hosting/loan/control/app/new/loan-act.php
[_POST] : 
Array
(
    [w] => pr
    [wr_id] => 50533
    [prev_status] => 1
    [next_status] => 10
    [jd_amount] => 3000
    [jd_interest] => 13.8~14.3
    [jd_condition] => 
    [jd_memo] => 
    [rf_first3] => 
    [rf_first1] => 
    [rf_first2] => 
)
[MESSAGE] : 


[2024-07-18 16:54:09]
175.121.155.210 : Mozilla/5.0 (Windows NT 10.0; Win64; x64) AppleWebKit/537.36 (KHTML, like Gecko) Chrome/126.0.0.0 Safari/537.36 Edg/126.0.0.0
/home/user/hosting/loan/control/app/new/loan-act.php
[_POST] : 
Array
(
    [w] => pr
    [wr_id] => 50486
    [prev_status] => 10
    [next_status] => 20
    [jd_amount] => 
    [jd_interest] => 
    [jd_condition] => 
    [jd_memo] => 
    [rf_first3] => 
    [rf_first1] => 
    [rf_first2] => 
)
[MESSAGE] : 


[2024-07-18 16:54:29]
175.121.155.210 : Mozilla/5.0 (Windows NT 10.0; Win64; x64) AppleWebKit/537.36 (KHTML, like Gecko) Chrome/126.0.0.0 Safari/537.36 Edg/126.0.0.0
/home/user/hosting/loan/control/app/new/loan-act.php
[_POST] : 
Array
(
    [w] => pr
    [wr_id] => 50505
    [prev_status] => 30
    [next_status] => 99
    [jd_amount] => 
    [jd_interest] => 
    [jd_condition] => 
    [jd_memo] => 
    [rf_first3] => 
    [rf_first1] => 
    [rf_first2] => 
)
[MESSAGE] : 


[2024-07-18 17:02:26]
175.121.155.210 : Mozilla/5.0 (Windows NT 10.0; Win64; x64) AppleWebKit/537.36 (KHTML, like Gecko) Chrome/126.0.0.0 Safari/537.36 Edg/126.0.0.0
/home/user/hosting/loan/control/app/new/loan-act.php
[_POST] : 
Array
(
    [w] => pr
    [wr_id] => 50534
    [prev_status] => 1
    [next_status] => 10
    [jd_amount] => 400
    [jd_interest] => 13.5~14
    [jd_condition] => 설정조건 신용취급
선순위 근저당권 감액조건
    [jd_memo] => 
    [rf_first3] => 75000
    [rf_first1] => 
    [rf_first2] => 
)
[MESSAGE] : 


[2024-07-18 17:03:05]
175.121.155.210 : Mozilla/5.0 (Windows NT 10.0; Win64; x64) AppleWebKit/537.36 (KHTML, like Gecko) Chrome/126.0.0.0 Safari/537.36 Edg/126.0.0.0
/home/user/hosting/loan/control/app/new/loan-act.php
[_POST] : 
Array
(
    [w] => pr
    [wr_id] => 50535
    [prev_status] => 1
    [next_status] => 20
    [jd_amount] => 
    [jd_interest] => 
    [jd_condition] => 
    [jd_memo] => 
    [rf_first3] => 44000
    [rf_first1] => 
    [rf_first2] => 
)
[MESSAGE] : 


[2024-07-18 17:04:24]
175.121.155.210 : Mozilla/5.0 (Windows NT 10.0; Win64; x64) AppleWebKit/537.36 (KHTML, like Gecko) Chrome/126.0.0.0 Safari/537.36 Edg/126.0.0.0
/home/user/hosting/loan/control/app/new/loan-act.php
[_POST] : 
Array
(
    [w] => pr
    [wr_id] => 50435
    [prev_status] => 30
    [next_status] => 
    [jd_amount] => 10000
    [jd_interest] => 13.5~13.8
    [jd_condition] => 1억 / 13.8% / 3.85% / 12개월로 심사완료 / 자서서류 문자발송
    [jd_memo] => 신.조완료(취급가능)/간편심사 진행예정
    [rf_first3] => 
    [rf_first1] => 
    [rf_first2] => 
)
[MESSAGE] : 


[2024-07-18 17:12:01]
175.121.155.210 : Mozilla/5.0 (Windows NT 10.0; Win64; x64) AppleWebKit/537.36 (KHTML, like Gecko) Chrome/126.0.0.0 Safari/537.36 Edg/126.0.0.0
/home/user/hosting/loan/control/app/new/loan-act.php
[_POST] : 
Array
(
    [w] => pr
    [wr_id] => 50536
    [prev_status] => 1
    [next_status] => 10
    [jd_amount] => 6000
    [jd_interest] => 13.5~14
    [jd_condition] => 하자 동시 정리시 지급수수료 조정건
    [jd_memo] => 
    [rf_first3] => 19000
    [rf_first1] => 
    [rf_first2] => 
)
[MESSAGE] : 


[2024-07-18 17:23:01]
175.121.155.210 : Mozilla/5.0 (Windows NT 10.0; Win64; x64) AppleWebKit/537.36 (KHTML, like Gecko) Chrome/126.0.0.0 Safari/537.36 Edg/126.0.0.0
/home/user/hosting/loan/control/app/new/loan-act.php
[_POST] : 
Array
(
    [w] => u
    [wr_id] => 50537
    [prev_status] => 1
    [wr_ca] => E
    [wr_part] => A
    [wr_subject] => 우용한/토지/1순위대환
    [wr_cont1] => 4대직장인
    [address1] => 강원 고성군 토성면 봉포3길 10-4
    [address2] => 
    [address3] => 
    [address_ext] => 
    [wr_m2] => 255
    [wr_cont2] => 기대출 :주식회사썬그린(2건) 원금 4,000만원
    [wr_amount] => 선순위최대한도요청
    [wr_link1] => 
    [wr_link1_subj] => KB시세조회
    [wr_link2] => 
    [wr_link2_subj] => 
)
[MESSAGE] : 


[2024-07-18 17:24:08]
175.121.155.210 : Mozilla/5.0 (Windows NT 10.0; Win64; x64) AppleWebKit/537.36 (KHTML, like Gecko) Chrome/126.0.0.0 Safari/537.36 Edg/126.0.0.0
/home/user/hosting/loan/control/app/new/loan-act.php
[_POST] : 
Array
(
    [w] => pr
    [wr_id] => 50538
    [prev_status] => 1
    [next_status] => 10
    [jd_amount] => 20000
    [jd_interest] => 13.3~13.8
    [jd_condition] => 
    [jd_memo] => 
    [rf_first3] => 
    [rf_first1] => 
    [rf_first2] => 
)
[MESSAGE] : 


[2024-07-18 17:24:13]
175.121.155.210 : Mozilla/5.0 (Windows NT 10.0; Win64; x64) AppleWebKit/537.36 (KHTML, like Gecko) Chrome/126.0.0.0 Safari/537.36 Edg/126.0.0.0
/home/user/hosting/loan/control/app/new/loan-act.php
[_POST] : 
Array
(
    [w] => pr
    [wr_id] => 50538
    [prev_status] => 1
    [next_status] => 10
    [jd_amount] => 20000
    [jd_interest] => 13.5~13.9
    [jd_condition] => 
    [jd_memo] => 
    [rf_first3] => 
    [rf_first1] => 
    [rf_first2] => 
)
[MESSAGE] : 


[2024-07-18 17:24:20]
175.121.155.210 : Mozilla/5.0 (Windows NT 10.0; Win64; x64) AppleWebKit/537.36 (KHTML, like Gecko) Chrome/126.0.0.0 Safari/537.36 Edg/126.0.0.0
/home/user/hosting/loan/control/app/new/loan-act.php
[_POST] : 
Array
(
    [w] => pr
    [wr_id] => 50539
    [prev_status] => 1
    [next_status] => 10
    [jd_amount] => 20000
    [jd_interest] => 13.5~13.9
    [jd_condition] => 
    [jd_memo] => 
    [rf_first3] => 
    [rf_first1] => 
    [rf_first2] => 
)
[MESSAGE] : 


[2024-07-18 17:24:32]
175.121.155.210 : Mozilla/5.0 (Windows NT 10.0; Win64; x64) AppleWebKit/537.36 (KHTML, like Gecko) Chrome/126.0.0.0 Safari/537.36 Edg/126.0.0.0
/home/user/hosting/loan/control/app/new/loan-act.php
[_POST] : 
Array
(
    [w] => pr
    [wr_id] => 50539
    [prev_status] => 1
    [next_status] => 10
    [jd_amount] => 20000
    [jd_interest] => 13.3~13.9
    [jd_condition] => 
    [jd_memo] => 
    [rf_first3] => 
    [rf_first1] => 
    [rf_first2] => 
)
[MESSAGE] : 


[2024-07-18 17:25:35]
175.121.155.210 : Mozilla/5.0 (Windows NT 10.0; Win64; x64) AppleWebKit/537.36 (KHTML, like Gecko) Chrome/126.0.0.0 Safari/537.36 Edg/126.0.0.0
/home/user/hosting/loan/control/app/new/loan-act.php
[_POST] : 
Array
(
    [w] => pr
    [wr_id] => 50540
    [prev_status] => 1
    [next_status] => 20
    [jd_amount] => 
    [jd_interest] => 
    [jd_condition] => 
    [jd_memo] => 
    [rf_first3] => 83000
    [rf_first1] => 
    [rf_first2] => 
)
[MESSAGE] : 


[2024-07-18 17:25:49]
175.121.155.210 : Mozilla/5.0 (Windows NT 10.0; Win64; x64) AppleWebKit/537.36 (KHTML, like Gecko) Chrome/126.0.0.0 Safari/537.36 Edg/126.0.0.0
/home/user/hosting/loan/control/app/new/loan-act.php
[_POST] : 
Array
(
    [w] => pr
    [wr_id] => 50540
    [prev_status] => 1
    [next_status] => 20
    [jd_amount] => 
    [jd_interest] => 
    [jd_condition] => 
    [jd_memo] => 
    [rf_first3] => 70000
    [rf_first1] => 
    [rf_first2] => 
)
[MESSAGE] : 


[2024-07-18 17:26:43]
175.121.155.210 : Mozilla/5.0 (Windows NT 10.0; Win64; x64) AppleWebKit/537.36 (KHTML, like Gecko) Chrome/126.0.0.0 Safari/537.36 Edg/126.0.0.0
/home/user/hosting/loan/control/app/new/loan-act.php
[_POST] : 
Array
(
    [w] => pr
    [wr_id] => 50541
    [prev_status] => 1
    [next_status] => 20
    [jd_amount] => 
    [jd_interest] => 
    [jd_condition] => 
    [jd_memo] => 
    [rf_first3] => 15000
    [rf_first1] => 
    [rf_first2] => 
)
[MESSAGE] : 


[2024-07-18 17:27:06]
175.121.155.210 : Mozilla/5.0 (Windows NT 10.0; Win64; x64) AppleWebKit/537.36 (KHTML, like Gecko) Chrome/126.0.0.0 Safari/537.36 Edg/126.0.0.0
/home/user/hosting/loan/control/app/new/loan-act.php
[_POST] : 
Array
(
    [w] => pr
    [wr_id] => 50542
    [prev_status] => 1
    [next_status] => 20
    [jd_amount] => 
    [jd_interest] => 
    [jd_condition] => 
    [jd_memo] => 
    [rf_first3] => 22800
    [rf_first1] => 
    [rf_first2] => 
)
[MESSAGE] : 


[2024-07-18 17:27:27]
175.121.155.210 : Mozilla/5.0 (Windows NT 10.0; Win64; x64) AppleWebKit/537.36 (KHTML, like Gecko) Chrome/126.0.0.0 Safari/537.36 Edg/126.0.0.0
/home/user/hosting/loan/control/app/new/loan-act.php
[_POST] : 
Array
(
    [w] => pr
    [wr_id] => 50541
    [prev_status] => 1
    [next_status] => 10
    [jd_amount] => 3000
    [jd_interest] => 13.5~14
    [jd_condition] => 임대차 확인서 징구
    [jd_memo] => 
    [rf_first3] => 13500
    [rf_first1] => 
    [rf_first2] => 
)
[MESSAGE] : 


[2024-07-18 17:27:42]
175.121.155.210 : Mozilla/5.0 (Windows NT 10.0; Win64; x64) AppleWebKit/537.36 (KHTML, like Gecko) Chrome/126.0.0.0 Safari/537.36 Edg/126.0.0.0
/home/user/hosting/loan/control/app/new/loan-act.php
[_POST] : 
Array
(
    [w] => pr
    [wr_id] => 50541
    [prev_status] => 10
    [next_status] => 20
    [jd_amount] => 
    [jd_interest] => 
    [jd_condition] => 
    [jd_memo] => 
    [rf_first3] => 13500
    [rf_first1] => 
    [rf_first2] => 
)
[MESSAGE] : 


[2024-07-18 17:28:41]
175.121.155.210 : Mozilla/5.0 (Windows NT 10.0; Win64; x64) AppleWebKit/537.36 (KHTML, like Gecko) Chrome/126.0.0.0 Safari/537.36 Edg/126.0.0.0
/home/user/hosting/loan/control/app/new/loan-act.php
[_POST] : 
Array
(
    [w] => pr
    [wr_id] => 50537
    [prev_status] => 1
    [next_status] => 10
    [jd_amount] => 6500
    [jd_interest] => 13.5~14.2%
    [jd_condition] => 현장방문 시세조사 필수
지상권 설정
    [jd_memo] => 
    [rf_first3] => 13000
    [rf_first1] => 
    [rf_first2] => 
)
[MESSAGE] : 


[2024-07-18 17:29:22]
175.121.155.210 : Mozilla/5.0 (Windows NT 10.0; Win64; x64) AppleWebKit/537.36 (KHTML, like Gecko) Chrome/126.0.0.0 Safari/537.36 Edg/126.0.0.0
/home/user/hosting/loan/control/app/new/loan-act.php
[_POST] : 
Array
(
    [w] => pr
    [wr_id] => 50534
    [prev_status] => 10
    [next_status] => 
    [jd_amount] => 4000
    [jd_interest] => 13.5~14
    [jd_condition] => 설정조건 신용취급
선순위 근저당권 감액조건
    [jd_memo] => 
    [rf_first3] => 75000
    [rf_first1] => 
    [rf_first2] => 
)
[MESSAGE] : 


[2024-07-18 17:29:52]
175.121.155.210 : Mozilla/5.0 (Windows NT 10.0; Win64; x64) AppleWebKit/537.36 (KHTML, like Gecko) Chrome/126.0.0.0 Safari/537.36 Edg/126.0.0.0
/home/user/hosting/loan/control/app/new/loan-act.php
[_POST] : 
Array
(
    [w] => pr
    [wr_id] => 50543
    [prev_status] => 1
    [next_status] => 10
    [jd_amount] => 6500
    [jd_interest] => 13.5~14.2%
    [jd_condition] => 현장방문 시세조사 필수
지상권 설정
    [jd_memo] => 
    [rf_first3] => 13000
    [rf_first1] => 
    [rf_first2] => 
)
[MESSAGE] : 


[2024-07-18 17:34:53]
175.121.155.210 : Mozilla/5.0 (Windows NT 10.0; Win64; x64) AppleWebKit/537.36 (KHTML, like Gecko) Chrome/126.0.0.0 Safari/537.36 Edg/126.0.0.0
/home/user/hosting/loan/control/app/new/loan-act.php
[_POST] : 
Array
(
    [w] => u
    [wr_id] => 50478
    [prev_status] => 10
    [wr_ca] => A
    [wr_part] => A
    [wr_subject] => 한주완/아파트/전퇴자금 2순위대환
    [wr_cont1] => 프리랜서
    [address1] => 인천 남동구 만수동 13
    [address2] => 만수주공4단지
    [address3] => 403-1508
    [address_ext] => 2220/15
    [wr_m2] => 64.62
    [wr_cont2] => * 전체지분

* 기대출
1.삼성화재 10000 / 11500
2.전세 12000 (퇴거예정)

KB시세 : 28,000 31,500 33,000

부족금본인마련
    [wr_amount] => 2순위 최대한도 요청
    [wr_link1] => 
    [wr_link1_subj] => KB시세조회
    [wr_link2] => 
    [wr_link2_subj] => 
)
[MESSAGE] : 


[2024-07-18 17:35:42]
175.121.155.210 : Mozilla/5.0 (Windows NT 10.0; Win64; x64) AppleWebKit/537.36 (KHTML, like Gecko) Chrome/126.0.0.0 Safari/537.36 Edg/126.0.0.0
/home/user/hosting/loan/control/app/new/loan-act.php
[_POST] : 
Array
(
    [w] => u
    [wr_id] => 50534
    [prev_status] => 10
    [wr_ca] => A
    [wr_part] => P
    [wr_subject] => 김증년
    [wr_cont1] => 지분조건
    [address1] => 인천 서구 청라동 103-15
    [address2] => (청라동, 청라 호수공원 한신더휴)
    [address3] => 제598동 제10층 제1003호
    [address_ext] => 
    [wr_m2] => 
    [wr_cont2] => 김증년(공동소유자:윤유덕) / 직장인 / 42세
인천광역시 서구 청라동 103-15 청라 호수공원 한신더휴 제598동 제10층 제1003호
아파트 / 898세대 / 총 10동 / 84.98㎡ / 방 3개 / 10층 / 전체 25층
소유권 이전일 2020.09.17

69,000(KB 하한) / 76,000(KB 일반)

◈선순위
1.농협은행주식회사 30,800(28,000)
총 설정 30,800만원 총 원금 28,000만원
(시세대비 원금 36.84% 사용중)
===============

농협은행 잔액 28000 - 채최 110% 감액기준

김증년 지분조건 후순위 부탁드립니다
    [wr_amount] => 
    [wr_link1] => 
    [wr_link1_subj] => KB시세조회
    [wr_link2] => 
    [wr_link2_subj] => 
)
[MESSAGE] : 


[2024-07-18 17:35:58]
175.121.155.210 : Mozilla/5.0 (Windows NT 10.0; Win64; x64) AppleWebKit/537.36 (KHTML, like Gecko) Chrome/126.0.0.0 Safari/537.36 Edg/126.0.0.0
/home/user/hosting/loan/control/app/new/loan-act.php
[_POST] : 
Array
(
    [w] => u
    [wr_id] => 50533
    [prev_status] => 10
    [wr_ca] => B
    [wr_part] => A
    [wr_subject] => 전/ 박경민
    [wr_cont1] => 
    [address1] => 서울 도봉구 쌍문동 79-9
    [address2] => (쌍문동, 스마트빌)
    [address3] => 제비동 제6층 제602호
    [address_ext] => 
    [wr_m2] => 51.2
    [wr_cont2] => 박경민 / 직장인 / 751205-1            [도생]
서울특별시 도봉구 노해로59길 15, 제비동 제6층 제602호 [쌍문동 79-9 스마트빌]

면적 - 51.2
KB - 3억2900 / 3억5800
세대수 - 26

기대출 
신한은행 (2021.03.31) 12000 / 10000

▶ N722 / 직장인(2024.04) / 연 5000 / 본인거주
▶ 사업자 보유(작년 12월까지 실제사업 했으나 현재는 운영하지 않고 사업자 보유만 하고있음)
    [wr_amount] => 
    [wr_link1] => 
    [wr_link1_subj] => KB시세조회
    [wr_link2] => 
    [wr_link2_subj] => 
)
[MESSAGE] : 


[2024-07-18 17:36:28]
175.121.155.210 : Mozilla/5.0 (Windows NT 10.0; Win64; x64) AppleWebKit/537.36 (KHTML, like Gecko) Chrome/126.0.0.0 Safari/537.36 Edg/126.0.0.0
/home/user/hosting/loan/control/app/new/loan-act.php
[_POST] : 
Array
(
    [w] => u
    [wr_id] => 50493
    [prev_status] => 20
    [wr_ca] => A
    [wr_part] => P
    [wr_subject] => 김환길
    [wr_cont1] => [아파트 / 김환길지분 / 2순위]
김환길 (공유자) 740718-******* 2분의 1
노영란 (공유자) 761002-******* 2분의 1
    [address1] => 경기 용인시 처인구 남사읍 완장리 954
    [address2] => (e편한세상 용인 한숲시티)
    [address3] => 제607동 제20층 제2001호
    [address_ext] => 1784세대 / 29층 중 20층
    [wr_m2] => 84.65
    [wr_cont2] => [아파트 / 김환길지분 / 2순위]
김환길 (공유자) 740718-******* 2분의 1
노영란 (공유자) 761002-******* 2분의 1

경기도 용인시 처인구 남사읍 완장리 954 이편한세상용인한숲시티6단지 제607동 제20층 제2001호
전용 84.65 ㎡ / 1784세대 / 29층 중 20층

▶ KB 하 40,000만 / 일 43,500만 (일)
* 실거래: 43,000만(24.07.13)
* 대지권: 있음
* 소유권이전일: 2018년 10월 16일

▶  선순위 // LTV (최고액: 20.97%, 원금: 17.47%)
1. 안양저축은행 9,120만 (7,600만) / 120.0% *채무자 김환길
:: 총 합계 9,120만  (7,600만)

▶  대환/말소대상// LTV (최고액: 40.39%, 원금: 32.41%)
1. 에이피엘파이낸셜대부 8,450만 (6,500만) / 130.0% *채무자 김환길
:: 총 합계 8,450만  (6,500만)

* 김환길 직장인 / 공동명의 배우자 미동의
* 김환길 지분으로 대부대환 2순위 한도요청
    [wr_amount] => 
    [wr_link1] => https://kbland.kr/c/32123
    [wr_link1_subj] => KB시세조회
    [wr_link2] => 
    [wr_link2_subj] => 
)
[MESSAGE] : 


[2024-07-18 17:36:40]
175.121.155.210 : Mozilla/5.0 (Windows NT 10.0; Win64; x64) AppleWebKit/537.36 (KHTML, like Gecko) Chrome/126.0.0.0 Safari/537.36 Edg/126.0.0.0
/home/user/hosting/loan/control/app/new/loan-act.php
[_POST] : 
Array
(
    [w] => u
    [wr_id] => 50489
    [prev_status] => 10
    [wr_ca] => A
    [wr_part] => P
    [wr_subject] => 송지윤
    [wr_cont1] => [아파트 / 송지윤지분 / 상속 / 2순위]
송지윤 (공유자) 700901-******* 2분의 1
송연주 (공유자) 740518-******* 2분의 1 <자매>
    [address1] => 경기 용인시 기흥구 언남동 500
    [address2] => (언남동, 초원마을성원상떼빌)
    [address3] => 제210동 제6층 제603호
    [address_ext] => 860세대 / 20층 중 6층
    [wr_m2] => 164.63
    [wr_cont2] => [아파트 / 송지윤지분 / 상속 / 2순위]
송지윤 (공유자) 700901-******* 2분의 1
송연주 (공유자) 740518-******* 2분의 1 <자매>

경기도 용인시 기흥구 언남동 500 초원마을성원상떼빌 제210동 제6층 제603호
전용 164.63 ㎡ / 860세대 / 20층 중 6층

▶ KB 하 67,000만 / 일 70,000만 (일)
* 실거래: 77,500만(24.07.10)
* 대지권: 있음
* 소유권이전일: 2022년 07월 28일 상속

▶  선순위 // LTV (최고액: 37.88%, 원금: 34.73%)
1. 가압류 현대캐피탈 2,313만 (2,313만) / 100.0% *채무자 송연주
2. 국민은행 22,000만 (20,000만) / 110.0% *채무자 송용수
3. 국민은행 2,200만 (2,000만) / 110.0% *채무자 송용수
:: 총 합계 26,513만  (24,313만)

▶  대환/말소대상// LTV (최고액: 58.59%, 원금: 48.54%)
1. 와이엠파이낸스대부 14,500만 (9,667만) / 150.0% *채무자 송지윤
:: 총 합계 14,500만  (9,667만)

* 공실 / 전입가능
* 송지윤 실사업자 / 공동명의 친동생 미동의
* 선순위 채무자 송용수 아버지 
* 송지윤지분으로 대부대환 후순위 최대 한도요청
    [wr_amount] => 
    [wr_link1] => https://kbland.kr/c/12922
    [wr_link1_subj] => KB시세조회
    [wr_link2] => 
    [wr_link2_subj] => 
)
[MESSAGE] : 


[2024-07-18 17:36:49]
175.121.155.210 : Mozilla/5.0 (Windows NT 10.0; Win64; x64) AppleWebKit/537.36 (KHTML, like Gecko) Chrome/126.0.0.0 Safari/537.36 Edg/126.0.0.0
/home/user/hosting/loan/control/app/new/loan-act.php
[_POST] : 
Array
(
    [w] => u
    [wr_id] => 50485
    [prev_status] => 20
    [wr_ca] => A
    [wr_part] => P
    [wr_subject] => 김환길
    [wr_cont1] => 지분조건
    [address1] => 경기 용인시 처인구 남사읍 완장리 954
    [address2] => (e편한세상 용인 한숲시티)
    [address3] => 제607동 제20층 제2001호
    [address_ext] => 
    [wr_m2] => 
    [wr_cont2] => 김환길(공동소유자:노영란) / 직장인 / 50세
경기도 용인시 처인구 남사읍 완장리 954 이편한세상용인한숲시티6단지 제607동 제20층 제2001호
아파트 / 1,784세대 / 총 15동 / 84.65㎡ / 방 3개 / 20층 / 전체 29층
소유권 이전일 2018.10.16

40,000(KB 하한) / 43,500(KB 일반)

◈선순위
1.주식회사안양저축은행 9,120(7,600)
총 설정 9,120만원 총 원금 7,600만원
(시세대비 원금 17.47% 사용중)

◈대환/말소대상
1.주식회사에이피엘파이낸셜대부 8,450(6,500)
총 설정 8,450만원 총 원금 6,500만원
(시세대비 원금 32.41% 사용중)
===============

김환길 지분조건 대부대환 후순위 부탁드립니다
    [wr_amount] => 
    [wr_link1] => 
    [wr_link1_subj] => KB시세조회
    [wr_link2] => 
    [wr_link2_subj] => 
)
[MESSAGE] : 


[2024-07-18 17:37:12]
175.121.155.210 : Mozilla/5.0 (Windows NT 10.0; Win64; x64) AppleWebKit/537.36 (KHTML, like Gecko) Chrome/126.0.0.0 Safari/537.36 Edg/126.0.0.0
/home/user/hosting/loan/control/app/new/loan-act.php
[_POST] : 
Array
(
    [w] => u
    [wr_id] => 50470
    [prev_status] => 10
    [wr_ca] => A
    [wr_part] => A
    [wr_subject] => 김명기
    [wr_cont1] => 사업자
    [address1] => 강원 강릉시 교동 1773
    [address2] => 
    [address3] => 제302동 제7층 제705호
    [address_ext] => 
    [wr_m2] => 
    [wr_cont2] => 김명기 / 개인사업자 / 55세
강원특별자치도 강릉시 교동 1773 부영아파트 제302동 제7층 제705호
아파트 / 495세대 / 총 4동 / 49.92㎡ / 방 2개 / 7층 / 전체 15층
소유권 이전일 2022.06.24

[하한가](KB 하한) / [일반가](KB 일반)

◈선순위
1.주식회사국민은행 1,940(1,552)
총 설정 1,940만원 총 원금 1,552만원
(KB시세없음)
===============

하우스머치 15,900 만 어머님 무상거주 동의조건으로 후순위 부탁드립니다
    [wr_amount] => 
    [wr_link1] => 
    [wr_link1_subj] => KB시세조회
    [wr_link2] => 
    [wr_link2_subj] => 
)
[MESSAGE] : 


[2024-07-18 17:37:19]
175.121.155.210 : Mozilla/5.0 (Windows NT 10.0; Win64; x64) AppleWebKit/537.36 (KHTML, like Gecko) Chrome/126.0.0.0 Safari/537.36 Edg/126.0.0.0
/home/user/hosting/loan/control/app/new/loan-act.php
[_POST] : 
Array
(
    [w] => u
    [wr_id] => 50474
    [prev_status] => 10
    [wr_ca] => A
    [wr_part] => A
    [wr_subject] => 고강숙 / 재확인
    [wr_cont1] => 선순위 감액기준 다름 재확인

[아파트 / 2순위]
고강숙 / 720717 (만51세)
이기현 / 740227 (만50세) <부부>
    [address1] => 서울 동작구 대방동 506
    [address2] => (대방동, 대방2차현대아파트)
    [address3] => 제205동 제11층 제1107호
    [address_ext] => 278세대 / 19층 중 11층
    [wr_m2] => 59.89
    [wr_cont2] => [아파트 / 2순위]
고강숙 / 720717 (만51세)
이기현 / 740227 (만50세) <부부>

서울특별시 동작구 대방동 506 대방2차현대아파트 제205동 제11층 제1107호
전용 59.89 ㎡ / 278세대 / 19층 중 11층

▶ KB 하 80,000만 / 일 82,000만 (일)
* 실거래: 84,000만(24.04.17)
* 대지권: 있음
* 소유권이전일: 2001년 09월 29일

▶  선순위 // LTV  (최고액: 35.12%, 원금: 26.45%) >잔액기준
1. 하나은행 28,800만 (24,000만) / 120.0%
:: 총 합계 28,800만  (24,000만) >잔액 21,692만

▶  대환/말소대상// LTV (최고액: 86.65%, 원금: 65.24%)
1. 투게더앱스 42,250만 (32,500만) / 130.0%
:: 총 합계 42,250만  (32,500만)

* 이기현 / 고강숙 (사업자) 부부 공동동의 가능
* 선순위 은행 26,030만 (21,692만) 120% 감액등기 예정
* 공동동의 조건으로 대부대환 2순위 요청
    [wr_amount] => 
    [wr_link1] => https://kbland.kr/c/1286
    [wr_link1_subj] => KB시세조회
    [wr_link2] => 
    [wr_link2_subj] => 
)
[MESSAGE] : 


[2024-07-18 17:37:38]
175.121.155.210 : Mozilla/5.0 (Windows NT 10.0; Win64; x64) AppleWebKit/537.36 (KHTML, like Gecko) Chrome/126.0.0.0 Safari/537.36 Edg/126.0.0.0
/home/user/hosting/loan/control/app/new/loan-act.php
[_POST] : 
Array
(
    [w] => u
    [wr_id] => 50469
    [prev_status] => 20
    [wr_ca] => A
    [wr_part] => P
    [wr_subject] => 김현주
    [wr_cont1] => [아파트 / 김현주지분 / 2순위]
김현주 (공유자) 831215-******* 2분의 1
장준호 (공유자) 840205-******* 2분의 1 <부부>
    [address1] => 대구 달서구 두류동 2348
    [address2] => (두류동, 두류파크 KCC 스위첸)
    [address3] => 제105동 제11층 제1105호
    [address_ext] => 785세대 / 24층 중 11층
    [wr_m2] => 84.97
    [wr_cont2] => [아파트 / 김현주지분 / 2순위]
김현주 (공유자) 831215-******* 2분의 1
장준호 (공유자) 840205-******* 2분의 1 <부부>

대구광역시 달서구 두류동 2348 두류파크케이씨씨스위첸 제105동 제11층 제1105호
전용 84.97 ㎡ / 785세대 / 24층 중 11층

▶ KB 하 45,000만 / 일 47,000만 (일)
* 실거래: 43,800만(24.05.26)
* 대지권: 있음
* 소유권이전일: 2023년 10월 30일 매매

▶  선순위 // LTV (최고액: 44%, 원금: 40%)
1. 하나은행 20,680만 (18,800만) / 110.0% *채무자 김현주
:: 총 합계 20,680만  (18,800만)

* 김현주 직장인 / 공동명의 배우자 미동의
* 김현주 지분으로 2순위 한도요청
    [wr_amount] => 
    [wr_link1] => https://kbland.kr/c/47943
    [wr_link1_subj] => KB시세조회
    [wr_link2] => 
    [wr_link2_subj] => 
)
[MESSAGE] : 


[2024-07-18 17:38:55]
175.121.155.210 : Mozilla/5.0 (Windows NT 10.0; Win64; x64) AppleWebKit/537.36 (KHTML, like Gecko) Chrome/126.0.0.0 Safari/537.36 Edg/126.0.0.0
/home/user/hosting/loan/control/app/new/loan-act.php
[_POST] : 
Array
(
    [w] => pr
    [wr_id] => 50544
    [prev_status] => 1
    [next_status] => 20
    [jd_amount] => 
    [jd_interest] => 
    [jd_condition] => 
    [jd_memo] => 
    [rf_first3] => 31000
    [rf_first1] => 
    [rf_first2] => 
)
[MESSAGE] : 


[2024-07-18 17:39:52]
175.121.155.210 : Mozilla/5.0 (Windows NT 10.0; Win64; x64) AppleWebKit/537.36 (KHTML, like Gecko) Chrome/126.0.0.0 Safari/537.36 Edg/126.0.0.0
/home/user/hosting/loan/control/app/new/loan-act.php
[_POST] : 
Array
(
    [w] => pr
    [wr_id] => 50544
    [prev_status] => 1
    [next_status] => 20
    [jd_amount] => 
    [jd_interest] => 
    [jd_condition] => 
    [jd_memo] => 
    [rf_first3] => 33000
    [rf_first1] => 
    [rf_first2] => 
)
[MESSAGE] : 


[2024-07-18 17:47:51]
175.121.155.210 : Mozilla/5.0 (Windows NT 10.0; Win64; x64) AppleWebKit/537.36 (KHTML, like Gecko) Chrome/126.0.0.0 Safari/537.36 Edg/126.0.0.0
/home/user/hosting/loan/control/app/new/loan-act.php
[_POST] : 
Array
(
    [w] => u
    [wr_id] => 50545
    [prev_status] => 1
    [wr_ca] => E
    [wr_part] => A
    [wr_subject] => 김민수
    [wr_cont1] => 
    [address1] => 경기 수원시 영통구 원천동 589
    [address2] => 
    [address3] => 제201동 제8층 제802호
    [address_ext] => 230
    [wr_m2] => 84.92
    [wr_cont2] => [오피스텔(주거용) / 3순위]
김민수 / 760107 (만48세)

경기도 수원시 영통구 원천동 589 광교중흥에스클래스 제201동 제8층 제802호
전용 84.92 ㎡ / 230세대 / 27층 중 8층

▶ KB 하 103,500만 / 일 112,500만 (일)
* 실거래: 120,000만(21.04.09)
* 대지권: 있음
* 소유권이전일: 2019년 09월 27일

▶  선순위 // LTV (최고액: 56.57%, 원금: 47.73%)
1. 전세권설정 월세 4000 / 월 240만 - 동의가능
2. 중소기업은행 59,640만 (49,700만) / 120.0%
:: 총 합계 63,640만  (53,700만)

▶  대환/말소대상// LTV (최고액: 98.49%, 원금: 78.84%)
1. 페퍼저축은행 47,160만 (35,000만) / 134.7%
:: 총 합계 47,160만  (35,000만) < 대출만기로 대환요청

* 직장인 연 5000만 
* 부족금 본인준비가능 3순위 최대요청
    [wr_amount] => 
    [wr_link1] => https://kbland.kr/c/31614
    [wr_link1_subj] => KB시세조회
    [wr_link2] => 
    [wr_link2_subj] => 
)
[MESSAGE] : 


[2024-07-18 17:48:55]
175.121.155.210 : Mozilla/5.0 (Windows NT 10.0; Win64; x64) AppleWebKit/537.36 (KHTML, like Gecko) Chrome/126.0.0.0 Safari/537.36 Edg/126.0.0.0
/home/user/hosting/loan/control/app/new/loan-act.php
[_POST] : 
Array
(
    [w] => pr
    [wr_id] => 50545
    [prev_status] => 1
    [next_status] => 10
    [jd_amount] => 23000
    [jd_interest] => 13.5~13.8
    [jd_condition] => 
    [jd_memo] => 
    [rf_first3] => 100000
    [rf_first1] => 
    [rf_first2] => 
)
[MESSAGE] : 


[2024-07-18 17:52:16]
175.121.155.210 : Mozilla/5.0 (Windows NT 10.0; Win64; x64) AppleWebKit/537.36 (KHTML, like Gecko) Chrome/126.0.0.0 Safari/537.36 Edg/126.0.0.0
/home/user/hosting/loan/control/app/new/loan-act.php
[_POST] : 
Array
(
    [w] => pr
    [wr_id] => 50545
    [prev_status] => 10
    [next_status] => 
    [jd_amount] => 23000
    [jd_interest] => 13.5~13.8
    [jd_condition] => 오피스텔
    [jd_memo] => 
    [rf_first3] => 100000
    [rf_first1] => 
    [rf_first2] => 
)
[MESSAGE] : 


[2024-07-18 17:52:42]
175.121.155.210 : Mozilla/5.0 (Windows NT 10.0; Win64; x64) AppleWebKit/537.36 (KHTML, like Gecko) Chrome/126.0.0.0 Safari/537.36 Edg/126.0.0.0
/home/user/hosting/loan/control/app/new/loan-act.php
[_POST] : 
Array
(
    [w] => pr
    [wr_id] => 50546
    [prev_status] => 1
    [next_status] => 20
    [jd_amount] => 
    [jd_interest] => 
    [jd_condition] => 
    [jd_memo] => 
    [rf_first3] => 10000
    [rf_first1] => 
    [rf_first2] => 
)
[MESSAGE] : 


[2024-07-18 17:54:11]
175.121.155.210 : Mozilla/5.0 (Windows NT 10.0; Win64; x64) AppleWebKit/537.36 (KHTML, like Gecko) Chrome/126.0.0.0 Safari/537.36 Edg/126.0.0.0
/home/user/hosting/loan/control/app/new/loan-act.php
[_POST] : 
Array
(
    [w] => pr
    [wr_id] => 50547
    [prev_status] => 1
    [next_status] => 10
    [jd_amount] => 30000
    [jd_interest] => 13.3~13.6
    [jd_condition] => 
    [jd_memo] => 
    [rf_first3] => 45000
    [rf_first1] => 
    [rf_first2] => 
)
[MESSAGE] : 

