
[2024-06-27 09:15:06]
175.121.155.210 : Mozilla/5.0 (Windows NT 10.0; Win64; x64) AppleWebKit/537.36 (KHTML, like Gecko) Chrome/126.0.0.0 Safari/537.36 Edg/126.0.0.0
/home/user/hosting/loan/control/app/new/loan-act.php
[_POST] : 
Array
(
    [w] => pr
    [wr_id] => 48913
    [prev_status] => 1
    [next_status] => 10
    [jd_amount] => 11500
    [jd_interest] => 13.3~13.8
    [jd_condition] => 
    [jd_memo] => 
    [rf_first3] => 19000
    [rf_first1] => 
    [rf_first2] => 
)
[MESSAGE] : 


[2024-06-27 09:56:53]
175.121.155.210 : Mozilla/5.0 (Windows NT 10.0; Win64; x64) AppleWebKit/537.36 (KHTML, like Gecko) Chrome/126.0.0.0 Safari/537.36 Edg/126.0.0.0
/home/user/hosting/loan/control/app/new/loan-act.php
[_POST] : 
Array
(
    [w] => pr
    [wr_id] => 48915
    [prev_status] => 10
    [next_status] => 10
    [jd_amount] => 68000
    [jd_interest] => 13.3~13.7
    [jd_condition] => 한도 변경하였습니다
상속세 납부 또는 납입 확인
    [jd_memo] => 자동 가승인
    [rf_first3] => 93000
    [rf_first1] => 
    [rf_first2] => 
)
[MESSAGE] : 


[2024-06-27 10:01:15]
175.121.155.210 : Mozilla/5.0 (Windows NT 10.0; Win64; x64) AppleWebKit/537.36 (KHTML, like Gecko) Chrome/126.0.0.0 Safari/537.36 Edg/126.0.0.0
/home/user/hosting/loan/control/app/new/loan-act.php
[_POST] : 
Array
(
    [w] => pr
    [wr_id] => 48916
    [prev_status] => 1
    [next_status] => 20
    [jd_amount] => 
    [jd_interest] => 
    [jd_condition] => 본 물건 매각허가 결정건으로 당사 대출 진행이 어렵습니다 
    [jd_memo] => 
    [rf_first3] => 
    [rf_first1] => 
    [rf_first2] => 
)
[MESSAGE] : 


[2024-06-27 10:03:48]
175.121.155.210 : Mozilla/5.0 (Windows NT 10.0; Win64; x64) AppleWebKit/537.36 (KHTML, like Gecko) Chrome/126.0.0.0 Safari/537.36 Edg/126.0.0.0
/home/user/hosting/loan/control/app/new/loan-act.php
[_POST] : 
Array
(
    [w] => pr
    [wr_id] => 48917
    [prev_status] => 10
    [next_status] => 
    [jd_amount] => 10000
    [jd_interest] => 13.3~13.8
    [jd_condition] => 자동한도 금액 조정건입니다
    [jd_memo] => 자동 가승인
    [rf_first3] => 30000
    [rf_first1] => 
    [rf_first2] => 
)
[MESSAGE] : 


[2024-06-27 10:22:41]
175.121.155.210 : Mozilla/5.0 (Windows NT 10.0; Win64; x64) AppleWebKit/537.36 (KHTML, like Gecko) Chrome/126.0.0.0 Safari/537.36 Edg/126.0.0.0
/home/user/hosting/loan/control/app/new/loan-act.php
[_POST] : 
Array
(
    [w] => pr
    [wr_id] => 48918
    [prev_status] => 1
    [next_status] => 20
    [jd_amount] => 
    [jd_interest] => 
    [jd_condition] => 
    [jd_memo] => 
    [rf_first3] => 
    [rf_first1] => 
    [rf_first2] => 
)
[MESSAGE] : 


[2024-06-27 10:23:40]
175.121.155.210 : Mozilla/5.0 (Windows NT 10.0; Win64; x64) AppleWebKit/537.36 (KHTML, like Gecko) Chrome/126.0.0.0 Safari/537.36 Edg/126.0.0.0
/home/user/hosting/loan/control/app/new/loan-act.php
[_POST] : 
Array
(
    [w] => pr
    [wr_id] => 48918
    [prev_status] => 20
    [next_status] => 
    [jd_amount] => 
    [jd_interest] => 
    [jd_condition] => 
    [jd_memo] => 인근 유원지 낙찰사례 다수 확인
예상 낙찰가 530~550백만원 수준

    [rf_first3] => 
    [rf_first1] => 
    [rf_first2] => 
)
[MESSAGE] : 


[2024-06-27 10:24:51]
175.121.155.210 : Mozilla/5.0 (Windows NT 10.0; Win64; x64) AppleWebKit/537.36 (KHTML, like Gecko) Chrome/126.0.0.0 Safari/537.36 Edg/126.0.0.0
/home/user/hosting/loan/control/app/new/loan-act.php
[_POST] : 
Array
(
    [w] => pr
    [wr_id] => 48919
    [prev_status] => 1
    [next_status] => 20
    [jd_amount] => 
    [jd_interest] => 
    [jd_condition] => 
    [jd_memo] => 
    [rf_first3] => 43000
    [rf_first1] => 
    [rf_first2] => 
)
[MESSAGE] : 


[2024-06-27 10:28:28]
175.121.155.210 : Mozilla/5.0 (Windows NT 10.0; Win64; x64) AppleWebKit/537.36 (KHTML, like Gecko) Chrome/126.0.0.0 Safari/537.36 Edg/126.0.0.0
/home/user/hosting/loan/control/app/new/loan-act.php
[_POST] : 
Array
(
    [w] => pr
    [wr_id] => 48920
    [prev_status] => 1
    [next_status] => 10
    [jd_amount] => 10000
    [jd_interest] => 13.3~13.8
    [jd_condition] => 전세권 설정
    [jd_memo] => 
    [rf_first3] => 15500
    [rf_first1] => 
    [rf_first2] => 
)
[MESSAGE] : 


[2024-06-27 10:30:20]
175.121.155.210 : Mozilla/5.0 (Windows NT 10.0; Win64; x64) AppleWebKit/537.36 (KHTML, like Gecko) Chrome/126.0.0.0 Safari/537.36 Edg/126.0.0.0
/home/user/hosting/loan/control/app/new/loan-act.php
[_POST] : 
Array
(
    [w] => pr
    [wr_id] => 48921
    [prev_status] => 1
    [next_status] => 10
    [jd_amount] => 5000
    [jd_interest] => 13.8~14
    [jd_condition] => 
    [jd_memo] => 
    [rf_first3] => 55000
    [rf_first1] => 
    [rf_first2] => 
)
[MESSAGE] : 


[2024-06-27 10:31:50]
175.121.155.210 : Mozilla/5.0 (Windows NT 10.0; Win64; x64) AppleWebKit/537.36 (KHTML, like Gecko) Chrome/126.0.0.0 Safari/537.36 Edg/126.0.0.0
/home/user/hosting/loan/control/app/new/loan-act.php
[_POST] : 
Array
(
    [w] => pr
    [wr_id] => 48922
    [prev_status] => 1
    [next_status] => 20
    [jd_amount] => 
    [jd_interest] => 
    [jd_condition] => 
    [jd_memo] => 
    [rf_first3] => 
    [rf_first1] => 
    [rf_first2] => 
)
[MESSAGE] : 


[2024-06-27 10:49:09]
175.121.155.210 : Mozilla/5.0 (Windows NT 10.0; Win64; x64) AppleWebKit/537.36 (KHTML, like Gecko) Chrome/126.0.0.0 Safari/537.36 Edg/126.0.0.0
/home/user/hosting/loan/control/app/new/loan-act.php
[_POST] : 
Array
(
    [w] => pr
    [wr_id] => 48923
    [prev_status] => 10
    [next_status] => 
    [jd_amount] => 9000
    [jd_interest] => 13.5~13.9
    [jd_condition] => 
    [jd_memo] => 자동 가승인
    [rf_first3] => 48000
    [rf_first1] => 
    [rf_first2] => 
)
[MESSAGE] : 


[2024-06-27 10:54:19]
175.121.155.210 : Mozilla/5.0 (Windows NT 10.0; Win64; x64) AppleWebKit/537.36 (KHTML, like Gecko) Chrome/126.0.0.0 Safari/537.36 Edg/126.0.0.0
/home/user/hosting/loan/control/app/new/loan-act.php
[_POST] : 
Array
(
    [w] => pr
    [wr_id] => 48924
    [prev_status] => 1
    [next_status] => 20
    [jd_amount] => 
    [jd_interest] => 
    [jd_condition] => 
    [jd_memo] => 54,000만원으로 감액
    [rf_first3] => 80000
    [rf_first1] => 
    [rf_first2] => 
)
[MESSAGE] : 


[2024-06-27 10:55:37]
175.121.155.210 : Mozilla/5.0 (Windows NT 10.0; Win64; x64) AppleWebKit/537.36 (KHTML, like Gecko) Chrome/126.0.0.0 Safari/537.36 Edg/126.0.0.0
/home/user/hosting/loan/control/app/new/loan-act.php
[_POST] : 
Array
(
    [w] => pr
    [wr_id] => 48925
    [prev_status] => 1
    [next_status] => 20
    [jd_amount] => 
    [jd_interest] => 
    [jd_condition] => 
    [jd_memo] => 
    [rf_first3] => 14000
    [rf_first1] => 
    [rf_first2] => 
)
[MESSAGE] : 


[2024-06-27 11:05:27]
175.121.155.210 : Mozilla/5.0 (Windows NT 10.0; Win64; x64) AppleWebKit/537.36 (KHTML, like Gecko) Chrome/126.0.0.0 Safari/537.36 Edg/126.0.0.0
/home/user/hosting/loan/control/app/new/loan-act.php
[_POST] : 
Array
(
    [w] => pr
    [wr_id] => 48927
    [prev_status] => 1
    [next_status] => 10
    [jd_amount] => 7000
    [jd_interest] => 13.8~14
    [jd_condition] => 
    [jd_memo] => 
    [rf_first3] => 
    [rf_first1] => 
    [rf_first2] => 
)
[MESSAGE] : 


[2024-06-27 11:08:27]
175.121.155.210 : Mozilla/5.0 (Windows NT 10.0; Win64; x64) AppleWebKit/537.36 (KHTML, like Gecko) Chrome/126.0.0.0 Safari/537.36 Edg/126.0.0.0
/home/user/hosting/loan/control/app/new/loan-act.php
[_POST] : 
Array
(
    [w] => pr
    [wr_id] => 48928
    [prev_status] => 1
    [next_status] => 20
    [jd_amount] => 12000
    [jd_interest] => 13.5~13.8
    [jd_condition] => 
    [jd_memo] => 
    [rf_first3] => 57000
    [rf_first1] => 
    [rf_first2] => 
)
[MESSAGE] : 


[2024-06-27 11:08:34]
175.121.155.210 : Mozilla/5.0 (Windows NT 10.0; Win64; x64) AppleWebKit/537.36 (KHTML, like Gecko) Chrome/126.0.0.0 Safari/537.36 Edg/126.0.0.0
/home/user/hosting/loan/control/app/new/loan-act.php
[_POST] : 
Array
(
    [w] => pr
    [wr_id] => 48928
    [prev_status] => 20
    [next_status] => 10
    [jd_amount] => 12000
    [jd_interest] => 13.5~13.8
    [jd_condition] => 
    [jd_memo] => 
    [rf_first3] => 57000
    [rf_first1] => 
    [rf_first2] => 
)
[MESSAGE] : 


[2024-06-27 11:12:53]
175.121.155.210 : Mozilla/5.0 (Windows NT 10.0; Win64; x64) AppleWebKit/537.36 (KHTML, like Gecko) Chrome/126.0.0.0 Safari/537.36 Edg/126.0.0.0
/home/user/hosting/loan/control/app/new/loan-act.php
[_POST] : 
Array
(
    [w] => u
    [wr_id] => 48914
    [prev_status] => 10
    [wr_ca] => A
    [wr_part] => A
    [wr_subject] => 박은실/아파트/후순위추가
    [wr_cont1] => 보험설계사/연봉 7000만/ k/n 900점대
    [address1] => 인천 서구 가정동 610-1
    [address2] => 루원시티프라디움
    [address3] => 102동605호
    [address_ext] => 1598/25
    [wr_m2] => 84.99
    [wr_cont2] => * 전체지분

* 기대출
1. 한화생명 38.000(잔액33,000) / 45.600

KB시세 : 60.000  63.000  65.500
    [wr_amount] => 2순위 최대한도요청
    [wr_link1] => 
    [wr_link1_subj] => KB시세조회
    [wr_link2] => 
    [wr_link2_subj] => 
)
[MESSAGE] : 


[2024-06-27 11:13:39]
175.121.155.210 : Mozilla/5.0 (Windows NT 10.0; Win64; x64) AppleWebKit/537.36 (KHTML, like Gecko) Chrome/126.0.0.0 Safari/537.36 Edg/126.0.0.0
/home/user/hosting/loan/control/app/new/loan-act.php
[_POST] : 
Array
(
    [w] => pr
    [wr_id] => 48929
    [prev_status] => 1
    [next_status] => 10
    [jd_amount] => 15000
    [jd_interest] => 13.5~14
    [jd_condition] => 신탁+근저당권
    [jd_memo] => 
    [rf_first3] => 27000
    [rf_first1] => 
    [rf_first2] => 
)
[MESSAGE] : 


[2024-06-27 11:15:38]
175.121.155.210 : Mozilla/5.0 (Windows NT 10.0; Win64; x64) AppleWebKit/537.36 (KHTML, like Gecko) Chrome/126.0.0.0 Safari/537.36 Edg/126.0.0.0
/home/user/hosting/loan/control/app/new/loan-act.php
[_POST] : 
Array
(
    [w] => pr
    [wr_id] => 48930
    [prev_status] => 1
    [next_status] => 10
    [jd_amount] => 50000
    [jd_interest] => 13.3~13.8
    [jd_condition] => 
    [jd_memo] => 
    [rf_first3] => 66000
    [rf_first1] => 
    [rf_first2] => 
)
[MESSAGE] : 


[2024-06-27 11:20:31]
175.121.155.210 : Mozilla/5.0 (Windows NT 10.0; Win64; x64) AppleWebKit/537.36 (KHTML, like Gecko) Chrome/126.0.0.0 Safari/537.36 Edg/126.0.0.0
/home/user/hosting/loan/control/app/new/loan-act.php
[_POST] : 
Array
(
    [w] => pr
    [wr_id] => 48931
    [prev_status] => 1
    [next_status] => 10
    [jd_amount] => 12000
    [jd_interest] => 13.5~14
    [jd_condition] => 전세권 설정
    [jd_memo] => 24.03 당사 가승인 후 본인 대출 취소
    [rf_first3] => 
    [rf_first1] => 
    [rf_first2] => 
)
[MESSAGE] : 


[2024-06-27 11:23:43]
175.121.155.210 : Mozilla/5.0 (Windows NT 10.0; Win64; x64) AppleWebKit/537.36 (KHTML, like Gecko) Chrome/126.0.0.0 Safari/537.36 Edg/126.0.0.0
/home/user/hosting/loan/control/app/new/loan-act.php
[_POST] : 
Array
(
    [w] => pr
    [wr_id] => 48932
    [prev_status] => 1
    [next_status] => 10
    [jd_amount] => 3000
    [jd_interest] => 14
    [jd_condition] => 
    [jd_memo] => 
    [rf_first3] => 16000
    [rf_first1] => 
    [rf_first2] => 
)
[MESSAGE] : 


[2024-06-27 11:29:01]
175.121.155.210 : Mozilla/5.0 (Windows NT 10.0; Win64; x64) AppleWebKit/537.36 (KHTML, like Gecko) Chrome/126.0.0.0 Safari/537.36 Edg/126.0.0.0
/home/user/hosting/loan/control/app/new/loan-act.php
[_POST] : 
Array
(
    [w] => pr
    [wr_id] => 48933
    [prev_status] => 1
    [next_status] => 10
    [jd_amount] => 57000
    [jd_interest] => 13.3~13.8
    [jd_condition] => 선순위조건/신탁+근저당시 63000만원
    [jd_memo] => 매입가 준용
    [rf_first3] => 90000
    [rf_first1] => 
    [rf_first2] => 
)
[MESSAGE] : 


[2024-06-27 11:30:44]
175.121.155.210 : Mozilla/5.0 (Windows NT 10.0; Win64; x64) AppleWebKit/537.36 (KHTML, like Gecko) Chrome/126.0.0.0 Safari/537.36 Edg/126.0.0.0
/home/user/hosting/loan/control/app/new/loan-act.php
[_POST] : 
Array
(
    [w] => pr
    [wr_id] => 48934
    [prev_status] => 1
    [next_status] => 10
    [jd_amount] => 7000
    [jd_interest] => 13.3~13.8
    [jd_condition] => 선순위조건/신탁+근저당시 12000만원
    [jd_memo] => 
    [rf_first3] => 18000
    [rf_first1] => 
    [rf_first2] => 
)
[MESSAGE] : 


[2024-06-27 11:32:46]
175.121.155.210 : Mozilla/5.0 (Windows NT 10.0; Win64; x64) AppleWebKit/537.36 (KHTML, like Gecko) Chrome/126.0.0.0 Safari/537.36 Edg/126.0.0.0
/home/user/hosting/loan/control/app/new/loan-act.php
[_POST] : 
Array
(
    [w] => pr
    [wr_id] => 48935
    [prev_status] => 1
    [next_status] => 10
    [jd_amount] => 15000
    [jd_interest] => 13.5~14
    [jd_condition] => 신탁+근저당권
    [jd_memo] => 
    [rf_first3] => 
    [rf_first1] => 
    [rf_first2] => 
)
[MESSAGE] : 


[2024-06-27 11:41:59]
175.121.155.210 : Mozilla/5.0 (Windows NT 10.0; Win64; x64) AppleWebKit/537.36 (KHTML, like Gecko) Chrome/126.0.0.0 Safari/537.36 Edg/126.0.0.0
/home/user/hosting/loan/control/app/new/loan-act.php
[_POST] : 
Array
(
    [w] => pr
    [wr_id] => 48710
    [prev_status] => 30
    [next_status] => 
    [jd_amount] => 12000
    [jd_interest] => 13.5~14
    [jd_condition] => 12000만원 / 13.8% / 3.85% / 7개월로 심사완료 / 자서서류 문자 발송
    [jd_memo] => 전세권 설정
신.조완료(취급가능)/간편심사 진행예정
    [rf_first3] => 49000
    [rf_first1] => 
    [rf_first2] => 
)
[MESSAGE] : 


[2024-06-27 12:01:09]
175.121.155.210 : Mozilla/5.0 (Windows NT 10.0; Win64; x64) AppleWebKit/537.36 (KHTML, like Gecko) Chrome/126.0.0.0 Safari/537.36 Edg/126.0.0.0
/home/user/hosting/loan/control/app/new/loan-act.php
[_POST] : 
Array
(
    [w] => pr
    [wr_id] => 48482
    [prev_status] => 30
    [next_status] => 
    [jd_amount] => 5000
    [jd_interest] => 14~14.2
    [jd_condition] => 8000만원 / 14.2% / 3.85% / 12개월 / 거주지 공담조건으로 심사완료
진행여부 결정하여 연락주기로 함
    [jd_memo] => 현장방문 시세조사 필수(60/20)
선순위 근저당권 감액조건
무상거주 확인
신.조완료(취급가능)/간편심사 진행 예정
    [rf_first3] => 25000
    [rf_first1] => 
    [rf_first2] => 
)
[MESSAGE] : 


[2024-06-27 12:18:46]
175.121.155.210 : Mozilla/5.0 (Windows NT 10.0; Win64; x64) AppleWebKit/537.36 (KHTML, like Gecko) Chrome/126.0.0.0 Safari/537.36 Edg/126.0.0.0
/home/user/hosting/loan/control/app/new/loan-act.php
[_POST] : 
Array
(
    [w] => pr
    [wr_id] => 48777
    [prev_status] => 30
    [next_status] => 
    [jd_amount] => 10000
    [jd_interest] => 14
    [jd_condition] => 1억 / 14% / 3.85% / 12개월로 심사완료 / 자서서류 문자발송
    [jd_memo] => 기존 본심사 결과 준용
부재중/안내문자 발송
타사접수로 심사완료후 본인 취소건입니다
    [rf_first3] => 
    [rf_first1] => 
    [rf_first2] => 
)
[MESSAGE] : 


[2024-06-27 13:09:46]
175.121.155.210 : Mozilla/5.0 (Windows NT 10.0; Win64; x64) AppleWebKit/537.36 (KHTML, like Gecko) Chrome/126.0.0.0 Safari/537.36 Edg/126.0.0.0
/home/user/hosting/loan/control/app/new/loan-act.php
[_POST] : 
Array
(
    [w] => u
    [wr_id] => 48426
    [prev_status] => 30
    [wr_name] => 임순금
    [wr_ca] => E
    [wr_part] => A
    [wr_subject] => 임순금
    [wr_cont1] => [토지 / 1순위]
임순금 / 670210 (만57세)
    [address1] => 충북 충주시 종민동 1061-1
    [address2] => 
    [address3] => 
    [address_ext] => 
    [wr_m2] => 1676
    [wr_cont2] => [토지 / 1순위]
임순금 / 670210 (만57세)

[토지] 충청북도 충주시 종민동 1061-1 전 1676㎡

* 소유권이전일: 2004년 06월 03일


* 개인사업자(부동산)
* 기대출 없음. 1순위 한도 요청
    [wr_amount] => 
    [wr_link1] => 
    [wr_link1_subj] => KB시세조회
    [wr_link2] => 
    [wr_link2_subj] => 
)
[MESSAGE] : 


[2024-06-27 13:11:08]
175.121.155.210 : Mozilla/5.0 (Windows NT 10.0; Win64; x64) AppleWebKit/537.36 (KHTML, like Gecko) Chrome/126.0.0.0 Safari/537.36 Edg/126.0.0.0
/home/user/hosting/loan/control/app/new/loan-act.php
[_POST] : 
Array
(
    [w] => pr
    [wr_id] => 48936
    [prev_status] => 1
    [next_status] => 20
    [jd_amount] => 
    [jd_interest] => 
    [jd_condition] => 
    [jd_memo] => 
    [rf_first3] => 31000
    [rf_first1] => 
    [rf_first2] => 
)
[MESSAGE] : 


[2024-06-27 13:12:29]
175.121.155.210 : Mozilla/5.0 (Windows NT 10.0; Win64; x64) AppleWebKit/537.36 (KHTML, like Gecko) Chrome/126.0.0.0 Safari/537.36 Edg/126.0.0.0
/home/user/hosting/loan/control/app/new/loan-act.php
[_POST] : 
Array
(
    [w] => pr
    [wr_id] => 48937
    [prev_status] => 1
    [next_status] => 20
    [jd_amount] => 
    [jd_interest] => 
    [jd_condition] => 
    [jd_memo] => 
    [rf_first3] => 11000
    [rf_first1] => 
    [rf_first2] => 
)
[MESSAGE] : 


[2024-06-27 13:12:50]
175.121.155.210 : Mozilla/5.0 (Windows NT 10.0; Win64; x64) AppleWebKit/537.36 (KHTML, like Gecko) Chrome/126.0.0.0 Safari/537.36 Edg/126.0.0.0
/home/user/hosting/loan/control/app/new/loan-act.php
[_POST] : 
Array
(
    [w] => pr
    [wr_id] => 48938
    [prev_status] => 1
    [next_status] => 10
    [jd_amount] => 50000
    [jd_interest] => 13.3~13.8
    [jd_condition] => 
    [jd_memo] => 
    [rf_first3] => 
    [rf_first1] => 
    [rf_first2] => 
)
[MESSAGE] : 


[2024-06-27 13:14:38]
175.121.155.210 : Mozilla/5.0 (Windows NT 10.0; Win64; x64) AppleWebKit/537.36 (KHTML, like Gecko) Chrome/126.0.0.0 Safari/537.36 Edg/126.0.0.0
/home/user/hosting/loan/control/app/new/loan-act.php
[_POST] : 
Array
(
    [w] => pr
    [wr_id] => 48939
    [prev_status] => 1
    [next_status] => 10
    [jd_amount] => 3500
    [jd_interest] => 14~14.2
    [jd_condition] => 전세권 설정
    [jd_memo] => 
    [rf_first3] => 28000
    [rf_first1] => 
    [rf_first2] => 
)
[MESSAGE] : 


[2024-06-27 13:16:15]
175.121.155.210 : Mozilla/5.0 (Windows NT 10.0; Win64; x64) AppleWebKit/537.36 (KHTML, like Gecko) Chrome/126.0.0.0 Safari/537.36 Edg/126.0.0.0
/home/user/hosting/loan/control/app/new/loan-act.php
[_POST] : 
Array
(
    [w] => pr
    [wr_id] => 48805
    [prev_status] => 30
    [next_status] => 99
    [jd_amount] => 4000
    [jd_interest] => 13.5~14
    [jd_condition] => 본 심사 부결
    [jd_memo] => 현장방문 시세조사 필수(50/20)
신.조완료(취급가능)/불법증축으로 협의후 심사여부 결정
    [rf_first3] => 10000
    [rf_first1] => 
    [rf_first2] => 
)
[MESSAGE] : 


[2024-06-27 13:16:33]
175.121.155.210 : Mozilla/5.0 (Windows NT 10.0; Win64; x64) AppleWebKit/537.36 (KHTML, like Gecko) Chrome/126.0.0.0 Safari/537.36 Edg/126.0.0.0
/home/user/hosting/loan/control/app/new/loan-act.php
[_POST] : 
Array
(
    [w] => pr
    [wr_id] => 48940
    [prev_status] => 1
    [next_status] => 10
    [jd_amount] => 6000
    [jd_interest] => 13.5~14
    [jd_condition] => 현장방문 시세조사 필수
    [jd_memo] => 
    [rf_first3] => 16000
    [rf_first1] => 
    [rf_first2] => 
)
[MESSAGE] : 


[2024-06-27 13:20:22]
175.121.155.210 : Mozilla/5.0 (Windows NT 10.0; Win64; x64) AppleWebKit/537.36 (KHTML, like Gecko) Chrome/126.0.0.0 Safari/537.36 Edg/126.0.0.0
/home/user/hosting/loan/control/app/new/loan-act.php
[_POST] : 
Array
(
    [w] => pr
    [wr_id] => 48941
    [prev_status] => 1
    [next_status] => 10
    [jd_amount] => 7000
    [jd_interest] => 14~14.5
    [jd_condition] => 현장방문 시세조사 필수
    [jd_memo] => 산111  24년 30백만원
602-1 24년 60백만원
302-2 24년 55백만원
    [rf_first3] => 
    [rf_first1] => 
    [rf_first2] => 
)
[MESSAGE] : 


[2024-06-27 13:21:31]
175.121.155.210 : Mozilla/5.0 (Windows NT 10.0; Win64; x64) AppleWebKit/537.36 (KHTML, like Gecko) Chrome/126.0.0.0 Safari/537.36 Edg/126.0.0.0
/home/user/hosting/loan/control/app/new/loan-act.php
[_POST] : 
Array
(
    [w] => pr
    [wr_id] => 48942
    [prev_status] => 1
    [next_status] => 10
    [jd_amount] => 51000
    [jd_interest] => 13.3~13.8
    [jd_condition] => 
    [jd_memo] => 
    [rf_first3] => 72000
    [rf_first1] => 
    [rf_first2] => 
)
[MESSAGE] : 


[2024-06-27 13:22:58]
175.121.155.210 : Mozilla/5.0 (Windows NT 10.0; Win64; x64) AppleWebKit/537.36 (KHTML, like Gecko) Chrome/126.0.0.0 Safari/537.36 Edg/126.0.0.0
/home/user/hosting/loan/control/app/new/loan-act.php
[_POST] : 
Array
(
    [w] => pr
    [wr_id] => 48943
    [prev_status] => 1
    [next_status] => 10
    [jd_amount] => 9000
    [jd_interest] => 13.5~14
    [jd_condition] => 전세권 설정
    [jd_memo] => 
    [rf_first3] => 33000
    [rf_first1] => 
    [rf_first2] => 
)
[MESSAGE] : 


[2024-06-27 13:23:13]
175.121.155.210 : Mozilla/5.0 (Windows NT 10.0; Win64; x64) AppleWebKit/537.36 (KHTML, like Gecko) Chrome/126.0.0.0 Safari/537.36 Edg/126.0.0.0
/home/user/hosting/loan/control/app/new/loan-act.php
[_POST] : 
Array
(
    [w] => pr
    [wr_id] => 48944
    [prev_status] => 1
    [next_status] => 20
    [jd_amount] => 
    [jd_interest] => 
    [jd_condition] => 
    [jd_memo] => 
    [rf_first3] => 28000
    [rf_first1] => 
    [rf_first2] => 
)
[MESSAGE] : 


[2024-06-27 13:23:21]
175.121.155.210 : Mozilla/5.0 (Windows NT 10.0; Win64; x64) AppleWebKit/537.36 (KHTML, like Gecko) Chrome/126.0.0.0 Safari/537.36 Edg/126.0.0.0
/home/user/hosting/loan/control/app/new/loan-act.php
[_POST] : 
Array
(
    [w] => pr
    [wr_id] => 48945
    [prev_status] => 1
    [next_status] => 20
    [jd_amount] => 
    [jd_interest] => 
    [jd_condition] => 
    [jd_memo] => 
    [rf_first3] => 
    [rf_first1] => 
    [rf_first2] => 
)
[MESSAGE] : 


[2024-06-27 13:25:09]
175.121.155.210 : Mozilla/5.0 (Windows NT 10.0; Win64; x64) AppleWebKit/537.36 (KHTML, like Gecko) Chrome/126.0.0.0 Safari/537.36 Edg/126.0.0.0
/home/user/hosting/loan/control/app/new/loan-act.php
[_POST] : 
Array
(
    [w] => pr
    [wr_id] => 48946
    [prev_status] => 1
    [next_status] => 20
    [jd_amount] => 
    [jd_interest] => 
    [jd_condition] => 
    [jd_memo] => 
    [rf_first3] => 15000
    [rf_first1] => 
    [rf_first2] => 
)
[MESSAGE] : 


[2024-06-27 13:27:52]
175.121.155.210 : Mozilla/5.0 (Windows NT 10.0; Win64; x64) AppleWebKit/537.36 (KHTML, like Gecko) Chrome/126.0.0.0 Safari/537.36 Edg/126.0.0.0
/home/user/hosting/loan/control/app/new/loan-act.php
[_POST] : 
Array
(
    [w] => pr
    [wr_id] => 48947
    [prev_status] => 1
    [next_status] => 10
    [jd_amount] => 170000
    [jd_interest] => 13.3~14
    [jd_condition] => 현장방문 시세조사 필수
거액여신으로 사전협의건
    [jd_memo] => 
    [rf_first3] => 280000
    [rf_first1] => 
    [rf_first2] => 
)
[MESSAGE] : 


[2024-06-27 13:28:42]
175.121.155.210 : Mozilla/5.0 (Windows NT 10.0; Win64; x64) AppleWebKit/537.36 (KHTML, like Gecko) Chrome/126.0.0.0 Safari/537.36 Edg/126.0.0.0
/home/user/hosting/loan/control/app/new/loan-act.php
[_POST] : 
Array
(
    [w] => pr
    [wr_id] => 48426
    [prev_status] => 30
    [next_status] => 
    [jd_amount] => 4000
    [jd_interest] => 14~14.5
    [jd_condition] => 신.조완료(취급가능)/간편심사 진행예정
    [jd_memo] => 현장방문 시세조사 필수(60/20)
    [rf_first3] => 10000
    [rf_first1] => 
    [rf_first2] => 
)
[MESSAGE] : 


[2024-06-27 13:30:18]
175.121.155.210 : Mozilla/5.0 (Windows NT 10.0; Win64; x64) AppleWebKit/537.36 (KHTML, like Gecko) Chrome/126.0.0.0 Safari/537.36 Edg/126.0.0.0
/home/user/hosting/loan/control/app/new/loan-act.php
[_POST] : 
Array
(
    [w] => pr
    [wr_id] => 48949
    [prev_status] => 1
    [next_status] => 10
    [jd_amount] => 30000
    [jd_interest] => 13.3~13.8
    [jd_condition] => 신탁+근저당권
근저당권시  270백만원
현장방문 시세조사 필수
    [jd_memo] => 
    [rf_first3] => 45000
    [rf_first1] => 
    [rf_first2] => 
)
[MESSAGE] : 


[2024-06-27 13:41:54]
175.121.155.210 : Mozilla/5.0 (Windows NT 10.0; Win64; x64) AppleWebKit/537.36 (KHTML, like Gecko) Chrome/126.0.0.0 Safari/537.36 Edg/126.0.0.0
/home/user/hosting/loan/control/app/new/loan-act.php
[_POST] : 
Array
(
    [w] => pr
    [wr_id] => 48950
    [prev_status] => 1
    [next_status] => 20
    [jd_amount] => 
    [jd_interest] => 
    [jd_condition] => 
    [jd_memo] => 
    [rf_first3] => 32000
    [rf_first1] => 
    [rf_first2] => 
)
[MESSAGE] : 


[2024-06-27 13:45:03]
175.121.155.210 : Mozilla/5.0 (Windows NT 10.0; Win64; x64) AppleWebKit/537.36 (KHTML, like Gecko) Chrome/126.0.0.0 Safari/537.36 Edg/126.0.0.0
/home/user/hosting/loan/control/app/new/loan-act.php
[_POST] : 
Array
(
    [w] => pr
    [wr_id] => 48951
    [prev_status] => 1
    [next_status] => 10
    [jd_amount] => 3000
    [jd_interest] => 14~14.5
    [jd_condition] => ltv 85% 초과로 신용 진행건입니다(설정 필)
    [jd_memo] => 
    [rf_first3] => 62000
    [rf_first1] => 
    [rf_first2] => 
)
[MESSAGE] : 


[2024-06-27 13:47:55]
175.121.155.210 : Mozilla/5.0 (Windows NT 10.0; Win64; x64) AppleWebKit/537.36 (KHTML, like Gecko) Chrome/126.0.0.0 Safari/537.36 Edg/126.0.0.0
/home/user/hosting/loan/control/app/new/loan-act.php
[_POST] : 
Array
(
    [w] => pr
    [wr_id] => 48952
    [prev_status] => 1
    [next_status] => 10
    [jd_amount] => 13000
    [jd_interest] => 14~14.5
    [jd_condition] => 현장방문 시세조사 필수
    [jd_memo] => 
    [rf_first3] => 65000
    [rf_first1] => 
    [rf_first2] => 
)
[MESSAGE] : 


[2024-06-27 13:48:14]
175.121.155.210 : Mozilla/5.0 (Windows NT 10.0; Win64; x64) AppleWebKit/537.36 (KHTML, like Gecko) Chrome/126.0.0.0 Safari/537.36 Edg/126.0.0.0
/home/user/hosting/loan/control/app/new/loan-act.php
[_POST] : 
Array
(
    [w] => pr
    [wr_id] => 48953
    [prev_status] => 1
    [next_status] => 10
    [jd_amount] => 9000
    [jd_interest] => 13.5~14
    [jd_condition] => 전세권 설정
    [jd_memo] => 
    [rf_first3] => 
    [rf_first1] => 
    [rf_first2] => 
)
[MESSAGE] : 


[2024-06-27 14:06:20]
175.121.155.210 : Mozilla/5.0 (Windows NT 10.0; Win64; x64) AppleWebKit/537.36 (KHTML, like Gecko) Chrome/126.0.0.0 Safari/537.36 Edg/126.0.0.0
/home/user/hosting/loan/control/app/new/loan-act.php
[_POST] : 
Array
(
    [w] => u
    [wr_id] => 48954
    [prev_status] => 1
    [wr_ca] => E
    [wr_part] => A
    [wr_subject] => 김선영
    [wr_cont1] => [단독 주택 / 2순위]
김선영 / 841017 (만39세)
    [address1] => 인천시 미추홀구 주안동 544-24
    [address2] => 
    [address3] => 단독주택
    [address_ext] => 
    [wr_m2] => 147.9
    [wr_cont2] => [단독 주택 / 2순위]
김선영 / 841017 (만39세)

인천광역시 미추홀구 주안동 544-24
토지 147.9 ㎡

* 소유권이전일: 2020년 06월 11일 / 매매

▶  선순위
1. 인천수산업협동조합 21,840만 (15,800만) > 잔액
:: 총 합계 21,840만  (15,800만)

* 개인사업자 / 본인거주중
* 선순위 감액등기 조건 / 후순위 최대요청
    [wr_amount] => 최대
    [wr_link1] => 
    [wr_link1_subj] => KB시세조회
    [wr_link2] => 
    [wr_link2_subj] => 
)
[MESSAGE] : 


[2024-06-27 14:06:28]
175.121.155.210 : Mozilla/5.0 (Windows NT 10.0; Win64; x64) AppleWebKit/537.36 (KHTML, like Gecko) Chrome/126.0.0.0 Safari/537.36 Edg/126.0.0.0
/home/user/hosting/loan/control/app/new/loan-act.php
[_POST] : 
Array
(
    [w] => pr
    [wr_id] => 48954
    [prev_status] => 1
    [next_status] => 20
    [jd_amount] => 
    [jd_interest] => 
    [jd_condition] => 
    [jd_memo] => 
    [rf_first3] => 
    [rf_first1] => 
    [rf_first2] => 
)
[MESSAGE] : 


[2024-06-27 14:08:26]
175.121.155.210 : Mozilla/5.0 (Windows NT 10.0; Win64; x64) AppleWebKit/537.36 (KHTML, like Gecko) Chrome/126.0.0.0 Safari/537.36 Edg/126.0.0.0
/home/user/hosting/loan/control/app/new/loan-act.php
[_POST] : 
Array
(
    [w] => pr
    [wr_id] => 48955
    [prev_status] => 1
    [next_status] => 10
    [jd_amount] => 20000
    [jd_interest] => 13~13.5
    [jd_condition] => 추가한도 가능
상속세 납부 확인
    [jd_memo] => 최대 110,000만원
    [rf_first3] => 220000
    [rf_first1] => 
    [rf_first2] => 
)
[MESSAGE] : 


[2024-06-27 14:09:43]
175.121.155.210 : Mozilla/5.0 (Windows NT 10.0; Win64; x64) AppleWebKit/537.36 (KHTML, like Gecko) Chrome/126.0.0.0 Safari/537.36 Edg/126.0.0.0
/home/user/hosting/loan/control/app/new/loan-act.php
[_POST] : 
Array
(
    [w] => pr
    [wr_id] => 48956
    [prev_status] => 1
    [next_status] => 10
    [jd_amount] => 26000
    [jd_interest] => 13.3~13.8
    [jd_condition] => 
    [jd_memo] => 
    [rf_first3] => 60000
    [rf_first1] => 
    [rf_first2] => 
)
[MESSAGE] : 


[2024-06-27 14:11:18]
175.121.155.210 : Mozilla/5.0 (Windows NT 10.0; Win64; x64) AppleWebKit/537.36 (KHTML, like Gecko) Chrome/126.0.0.0 Safari/537.36 Edg/126.0.0.0
/home/user/hosting/loan/control/app/new/loan-act.php
[_POST] : 
Array
(
    [w] => pr
    [wr_id] => 48957
    [prev_status] => 1
    [next_status] => 10
    [jd_amount] => 8000
    [jd_interest] => 13.5~14
    [jd_condition] => 신탁+근저당권
    [jd_memo] => 
    [rf_first3] => 13000
    [rf_first1] => 
    [rf_first2] => 
)
[MESSAGE] : 


[2024-06-27 14:13:10]
175.121.155.210 : Mozilla/5.0 (Windows NT 10.0; Win64; x64) AppleWebKit/537.36 (KHTML, like Gecko) Chrome/126.0.0.0 Safari/537.36 Edg/126.0.0.0
/home/user/hosting/loan/control/app/new/loan-act.php
[_POST] : 
Array
(
    [w] => pr
    [wr_id] => 48958
    [prev_status] => 1
    [next_status] => 10
    [jd_amount] => 6000
    [jd_interest] => 14
    [jd_condition] => 타업체 기접수건으로 2024.04월 6000만원 / 13.5% / 3.85% / 12개월로 심사완료 후 본인 대출 취소건입니다
    [jd_memo] => 
    [rf_first3] => 
    [rf_first1] => 
    [rf_first2] => 
)
[MESSAGE] : 


[2024-06-27 14:17:47]
175.121.155.210 : Mozilla/5.0 (Windows NT 10.0; Win64; x64) AppleWebKit/537.36 (KHTML, like Gecko) Chrome/126.0.0.0 Safari/537.36 Edg/126.0.0.0
/home/user/hosting/loan/control/app/new/loan-act.php
[_POST] : 
Array
(
    [w] => pr
    [wr_id] => 48959
    [prev_status] => 1
    [next_status] => 10
    [jd_amount] => 110000
    [jd_interest] => 13.3~13.8
    [jd_condition] => 지분한도
상속세 납부 확인
    [jd_memo] => 
    [rf_first3] => 
    [rf_first1] => 
    [rf_first2] => 
)
[MESSAGE] : 


[2024-06-27 14:27:01]
175.121.155.210 : Mozilla/5.0 (Windows NT 10.0; Win64; x64) AppleWebKit/537.36 (KHTML, like Gecko) Chrome/126.0.0.0 Safari/537.36 Edg/126.0.0.0
/home/user/hosting/loan/control/app/new/loan-act.php
[_POST] : 
Array
(
    [w] => pr
    [wr_id] => 48960
    [prev_status] => 1
    [next_status] => 10
    [jd_amount] => 50000
    [jd_interest] => 13.3~13.8
    [jd_condition] => 
    [jd_memo] => 
    [rf_first3] => 
    [rf_first1] => 
    [rf_first2] => 
)
[MESSAGE] : 


[2024-06-27 14:43:55]
175.121.155.210 : Mozilla/5.0 (Windows NT 10.0; Win64; x64) AppleWebKit/537.36 (KHTML, like Gecko) Chrome/126.0.0.0 Safari/537.36 Edg/126.0.0.0
/home/user/hosting/loan/control/app/new/loan-act.php
[_POST] : 
Array
(
    [w] => pr
    [wr_id] => 48962
    [prev_status] => 1
    [next_status] => 10
    [jd_amount] => 38000
    [jd_interest] => 13.3~13.8
    [jd_condition] => 전세권 설정
    [jd_memo] => 
    [rf_first3] => 53000
    [rf_first1] => 
    [rf_first2] => 
)
[MESSAGE] : 


[2024-06-27 14:44:34]
175.121.155.210 : Mozilla/5.0 (Windows NT 10.0; Win64; x64) AppleWebKit/537.36 (KHTML, like Gecko) Chrome/126.0.0.0 Safari/537.36 Edg/126.0.0.0
/home/user/hosting/loan/control/app/new/loan-act.php
[_POST] : 
Array
(
    [w] => pr
    [wr_id] => 48963
    [prev_status] => 1
    [next_status] => 20
    [jd_amount] => 
    [jd_interest] => 
    [jd_condition] => 지방소재 시세 1억미만 대풀진행이 어렵습니다
    [jd_memo] => 
    [rf_first3] => 8500
    [rf_first1] => 
    [rf_first2] => 
)
[MESSAGE] : 


[2024-06-27 14:46:32]
175.121.155.210 : Mozilla/5.0 (Windows NT 10.0; Win64; x64) AppleWebKit/537.36 (KHTML, like Gecko) Chrome/126.0.0.0 Safari/537.36 Edg/126.0.0.0
/home/user/hosting/loan/control/app/new/loan-act.php
[_POST] : 
Array
(
    [w] => pr
    [wr_id] => 48897
    [prev_status] => 30
    [next_status] => 
    [jd_amount] => 10000
    [jd_interest] => 14~14.5
    [jd_condition] => 차주 신.조후 재 상담예정
    [jd_memo] => 선순위 근저당권 120%이내 감액조건
현장방문 시세조사 필수(70/20)
    [rf_first3] => 110000
    [rf_first1] => 
    [rf_first2] => 
)
[MESSAGE] : 


[2024-06-27 14:46:39]
175.121.155.210 : Mozilla/5.0 (Windows NT 10.0; Win64; x64) AppleWebKit/537.36 (KHTML, like Gecko) Chrome/126.0.0.0 Safari/537.36 Edg/126.0.0.0
/home/user/hosting/loan/control/app/new/loan-act.php
[_POST] : 
Array
(
    [w] => pr
    [wr_id] => 48964
    [prev_status] => 1
    [next_status] => 10
    [jd_amount] => 29000
    [jd_interest] => 13.3~13.8
    [jd_condition] => 친할머니 무상거주 확인
    [jd_memo] => 
    [rf_first3] => 48000
    [rf_first1] => 
    [rf_first2] => 
)
[MESSAGE] : 


[2024-06-27 14:46:47]
175.121.155.210 : Mozilla/5.0 (Windows NT 10.0; Win64; x64) AppleWebKit/537.36 (KHTML, like Gecko) Chrome/126.0.0.0 Safari/537.36 Edg/126.0.0.0
/home/user/hosting/loan/control/app/new/loan-act.php
[_POST] : 
Array
(
    [w] => u
    [wr_id] => 48897
    [prev_status] => 30
    [wr_name] => 장미영 딸
    [wr_ca] => E
    [wr_part] => A
    [wr_subject] => 차주 양다혜/장미영
    [wr_cont1] => 장미영/단독주택/생활자금

경남 양산시 물금읍 증산리 1802- 6번지
1층 방1
2층 방3 (내부계단)

신협 51000 (70800)
필요 10000

소유주 본인
개인회생 1회지남

차주 딸
년봉 2200

시세 인근 농협 12억 인근 부동산 18억 오늘 확인했다고 합니다.
참고하셔서 검토 부탁드립니다
    [address1] => 경남 양산시 물금읍 증산리 1802-6
    [address2] => 
    [address3] => 
    [address_ext] => 
    [wr_m2] => 
    [wr_cont2] => 장미영

경남 양산시 물금읍 증산리 1802- 6번지
1층 방1
2층 방3 (내부계단)

신협 51000 (70800)
필요 10000

소유주 본인
개인회생 1회지남

차주 딸
년봉 2200

시세 인근 농협 12억 인근 부동산 18억 오늘 확인했다고 합니다.
참고하셔서 검토 부탁드립니다
    [wr_amount] => 10000
    [wr_link1] => 
    [wr_link1_subj] => KB시세조회
    [wr_link2] => 
    [wr_link2_subj] => 
)
[MESSAGE] : 


[2024-06-27 14:47:19]
175.121.155.210 : Mozilla/5.0 (Windows NT 10.0; Win64; x64) AppleWebKit/537.36 (KHTML, like Gecko) Chrome/126.0.0.0 Safari/537.36 Edg/126.0.0.0
/home/user/hosting/loan/control/app/new/loan-act.php
[_POST] : 
Array
(
    [w] => pr
    [wr_id] => 48965
    [prev_status] => 1
    [next_status] => 10
    [jd_amount] => 13000
    [jd_interest] => 14~14.5
    [jd_condition] => 현장방문 시세조사 필수
    [jd_memo] => 
    [rf_first3] => 
    [rf_first1] => 
    [rf_first2] => 
)
[MESSAGE] : 


[2024-06-27 14:47:19]
175.121.155.210 : Mozilla/5.0 (Windows NT 10.0; Win64; x64) AppleWebKit/537.36 (KHTML, like Gecko) Chrome/126.0.0.0 Safari/537.36 Edg/126.0.0.0
/home/user/hosting/loan/control/app/new/loan-act.php
[_POST] : 
Array
(
    [w] => pr
    [wr_id] => 48931
    [prev_status] => 30
    [next_status] => 
    [jd_amount] => 12000
    [jd_interest] => 13.5~14
    [jd_condition] => 신.조완료(취급가능)/간편심사 진행예정
    [jd_memo] => 24.03 당사 가승인 후 본인 대출 취소
전세권 설정
현장시세조사(50/20)
    [rf_first3] => 
    [rf_first1] => 
    [rf_first2] => 
)
[MESSAGE] : 


[2024-06-27 15:04:56]
175.121.155.210 : Mozilla/5.0 (Windows NT 10.0; Win64; x64) AppleWebKit/537.36 (KHTML, like Gecko) Chrome/126.0.0.0 Safari/537.36 Edg/126.0.0.0
/home/user/hosting/loan/control/app/new/loan-act.php
[_POST] : 
Array
(
    [w] => u
    [wr_id] => 48967
    [prev_status] => 1
    [wr_ca] => E
    [wr_part] => A
    [wr_subject] => 김선영
    [wr_cont1] => 가라사업자
    [address1] => 인천 미추홀구 주안동 544-24번지
    [address2] => 
    [address3] => 
    [address_ext] => 
    [wr_m2] => 
    [wr_cont2] => 주택

*명의인 : 김선영
*주소 : 인천광역시 미추홀구 주안동 544-24번지
*직업 : 가라사업자
*전용 : 147.9
*개별 공가 : 1.491.000
*총공가 : 220.518.900
*설정 :  수협 157,733,000원
*특이사항 : 재개발지역
=========================
후순위 부탁드립니다
    [wr_amount] => 
    [wr_link1] => 
    [wr_link1_subj] => KB시세조회
    [wr_link2] => 
    [wr_link2_subj] => 
)
[MESSAGE] : 


[2024-06-27 15:05:11]
175.121.155.210 : Mozilla/5.0 (Windows NT 10.0; Win64; x64) AppleWebKit/537.36 (KHTML, like Gecko) Chrome/126.0.0.0 Safari/537.36 Edg/126.0.0.0
/home/user/hosting/loan/control/app/new/loan-act.php
[_POST] : 
Array
(
    [w] => u
    [wr_id] => 48967
    [prev_status] => 1
    [wr_ca] => E
    [wr_part] => A
    [wr_subject] => 김선영
    [wr_cont1] => 가라사업자
    [address1] => 인천시 미추홀구 주안동 544-24번지
    [address2] => 
    [address3] => 
    [address_ext] => 
    [wr_m2] => 
    [wr_cont2] => 주택

*명의인 : 김선영
*주소 : 인천광역시 미추홀구 주안동 544-24번지
*직업 : 가라사업자
*전용 : 147.9
*개별 공가 : 1.491.000
*총공가 : 220.518.900
*설정 :  수협 157,733,000원
*특이사항 : 재개발지역
=========================
후순위 부탁드립니다
    [wr_amount] => 
    [wr_link1] => 
    [wr_link1_subj] => KB시세조회
    [wr_link2] => 
    [wr_link2_subj] => 
)
[MESSAGE] : 


[2024-06-27 15:05:31]
175.121.155.210 : Mozilla/5.0 (Windows NT 10.0; Win64; x64) AppleWebKit/537.36 (KHTML, like Gecko) Chrome/126.0.0.0 Safari/537.36 Edg/126.0.0.0
/home/user/hosting/loan/control/app/new/loan-act.php
[_POST] : 
Array
(
    [w] => pr
    [wr_id] => 48967
    [prev_status] => 1
    [next_status] => 20
    [jd_amount] => 
    [jd_interest] => 
    [jd_condition] => 
    [jd_memo] => 
    [rf_first3] => 
    [rf_first1] => 
    [rf_first2] => 
)
[MESSAGE] : 


[2024-06-27 15:10:31]
175.121.155.210 : Mozilla/5.0 (Windows NT 10.0; Win64; x64) AppleWebKit/537.36 (KHTML, like Gecko) Chrome/126.0.0.0 Safari/537.36 Edg/126.0.0.0
/home/user/hosting/loan/control/app/new/loan-act.php
[_POST] : 
Array
(
    [w] => pr
    [wr_id] => 48968
    [prev_status] => 10
    [next_status] => 10
    [jd_amount] => 18000
    [jd_interest] => 13.3~13.8
    [jd_condition] => 한도 조정건입니다
    [jd_memo] => 자동 가승인
    [rf_first3] => 89000
    [rf_first1] => 
    [rf_first2] => 
)
[MESSAGE] : 


[2024-06-27 15:11:08]
175.121.155.210 : Mozilla/5.0 (Windows NT 10.0; Win64; x64) AppleWebKit/537.36 (KHTML, like Gecko) Chrome/126.0.0.0 Safari/537.36 Edg/126.0.0.0
/home/user/hosting/loan/control/app/new/loan-act.php
[_POST] : 
Array
(
    [w] => pr
    [wr_id] => 48969
    [prev_status] => 1
    [next_status] => 10
    [jd_amount] => 13000
    [jd_interest] => 13.3~13.8
    [jd_condition] => 
    [jd_memo] => 
    [rf_first3] => 25000
    [rf_first1] => 
    [rf_first2] => 
)
[MESSAGE] : 


[2024-06-27 15:17:09]
175.121.155.210 : Mozilla/5.0 (Windows NT 10.0; Win64; x64) AppleWebKit/537.36 (KHTML, like Gecko) Chrome/126.0.0.0 Safari/537.36 Edg/126.0.0.0
/home/user/hosting/loan/control/app/new/loan-act.php
[_POST] : 
Array
(
    [w] => pr
    [wr_id] => 48966
    [prev_status] => 1
    [next_status] => 10
    [jd_amount] => 30000
    [jd_interest] => 13.5~14
    [jd_condition] => 임차인 확인조건
    [jd_memo] => 첨부 감정서상 우선변제금 71,500백만원  13개호수 *55백만원
24.03월 가람감정 106억원
    [rf_first3] => 1060000
    [rf_first1] => 
    [rf_first2] => 
)
[MESSAGE] : 


[2024-06-27 15:19:54]
175.121.155.210 : Mozilla/5.0 (Windows NT 10.0; Win64; x64) AppleWebKit/537.36 (KHTML, like Gecko) Chrome/126.0.0.0 Safari/537.36 Edg/126.0.0.0
/home/user/hosting/loan/control/app/new/loan-act.php
[_POST] : 
Array
(
    [w] => pr
    [wr_id] => 48970
    [prev_status] => 1
    [next_status] => 20
    [jd_amount] => 
    [jd_interest] => 
    [jd_condition] => 
    [jd_memo] => 
    [rf_first3] => 
    [rf_first1] => 
    [rf_first2] => 
)
[MESSAGE] : 


[2024-06-27 15:31:07]
175.121.155.210 : Mozilla/5.0 (Windows NT 10.0; Win64; x64) AppleWebKit/537.36 (KHTML, like Gecko) Chrome/126.0.0.0 Safari/537.36 Edg/126.0.0.0
/home/user/hosting/loan/control/app/new/loan-act.php
[_POST] : 
Array
(
    [w] => pr
    [wr_id] => 48971
    [prev_status] => 1
    [next_status] => 10
    [jd_amount] => 65000
    [jd_interest] => 13.5~14.5
    [jd_condition] => 현장방문 시세조사 필수
    [jd_memo] => 읍내리 51-1 700백만원
            51-14
            51-16
            51-17
             51-15번지 확인(분필된 주소 중 누락)
    [rf_first3] => 110000
    [rf_first1] => 
    [rf_first2] => 
)
[MESSAGE] : 


[2024-06-27 15:32:10]
175.121.155.210 : Mozilla/5.0 (Windows NT 10.0; Win64; x64) AppleWebKit/537.36 (KHTML, like Gecko) Chrome/126.0.0.0 Safari/537.36 Edg/126.0.0.0
/home/user/hosting/loan/control/app/new/loan-act.php
[_POST] : 
Array
(
    [w] => pr
    [wr_id] => 48972
    [prev_status] => 1
    [next_status] => 10
    [jd_amount] => 24000
    [jd_interest] => 13.5~14
    [jd_condition] => 본건 24.05월 타사 본접수 후 진행취소건입니다
    [jd_memo] => 
    [rf_first3] => 
    [rf_first1] => 
    [rf_first2] => 
)
[MESSAGE] : 


[2024-06-27 15:32:21]
175.121.155.210 : Mozilla/5.0 (Windows NT 10.0; Win64; x64) AppleWebKit/537.36 (KHTML, like Gecko) Chrome/126.0.0.0 Safari/537.36 Edg/126.0.0.0
/home/user/hosting/loan/control/app/new/loan-act.php
[_POST] : 
Array
(
    [w] => pr
    [wr_id] => 48973
    [prev_status] => 1
    [next_status] => 20
    [jd_amount] => 
    [jd_interest] => 
    [jd_condition] => 
    [jd_memo] => 
    [rf_first3] => 13000
    [rf_first1] => 
    [rf_first2] => 
)
[MESSAGE] : 


[2024-06-27 15:42:59]
175.121.155.210 : Mozilla/5.0 (Windows NT 10.0; Win64; x64) AppleWebKit/537.36 (KHTML, like Gecko) Chrome/126.0.0.0 Safari/537.36 Edg/126.0.0.0
/home/user/hosting/loan/control/app/new/loan-act.php
[_POST] : 
Array
(
    [w] => pr
    [wr_id] => 48974
    [prev_status] => 10
    [next_status] => 
    [jd_amount] => 29000
    [jd_interest] => 13.5~13.9
    [jd_condition] => 
    [jd_memo] => 자동 가승인
    [rf_first3] => 60000
    [rf_first1] => 
    [rf_first2] => 
)
[MESSAGE] : 


[2024-06-27 15:45:01]
175.121.155.210 : Mozilla/5.0 (Windows NT 10.0; Win64; x64) AppleWebKit/537.36 (KHTML, like Gecko) Chrome/126.0.0.0 Safari/537.36 Edg/126.0.0.0
/home/user/hosting/loan/control/app/new/loan-act.php
[_POST] : 
Array
(
    [w] => pr
    [wr_id] => 48975
    [prev_status] => 10
    [next_status] => 
    [jd_amount] => 40000
    [jd_interest] => 13.5~13.9
    [jd_condition] => 
    [jd_memo] => 자동 가승인
    [rf_first3] => 120000
    [rf_first1] => 
    [rf_first2] => 
)
[MESSAGE] : 


[2024-06-27 15:45:18]
175.121.155.210 : Mozilla/5.0 (Windows NT 10.0; Win64; x64) AppleWebKit/537.36 (KHTML, like Gecko) Chrome/126.0.0.0 Safari/537.36 Edg/126.0.0.0
/home/user/hosting/loan/control/app/new/loan-act.php
[_POST] : 
Array
(
    [w] => pr
    [wr_id] => 48974
    [prev_status] => 10
    [next_status] => 
    [jd_amount] => 29000
    [jd_interest] => 13.5~13.9
    [jd_condition] => 선순위 근저당권 감액조건
    [jd_memo] => 자동 가승인
    [rf_first3] => 60000
    [rf_first1] => 
    [rf_first2] => 
)
[MESSAGE] : 


[2024-06-27 15:46:56]
175.121.155.210 : Mozilla/5.0 (Windows NT 10.0; Win64; x64) AppleWebKit/537.36 (KHTML, like Gecko) Chrome/126.0.0.0 Safari/537.36 Edg/126.0.0.0
/home/user/hosting/loan/control/app/new/loan-act.php
[_POST] : 
Array
(
    [w] => pr
    [wr_id] => 48976
    [prev_status] => 10
    [next_status] => 10
    [jd_amount] => 8000
    [jd_interest] => 13.3~13.8
    [jd_condition] => 
    [jd_memo] => 자동 가승인
    [rf_first3] => 22000
    [rf_first1] => 
    [rf_first2] => 
)
[MESSAGE] : 


[2024-06-27 15:47:26]
175.121.155.210 : Mozilla/5.0 (Windows NT 10.0; Win64; x64) AppleWebKit/537.36 (KHTML, like Gecko) Chrome/126.0.0.0 Safari/537.36 Edg/126.0.0.0
/home/user/hosting/loan/control/app/new/loan-act.php
[_POST] : 
Array
(
    [w] => pr
    [wr_id] => 48977
    [prev_status] => 1
    [next_status] => 10
    [jd_amount] => 8000
    [jd_interest] => 13.3~13.8
    [jd_condition] => 
    [jd_memo] => 
    [rf_first3] => 
    [rf_first1] => 
    [rf_first2] => 
)
[MESSAGE] : 


[2024-06-27 16:03:31]
175.121.155.210 : Mozilla/5.0 (Windows NT 10.0; Win64; x64) AppleWebKit/537.36 (KHTML, like Gecko) Chrome/126.0.0.0 Safari/537.36 Edg/126.0.0.0
/home/user/hosting/loan/control/app/new/loan-act.php
[_POST] : 
Array
(
    [w] => pr
    [wr_id] => 48978
    [prev_status] => 1
    [next_status] => 20
    [jd_amount] => 
    [jd_interest] => 
    [jd_condition] => 
    [jd_memo] => 
    [rf_first3] => 650000
    [rf_first1] => 
    [rf_first2] => 
)
[MESSAGE] : 


[2024-06-27 16:11:57]
175.121.155.210 : Mozilla/5.0 (Windows NT 10.0; Win64; x64) AppleWebKit/537.36 (KHTML, like Gecko) Chrome/126.0.0.0 Safari/537.36 Edg/126.0.0.0
/home/user/hosting/loan/control/app/new/loan-act.php
[_POST] : 
Array
(
    [w] => u
    [wr_id] => 48954
    [prev_status] => 20
    [wr_ca] => E
    [wr_part] => A
    [wr_subject] => 김선영
    [wr_cont1] => [단독 주택 / 2순위]
김선영 / 841017 (만39세)
    [address1] => 인천 미추홀구 주안동 544-24
    [address2] => 
    [address3] => 단독주택
    [address_ext] => 
    [wr_m2] => 147.9
    [wr_cont2] => [단독 주택 / 2순위]
김선영 / 841017 (만39세)

인천광역시 미추홀구 주안동 544-24
토지 147.9 ㎡

* 소유권이전일: 2020년 06월 11일 / 매매

▶  선순위
1. 인천수산업협동조합 21,840만 (15,800만) > 잔액
:: 총 합계 21,840만  (15,800만)

* 개인사업자 / 본인거주중
* 선순위 감액등기 조건 / 후순위 최대요청
    [wr_amount] => 최대
    [wr_link1] => 
    [wr_link1_subj] => KB시세조회
    [wr_link2] => 
    [wr_link2_subj] => 
)
[MESSAGE] : 


[2024-06-27 16:27:21]
175.121.155.210 : Mozilla/5.0 (Windows NT 10.0; Win64; x64) AppleWebKit/537.36 (KHTML, like Gecko) Chrome/126.0.0.0 Safari/537.36 Edg/126.0.0.0
/home/user/hosting/loan/control/app/new/loan-act.php
[_POST] : 
Array
(
    [w] => pr
    [wr_id] => 48979
    [prev_status] => 1
    [next_status] => 20
    [jd_amount] => 
    [jd_interest] => 
    [jd_condition] => 
    [jd_memo] => 
    [rf_first3] => 22000
    [rf_first1] => 
    [rf_first2] => 
)
[MESSAGE] : 


[2024-06-27 16:29:48]
175.121.155.210 : Mozilla/5.0 (Windows NT 10.0; Win64; x64) AppleWebKit/537.36 (KHTML, like Gecko) Chrome/126.0.0.0 Safari/537.36 Edg/126.0.0.0
/home/user/hosting/loan/control/app/new/loan-act.php
[_POST] : 
Array
(
    [w] => pr
    [wr_id] => 48980
    [prev_status] => 1
    [next_status] => 20
    [jd_amount] => 
    [jd_interest] => 
    [jd_condition] => 지방소재 시세1억미만 대출진행이 어렵습니다
    [jd_memo] => 
    [rf_first3] => 8000
    [rf_first1] => 
    [rf_first2] => 
)
[MESSAGE] : 


[2024-06-27 16:30:04]
175.121.155.210 : Mozilla/5.0 (Windows NT 10.0; Win64; x64) AppleWebKit/537.36 (KHTML, like Gecko) Chrome/126.0.0.0 Safari/537.36 Edg/126.0.0.0
/home/user/hosting/loan/control/app/new/loan-act.php
[_POST] : 
Array
(
    [w] => pr
    [wr_id] => 48981
    [prev_status] => 1
    [next_status] => 20
    [jd_amount] => 
    [jd_interest] => 
    [jd_condition] => 
    [jd_memo] => 
    [rf_first3] => 13000
    [rf_first1] => 
    [rf_first2] => 
)
[MESSAGE] : 


[2024-06-27 16:30:56]
175.121.155.210 : Mozilla/5.0 (Windows NT 10.0; Win64; x64) AppleWebKit/537.36 (KHTML, like Gecko) Chrome/126.0.0.0 Safari/537.36 Edg/126.0.0.0
/home/user/hosting/loan/control/app/new/loan-act.php
[_POST] : 
Array
(
    [w] => pr
    [wr_id] => 48982
    [prev_status] => 1
    [next_status] => 10
    [jd_amount] => 8500
    [jd_interest] => 13.3~13.8
    [jd_condition] => 신탁+근저당권
    [jd_memo] => 
    [rf_first3] => 
    [rf_first1] => 
    [rf_first2] => 
)
[MESSAGE] : 


[2024-06-27 16:33:06]
175.121.155.210 : Mozilla/5.0 (Windows NT 10.0; Win64; x64) AppleWebKit/537.36 (KHTML, like Gecko) Chrome/126.0.0.0 Safari/537.36 Edg/126.0.0.0
/home/user/hosting/loan/control/app/new/loan-act.php
[_POST] : 
Array
(
    [w] => pr
    [wr_id] => 46443
    [prev_status] => 30
    [next_status] => 99
    [jd_amount] => 13000
    [jd_interest] => 13.3~13.8
    [jd_condition] => 신.조상 점수미달로 취급불가/차주 변경 어렵다고 합니다.
    [jd_memo] => 현장방문 시세조사 필수
    [rf_first3] => 
    [rf_first1] => 
    [rf_first2] => 
)
[MESSAGE] : 


[2024-06-27 16:33:28]
175.121.155.210 : Mozilla/5.0 (Windows NT 10.0; Win64; x64) AppleWebKit/537.36 (KHTML, like Gecko) Chrome/126.0.0.0 Safari/537.36 Edg/126.0.0.0
/home/user/hosting/loan/control/app/new/loan-act.php
[_POST] : 
Array
(
    [w] => pr
    [wr_id] => 48983
    [prev_status] => 1
    [next_status] => 10
    [jd_amount] => 7000
    [jd_interest] => 13.5~14
    [jd_condition] => 현장방문 시세조사 필수
선순위 근저당권 감액조건
    [jd_memo] => 90백만원까지 진행 가능
    [rf_first3] => 30000
    [rf_first1] => 
    [rf_first2] => 
)
[MESSAGE] : 


[2024-06-27 16:34:36]
175.121.155.210 : Mozilla/5.0 (Windows NT 10.0; Win64; x64) AppleWebKit/537.36 (KHTML, like Gecko) Chrome/126.0.0.0 Safari/537.36 Edg/126.0.0.0
/home/user/hosting/loan/control/app/new/loan-act.php
[_POST] : 
Array
(
    [w] => pr
    [wr_id] => 48984
    [prev_status] => 1
    [next_status] => 10
    [jd_amount] => 15000
    [jd_interest] => 13.5~13.8
    [jd_condition] => 
    [jd_memo] => 
    [rf_first3] => 31000
    [rf_first1] => 
    [rf_first2] => 
)
[MESSAGE] : 


[2024-06-27 16:34:47]
175.121.155.210 : Mozilla/5.0 (Windows NT 10.0; Win64; x64) AppleWebKit/537.36 (KHTML, like Gecko) Chrome/126.0.0.0 Safari/537.36 Edg/126.0.0.0
/home/user/hosting/loan/control/app/new/loan-act.php
[_POST] : 
Array
(
    [w] => pr
    [wr_id] => 48984
    [prev_status] => 10
    [next_status] => 
    [jd_amount] => 15000
    [jd_interest] => 13.5~13.8
    [jd_condition] => 임차인 확인조건
    [jd_memo] => 
    [rf_first3] => 31000
    [rf_first1] => 
    [rf_first2] => 
)
[MESSAGE] : 


[2024-06-27 16:36:57]
175.121.155.210 : Mozilla/5.0 (Windows NT 10.0; Win64; x64) AppleWebKit/537.36 (KHTML, like Gecko) Chrome/126.0.0.0 Safari/537.36 Edg/126.0.0.0
/home/user/hosting/loan/control/app/new/loan-act.php
[_POST] : 
Array
(
    [w] => pr
    [wr_id] => 48985
    [prev_status] => 1
    [next_status] => 10
    [jd_amount] => 3500
    [jd_interest] => 14~14.2
    [jd_condition] => 현장방문 시세조사 필수
    [jd_memo] => 
    [rf_first3] => 18000(24.04월 매매)
    [rf_first1] => 
    [rf_first2] => 
)
[MESSAGE] : 


[2024-06-27 16:41:18]
175.121.155.210 : Mozilla/5.0 (Windows NT 10.0; Win64; x64) AppleWebKit/537.36 (KHTML, like Gecko) Chrome/126.0.0.0 Safari/537.36 Edg/126.0.0.0
/home/user/hosting/loan/control/app/new/loan-act.php
[_POST] : 
Array
(
    [w] => pr
    [wr_id] => 48931
    [prev_status] => 30
    [next_status] => 
    [jd_amount] => 12000
    [jd_interest] => 13.5~14
    [jd_condition] => 12000만원 / 13.5% / 3.85% / 12개월 / 전세권설정 조건으로 심사완료 / 승인내역, 자서서류, 현장실사관련 문자발송
    [jd_memo] => 24.03 당사 가승인 후 본인 대출 취소
전세권 설정
현장시세조사(50/20)
신.조완료(취급가능)/간편심사 진행예정
    [rf_first3] => 
    [rf_first1] => 
    [rf_first2] => 
)
[MESSAGE] : 


[2024-06-27 16:42:47]
175.121.155.210 : Mozilla/5.0 (Windows NT 10.0; Win64; x64) AppleWebKit/537.36 (KHTML, like Gecko) Chrome/126.0.0.0 Safari/537.36 Edg/126.0.0.0
/home/user/hosting/loan/control/app/new/loan-act.php
[_POST] : 
Array
(
    [w] => pr
    [wr_id] => 48986
    [prev_status] => 1
    [next_status] => 10
    [jd_amount] => 103000
    [jd_interest] => 13~13.5
    [jd_condition] => 
    [jd_memo] => 
    [rf_first3] => 13550
    [rf_first1] => 
    [rf_first2] => 
)
[MESSAGE] : 


[2024-06-27 16:59:11]
175.121.155.210 : Mozilla/5.0 (Windows NT 10.0; Win64; x64) AppleWebKit/537.36 (KHTML, like Gecko) Chrome/126.0.0.0 Safari/537.36 Edg/126.0.0.0
/home/user/hosting/loan/control/app/new/loan-act.php
[_POST] : 
Array
(
    [w] => pr
    [wr_id] => 48426
    [prev_status] => 30
    [next_status] => 
    [jd_amount] => 4000
    [jd_interest] => 14~14.5
    [jd_condition] => 5000만원 / 14.2% / 3.85% / 12개월로 심사완료 / 자서서류 문자 발송
    [jd_memo] => 현장방문 시세조사 필수(60/20)
신.조완료(취급가능)/간편심사 진행예정
    [rf_first3] => 10000
    [rf_first1] => 
    [rf_first2] => 
)
[MESSAGE] : 


[2024-06-27 17:02:53]
175.121.155.210 : Mozilla/5.0 (Windows NT 10.0; Win64; x64) AppleWebKit/537.36 (KHTML, like Gecko) Chrome/126.0.0.0 Safari/537.36 Edg/126.0.0.0
/home/user/hosting/loan/control/app/new/loan-act.php
[_POST] : 
Array
(
    [w] => pr
    [wr_id] => 48987
    [prev_status] => 1
    [next_status] => 10
    [jd_amount] => 
    [jd_interest] => 
    [jd_condition] => 타사 기접수로 금일 승인통보건입니다 .12000만원 / 13.5% / 3.85% / 12개월 / 전세권설정 조건으로 심사완료 
    [jd_memo] => 
    [rf_first3] => 
    [rf_first1] => 
    [rf_first2] => 
)
[MESSAGE] : 


[2024-06-27 17:04:59]
175.121.155.210 : Mozilla/5.0 (Windows NT 10.0; Win64; x64) AppleWebKit/537.36 (KHTML, like Gecko) Chrome/126.0.0.0 Safari/537.36 Edg/126.0.0.0
/home/user/hosting/loan/control/app/new/loan-act.php
[_POST] : 
Array
(
    [w] => pr
    [wr_id] => 48988
    [prev_status] => 1
    [next_status] => 10
    [jd_amount] => 3000
    [jd_interest] => 13.5~14
    [jd_condition] => 추가한도 가능합니다
    [jd_memo] => 
    [rf_first3] => 25500
    [rf_first1] => 
    [rf_first2] => 
)
[MESSAGE] : 


[2024-06-27 17:06:25]
175.121.155.210 : Mozilla/5.0 (Windows NT 10.0; Win64; x64) AppleWebKit/537.36 (KHTML, like Gecko) Chrome/126.0.0.0 Safari/537.36 Edg/126.0.0.0
/home/user/hosting/loan/control/app/new/loan-act.php
[_POST] : 
Array
(
    [w] => pr
    [wr_id] => 48989
    [prev_status] => 1
    [next_status] => 10
    [jd_amount] => 10000
    [jd_interest] => 13.5~13.8
    [jd_condition] => 세입자 확인조건
    [jd_memo] => 
    [rf_first3] => 45000
    [rf_first1] => 
    [rf_first2] => 
)
[MESSAGE] : 


[2024-06-27 17:09:43]
175.121.155.210 : Mozilla/5.0 (Windows NT 10.0; Win64; x64) AppleWebKit/537.36 (KHTML, like Gecko) Chrome/126.0.0.0 Safari/537.36 Edg/126.0.0.0
/home/user/hosting/loan/control/app/new/loan-act.php
[_POST] : 
Array
(
    [w] => pr
    [wr_id] => 48990
    [prev_status] => 1
    [next_status] => 20
    [jd_amount] => 
    [jd_interest] => 
    [jd_condition] => 
    [jd_memo] => 
    [rf_first3] => 28000
    [rf_first1] => 
    [rf_first2] => 
)
[MESSAGE] : 


[2024-06-27 17:12:30]
175.121.155.210 : Mozilla/5.0 (Windows NT 10.0; Win64; x64) AppleWebKit/537.36 (KHTML, like Gecko) Chrome/126.0.0.0 Safari/537.36 Edg/126.0.0.0
/home/user/hosting/loan/control/app/new/loan-act.php
[_POST] : 
Array
(
    [w] => pr
    [wr_id] => 48991
    [prev_status] => 1
    [next_status] => 20
    [jd_amount] => 
    [jd_interest] => 
    [jd_condition] => 
    [jd_memo] => 
    [rf_first3] => 150000
    [rf_first1] => 
    [rf_first2] => 
)
[MESSAGE] : 


[2024-06-27 17:13:20]
175.121.155.210 : Mozilla/5.0 (Windows NT 10.0; Win64; x64) AppleWebKit/537.36 (KHTML, like Gecko) Chrome/126.0.0.0 Safari/537.36 Edg/126.0.0.0
/home/user/hosting/loan/control/app/new/loan-act.php
[_POST] : 
Array
(
    [w] => pr
    [wr_id] => 48992
    [prev_status] => 1
    [next_status] => 10
    [jd_amount] => 10000
    [jd_interest] => 13.5~14
    [jd_condition] => 
    [jd_memo] => 
    [rf_first3] => 35000
    [rf_first1] => 
    [rf_first2] => 
)
[MESSAGE] : 


[2024-06-27 17:26:13]
175.121.155.210 : Mozilla/5.0 (Windows NT 10.0; Win64; x64) AppleWebKit/537.36 (KHTML, like Gecko) Chrome/126.0.0.0 Safari/537.36 Edg/126.0.0.0
/home/user/hosting/loan/control/app/new/loan-act.php
[_POST] : 
Array
(
    [w] => pr
    [wr_id] => 48982
    [prev_status] => 30
    [next_status] => 
    [jd_amount] => 8500
    [jd_interest] => 13.3~13.8
    [jd_condition] => 부재중/안내문자 발송
    [jd_memo] => 신탁+근저당권
    [rf_first3] => 
    [rf_first1] => 
    [rf_first2] => 
)
[MESSAGE] : 


[2024-06-27 17:26:37]
175.121.155.210 : Mozilla/5.0 (Windows NT 10.0; Win64; x64) AppleWebKit/537.36 (KHTML, like Gecko) Chrome/126.0.0.0 Safari/537.36 Edg/126.0.0.0
/home/user/hosting/loan/control/app/new/loan-act.php
[_POST] : 
Array
(
    [w] => pr
    [wr_id] => 48949
    [prev_status] => 30
    [next_status] => 
    [jd_amount] => 30000
    [jd_interest] => 13.3~13.8
    [jd_condition] => 신.조후 재 상담 예정
    [jd_memo] => 신탁+근저당권
근저당권시  270백만원
현장방문 시세조사 필수
    [rf_first3] => 45000
    [rf_first1] => 
    [rf_first2] => 
)
[MESSAGE] : 


[2024-06-27 17:48:57]
175.121.155.210 : Mozilla/5.0 (Windows NT 10.0; Win64; x64) AppleWebKit/537.36 (KHTML, like Gecko) Chrome/126.0.0.0 Safari/537.36 Edg/126.0.0.0
/home/user/hosting/loan/control/app/new/loan-act.php
[_POST] : 
Array
(
    [w] => pr
    [wr_id] => 48982
    [prev_status] => 30
    [next_status] => 
    [jd_amount] => 8500
    [jd_interest] => 13.3~13.8
    [jd_condition] => 신.조완료(취급가능)/간편심사 진행예정
    [jd_memo] => 신탁+근저당권
    [rf_first3] => 
    [rf_first1] => 
    [rf_first2] => 
)
[MESSAGE] : 


[2024-06-27 17:51:50]
175.121.155.210 : Mozilla/5.0 (Windows NT 10.0; Win64; x64) AppleWebKit/537.36 (KHTML, like Gecko) Chrome/126.0.0.0 Safari/537.36 Edg/126.0.0.0
/home/user/hosting/loan/control/app/new/loan-act.php
[_POST] : 
Array
(
    [w] => pr
    [wr_id] => 48949
    [prev_status] => 30
    [next_status] => 
    [jd_amount] => 30000
    [jd_interest] => 13.3~13.8
    [jd_condition] => 신.조완료(취급가능)/간편심사 진행 예정
    [jd_memo] => 신탁+근저당권 / 근저당권시  270백만원
현장방문 시세조사 필수(정식감정 착수금 30만원 안내)
    [rf_first3] => 45000
    [rf_first1] => 
    [rf_first2] => 
)
[MESSAGE] : 


[2024-06-27 17:54:28]
175.121.155.210 : Mozilla/5.0 (Windows NT 10.0; Win64; x64) AppleWebKit/537.36 (KHTML, like Gecko) Chrome/126.0.0.0 Safari/537.36 Edg/126.0.0.0
/home/user/hosting/loan/control/app/new/loan-act.php
[_POST] : 
Array
(
    [w] => pr
    [wr_id] => 48994
    [prev_status] => 1
    [next_status] => 20
    [jd_amount] => 
    [jd_interest] => 
    [jd_condition] => 
    [jd_memo] => 27600
    [rf_first3] => 25000
    [rf_first1] => 
    [rf_first2] => 
)
[MESSAGE] : 


[2024-06-27 18:15:10]
175.121.155.210 : Mozilla/5.0 (Windows NT 10.0; Win64; x64) AppleWebKit/537.36 (KHTML, like Gecko) Chrome/126.0.0.0 Safari/537.36 Edg/126.0.0.0
/home/user/hosting/loan/control/app/new/loan-act.php
[_POST] : 
Array
(
    [w] => pr
    [wr_id] => 48995
    [prev_status] => 1
    [next_status] => 20
    [jd_amount] => 
    [jd_interest] => 
    [jd_condition] => 
    [jd_memo] => 
    [rf_first3] => 11000
    [rf_first1] => 
    [rf_first2] => 
)
[MESSAGE] : 


[2024-06-27 19:32:27]
175.121.155.210 : Mozilla/5.0 (Windows NT 10.0; Win64; x64) AppleWebKit/537.36 (KHTML, like Gecko) Chrome/126.0.0.0 Safari/537.36 Edg/126.0.0.0
/home/user/hosting/loan/control/app/new/loan-act.php
[_POST] : 
Array
(
    [w] => u
    [wr_id] => 48996
    [prev_status] => 1
    [wr_ca] => E
    [wr_part] => P
    [wr_subject] => 전/ 김상규
    [wr_cont1] => 
    [address1] => 강원 홍천군 두촌면 철정리 159-7
    [address2] => 
    [address3] => 
    [address_ext] => 
    [wr_m2] => 
    [wr_cont2] => [토지] 강원특별자치도 홍천군 두촌면 철정리 159-7 대 488㎡
[건물] 강원특별자치도 홍천군 두촌면 철정리 159-7


갑구/김상규
공유자 이윤아 1/2 - 미동의
압류1건  권리자 계양구 (인천광역시) 토지에만 있음

근저당 無

단독주택 / 보전관리지역
애지 488 /연 88.04
2024년 1월기준 공시지가 5.13만원
2023년 1월기준 공기가격 8300민원
    [wr_amount] => 
    [wr_link1] => 
    [wr_link1_subj] => KB시세조회
    [wr_link2] => 
    [wr_link2_subj] => 
)
[MESSAGE] : 


[2024-06-27 19:36:37]
175.121.155.210 : Mozilla/5.0 (Windows NT 10.0; Win64; x64) AppleWebKit/537.36 (KHTML, like Gecko) Chrome/126.0.0.0 Safari/537.36 Edg/126.0.0.0
/home/user/hosting/loan/control/app/new/loan-act.php
[_POST] : 
Array
(
    [w] => pr
    [wr_id] => 48996
    [prev_status] => 1
    [next_status] => 10
    [jd_amount] => 3000
    [jd_interest] => 14~14.5
    [jd_condition] => 현장시세조사
    [jd_memo] => 
    [rf_first3] => 17000
    [rf_first1] => 
    [rf_first2] => 
)
[MESSAGE] : 


[2024-06-27 19:36:52]
175.121.155.210 : Mozilla/5.0 (Windows NT 10.0; Win64; x64) AppleWebKit/537.36 (KHTML, like Gecko) Chrome/126.0.0.0 Safari/537.36 Edg/126.0.0.0
/home/user/hosting/loan/control/app/new/loan-act.php
[_POST] : 
Array
(
    [w] => u
    [wr_id] => 48993
    [prev_status] => 10
    [wr_ca] => A
    [wr_part] => A
    [wr_subject] => 김성훈/아파트/2순위대환
    [wr_cont1] => 프리랜서 / 3개월재직 / 월평균 350만원
올 825 나 782
실거주
    [address1] => 충북 청주시 흥덕구 송절동 850
    [address2] => 테크노폴리스우미린
    [address3] => 103-302
    [address_ext] => 1020/20
    [wr_m2] => 84.98
    [wr_cont2] => * 전체지분

* 기대출 금액
1 / 국민 / 22,550만원(동일차주)
* 기대출 총액 : 22,550만원
    [wr_amount] => 2순위 최대한도요청
    [wr_link1] => 
    [wr_link1_subj] => KB시세조회
    [wr_link2] => 
    [wr_link2_subj] => 
)
[MESSAGE] : 


[2024-06-27 19:37:35]
175.121.155.210 : Mozilla/5.0 (Windows NT 10.0; Win64; x64) AppleWebKit/537.36 (KHTML, like Gecko) Chrome/126.0.0.0 Safari/537.36 Edg/126.0.0.0
/home/user/hosting/loan/control/app/new/loan-act.php
[_POST] : 
Array
(
    [w] => u
    [wr_id] => 48985
    [prev_status] => 10
    [wr_ca] => E
    [wr_part] => A
    [wr_subject] => 방종덕
    [wr_cont1] => 직장
    [address1] => 경북 안동시 태화동 666-85
    [address2] => 
    [address3] => 
    [address_ext] => 
    [wr_m2] => 
    [wr_cont2] => 방종덕 (차주) 김지영 (공동:배우자) 직장인 
경상북도 안동시 태화동 666-85 [단층주택]
소유권이전일 2005년5월4일

▶️거주형태
ㄴ 방3개 화장실1개 

▶️기대출(선   후   사용)
설정 4800 원금 4000 대구은행(14.9.25) 채무자 김지영

총설정 4800 원금 4000
공가 6.9백 미만 

공동 후순위 부탁드립니다
    [wr_amount] => 
    [wr_link1] => 
    [wr_link1_subj] => KB시세조회
    [wr_link2] => 
    [wr_link2_subj] => 
)
[MESSAGE] : 


[2024-06-27 19:38:17]
175.121.155.210 : Mozilla/5.0 (Windows NT 10.0; Win64; x64) AppleWebKit/537.36 (KHTML, like Gecko) Chrome/126.0.0.0 Safari/537.36 Edg/126.0.0.0
/home/user/hosting/loan/control/app/new/loan-act.php
[_POST] : 
Array
(
    [w] => u
    [wr_id] => 48978
    [prev_status] => 20
    [wr_ca] => E
    [wr_part] => A
    [wr_subject] => 김형준
    [wr_cont1] => 근생
    [address1] => 경북 김천시 율곡동 789
    [address2] =>  (율곡동)
    [address3] => 
    [address_ext] => 근생
    [wr_m2] => 
    [wr_cont2] => 선순위 40억 / 하나은행
후순위 3억 / 하나은행

세입자정보 - 파일참조
    [wr_amount] => 후순위 2억~2억5000만 희망
    [wr_link1] => 
    [wr_link1_subj] => KB시세조회
    [wr_link2] => 
    [wr_link2_subj] => 
)
[MESSAGE] : 


[2024-06-27 19:39:16]
175.121.155.210 : Mozilla/5.0 (Windows NT 10.0; Win64; x64) AppleWebKit/537.36 (KHTML, like Gecko) Chrome/126.0.0.0 Safari/537.36 Edg/126.0.0.0
/home/user/hosting/loan/control/app/new/loan-act.php
[_POST] : 
Array
(
    [w] => u
    [wr_id] => 48976
    [prev_status] => 10
    [wr_ca] => A
    [wr_part] => P
    [wr_subject] => 이경순지분/아파트/1순위대환
    [wr_cont1] => 직장인/부부관계,
    [address1] => 부산 금정구 구서동 1027-1
    [address2] => 구서우성
    [address3] => 12-401
    [address_ext] => 1118/15
    [wr_m2] => 84.97
    [wr_cont2] => * 지분(50%)

* 기대출 금액
* 기대출 총액 : 0만원
* 기대출
1.대부 6000 / 9000

KB시세 : 23,500 25,500 27,500
    [wr_amount] => 이경순 지분 선순위 요청
    [wr_link1] => 
    [wr_link1_subj] => KB시세조회
    [wr_link2] => 
    [wr_link2_subj] => 
)
[MESSAGE] : 


[2024-06-27 19:39:57]
175.121.155.210 : Mozilla/5.0 (Windows NT 10.0; Win64; x64) AppleWebKit/537.36 (KHTML, like Gecko) Chrome/126.0.0.0 Safari/537.36 Edg/126.0.0.0
/home/user/hosting/loan/control/app/new/loan-act.php
[_POST] : 
Array
(
    [w] => u
    [wr_id] => 48967
    [prev_status] => 20
    [wr_ca] => E
    [wr_part] => A
    [wr_subject] => 김선영
    [wr_cont1] => 가라사업자
    [address1] => 인천 미추홀구 주안동 544-24
    [address2] => 
    [address3] => 
    [address_ext] => 
    [wr_m2] => 
    [wr_cont2] => 주택

*명의인 : 김선영
*주소 : 인천광역시 미추홀구 주안동 544-24번지
*직업 : 가라사업자
*전용 : 147.9
*개별 공가 : 1.491.000
*총공가 : 220.518.900
*설정 :  수협 157,733,000원
*특이사항 : 재개발지역
=========================
후순위 부탁드립니다
    [wr_amount] => 
    [wr_link1] => 
    [wr_link1_subj] => KB시세조회
    [wr_link2] => 
    [wr_link2_subj] => 
)
[MESSAGE] : 


[2024-06-27 19:40:28]
175.121.155.210 : Mozilla/5.0 (Windows NT 10.0; Win64; x64) AppleWebKit/537.36 (KHTML, like Gecko) Chrome/126.0.0.0 Safari/537.36 Edg/126.0.0.0
/home/user/hosting/loan/control/app/new/loan-act.php
[_POST] : 
Array
(
    [w] => u
    [wr_id] => 48926
    [prev_status] => 10
    [wr_ca] => A
    [wr_part] => A
    [wr_subject] => 유지형/아파트/1순위대환
    [wr_cont1] => 직장인
나 724 올 689
    [address1] => 충남 천안시 동남구 청당동 992
    [address2] => 청당코오롱하늘채
    [address3] => 118-404
    [address_ext] => 1534/25
    [wr_m2] => 59.91
    [wr_cont2] => * 전체지분

* 기대출 금액
* 기대출 총액 : 0만원
    [wr_amount] => 선순위최대한도요청
    [wr_link1] => 
    [wr_link1_subj] => KB시세조회
    [wr_link2] => 
    [wr_link2_subj] => 
)
[MESSAGE] : 


[2024-06-27 19:40:41]
175.121.155.210 : Mozilla/5.0 (Windows NT 10.0; Win64; x64) AppleWebKit/537.36 (KHTML, like Gecko) Chrome/126.0.0.0 Safari/537.36 Edg/126.0.0.0
/home/user/hosting/loan/control/app/new/loan-act.php
[_POST] : 
Array
(
    [w] => u
    [wr_id] => 48918
    [prev_status] => 20
    [wr_ca] => E
    [wr_part] => A
    [wr_subject] => 안향수 이광천
    [wr_cont1] => 공동한도요청
    [address1] => 인천 중구 중산동 1824-54
    [address2] => 
    [address3] => 
    [address_ext] => 
    [wr_m2] => 
    [wr_cont2] => <유원지 토지 >
*명의인 :  안향수(51년생) 이광천(49년생) 2/1 공동명의 
*주소 : 인천광역시 중구 중산동 1824-54 유원지 2479㎡

*직업 : 직장인  
*면적 : 2,479
*공시지가 : 251,500
*공가 : 623,468,500
*설정 : 
농협 46800만 / 원금 39000만 
삼종대부 4500만 / 원금 3000만 
지상권설정 

=====================

공동 / 대부대환 후순위 부탁드립니다
    [wr_amount] => 
    [wr_link1] => 
    [wr_link1_subj] => KB시세조회
    [wr_link2] => 
    [wr_link2_subj] => 
)
[MESSAGE] : 


[2024-06-27 19:40:55]
175.121.155.210 : Mozilla/5.0 (Windows NT 10.0; Win64; x64) AppleWebKit/537.36 (KHTML, like Gecko) Chrome/126.0.0.0 Safari/537.36 Edg/126.0.0.0
/home/user/hosting/loan/control/app/new/loan-act.php
[_POST] : 
Array
(
    [w] => u
    [wr_id] => 48917
    [prev_status] => 10
    [wr_ca] => A
    [wr_part] => P
    [wr_subject] => 엘 / 솜명호
    [wr_cont1] => 
    [address1] => 부산 연제구 거제동 1025
    [address2] => 현대타운
    [address3] => 1동 1308호
    [address_ext] => 
    [wr_m2] => 84.99
    [wr_cont2] => * 지분(50%)

* 기대출 금액
* 기대출 총액 : 0만원

송명호/790306/남
무직자 기혼

형제 공동명의 아파트
거주중

부산 연제구 거제동 1025 현대홈타운아파트 1동 1308호
kb 33500

대출 없음
지분대출 요청

선순위 지분 한도 부탁드립니다
    [wr_amount] => 
    [wr_link1] => 
    [wr_link1_subj] => KB시세조회
    [wr_link2] => 
    [wr_link2_subj] => 
)
[MESSAGE] : 


[2024-06-27 19:41:08]
175.121.155.210 : Mozilla/5.0 (Windows NT 10.0; Win64; x64) AppleWebKit/537.36 (KHTML, like Gecko) Chrome/126.0.0.0 Safari/537.36 Edg/126.0.0.0
/home/user/hosting/loan/control/app/new/loan-act.php
[_POST] : 
Array
(
    [w] => u
    [wr_id] => 48915
    [prev_status] => 10
    [wr_ca] => A
    [wr_part] => A
    [wr_subject] => 엘 / 이주원
    [wr_cont1] => 
    [address1] => 충남 천안시 서북구 불당동 1548
    [address2] => 천안 불당 지웰 더샵
    [address3] => 제102동 제23층 제2303호
    [address_ext] => 685
    [wr_m2] => 99.34
    [wr_cont2] => * 전체지분

* 기대출 금액
* 기대출 총액 : 0만원

충청남도 천안시 서북구 불당동 1548 천안불당지웰더샵 제102동 제23층 제2303호

이주원님 소득증빙 무 / 차주 아들 사업자

KB 시세 일반가 96500만원

최근상속으로 은행권 대출 부결
전세금 63000만원 + 상속세금 5000만원 해서 
68000만원 희망합니다 !!

1순위로 확인 부탁드립니다 !!
    [wr_amount] => 
    [wr_link1] => 
    [wr_link1_subj] => KB시세조회
    [wr_link2] => 
    [wr_link2_subj] => 
)
[MESSAGE] : 


[2024-06-27 19:41:31]
175.121.155.210 : Mozilla/5.0 (Windows NT 10.0; Win64; x64) AppleWebKit/537.36 (KHTML, like Gecko) Chrome/126.0.0.0 Safari/537.36 Edg/126.0.0.0
/home/user/hosting/loan/control/app/new/loan-act.php
[_POST] : 
Array
(
    [w] => u
    [wr_id] => 48903
    [prev_status] => 20
    [wr_ca] => E
    [wr_part] => P
    [wr_subject] => 이진영
    [wr_cont1] => 
    [address1] => 경북 경주시 동천동 907-7
    [address2] => 
    [address3] => 
    [address_ext] => 
    [wr_m2] => 
    [wr_cont2] => [상가 주택 / 이진영 지분]
이진영 / 740625 (만50세) 9분의 2

김화자 (공유자) 430125 <어머니>
이미정 (공유자) 670215 <자매>
이미현 (공유자) 730510 <자매>

경상북도 경주시 동천동 907-7

* 소유권이전일: 2022년 02월 17일(상속)

1층 상가 3천 - 200만원
2층 공실
3층 어머니 거주중

* 사업자 / 이진영은 다른데 거주중
* 이진영 지분대출 요청
    [wr_amount] => 
    [wr_link1] => 
    [wr_link1_subj] => KB시세조회
    [wr_link2] => 
    [wr_link2_subj] => 
)
[MESSAGE] : 


[2024-06-27 19:41:42]
175.121.155.210 : Mozilla/5.0 (Windows NT 10.0; Win64; x64) AppleWebKit/537.36 (KHTML, like Gecko) Chrome/126.0.0.0 Safari/537.36 Edg/126.0.0.0
/home/user/hosting/loan/control/app/new/loan-act.php
[_POST] : 
Array
(
    [w] => u
    [wr_id] => 48901
    [prev_status] => 20
    [wr_ca] => A
    [wr_part] => A
    [wr_subject] => 김덕현,장은유/아파트/3순위추가
    [wr_cont1] => 직장인 / 연 3,500
n 710점대
부부공동 동의가능
    [address1] => 인천 연수구 연수동 634
    [address2] => 우성2
    [address3] => 212동1705호
    [address_ext] => 2044/23
    [wr_m2] => 84.78
    [wr_cont2] => * 전체지분

* 세입자 거주 / 보증금 : 0만원

* 기대출 금액
KB 38,750 / 42,250 (*) / 44000

①우리은행 2건 24,420 (원 22,200) 110% / 18년 7월, 9월
②현대해상 10,800 (원 9,000) 120% / 23년 02월 07일 / 채무자 장은유
* 합계: 35,220 (원 31,200) 잔26,500

- 압류 / 건강보험공단 / 24년 3월 6일
- 압류 / 인천 연수구 / 24년 6월 19일
    [wr_amount] => 압류2건 동시 3순위 최대한도요청
    [wr_link1] => 
    [wr_link1_subj] => KB시세조회
    [wr_link2] => 
    [wr_link2_subj] => 
)
[MESSAGE] : 


[2024-06-27 19:41:55]
175.121.155.210 : Mozilla/5.0 (Windows NT 10.0; Win64; x64) AppleWebKit/537.36 (KHTML, like Gecko) Chrome/126.0.0.0 Safari/537.36 Edg/126.0.0.0
/home/user/hosting/loan/control/app/new/loan-act.php
[_POST] : 
Array
(
    [w] => u
    [wr_id] => 48881
    [prev_status] => 20
    [wr_ca] => A
    [wr_part] => P
    [wr_subject] => 배재건지분/아파트/후순위추가
    [wr_cont1] => 직장인/실거주
    [address1] => 인천 서구 마전동 1055-1
    [address2] => 당하3차풍림아이원
    [address3] => 201동502호
    [address_ext] => 579세대
    [wr_m2] => 84.985
    [wr_cont2] => * 지분(50%)

kb시세 33250/35250

* 기대출 금액
1 / 신한 / 13,860만원(동일차주)
* 기대출 총액 : 13,860만원
    [wr_amount] => 후순위 최대한도 요청
    [wr_link1] => 
    [wr_link1_subj] => KB시세조회
    [wr_link2] => 
    [wr_link2_subj] => 
)
[MESSAGE] : 

