
[2024-08-27 10:58:57]
127.0.0.1 : Mozilla/5.0 (Windows NT 10.0; Win64; x64) AppleWebKit/537.36 (KHTML, like Gecko) Chrome/127.0.0.0 Safari/537.36
C:\Users\최우성\Desktop\0819_namo\loan\control/app/new/loan-act.php
[_POST] : 
Array
(
    [w] => u
    [wr_id] => 52392
    [prev_status] => 1
    [wr_ca] => A
    [wr_part] => A
    [wr_part_percent] => 100
    [wr_subject] => ㅁㅁㅁ
    [wr_cont1] => ㅁㅁㅁ
    [address1] => 서울 마포구 서교동 494
    [address3] => 효성해링턴타워101동 제6층 제621호
    [wr_m2] => 37.17
    [wr_cont2] => 멀티에셋합정역 110114-0194495 단독소유 서울특별시 마포구 양화로 72(서교동) 1
청년주택전문투
자형사모투자유
한회사 (소유자)
    [wr_cont3] => 
    [wr_amount] => 
    [wr_link1] => 123
    [wr_link1_subj] => 
    [wr_link2] => 
    [wr_link2_subj] => 
)
[MESSAGE] : 


[2024-08-27 13:34:48]
127.0.0.1 : Mozilla/5.0 (Windows NT 10.0; Win64; x64) AppleWebKit/537.36 (KHTML, like Gecko) Chrome/127.0.0.0 Safari/537.36
C:\Users\최우성\Desktop\0819_namo\loan\control/app/new/loan-act.php
[_POST] : 
Array
(
    [w] => pr
    [wr_id] => 52392
    [prev_status] => 1
    [next_status] => 
    [jd_amount] => 1
    [jd_interest] => 1
    [jd_condition] => 1
    [jd_memo] => 1
    [rf_first3] => 1
    [rf_first1] => 1
    [rf_first2] => 1
)
[MESSAGE] : 


[2024-08-27 13:34:54]
127.0.0.1 : Mozilla/5.0 (Windows NT 10.0; Win64; x64) AppleWebKit/537.36 (KHTML, like Gecko) Chrome/127.0.0.0 Safari/537.36
C:\Users\최우성\Desktop\0819_namo\loan\control/app/new/loan-act.php
[_POST] : 
Array
(
    [w] => pr
    [wr_id] => 52392
    [prev_status] => 1
    [next_status] => 10
    [jd_amount] => 1
    [jd_interest] => 1
    [jd_condition] => 1
    [jd_memo] => 1
    [rf_first3] => 1
    [rf_first1] => 1
    [rf_first2] => 1
)
[MESSAGE] : 


[2024-08-27 13:35:02]
127.0.0.1 : Mozilla/5.0 (Windows NT 10.0; Win64; x64) AppleWebKit/537.36 (KHTML, like Gecko) Chrome/127.0.0.0 Safari/537.36
C:\Users\최우성\Desktop\0819_namo\loan\control/app/new/loan-act.php
[_POST] : 
Array
(
    [w] => pr
    [wr_id] => 52392
    [prev_status] => 10
    [next_status] => 20
    [jd_amount] => 1
    [jd_interest] => 1
    [jd_condition] => 1
    [jd_memo] => 1
    [rf_first3] => 1
    [rf_first1] => 1
    [rf_first2] => 1
)
[MESSAGE] : 


[2024-08-27 13:35:07]
127.0.0.1 : Mozilla/5.0 (Windows NT 10.0; Win64; x64) AppleWebKit/537.36 (KHTML, like Gecko) Chrome/127.0.0.0 Safari/537.36
C:\Users\최우성\Desktop\0819_namo\loan\control/app/new/loan-act.php
[_POST] : 
Array
(
    [w] => pr
    [wr_id] => 52392
    [prev_status] => 20
    [next_status] => 10
    [jd_amount] => 1
    [jd_interest] => 1
    [jd_condition] => 1
    [jd_memo] => 1
    [rf_first3] => 1
    [rf_first1] => 1
    [rf_first2] => 1
)
[MESSAGE] : 


[2024-08-27 13:35:13]
127.0.0.1 : Mozilla/5.0 (Windows NT 10.0; Win64; x64) AppleWebKit/537.36 (KHTML, like Gecko) Chrome/127.0.0.0 Safari/537.36
C:\Users\최우성\Desktop\0819_namo\loan\control/app/new/loan-act.php
[_POST] : 
Array
(
    [w] => pr
    [wr_id] => 52392
    [prev_status] => 10
    [next_status] => 90
    [jd_amount] => 1
    [jd_interest] => 1
    [jd_condition] => 1
    [jd_memo] => 1
    [rf_first3] => 1
    [rf_first1] => 1
    [rf_first2] => 1
)
[MESSAGE] : 

